globalTracer.robotStartMode_Info: Fri Apr 07 12:26:37 PDT 2023: [0.016] ***** Start TELEOP_MODE *****
globalTracer.startCompetition_Warn: TELEOP_MODE took too long (0.118/0.020)
globalTracer.operatorStickButtonEvent_Info: >>>>> button=4, pressed=true
globalTracer.setPosition_Info: Elevator.pidActuator: Acquired ownership on behalf of the FrcTeleOp.
globalTracer.setPosition_Info: Arm.pidActuator: Acquired ownership on behalf of the FrcTeleOp.
globalTracer.setPosition_Info: Wrist.pidActuator: Acquired ownership on behalf of the FrcTeleOp.
globalTracer.startCompetition_Warn: TELEOP_MODE took too long (0.045/0.020)
globalTracer.operatorStickButtonEvent_Info: >>>>> button=4, pressed=false
globalTracer.pidMotorTask_Info: TrcPidMotor.Elevator.pidActuator: stalled=false, expired=false, onTarget=true, event=(Elevator.pidActuator.releaseOwnership=CLEARED)
globalTracer.printPidInfo_Info: [1.322070] Elevator.pidActuator.pidCtrl: Target=   0.0, Input=   0.0, dT=0.020614, CurrErr=  -0.0, ErrRate=   0.0, Output=-0.000(-1.000/ 1.000)
globalTracer.releaseOwnership_Info: Elevator.pidActuator: Released ownership on behalf of the FrcTeleOp.
globalTracer.operatorStickButtonEvent_Info: >>>>> button=1, pressed=true
globalTracer.performAutoAssist_Info: [1.591] AutoAssist: intake=true,intakePower=-0.8,retainPower=-0.1,finishDelay=0.750,event=null,timeout=0.000, hasObject=false
globalTracer.pidMotorTask_Info: TrcPidMotor.Arm.pidActuator: stalled=false, expired=false, onTarget=true, event=(Arm.pidActuator.releaseOwnership=CLEARED)
globalTracer.printPidInfo_Info: [2.269281] Arm.pidActuator.pidCtrl: Target= -12.6, Input= -11.9, dT=0.020179, CurrErr=  -0.7, ErrRate=   4.4, Output=-0.027(-1.000/ 1.000)
globalTracer.releaseOwnership_Info: Arm.pidActuator: Released ownership on behalf of the FrcTeleOp.
globalTracer.finishAutoAssist_Info: [2.604] canceled=false, AutoAssistTimedOut=false, hasObject=true, finishDelay=0.750
globalTracer.intakeTriggerCallback_Info: [2.614] active=true
globalTracer.pidMotorTask_Info: TrcPidMotor.Wrist.pidActuator: stalled=false, expired=false, onTarget=true, event=(Wrist.pidActuator.releaseOwnership=CLEARED)
globalTracer.printPidInfo_Info: [3.284461] Wrist.pidActuator.pidCtrl: Target=  64.5, Input=  65.4, dT=0.022038, CurrErr=  -0.9, ErrRate=  -0.3, Output=-0.023(-1.000/ 1.000)
globalTracer.operatorStickButtonEvent_Info: >>>>> button=1, pressed=false
globalTracer.releaseOwnership_Info: Wrist.pidActuator: Released ownership on behalf of the FrcTeleOp.
globalTracer.buttonPanelButtonEvent_Info: >>>>> button=8, pressed=true
globalTracer.setPosition_Info: Elevator.pidActuator: Acquired ownership on behalf of the FrcTeleOp.
globalTracer.setPosition_Info: Arm.pidActuator: Acquired ownership on behalf of the FrcTeleOp.
globalTracer.setPosition_Info: Wrist.pidActuator: Acquired ownership on behalf of the FrcTeleOp.
globalTracer.startCompetition_Warn: TELEOP_MODE took too long (0.043/0.020)
globalTracer.buttonPanelButtonEvent_Info: >>>>> button=8, pressed=false
globalTracer.pidMotorTask_Info: TrcPidMotor.Elevator.pidActuator: stalled=false, expired=false, onTarget=true, event=(Elevator.pidActuator.releaseOwnership=CLEARED)
globalTracer.printPidInfo_Info: [4.152987] Elevator.pidActuator.pidCtrl: Target=   0.0, Input=  -0.0, dT=0.020921, CurrErr=   0.0, ErrRate=   0.0, Output= 0.010(-1.000/ 1.000)
globalTracer.startCompetition_Warn: TELEOP_MODE.periodic took too long (0.042s/0.040s)
globalTracer.startCompetition_Warn: TELEOP_MODE took too long (0.048/0.020)
globalTracer.releaseOwnership_Info: Elevator.pidActuator: Released ownership on behalf of the FrcTeleOp.
globalTracer.pidMotorTask_Info: TrcPidMotor.Wrist.pidActuator: stalled=false, expired=true, onTarget=false, event=(Wrist.pidActuator.releaseOwnership=CLEARED)
globalTracer.printPidInfo_Info: [4.752299] Wrist.pidActuator.pidCtrl: Target=   7.0, Input=   8.1, dT=0.020414, CurrErr=  -1.1, ErrRate=   9.3, Output=-0.028(-1.000/ 1.000)
globalTracer.releaseOwnership_Info: Wrist.pidActuator: Released ownership on behalf of the FrcTeleOp.
globalTracer.pidMotorTask_Info: TrcPidMotor.Arm.pidActuator: stalled=false, expired=false, onTarget=true, event=(Arm.pidActuator.releaseOwnership=CLEARED)
globalTracer.printPidInfo_Info: [4.875051] Arm.pidActuator.pidCtrl: Target= -33.0, Input= -33.0, dT=0.020520, CurrErr=   0.0, ErrRate=   0.0, Output=-0.038(-1.000/ 1.000)
globalTracer.releaseOwnership_Info: Arm.pidActuator: Released ownership on behalf of the FrcTeleOp.
globalTracer.buttonPanelButtonEvent_Info: >>>>> button=7, pressed=true
globalTracer.buttonPanelButtonEvent_Info: >>>>> button=7, pressed=false
globalTracer.operatorStickButtonEvent_Info: >>>>> button=2, pressed=true
globalTracer.setPosition_Info: Elevator.pidActuator: Acquired ownership on behalf of the FrcTeleOp.
globalTracer.setPosition_Info: Arm.pidActuator: Acquired ownership on behalf of the FrcTeleOp.
globalTracer.setPosition_Info: Wrist.pidActuator: Acquired ownership on behalf of the FrcTeleOp.
globalTracer.startCompetition_Warn: TELEOP_MODE took too long (0.041/0.020)
globalTracer.operatorStickButtonEvent_Info: >>>>> button=2, pressed=false
globalTracer.pidMotorTask_Info: TrcPidMotor.Elevator.pidActuator: stalled=false, expired=false, onTarget=true, event=(Elevator.pidActuator.releaseOwnership=CLEARED)
globalTracer.printPidInfo_Info: [5.538950] Elevator.pidActuator.pidCtrl: Target=   0.0, Input=  -0.0, dT=0.020745, CurrErr=   0.0, ErrRate=   0.0, Output= 0.011(-1.000/ 1.000)
globalTracer.releaseOwnership_Info: Elevator.pidActuator: Released ownership on behalf of the FrcTeleOp.
globalTracer.pidMotorTask_Info: TrcPidMotor.Wrist.pidActuator: stalled=false, expired=false, onTarget=true, event=(Wrist.pidActuator.releaseOwnership=CLEARED)
globalTracer.printPidInfo_Info: [6.305358] Wrist.pidActuator.pidCtrl: Target= 100.0, Input=  99.4, dT=0.021387, CurrErr=   0.6, ErrRate=   0.0, Output= 0.017(-1.000/ 1.000)
globalTracer.releaseOwnership_Info: Wrist.pidActuator: Released ownership on behalf of the FrcTeleOp.
globalTracer.pidMotorTask_Info: TrcPidMotor.Arm.pidActuator: stalled=false, expired=false, onTarget=true, event=(Arm.pidActuator.releaseOwnership=CLEARED)
globalTracer.printPidInfo_Info: [7.240355] Arm.pidActuator.pidCtrl: Target=  70.8, Input=  71.5, dT=0.021190, CurrErr=  -0.7, ErrRate=   0.0, Output= 0.062(-1.000/ 1.000)
globalTracer.releaseOwnership_Info: Arm.pidActuator: Released ownership on behalf of the FrcTeleOp.
globalTracer.operatorStickButtonEvent_Info: >>>>> button=3, pressed=true
globalTracer.operatorStickButtonEvent_Info: >>>>> button=1, pressed=true
globalTracer.operatorStickButtonEvent_Info: >>>>> button=3, pressed=false
globalTracer.operatorStickButtonEvent_Info: >>>>> button=1, pressed=false
globalTracer.driverControllerButtonEvent_Info: >>>>> button=2, pressed=true
globalTracer.setPosition_Info: Elevator.pidActuator: Acquired ownership on behalf of the FrcTeleOp.
globalTracer.setPosition_Info: Arm.pidActuator: Acquired ownership on behalf of the FrcTeleOp.
globalTracer.setPosition_Info: Wrist.pidActuator: Acquired ownership on behalf of the FrcTeleOp.
globalTracer.startCompetition_Warn: TELEOP_MODE took too long (0.058/0.020)
globalTracer.driverControllerButtonEvent_Info: >>>>> button=2, pressed=false
globalTracer.pidMotorTask_Info: TrcPidMotor.Elevator.pidActuator: stalled=false, expired=false, onTarget=true, event=(Elevator.pidActuator.releaseOwnership=CLEARED)
globalTracer.printPidInfo_Info: [8.747589] Elevator.pidActuator.pidCtrl: Target=   0.0, Input=  -0.0, dT=0.021019, CurrErr=   0.0, ErrRate=   0.0, Output= 0.002(-1.000/ 1.000)
globalTracer.releaseOwnership_Info: Elevator.pidActuator: Released ownership on behalf of the FrcTeleOp.
globalTracer.pidMotorTask_Info: TrcPidMotor.Wrist.pidActuator: stalled=false, expired=true, onTarget=false, event=(Wrist.pidActuator.releaseOwnership=CLEARED)
globalTracer.printPidInfo_Info: [9.349150] Wrist.pidActuator.pidCtrl: Target=   7.0, Input=   8.2, dT=0.020746, CurrErr=  -1.2, ErrRate=  -4.9, Output=-0.034(-1.000/ 1.000)
globalTracer.releaseOwnership_Info: Wrist.pidActuator: Released ownership on behalf of the FrcTeleOp.
globalTracer.pidMotorTask_Info: TrcPidMotor.Arm.pidActuator: stalled=false, expired=true, onTarget=false, event=(Arm.pidActuator.releaseOwnership=CLEARED)
globalTracer.printPidInfo_Info: [9.555646] Arm.pidActuator.pidCtrl: Target= -33.0, Input= -29.9, dT=0.021086, CurrErr=  -3.1, ErrRate=  29.2, Output=-0.089(-1.000/ 1.000)
globalTracer.releaseOwnership_Info: Arm.pidActuator: Released ownership on behalf of the FrcTeleOp.
globalTracer.buttonPanelButtonEvent_Info: >>>>> button=4, pressed=true
globalTracer.setPosition_Info: Elevator.pidActuator: Acquired ownership on behalf of the FrcTeleOp.
globalTracer.setPosition_Info: Arm.pidActuator: Acquired ownership on behalf of the FrcTeleOp.
globalTracer.setPosition_Info: Wrist.pidActuator: Acquired ownership on behalf of the FrcTeleOp.
globalTracer.buttonPanelButtonEvent_Info: >>>>> button=4, pressed=false
globalTracer.pidMotorTask_Info: TrcPidMotor.Wrist.pidActuator: stalled=false, expired=false, onTarget=true, event=(Wrist.pidActuator.releaseOwnership=CLEARED)
globalTracer.printPidInfo_Info: [9.990285] Wrist.pidActuator.pidCtrl: Target=  13.5, Input=  13.4, dT=0.018832, CurrErr=   0.1, ErrRate=   0.0, Output= 0.004(-1.000/ 1.000)
globalTracer.releaseOwnership_Info: Wrist.pidActuator: Released ownership on behalf of the FrcTeleOp.
globalTracer.operatorStickButtonEvent_Info: >>>>> button=1, pressed=true
globalTracer.performAutoAssist_Info: [10.352] AutoAssist: intake=true,intakePower=0.8,retainPower=0.1,finishDelay=0.750,event=null,timeout=0.000, hasObject=false
globalTracer.pidMotorTask_Info: TrcPidMotor.Elevator.pidActuator: stalled=false, expired=false, onTarget=true, event=(Elevator.pidActuator.releaseOwnership=CLEARED)
globalTracer.printPidInfo_Info: [10.384281] Elevator.pidActuator.pidCtrl: Target=   6.5, Input=   6.4, dT=0.021494, CurrErr=   0.1, ErrRate=  -0.7, Output= 0.054(-1.000/ 1.000)
globalTracer.releaseOwnership_Info: Elevator.pidActuator: Released ownership on behalf of the FrcTeleOp.
globalTracer.finishAutoAssist_Info: [14.258] canceled=false, AutoAssistTimedOut=false, hasObject=true, finishDelay=0.750
globalTracer.intakeTriggerCallback_Info: [14.265] active=true
globalTracer.operatorStickButtonEvent_Info: >>>>> button=1, pressed=false
globalTracer.pidMotorTask_Info: TrcPidMotor.Arm.pidActuator: stalled=false, expired=false, onTarget=true, event=(Arm.pidActuator.releaseOwnership=CLEARED)
globalTracer.printPidInfo_Info: [17.170633] Arm.pidActuator.pidCtrl: Target= -33.0, Input= -32.5, dT=0.020640, CurrErr=  -0.5, ErrRate= -21.3, Output=-0.046(-1.000/ 1.000)
globalTracer.releaseOwnership_Info: Arm.pidActuator: Released ownership on behalf of the FrcTeleOp.
globalTracer.operatorStickButtonEvent_Info: >>>>> button=2, pressed=true
globalTracer.setPosition_Info: Elevator.pidActuator: Acquired ownership on behalf of the FrcTeleOp.
globalTracer.setPosition_Info: Arm.pidActuator: Acquired ownership on behalf of the FrcTeleOp.
globalTracer.setPosition_Info: Wrist.pidActuator: Acquired ownership on behalf of the FrcTeleOp.
globalTracer.startCompetition_Warn: TELEOP_MODE took too long (0.049/0.020)
globalTracer.operatorStickButtonEvent_Info: >>>>> button=2, pressed=false
globalTracer.pidMotorTask_Info: TrcPidMotor.Elevator.pidActuator: stalled=false, expired=false, onTarget=true, event=(Elevator.pidActuator.releaseOwnership=CLEARED)
globalTracer.printPidInfo_Info: [20.089588] Elevator.pidActuator.pidCtrl: Target=  10.0, Input=   9.9, dT=0.020613, CurrErr=   0.1, ErrRate=  -0.4, Output= 0.034(-1.000/ 1.000)
globalTracer.releaseOwnership_Info: Elevator.pidActuator: Released ownership on behalf of the FrcTeleOp.
globalTracer.driverControllerButtonEvent_Info: >>>>> button=6, pressed=true
globalTracer.pidMotorTask_Info: TrcPidMotor.Wrist.pidActuator: stalled=false, expired=false, onTarget=true, event=(Wrist.pidActuator.releaseOwnership=CLEARED)
globalTracer.printPidInfo_Info: [21.021612] Wrist.pidActuator.pidCtrl: Target= 210.0, Input= 209.1, dT=0.021487, CurrErr=   0.9, ErrRate=   0.0, Output= 0.024(-1.000/ 1.000)
globalTracer.releaseOwnership_Info: Wrist.pidActuator: Released ownership on behalf of the FrcTeleOp.
globalTracer.pidMotorTask_Info: TrcPidMotor.Arm.pidActuator: stalled=false, expired=false, onTarget=true, event=(Arm.pidActuator.releaseOwnership=CLEARED)
globalTracer.printPidInfo_Info: [21.729286] Arm.pidActuator.pidCtrl: Target=  93.0, Input=  93.0, dT=0.021127, CurrErr=   0.0, ErrRate= -12.5, Output= 0.087(-1.000/ 1.000)
globalTracer.releaseOwnership_Info: Arm.pidActuator: Released ownership on behalf of the FrcTeleOp.
globalTracer.operatorStickButtonEvent_Info: >>>>> button=3, pressed=true
globalTracer.operatorStickButtonEvent_Info: >>>>> button=1, pressed=true
globalTracer.driverControllerButtonEvent_Info: >>>>> button=6, pressed=false
globalTracer.operatorStickButtonEvent_Info: >>>>> button=1, pressed=false
globalTracer.operatorStickButtonEvent_Info: >>>>> button=3, pressed=false
globalTracer.driverControllerButtonEvent_Info: >>>>> button=2, pressed=true
globalTracer.setPosition_Info: Elevator.pidActuator: Acquired ownership on behalf of the FrcTeleOp.
globalTracer.setPosition_Info: Arm.pidActuator: Acquired ownership on behalf of the FrcTeleOp.
globalTracer.setPosition_Info: Wrist.pidActuator: Acquired ownership on behalf of the FrcTeleOp.
globalTracer.driverControllerButtonEvent_Info: >>>>> button=2, pressed=false
globalTracer.pidMotorTask_Info: TrcPidMotor.Wrist.pidActuator: stalled=false, expired=true, onTarget=false, event=(Wrist.pidActuator.releaseOwnership=CLEARED)
globalTracer.printPidInfo_Info: [24.255375] Wrist.pidActuator.pidCtrl: Target=   7.0, Input=  47.6, dT=0.020659, CurrErr= -40.6, ErrRate= 353.7, Output=-0.990(-1.000/ 1.000)
globalTracer.releaseOwnership_Info: Wrist.pidActuator: Released ownership on behalf of the FrcTeleOp.
globalTracer.pidMotorTask_Info: TrcPidMotor.Elevator.pidActuator: stalled=false, expired=true, onTarget=true, event=(Elevator.pidActuator.releaseOwnership=CLEARED)
globalTracer.printPidInfo_Info: [24.462232] Elevator.pidActuator.pidCtrl: Target=   0.0, Input=   0.0, dT=0.020835, CurrErr=  -0.0, ErrRate=   1.1, Output=-0.025(-1.000/ 1.000)
globalTracer.pidMotorTask_Info: TrcPidMotor.Arm.pidActuator: stalled=false, expired=true, onTarget=false, event=(Arm.pidActuator.releaseOwnership=CLEARED)
globalTracer.releaseOwnership_Info: Elevator.pidActuator: Released ownership on behalf of the FrcTeleOp.
globalTracer.printPidInfo_Info: [24.466072] Arm.pidActuator.pidCtrl: Target= -33.0, Input= -19.0, dT=0.024447, CurrErr= -14.0, ErrRate=  75.5, Output=-0.268(-1.000/ 1.000)
globalTracer.releaseOwnership_Info: Arm.pidActuator: Released ownership on behalf of the FrcTeleOp.
globalTracer.buttonPanelButtonEvent_Info: >>>>> button=4, pressed=true
globalTracer.setPosition_Info: Elevator.pidActuator: Acquired ownership on behalf of the FrcTeleOp.
globalTracer.setPosition_Info: Arm.pidActuator: Acquired ownership on behalf of the FrcTeleOp.
globalTracer.setPosition_Info: Wrist.pidActuator: Acquired ownership on behalf of the FrcTeleOp.
globalTracer.buttonPanelButtonEvent_Info: >>>>> button=4, pressed=false
globalTracer.pidMotorTask_Info: TrcPidMotor.Wrist.pidActuator: stalled=false, expired=false, onTarget=true, event=(Wrist.pidActuator.releaseOwnership=CLEARED)
globalTracer.printPidInfo_Info: [25.292410] Wrist.pidActuator.pidCtrl: Target=  13.5, Input=  13.2, dT=0.020836, CurrErr=   0.3, ErrRate=  -1.9, Output= 0.008(-1.000/ 1.000)
globalTracer.releaseOwnership_Info: Wrist.pidActuator: Released ownership on behalf of the FrcTeleOp.
globalTracer.pidMotorTask_Info: TrcPidMotor.Elevator.pidActuator: stalled=false, expired=false, onTarget=true, event=(Elevator.pidActuator.releaseOwnership=CLEARED)
globalTracer.printPidInfo_Info: [25.644385] Elevator.pidActuator.pidCtrl: Target=   6.5, Input=   6.4, dT=0.019715, CurrErr=   0.1, ErrRate=  -1.4, Output= 0.027(-1.000/ 1.000)
globalTracer.releaseOwnership_Info: Elevator.pidActuator: Released ownership on behalf of the FrcTeleOp.
globalTracer.operatorStickButtonEvent_Info: >>>>> button=1, pressed=true
globalTracer.performAutoAssist_Info: [25.899] AutoAssist: intake=true,intakePower=0.8,retainPower=0.1,finishDelay=0.750,event=null,timeout=0.000, hasObject=false
globalTracer.finishAutoAssist_Info: [29.350] canceled=false, AutoAssistTimedOut=false, hasObject=true, finishDelay=0.750
globalTracer.intakeTriggerCallback_Info: [29.360] active=true
globalTracer.operatorStickButtonEvent_Info: >>>>> button=1, pressed=false
globalTracer.buttonPanelButtonEvent_Info: >>>>> button=6, pressed=true
globalTracer.buttonPanelButtonEvent_Info: >>>>> button=6, pressed=false
globalTracer.pidMotorTask_Info: TrcPidMotor.Arm.pidActuator: stalled=false, expired=false, onTarget=true, event=(Arm.pidActuator.releaseOwnership=CLEARED)
globalTracer.printPidInfo_Info: [35.693845] Arm.pidActuator.pidCtrl: Target= -33.0, Input= -32.3, dT=0.020792, CurrErr=  -0.7, ErrRate=  -8.5, Output=-0.049(-1.000/ 1.000)
globalTracer.releaseOwnership_Info: Arm.pidActuator: Released ownership on behalf of the FrcTeleOp.
globalTracer.operatorStickButtonEvent_Info: >>>>> button=2, pressed=true
globalTracer.setPosition_Info: Elevator.pidActuator: Acquired ownership on behalf of the FrcTeleOp.
globalTracer.setPosition_Info: Arm.pidActuator: Acquired ownership on behalf of the FrcTeleOp.
globalTracer.setPosition_Info: Wrist.pidActuator: Acquired ownership on behalf of the FrcTeleOp.
globalTracer.operatorStickButtonEvent_Info: >>>>> button=2, pressed=false
globalTracer.pidMotorTask_Info: TrcPidMotor.Wrist.pidActuator: stalled=false, expired=false, onTarget=true, event=(Wrist.pidActuator.releaseOwnership=CLEARED)
globalTracer.printPidInfo_Info: [37.687123] Wrist.pidActuator.pidCtrl: Target= 196.0, Input= 195.1, dT=0.019812, CurrErr=   0.9, ErrRate=  -0.2, Output= 0.025(-1.000/ 1.000)
globalTracer.releaseOwnership_Info: Wrist.pidActuator: Released ownership on behalf of the FrcTeleOp.
globalTracer.pidMotorTask_Info: TrcPidMotor.Elevator.pidActuator: stalled=false, expired=false, onTarget=true, event=(Elevator.pidActuator.releaseOwnership=CLEARED)
globalTracer.printPidInfo_Info: [37.828036] Elevator.pidActuator.pidCtrl: Target=  22.0, Input=  21.9, dT=0.020768, CurrErr=   0.1, ErrRate=   0.0, Output= 0.027(-1.000/ 1.000)
globalTracer.releaseOwnership_Info: Elevator.pidActuator: Released ownership on behalf of the FrcTeleOp.
globalTracer.pidMotorTask_Info: TrcPidMotor.Arm.pidActuator: stalled=false, expired=false, onTarget=true, event=(Arm.pidActuator.releaseOwnership=CLEARED)
globalTracer.printPidInfo_Info: [38.849396] Arm.pidActuator.pidCtrl: Target=  93.0, Input=  93.2, dT=0.019772, CurrErr=  -0.2, ErrRate=  -8.9, Output= 0.084(-1.000/ 1.000)
globalTracer.releaseOwnership_Info: Arm.pidActuator: Released ownership on behalf of the FrcTeleOp.
globalTracer.driverControllerButtonEvent_Info: >>>>> button=6, pressed=true
globalTracer.operatorStickButtonEvent_Info: >>>>> button=3, pressed=true
globalTracer.operatorStickButtonEvent_Info: >>>>> button=1, pressed=true
globalTracer.operatorStickButtonEvent_Info: >>>>> button=1, pressed=false
globalTracer.operatorStickButtonEvent_Info: >>>>> button=3, pressed=false
globalTracer.driverControllerButtonEvent_Info: >>>>> button=2, pressed=true
globalTracer.setPosition_Info: Elevator.pidActuator: Acquired ownership on behalf of the FrcTeleOp.
globalTracer.setPosition_Info: Arm.pidActuator: Acquired ownership on behalf of the FrcTeleOp.
globalTracer.setPosition_Info: Wrist.pidActuator: Acquired ownership on behalf of the FrcTeleOp.
globalTracer.driverControllerButtonEvent_Info: >>>>> button=2, pressed=false
globalTracer.pidMotorTask_Info: TrcPidMotor.Wrist.pidActuator: stalled=false, expired=true, onTarget=false, event=(Wrist.pidActuator.releaseOwnership=CLEARED)
globalTracer.printPidInfo_Info: [50.150727] Wrist.pidActuator.pidCtrl: Target=   7.0, Input=  26.4, dT=0.020582, CurrErr= -19.4, ErrRate= 184.5, Output=-0.468(-1.000/ 1.000)
globalTracer.releaseOwnership_Info: Wrist.pidActuator: Released ownership on behalf of the FrcTeleOp.
globalTracer.pidMotorTask_Info: TrcPidMotor.Elevator.pidActuator: stalled=false, expired=true, onTarget=false, event=(Elevator.pidActuator.releaseOwnership=CLEARED)
globalTracer.printPidInfo_Info: [50.356136] Elevator.pidActuator.pidCtrl: Target=   0.0, Input=   7.9, dT=0.020777, CurrErr=  -7.9, ErrRate=  14.5, Output=-1.000(-1.000/ 1.000)
globalTracer.pidMotorTask_Info: TrcPidMotor.Arm.pidActuator: stalled=false, expired=true, onTarget=false, event=(Arm.pidActuator.releaseOwnership=CLEARED)
globalTracer.printPidInfo_Info: [50.360557] Arm.pidActuator.pidCtrl: Target= -33.0, Input= -16.9, dT=0.024895, CurrErr= -16.1, ErrRate=  53.0, Output=-0.302(-1.000/ 1.000)
globalTracer.releaseOwnership_Info: Arm.pidActuator: Released ownership on behalf of the FrcTeleOp.
globalTracer.releaseOwnership_Info: Elevator.pidActuator: Released ownership on behalf of the FrcTeleOp.
globalTracer.driverControllerButtonEvent_Info: >>>>> button=6, pressed=false
globalTracer.driverControllerButtonEvent_Info: >>>>> button=6, pressed=true
globalTracer.driverControllerButtonEvent_Info: >>>>> button=6, pressed=false
globalTracer.operatorStickButtonEvent_Info: >>>>> button=4, pressed=true
globalTracer.setPosition_Info: Elevator.pidActuator: Acquired ownership on behalf of the FrcTeleOp.
globalTracer.setPosition_Info: Arm.pidActuator: Acquired ownership on behalf of the FrcTeleOp.
globalTracer.setPosition_Info: Wrist.pidActuator: Acquired ownership on behalf of the FrcTeleOp.
globalTracer.operatorStickButtonEvent_Info: >>>>> button=4, pressed=false
globalTracer.pidMotorTask_Info: TrcPidMotor.Elevator.pidActuator: stalled=false, expired=false, onTarget=true, event=(Elevator.pidActuator.releaseOwnership=CLEARED)
globalTracer.printPidInfo_Info: [54.909279] Elevator.pidActuator.pidCtrl: Target=   0.0, Input=  -0.0, dT=0.020226, CurrErr=   0.0, ErrRate=   0.0, Output= 0.011(-1.000/ 1.000)
globalTracer.releaseOwnership_Info: Elevator.pidActuator: Released ownership on behalf of the FrcTeleOp.
globalTracer.operatorStickButtonEvent_Info: >>>>> button=1, pressed=true
globalTracer.performAutoAssist_Info: [55.059] AutoAssist: intake=true,intakePower=-0.8,retainPower=-0.1,finishDelay=0.750,event=null,timeout=0.000, hasObject=false
globalTracer.pidMotorTask_Info: TrcPidMotor.Wrist.pidActuator: stalled=false, expired=false, onTarget=true, event=(Wrist.pidActuator.releaseOwnership=CLEARED)
globalTracer.printPidInfo_Info: [55.324071] Wrist.pidActuator.pidCtrl: Target=  64.5, Input=  64.2, dT=0.020260, CurrErr=   0.3, ErrRate=  -1.5, Output= 0.007(-1.000/ 1.000)
globalTracer.releaseOwnership_Info: Wrist.pidActuator: Released ownership on behalf of the FrcTeleOp.
globalTracer.pidMotorTask_Info: TrcPidMotor.Arm.pidActuator: stalled=false, expired=false, onTarget=true, event=(Arm.pidActuator.releaseOwnership=CLEARED)
globalTracer.finishAutoAssist_Info: [55.534] canceled=false, AutoAssistTimedOut=false, hasObject=true, finishDelay=0.750
globalTracer.intakeTriggerCallback_Info: [55.537] active=true
globalTracer.printPidInfo_Info: [55.530520] Arm.pidActuator.pidCtrl: Target= -12.6, Input= -12.0, dT=0.021054, CurrErr=  -0.6, ErrRate= -20.9, Output=-0.026(-1.000/ 1.000)
globalTracer.releaseOwnership_Info: Arm.pidActuator: Released ownership on behalf of the FrcTeleOp.
globalTracer.operatorStickButtonEvent_Info: >>>>> button=1, pressed=false
globalTracer.operatorStickButtonEvent_Info: >>>>> button=1, pressed=true
globalTracer.operatorStickButtonEvent_Info: >>>>> button=1, pressed=false
globalTracer.buttonPanelButtonEvent_Info: >>>>> button=8, pressed=true
globalTracer.setPosition_Info: Elevator.pidActuator: Acquired ownership on behalf of the FrcTeleOp.
globalTracer.setPosition_Info: Arm.pidActuator: Acquired ownership on behalf of the FrcTeleOp.
globalTracer.setPosition_Info: Wrist.pidActuator: Acquired ownership on behalf of the FrcTeleOp.
globalTracer.buttonPanelButtonEvent_Info: >>>>> button=8, pressed=false
globalTracer.pidMotorTask_Info: TrcPidMotor.Elevator.pidActuator: stalled=false, expired=false, onTarget=true, event=(Elevator.pidActuator.releaseOwnership=CLEARED)
globalTracer.printPidInfo_Info: [60.344220] Elevator.pidActuator.pidCtrl: Target=   0.0, Input=  -0.0, dT=0.021078, CurrErr=   0.0, ErrRate=   0.0, Output= 0.006(-1.000/ 1.000)
globalTracer.releaseOwnership_Info: Elevator.pidActuator: Released ownership on behalf of the FrcTeleOp.
globalTracer.pidMotorTask_Info: TrcPidMotor.Wrist.pidActuator: stalled=false, expired=true, onTarget=false, event=(Wrist.pidActuator.releaseOwnership=CLEARED)
globalTracer.printPidInfo_Info: [60.919556] Wrist.pidActuator.pidCtrl: Target=   7.0, Input=   8.0, dT=0.020607, CurrErr=  -1.0, ErrRate=   1.9, Output=-0.026(-1.000/ 1.000)
globalTracer.releaseOwnership_Info: Wrist.pidActuator: Released ownership on behalf of the FrcTeleOp.
globalTracer.pidMotorTask_Info: TrcPidMotor.Arm.pidActuator: stalled=false, expired=true, onTarget=false, event=(Arm.pidActuator.releaseOwnership=CLEARED)
globalTracer.printPidInfo_Info: [61.126035] Arm.pidActuator.pidCtrl: Target= -33.0, Input= -30.6, dT=0.020621, CurrErr=  -2.4, ErrRate=   0.0, Output=-0.078(-1.000/ 1.000)
globalTracer.releaseOwnership_Info: Arm.pidActuator: Released ownership on behalf of the FrcTeleOp.
globalTracer.buttonPanelButtonEvent_Info: >>>>> button=6, pressed=true
globalTracer.buttonPanelButtonEvent_Info: >>>>> button=6, pressed=false
globalTracer.operatorStickButtonEvent_Info: >>>>> button=2, pressed=true
globalTracer.setPosition_Info: Elevator.pidActuator: Acquired ownership on behalf of the FrcTeleOp.
globalTracer.setPosition_Info: Arm.pidActuator: Acquired ownership on behalf of the FrcTeleOp.
globalTracer.setPosition_Info: Wrist.pidActuator: Acquired ownership on behalf of the FrcTeleOp.
globalTracer.operatorStickButtonEvent_Info: >>>>> button=2, pressed=false
globalTracer.pidMotorTask_Info: TrcPidMotor.Elevator.pidActuator: stalled=false, expired=false, onTarget=true, event=(Elevator.pidActuator.releaseOwnership=CLEARED)
globalTracer.printPidInfo_Info: [64.827924] Elevator.pidActuator.pidCtrl: Target=  10.0, Input=  10.0, dT=0.020983, CurrErr=   0.0, ErrRate=   0.0, Output= 0.019(-1.000/ 1.000)
globalTracer.releaseOwnership_Info: Elevator.pidActuator: Released ownership on behalf of the FrcTeleOp.
globalTracer.pidMotorTask_Info: TrcPidMotor.Wrist.pidActuator: stalled=false, expired=false, onTarget=true, event=(Wrist.pidActuator.releaseOwnership=CLEARED)
globalTracer.printPidInfo_Info: [65.326964] Wrist.pidActuator.pidCtrl: Target= 130.0, Input= 129.2, dT=0.021136, CurrErr=   0.8, ErrRate=  -0.1, Output= 0.022(-1.000/ 1.000)
globalTracer.releaseOwnership_Info: Wrist.pidActuator: Released ownership on behalf of the FrcTeleOp.
globalTracer.pidMotorTask_Info: TrcPidMotor.Arm.pidActuator: stalled=false, expired=false, onTarget=true, event=(Arm.pidActuator.releaseOwnership=CLEARED)
globalTracer.printPidInfo_Info: [65.949168] Arm.pidActuator.pidCtrl: Target=  93.0, Input=  92.7, dT=0.020473, CurrErr=   0.3, ErrRate=  -4.3, Output= 0.091(-1.000/ 1.000)
globalTracer.releaseOwnership_Info: Arm.pidActuator: Released ownership on behalf of the FrcTeleOp.
globalTracer.operatorStickButtonEvent_Info: >>>>> button=3, pressed=true
globalTracer.operatorStickButtonEvent_Info: >>>>> button=1, pressed=true
globalTracer.operatorStickButtonEvent_Info: >>>>> button=1, pressed=false
globalTracer.operatorStickButtonEvent_Info: >>>>> button=3, pressed=false
globalTracer.driverControllerButtonEvent_Info: >>>>> button=2, pressed=true
globalTracer.setPosition_Info: Elevator.pidActuator: Acquired ownership on behalf of the FrcTeleOp.
globalTracer.setPosition_Info: Arm.pidActuator: Acquired ownership on behalf of the FrcTeleOp.
globalTracer.setPosition_Info: Wrist.pidActuator: Acquired ownership on behalf of the FrcTeleOp.
globalTracer.driverControllerButtonEvent_Info: >>>>> button=2, pressed=false
globalTracer.pidMotorTask_Info: TrcPidMotor.Wrist.pidActuator: stalled=false, expired=true, onTarget=false, event=(Wrist.pidActuator.releaseOwnership=CLEARED)
globalTracer.printPidInfo_Info: [68.887669] Wrist.pidActuator.pidCtrl: Target=   7.0, Input=   8.0, dT=0.021510, CurrErr=  -1.0, ErrRate=   0.0, Output=-0.027(-1.000/ 1.000)
globalTracer.releaseOwnership_Info: Wrist.pidActuator: Released ownership on behalf of the FrcTeleOp.
globalTracer.pidMotorTask_Info: TrcPidMotor.Elevator.pidActuator: stalled=false, expired=false, onTarget=true, event=(Elevator.pidActuator.releaseOwnership=CLEARED)
globalTracer.printPidInfo_Info: [69.050050] Elevator.pidActuator.pidCtrl: Target=   0.0, Input=   0.2, dT=0.020702, CurrErr=  -0.2, ErrRate=   0.2, Output=-0.076(-1.000/ 1.000)
globalTracer.releaseOwnership_Info: Elevator.pidActuator: Released ownership on behalf of the FrcTeleOp.
globalTracer.pidMotorTask_Info: TrcPidMotor.Arm.pidActuator: stalled=false, expired=true, onTarget=false, event=(Arm.pidActuator.releaseOwnership=CLEARED)
globalTracer.printPidInfo_Info: [69.112889] Arm.pidActuator.pidCtrl: Target= -33.0, Input= -14.9, dT=0.021433, CurrErr= -18.1, ErrRate= 118.9, Output=-0.334(-1.000/ 1.000)
globalTracer.releaseOwnership_Info: Arm.pidActuator: Released ownership on behalf of the FrcTeleOp.
globalTracer.buttonPanelButtonEvent_Info: >>>>> button=4, pressed=true
globalTracer.setPosition_Info: Elevator.pidActuator: Acquired ownership on behalf of the FrcTeleOp.
globalTracer.setPosition_Info: Arm.pidActuator: Acquired ownership on behalf of the FrcTeleOp.
globalTracer.setPosition_Info: Wrist.pidActuator: Acquired ownership on behalf of the FrcTeleOp.
globalTracer.buttonPanelButtonEvent_Info: >>>>> button=4, pressed=false
globalTracer.pidMotorTask_Info: TrcPidMotor.Wrist.pidActuator: stalled=false, expired=false, onTarget=true, event=(Wrist.pidActuator.releaseOwnership=CLEARED)
globalTracer.printPidInfo_Info: [71.558141] Wrist.pidActuator.pidCtrl: Target=  13.5, Input=  13.5, dT=0.020604, CurrErr=   0.0, ErrRate=  -2.3, Output= 0.000(-1.000/ 1.000)
globalTracer.releaseOwnership_Info: Wrist.pidActuator: Released ownership on behalf of the FrcTeleOp.
globalTracer.pidMotorTask_Info: TrcPidMotor.Elevator.pidActuator: stalled=false, expired=false, onTarget=true, event=(Elevator.pidActuator.releaseOwnership=CLEARED)
globalTracer.printPidInfo_Info: [72.115469] Elevator.pidActuator.pidCtrl: Target=   6.5, Input=   6.4, dT=0.019997, CurrErr=   0.1, ErrRate=  -1.3, Output= 0.060(-1.000/ 1.000)
globalTracer.releaseOwnership_Info: Elevator.pidActuator: Released ownership on behalf of the FrcTeleOp.
globalTracer.pidMotorTask_Info: TrcPidMotor.Arm.pidActuator: stalled=false, expired=false, onTarget=true, event=(Arm.pidActuator.releaseOwnership=CLEARED)
globalTracer.printPidInfo_Info: [72.383764] Arm.pidActuator.pidCtrl: Target= -33.0, Input= -32.9, dT=0.020237, CurrErr=  -0.1, ErrRate=   0.0, Output=-0.040(-1.000/ 1.000)
globalTracer.releaseOwnership_Info: Arm.pidActuator: Released ownership on behalf of the FrcTeleOp.
globalTracer.operatorStickButtonEvent_Info: >>>>> button=1, pressed=true
globalTracer.performAutoAssist_Info: [74.452] AutoAssist: intake=true,intakePower=0.8,retainPower=0.1,finishDelay=0.750,event=null,timeout=0.000, hasObject=false
globalTracer.finishAutoAssist_Info: [76.261] canceled=false, AutoAssistTimedOut=false, hasObject=true, finishDelay=0.750
globalTracer.intakeTriggerCallback_Info: [76.279] active=true
globalTracer.operatorStickButtonEvent_Info: >>>>> button=1, pressed=false
globalTracer.buttonPanelButtonEvent_Info: >>>>> button=7, pressed=true
globalTracer.buttonPanelButtonEvent_Info: >>>>> button=7, pressed=false
globalTracer.operatorStickButtonEvent_Info: >>>>> button=2, pressed=true
globalTracer.setPosition_Info: Elevator.pidActuator: Acquired ownership on behalf of the FrcTeleOp.
globalTracer.setPosition_Info: Arm.pidActuator: Acquired ownership on behalf of the FrcTeleOp.
globalTracer.setPosition_Info: Wrist.pidActuator: Acquired ownership on behalf of the FrcTeleOp.
globalTracer.operatorStickButtonEvent_Info: >>>>> button=2, pressed=false
globalTracer.pidMotorTask_Info: TrcPidMotor.Elevator.pidActuator: stalled=false, expired=false, onTarget=true, event=(Elevator.pidActuator.releaseOwnership=CLEARED)
globalTracer.printPidInfo_Info: [82.066679] Elevator.pidActuator.pidCtrl: Target=  10.0, Input=   9.9, dT=0.020079, CurrErr=   0.1, ErrRate=  -1.1, Output= 0.044(-1.000/ 1.000)
globalTracer.releaseOwnership_Info: Elevator.pidActuator: Released ownership on behalf of the FrcTeleOp.
globalTracer.pidMotorTask_Info: TrcPidMotor.Wrist.pidActuator: stalled=false, expired=false, onTarget=true, event=(Wrist.pidActuator.releaseOwnership=CLEARED)
globalTracer.printPidInfo_Info: [83.683570] Wrist.pidActuator.pidCtrl: Target= 210.0, Input= 209.0, dT=0.021723, CurrErr=   1.0, ErrRate=   0.0, Output= 0.027(-1.000/ 1.000)
globalTracer.releaseOwnership_Info: Wrist.pidActuator: Released ownership on behalf of the FrcTeleOp.
globalTracer.pidMotorTask_Info: TrcPidMotor.Arm.pidActuator: stalled=false, expired=false, onTarget=true, event=(Arm.pidActuator.releaseOwnership=CLEARED)
globalTracer.printPidInfo_Info: [83.946091] Arm.pidActuator.pidCtrl: Target=  93.0, Input=  92.6, dT=0.021866, CurrErr=   0.4, ErrRate=   0.0, Output= 0.093(-1.000/ 1.000)
globalTracer.releaseOwnership_Info: Arm.pidActuator: Released ownership on behalf of the FrcTeleOp.
globalTracer.operatorStickButtonEvent_Info: >>>>> button=3, pressed=true
globalTracer.operatorStickButtonEvent_Info: >>>>> button=1, pressed=true
globalTracer.operatorStickButtonEvent_Info: >>>>> button=1, pressed=false
globalTracer.operatorStickButtonEvent_Info: >>>>> button=3, pressed=false
globalTracer.driverControllerButtonEvent_Info: >>>>> button=2, pressed=true
globalTracer.setPosition_Info: Elevator.pidActuator: Acquired ownership on behalf of the FrcTeleOp.
globalTracer.setPosition_Info: Arm.pidActuator: Acquired ownership on behalf of the FrcTeleOp.
globalTracer.setPosition_Info: Wrist.pidActuator: Acquired ownership on behalf of the FrcTeleOp.
globalTracer.driverControllerButtonEvent_Info: >>>>> button=2, pressed=false
globalTracer.pidMotorTask_Info: TrcPidMotor.Wrist.pidActuator: stalled=false, expired=true, onTarget=false, event=(Wrist.pidActuator.releaseOwnership=CLEARED)
globalTracer.printPidInfo_Info: [88.089069] Wrist.pidActuator.pidCtrl: Target=   7.0, Input=  36.8, dT=0.020897, CurrErr= -29.8, ErrRate= 172.6, Output=-0.753(-1.000/ 1.000)
globalTracer.releaseOwnership_Info: Wrist.pidActuator: Released ownership on behalf of the FrcTeleOp.
globalTracer.pidMotorTask_Info: TrcPidMotor.Elevator.pidActuator: stalled=false, expired=false, onTarget=true, event=(Elevator.pidActuator.releaseOwnership=CLEARED)
globalTracer.printPidInfo_Info: [88.254669] Elevator.pidActuator.pidCtrl: Target=   0.0, Input=   0.1, dT=0.021111, CurrErr=  -0.1, ErrRate=   1.1, Output=-0.046(-1.000/ 1.000)
globalTracer.releaseOwnership_Info: Elevator.pidActuator: Released ownership on behalf of the FrcTeleOp.
globalTracer.pidMotorTask_Info: TrcPidMotor.Arm.pidActuator: stalled=false, expired=true, onTarget=false, event=(Arm.pidActuator.releaseOwnership=CLEARED)
globalTracer.printPidInfo_Info: [88.295827] Arm.pidActuator.pidCtrl: Target= -33.0, Input= -15.6, dT=0.020624, CurrErr= -17.4, ErrRate= 204.6, Output=-0.322(-1.000/ 1.000)
globalTracer.releaseOwnership_Info: Arm.pidActuator: Released ownership on behalf of the FrcTeleOp.
globalTracer.operatorStickButtonEvent_Info: >>>>> button=4, pressed=true
globalTracer.setPosition_Info: Elevator.pidActuator: Acquired ownership on behalf of the FrcTeleOp.
globalTracer.setPosition_Info: Arm.pidActuator: Acquired ownership on behalf of the FrcTeleOp.
globalTracer.setPosition_Info: Wrist.pidActuator: Acquired ownership on behalf of the FrcTeleOp.
globalTracer.startCompetition_Warn: TELEOP_MODE took too long (0.049/0.020)
globalTracer.operatorStickButtonEvent_Info: >>>>> button=4, pressed=false
globalTracer.pidMotorTask_Info: TrcPidMotor.Elevator.pidActuator: stalled=false, expired=false, onTarget=true, event=(Elevator.pidActuator.releaseOwnership=CLEARED)
globalTracer.printPidInfo_Info: [89.951452] Elevator.pidActuator.pidCtrl: Target=   0.0, Input=  -0.0, dT=0.021316, CurrErr=   0.0, ErrRate=   0.0, Output= 0.006(-1.000/ 1.000)
globalTracer.releaseOwnership_Info: Elevator.pidActuator: Released ownership on behalf of the FrcTeleOp.
globalTracer.pidMotorTask_Info: TrcPidMotor.Wrist.pidActuator: stalled=false, expired=false, onTarget=true, event=(Wrist.pidActuator.releaseOwnership=CLEARED)
globalTracer.printPidInfo_Info: [90.364245] Wrist.pidActuator.pidCtrl: Target=  64.5, Input=  63.8, dT=0.019866, CurrErr=   0.7, ErrRate=   0.0, Output= 0.018(-1.000/ 1.000)
globalTracer.operatorStickButtonEvent_Info: >>>>> button=1, pressed=true
globalTracer.performAutoAssist_Info: [90.386] AutoAssist: intake=true,intakePower=-0.8,retainPower=-0.1,finishDelay=0.750,event=null,timeout=0.000, hasObject=false
globalTracer.releaseOwnership_Info: Wrist.pidActuator: Released ownership on behalf of the FrcTeleOp.
globalTracer.operatorStickButtonEvent_Info: >>>>> button=1, pressed=false
globalTracer.buttonPanelButtonEvent_Info: >>>>> button=4, pressed=true
globalTracer.setPosition_Info: Elevator.pidActuator: Acquired ownership on behalf of the FrcTeleOp.
globalTracer.setPosition_Info: Wrist.pidActuator: Acquired ownership on behalf of the FrcTeleOp.
globalTracer.buttonPanelButtonEvent_Info: >>>>> button=4, pressed=false
globalTracer.operatorStickButtonEvent_Info: >>>>> button=1, pressed=true
globalTracer.finishAutoAssist_Info: [92.332] canceled=true, AutoAssistTimedOut=false, hasObject=false, finishDelay=0.750
globalTracer.pidMotorTask_Info: TrcPidMotor.Elevator.pidActuator: stalled=false, expired=false, onTarget=true, event=(Elevator.pidActuator.releaseOwnership=CLEARED)
globalTracer.printPidInfo_Info: [92.480742] Elevator.pidActuator.pidCtrl: Target=   6.5, Input=   6.4, dT=0.021353, CurrErr=   0.1, ErrRate=   0.0, Output= 0.069(-1.000/ 1.000)
globalTracer.releaseOwnership_Info: Elevator.pidActuator: Released ownership on behalf of the FrcTeleOp.
globalTracer.operatorStickButtonEvent_Info: >>>>> button=1, pressed=false
globalTracer.operatorStickButtonEvent_Info: >>>>> button=4, pressed=true
globalTracer.setPosition_Info: Elevator.pidActuator: Acquired ownership on behalf of the FrcTeleOp.
globalTracer.operatorStickButtonEvent_Info: >>>>> button=4, pressed=false
globalTracer.operatorStickButtonEvent_Info: >>>>> button=1, pressed=true
globalTracer.performAutoAssist_Info: [94.209] AutoAssist: intake=true,intakePower=-0.8,retainPower=-0.1,finishDelay=0.750,event=null,timeout=0.000, hasObject=false
globalTracer.pidMotorTask_Info: TrcPidMotor.Elevator.pidActuator: stalled=false, expired=false, onTarget=true, event=(Elevator.pidActuator.releaseOwnership=CLEARED)
globalTracer.printPidInfo_Info: [94.612518] Elevator.pidActuator.pidCtrl: Target=   0.0, Input=   0.1, dT=0.020860, CurrErr=  -0.1, ErrRate=   0.0, Output=-0.055(-1.000/ 1.000)
globalTracer.releaseOwnership_Info: Elevator.pidActuator: Released ownership on behalf of the FrcTeleOp.
globalTracer.finishAutoAssist_Info: [95.828] canceled=false, AutoAssistTimedOut=false, hasObject=true, finishDelay=0.750
globalTracer.intakeTriggerCallback_Info: [95.831] active=true
globalTracer.operatorStickButtonEvent_Info: >>>>> button=1, pressed=false
globalTracer.operatorStickButtonEvent_Info: >>>>> button=1, pressed=true
globalTracer.operatorStickButtonEvent_Info: >>>>> button=1, pressed=false
globalTracer.operatorStickButtonEvent_Info: >>>>> button=1, pressed=true
globalTracer.operatorStickButtonEvent_Info: >>>>> button=1, pressed=false
globalTracer.buttonPanelButtonEvent_Info: >>>>> button=8, pressed=true
globalTracer.setPosition_Info: Elevator.pidActuator: Acquired ownership on behalf of the FrcTeleOp.
globalTracer.buttonPanelButtonEvent_Info: >>>>> button=8, pressed=false
globalTracer.pidMotorTask_Info: TrcPidMotor.Elevator.pidActuator: stalled=false, expired=false, onTarget=true, event=(Elevator.pidActuator.releaseOwnership=CLEARED)
globalTracer.printPidInfo_Info: [97.725630] Elevator.pidActuator.pidCtrl: Target=   0.0, Input=  -0.0, dT=0.020631, CurrErr=   0.0, ErrRate=   0.0, Output= 0.002(-1.000/ 1.000)
globalTracer.releaseOwnership_Info: Elevator.pidActuator: Released ownership on behalf of the FrcTeleOp.
globalTracer.buttonPanelButtonEvent_Info: >>>>> button=7, pressed=true
globalTracer.buttonPanelButtonEvent_Info: >>>>> button=7, pressed=false
globalTracer.operatorStickButtonEvent_Info: >>>>> button=2, pressed=true
globalTracer.setPosition_Info: Elevator.pidActuator: Acquired ownership on behalf of the FrcTeleOp.
globalTracer.operatorStickButtonEvent_Info: >>>>> button=2, pressed=false
globalTracer.pidMotorTask_Info: TrcPidMotor.Elevator.pidActuator: stalled=false, expired=false, onTarget=true, event=(Elevator.pidActuator.releaseOwnership=CLEARED)
globalTracer.printPidInfo_Info: [102.159779] Elevator.pidActuator.pidCtrl: Target=   0.0, Input=  -0.0, dT=0.019705, CurrErr=   0.0, ErrRate=   0.0, Output= 0.008(-1.000/ 1.000)
globalTracer.releaseOwnership_Info: Elevator.pidActuator: Released ownership on behalf of the FrcTeleOp.
globalTracer.operatorStickButtonEvent_Info: >>>>> button=3, pressed=true
globalTracer.operatorStickButtonEvent_Info: >>>>> button=1, pressed=true
globalTracer.operatorStickButtonEvent_Info: >>>>> button=3, pressed=false
globalTracer.operatorStickButtonEvent_Info: >>>>> button=1, pressed=false
globalTracer.driverControllerButtonEvent_Info: >>>>> button=2, pressed=true
globalTracer.setPosition_Info: Elevator.pidActuator: Acquired ownership on behalf of the FrcTeleOp.
globalTracer.driverControllerButtonEvent_Info: >>>>> button=2, pressed=false
globalTracer.pidMotorTask_Info: TrcPidMotor.Elevator.pidActuator: stalled=false, expired=false, onTarget=true, event=(Elevator.pidActuator.releaseOwnership=CLEARED)
globalTracer.printPidInfo_Info: [104.932405] Elevator.pidActuator.pidCtrl: Target=   0.0, Input=  -0.0, dT=0.020636, CurrErr=   0.0, ErrRate=   0.0, Output= 0.011(-1.000/ 1.000)
globalTracer.releaseOwnership_Info: Elevator.pidActuator: Released ownership on behalf of the FrcTeleOp.
globalTracer.startCompetition_Info: *** Transitioning from TELEOP_MODE to DISABLED_MODE ***
globalTracer.autoAssistCancel_Info: TaskAutoPickup: Canceling auto-assist pickup.
globalTracer.autoAssistCancel_Info: TaskAutoScore: Canceling auto-assist score object.
globalTracer.autoAssistCancel_Info: TaskAutoBalance: Canceling auto-assist balance.
globalTracer.robotStopMode_Info: [135.308] ***** Stop TELEOP_MODE *****
globalTracer.FrcRobotBase_Info: ***** Performance Metrics *****
globalTracer.FrcRobotBase_Info: (TELEOP_MODE->DISABLED_MODE) Performance Metrics: LoopCount=6841
globalTracer.FrcRobotBase_Info: RobotInit=5.274390, PrevModeStopTask=0.007435, PrevStopMode=0.000804, PrevRobotStopMode=0.005435, RobotStartMode=0.038430, startMode=0.040442, startTask=0.000063
globalTracer.FrcRobotBase_Info: PrePeriodicTask(Avg/Max)=0.000748/0.029227
globalTracer.FrcRobotBase_Info: Periodic(Avg/Max)=0.002411/0.042351
globalTracer.FrcRobotBase_Info: postPeriodicTask(Avg/Max)=0.000101/0.014891
globalTracer.FrcRobotBase_Info: Updates(Avg/Max)=0.003700/0.015171
globalTracer.TaskPerformance_Info: TrcWatchdogMgr: STANDALONE_TASK=0.000358/0.997073
globalTracer.TaskPerformance_Info: DriverController.buttonEvent: PRE_PERIODIC_TASK=0.000022/0.019763
globalTracer.TaskPerformance_Info: operatorStick.buttonEvent: PRE_PERIODIC_TASK=0.000050/0.019763
globalTracer.TaskPerformance_Info: buttonPanel.buttonEvent: PRE_PERIODIC_TASK=0.000020/0.019763
globalTracer.TaskPerformance_Info: switchPanel.buttonEvent: PRE_PERIODIC_TASK=0.000005/0.019763
globalTracer.TaskPerformance_Info: LED: OUTPUT_TASK=0.000032/0.020453
globalTracer.TaskPerformance_Info: TrcMotor.odometryTask: STANDALONE_TASK=0.000060/0.000079
globalTracer.TaskPerformance_Info: lfDrive.cleanupTask: STOP_TASK=0.003184/38.368156
globalTracer.TaskPerformance_Info: lfWheel.servo.stopTask: STOP_TASK=0.000871/38.369010
globalTracer.TaskPerformance_Info: rfWheel.servo.stopTask: STOP_TASK=0.000686/38.368192
globalTracer.TaskPerformance_Info: lbWheel.servo.stopTask: STOP_TASK=0.000025/38.368191
globalTracer.TaskPerformance_Info: rbWheel.servo.stopTask: STOP_TASK=0.000878/38.368190
globalTracer.TaskPerformance_Info: TrcDriveBase.odometryTask: PRE_PERIODIC_TASK=0.000580/0.020452
globalTracer.TaskPerformance_Info: TrcDriveBase.stopTask: STOP_TASK=0.002027/38.368189
globalTracer.TaskPerformance_Info: pidDrive.driveTask: POST_PERIODIC_TASK=0.023924/0.033575
globalTracer.TaskPerformance_Info: Elevator.pidActuator.pidMotorTask: OUTPUT_TASK=0.000291/0.023206
globalTracer.TaskPerformance_Info: Elevator.pidActuator.stopMotorTask: STOP_TASK=0.000197/0.000000
globalTracer.TaskPerformance_Info: Arm.pidActuator.pidMotorTask: OUTPUT_TASK=0.000228/0.023374
globalTracer.TaskPerformance_Info: Arm.pidActuator.stopMotorTask: STOP_TASK=0.000187/0.000000
globalTracer.TaskPerformance_Info: Wrist.pidActuator.pidMotorTask: OUTPUT_TASK=0.000228/0.023153
globalTracer.TaskPerformance_Info: Wrist.pidActuator.stopMotorTask: STOP_TASK=0.000065/0.000000
globalTracer.TaskPerformance_Info: Intake.trigger.triggerTask: PRE_PERIODIC_TASK=0.000039/0.152714
globalTracer.TaskPerformance_Info: TaskAutoScore: POST_PERIODIC_TASK=0.000758/0.020636
