globalTracer.robotStartMode_Info: Fri Apr 07 09:24:01 PDT 2023: [0.026] ***** Start AUTO_MODE *****
globalTracer.syncSteerEncoders_Info: [0.269] steerEncPos[1]=-78
globalTracer.syncSteerEncoders_Info: [0.273] steerEncPos[1]=-78
globalTracer.syncSteerEncoders_Info: [0.280] steerEncPos[1]=-78
globalTracer.syncSteerEncoders_Info: [0.285] steerEncPos[1]=-78
globalTracer.syncSteerEncoders_Info: [0.290] steerEncPos[1]=-77
globalTracer.syncSteerEncoders_Info: [0.294] steerEncPos[1]=-77
globalTracer.syncSteerEncoders_Info: [0.299] steerEncPos[1]=-77
globalTracer.syncSteerEncoders_Info: [0.303] steerEncPos[1]=-77
globalTracer.syncSteerEncoders_Info: [0.307] steerEncPos[1]=-77
globalTracer.syncSteerEncoders_Info: [0.311] steerEncPos[1]=-77
globalTracer.syncSteerEncoders_Info: [0.316] steerEncPos[1]=-77
globalTracer.syncSteerEncoders_Info: [0.321] steerEncPos[1]=-77
globalTracer.syncSteerEncoders_Info: [0.329] steerEncPos[1]=-77
globalTracer.syncSteerEncoders_Info: [0.332] steerEncPos[1]=-77
globalTracer.syncSteerEncoders_Info: [0.335] steerEncPos[1]=-77
globalTracer.syncSteerEncoders_Info: [0.340] steerEncPos[1]=-77
globalTracer.syncSteerEncoders_Info: [0.343] steerEncPos[1]=-77
globalTracer.syncSteerEncoders_Info: [0.346] steerEncPos[1]=-77
globalTracer.syncSteerEncoders_Info: [0.351] steerEncPos[1]=-77
globalTracer.syncSteerEncoders_Info: [0.358] steerEncPos[1]=-77
globalTracer.syncSteerEncoders_Info: [0.361] steerEncPos[1]=-77
globalTracer.syncSteerEncoders_Info: [0.364] steerEncPos[1]=-77
globalTracer.syncSteerEncoders_Info: [0.367] steerEncPos[1]=-77
globalTracer.syncSteerEncoders_Info: [0.369] steerEncPos[1]=-77
globalTracer.syncSteerEncoders_Info: [0.372] steerEncPos[1]=-77
globalTracer.syncSteerEncoders_Info: [0.374] steerEncPos[1]=-77
globalTracer.syncSteerEncoders_Info: [0.378] steerEncPos[1]=-77
globalTracer.syncSteerEncoders_Info: [0.380] steerEncPos[1]=-77
globalTracer.syncSteerEncoders_Info: [0.382] steerEncPos[1]=-77
globalTracer.syncSteerEncoders_Info: [0.384] steerEncPos[1]=-77
globalTracer.syncSteerEncoders_Info: [0.386] steerEncPos[1]=-77
globalTracer.syncSteerEncoders_Info: [0.390] steerEncPos[1]=-77
globalTracer.syncSteerEncoders_Info: [0.392] steerEncPos[1]=-77
globalTracer.syncSteerEncoders_Info: [0.394] steerEncPos[1]=-77
globalTracer.syncSteerEncoders_Info: [0.397] steerEncPos[1]=-77
globalTracer.syncSteerEncoders_Info: [0.403] steerEncPos[1]=-77
globalTracer.syncSteerEncoders_Info: [0.405] steerEncPos[1]=-77
globalTracer.syncSteerEncoders_Info: [0.420] steerEncPos[1]=-77
globalTracer.syncSteerEncoders_Info: [0.426] steerEncPos[1]=-77
globalTracer.syncSteerEncoders_Info: [0.429] steerEncPos[1]=-77
globalTracer.syncSteerEncoders_Info: [0.432] steerEncPos[1]=-77
globalTracer.syncSteerEncoders_Info: [0.435] steerEncPos[1]=-77
globalTracer.syncSteerEncoders_Info: [0.438] steerEncPos[1]=-77
globalTracer.syncSteerEncoders_Info: [0.441] steerEncPos[1]=-77
globalTracer.syncSteerEncoders_Info: [0.443] steerEncPos[1]=-77
globalTracer.syncSteerEncoders_Info: [0.444] steerEncPos[1]=-77
globalTracer.syncSteerEncoders_Info: [0.446] steerEncPos[1]=-77
globalTracer.syncSteerEncoders_Info: [0.448] steerEncPos[1]=-77
globalTracer.syncSteerEncoders_Info: [0.450] steerEncPos[1]=-77
globalTracer.syncSteerEncoders_Info: [0.453] steerEncPos[1]=-77
globalTracer.syncSteerEncoders_Info: [0.454] steerEncPos[1]=-77
globalTracer.syncSteerEncoders_Info: [0.458] steerEncPos[1]=-77
globalTracer.syncSteerEncoders_Info: [0.459] steerEncPos[1]=-77
globalTracer.syncSteerEncoders_Info: [0.461] steerEncPos[1]=-76
globalTracer.syncSteerEncoders_Info: [0.464] steerEncPos[1]=-76
globalTracer.syncSteerEncoders_Info: [0.466] steerEncPos[1]=-76
globalTracer.syncSteerEncoders_Info: [0.469] steerEncPos[1]=-76
globalTracer.syncSteerEncoders_Info: [0.471] steerEncPos[1]=-76
globalTracer.syncSteerEncoders_Info: [0.472] steerEncPos[1]=-76
globalTracer.syncSteerEncoders_Info: [0.474] steerEncPos[1]=-76
globalTracer.syncSteerEncoders_Info: [0.478] steerEncPos[1]=-76
globalTracer.syncSteerEncoders_Info: [0.480] steerEncPos[1]=-76
globalTracer.syncSteerEncoders_Info: [0.482] steerEncPos[1]=-76
globalTracer.syncSteerEncoders_Info: [0.485] steerEncPos[1]=-76
globalTracer.syncSteerEncoders_Info: [0.486] steerEncPos[1]=-76
globalTracer.syncSteerEncoders_Info: [0.490] steerEncPos[1]=-76
globalTracer.syncSteerEncoders_Info: [0.492] steerEncPos[1]=-76
globalTracer.syncSteerEncoders_Info: [0.494] steerEncPos[1]=-76
globalTracer.syncSteerEncoders_Info: [0.497] steerEncPos[1]=-76
globalTracer.syncSteerEncoders_Info: [0.499] steerEncPos[1]=-76
globalTracer.syncSteerEncoders_Info: [0.501] steerEncPos[1]=-76
globalTracer.syncSteerEncoders_Info: [0.503] steerEncPos[1]=-76
globalTracer.syncSteerEncoders_Info: [0.505] steerEncPos[1]=-76
globalTracer.syncSteerEncoders_Info: [0.508] steerEncPos[1]=-76
globalTracer.syncSteerEncoders_Info: [0.512] steerEncPos[1]=-76
globalTracer.syncSteerEncoders_Info: [0.514] steerEncPos[1]=-76
globalTracer.syncSteerEncoders_Info: [0.516] steerEncPos[1]=-76
globalTracer.syncSteerEncoders_Info: [0.520] steerEncPos[1]=-76
globalTracer.syncSteerEncoders_Info: [0.522] steerEncPos[1]=-76
globalTracer.syncSteerEncoders_Info: [0.524] steerEncPos[1]=-76
globalTracer.syncSteerEncoders_Info: [0.527] steerEncPos[1]=-76
globalTracer.syncSteerEncoders_Info: [0.529] steerEncPos[1]=-76
globalTracer.syncSteerEncoders_Info: [0.543] steerEncPos[1]=-76
globalTracer.syncSteerEncoders_Info: [0.545] steerEncPos[1]=-76
globalTracer.syncSteerEncoders_Info: [0.547] steerEncPos[1]=-76
globalTracer.syncSteerEncoders_Info: [0.549] steerEncPos[1]=-76
globalTracer.syncSteerEncoders_Info: [0.551] steerEncPos[1]=-76
globalTracer.syncSteerEncoders_Info: [0.554] steerEncPos[1]=-76
globalTracer.syncSteerEncoders_Info: [0.557] steerEncPos[1]=-76
globalTracer.syncSteerEncoders_Info: [0.560] steerEncPos[1]=-76
globalTracer.syncSteerEncoders_Info: [0.561] steerEncPos[1]=-76
globalTracer.syncSteerEncoders_Info: [0.563] steerEncPos[1]=-76
globalTracer.syncSteerEncoders_Info: [0.565] steerEncPos[1]=-75
globalTracer.syncSteerEncoders_Info: [0.568] syncSteerEncPos[0]=-25
globalTracer.syncSteerEncoders_Info: [0.570] syncSteerEncPos[1]=-105
globalTracer.syncSteerEncoders_Info: [0.572] syncSteerEncPos[2]=72
globalTracer.syncSteerEncoders_Info: [0.574] syncSteerEncPos[3]=-18
globalTracer.FrcAuto_Info: <Info name="MatchInfo" date="Fri Apr 07 09:24:01 PDT 2023" event="PNCMP" type="Qualification" match=29 replay=1 alliance="Red" location=1 gameMsg="" />
globalTracer.FrcAuto_Info: <Info name="AutoChoices" alliance="Red" strategy="AUTO_STARTPOS_2" startPos="MIDDLE" preloadedObj="CUBE" scoreLevel="2" scoreLocation="MIDDLE" useVision="true" scorePreload="true" doAutoBalance="true" scoreSecondPiece="false" startDelay=0 sec pathFile="DrivePath.csv" xDistance=6.0 ft yDistance=6.0 ft turnDegrees=90 deg driveTime=4 sec drivePower=4.0 />
globalTracer.startCompetition_Warn: AUTO_MODE.prePeriodicTasks took too long (0.102s/0.040s)
globalTracer.CmdAutoStartPos2_Info: [0.770] START: xDist=-0.0, tilt=0.340, enteringBalance=null, exitingBalance=null, tiltTriggered=false
globalTracer.autoAssistScoreObject_Info: TaskAutoScore: objectType=CUBE, scoreLevel=2, scoreLocation=MIDDLE, useVision=false, prepOnly=false, event=(CmdAutoStartPos2.autoAssistEvent=CLEARED)
globalTracer.acquireSubsystemsOwnership_Info: TaskAutoScore: Successfully acquired subsystem ownerships.
globalTracer.traceStateInfo_Info: <Event name="StateInfo" time="0.796" tag=">>>>>" CmdAutoStartPos2.state="START" />
globalTracer.traceStateInfo_Info: <Event name="StateInfo" time="0.821" tag=">>>>>" TaskAutoScore.state="START" />
globalTracer.startCompetition_Warn: AUTO_MODE took too long (2556153.061/0.020)
globalTracer.pidMotorTask_Info: TrcPidMotor.Elevator.pidActuator: stalled=false, expired=false, onTarget=true, event=(robot.elevatorEvent=CLEARED)
globalTracer.printPidInfo_Info: [1.722187] Elevator.pidActuator.pidCtrl: Target=  10.0, Input=   9.9, dT=0.020152, CurrErr=   0.1, ErrRate=  -0.8, Output= 0.057(-1.000/ 1.000)
globalTracer.pidMotorTask_Info: TrcPidMotor.Arm.pidActuator: stalled=false, expired=true, onTarget=false, event=(robot.armEvent=CLEARED)
globalTracer.printPidInfo_Info: [1.825587] Arm.pidActuator.pidCtrl: Target=  93.0, Input=  59.1, dT=0.018964, CurrErr=  33.9, ErrRate=-194.7, Output= 0.658(-1.000/ 1.000)
globalTracer.pidMotorTask_Info: TrcPidMotor.Wrist.pidActuator: stalled=false, expired=true, onTarget=false, event=(robot.wristEvent=CLEARED)
globalTracer.printPidInfo_Info: [2.627962] Wrist.pidActuator.pidCtrl: Target= 130.0, Input= 129.1, dT=0.020348, CurrErr=   0.9, ErrRate=  -2.0, Output= 0.024(-1.000/ 1.000)
globalTracer.performAutoAssist_Info: [2.652] AutoAssist: intake=false,intakePower=0.3,retainPower=0.0,finishDelay=0.000,event=(TaskAutoScore=SIGNALED),timeout=0.000, hasObject=true
globalTracer.traceStateInfo_Info: <Event name="StateInfo" time="2.673" tag=">>>>>" TaskAutoScore.state="SCORE_OBJECT" />
globalTracer.startCompetition_Warn: AUTO_MODE took too long (0.047/0.020)
globalTracer.finishAutoAssist_Info: [2.737] canceled=false, AutoAssistTimedOut=false, hasObject=false, finishDelay=0.000
globalTracer.intakeTriggerCallback_Info: [2.742] active=false
globalTracer.traceStateInfo_Info: <Event name="StateInfo" time="2.747" tag=">>>>>" TaskAutoScore.state="RESET" />
globalTracer.pidMotorTask_Info: TrcPidMotor.Wrist.pidActuator: stalled=false, expired=false, onTarget=true, event=(robot.wristEvent=CLEARED)
globalTracer.printPidInfo_Info: [3.715751] Wrist.pidActuator.pidCtrl: Target=   7.0, Input=   7.9, dT=0.020104, CurrErr=  -0.9, ErrRate=  -0.8, Output=-0.024(-1.000/ 1.000)
globalTracer.pidMotorTask_Info: TrcPidMotor.Elevator.pidActuator: stalled=false, expired=false, onTarget=true, event=(robot.elevatorEvent=CLEARED)
globalTracer.printPidInfo_Info: [3.860073] Elevator.pidActuator.pidCtrl: Target=   0.0, Input=   0.2, dT=0.021135, CurrErr=  -0.2, ErrRate=   0.0, Output=-0.116(-1.000/ 1.000)
globalTracer.pidMotorTask_Info: TrcPidMotor.Arm.pidActuator: stalled=false, expired=true, onTarget=false, event=(robot.armEvent=CLEARED)
globalTracer.printPidInfo_Info: [3.967177] Arm.pidActuator.pidCtrl: Target= -33.0, Input= -12.2, dT=0.022620, CurrErr= -20.8, ErrRate= 112.7, Output=-0.378(-1.000/ 1.000)
globalTracer.AutoScore Done_Info: Robot thinks it is at:(x=-108.2,y=578.7,angle=0.0)
globalTracer.stopSubsystems_Info: TaskAutoScore: Stopping subsystems.
globalTracer.releaseSubsystemsOwnership_Info: TaskAutoScore: Releasing subsystem ownership (currOwner=TaskAutoScore, robotDrive=null, elevator=TaskAutoScore, arm=TaskAutoScore, wrist=TaskAutoScore, intake=TaskAutoScore).
globalTracer.traceStateInfo_Info: <Event name="StateInfo" time="3.994" tag=">>>>>" TaskAutoScore.state="DONE" />
globalTracer.CmdAutoStartPos2_Info: [4.002] PREP_TO_BALANCE: xDist=-108.2, tilt=0.320, enteringBalance=null, exitingBalance=null, tiltTriggered=false
globalTracer.start_Info: Path=TrcPath(degrees=true, [TrcWaypoint(pose=(x=-108.2,y=578.7,angle=0.0),vel=0.00), TrcWaypoint(pose=(x=-108.2,y=542.7,angle=90.0),vel=0.00)])
globalTracer.traceStateInfo_Info: <Event name="StateInfo" time="4.057" tag=">>>>>" CmdAutoStartPos2.state="PREP_TO_BALANCE" RobotPose=(x=-108.2,y=578.7,angle=0.0) TargetPose=(x=-108.2,y=542.7,angle=90.0) vel=(x=0.0,y=0.0,angle=0.0) Path=TrcPath(degrees=true, [TrcWaypoint(pose=(x=0.0,y=0.0,angle=0.0),vel=0.00), TrcWaypoint(pose=(x=0.0,y=-36.0,angle=90.0),vel=0.00)]) />
globalTracer.startCompetition_Warn: AUTO_MODE.periodic took too long (0.071s/0.040s)
globalTracer.startCompetition_Warn: AUTO_MODE.postPeriodicTasks took too long (0.056s/0.040s)
globalTracer.startCompetition_Warn: AUTO_MODE took too long (0.139/0.020)
globalTracer.TrcPurePursuitDrive.driveTask_Info: Done [index=1/2]: stalled=false, timeout=true, posOnTarget=false, headingOnTarget=false
globalTracer.printPidInfo_Info: [5.555116] purePursuitDrive.xPosPid: Target= -92.8, Input=-107.5, dT=0.010179, CurrErr=  14.7, ErrRate=   2.4, Output= 0.240(-1.000/ 1.000)
globalTracer.printPidInfo_Info: [5.561694] purePursuitDrive.yPosPid: Target= 552.4, Input= 558.4, dT=0.010040, CurrErr=  -6.0, ErrRate=  95.2, Output= 0.671(-1.000/ 1.000)
globalTracer.printPidInfo_Info: [5.570026] purePursuitDrive.turnPid: Target=  90.0, Input=  68.5, dT=0.011378, CurrErr=  21.5, ErrRate= -34.3, Output= 0.116(-1.000/ 1.000)
globalTracer.printPidInfo_Info: [5.577729] purePursuitDrive.velPid: Target=   0.0, Input=   0.0, dT=0.000000, CurrErr=   0.0, ErrRate=   0.0, Output= 0.000(-1.000/ 1.000)
globalTracer.TrcPurePursuitDrive.driveTask_Info: Signal completion event (CmdAutoStartPos2.driveEvent=CLEARED).
globalTracer.startCompetition_Warn: AUTO_MODE took too long (0.040/0.020)
globalTracer.CmdAutoStartPos2_Info: [5.589] START_TO_CLIMB: xDist=-107.7, tilt=0.600, enteringBalance=null, exitingBalance=null, tiltTriggered=false
globalTracer.traceStateInfo_Info: <Event name="StateInfo" time="5.592" tag=">>>>>" CmdAutoStartPos2.state="START_TO_CLIMB" />
globalTracer.CmdAutoStartPos2_Info: [6.064] CLIMB: xDist=-108.6, tilt=-5.130, enteringBalance=null, exitingBalance=TILT_LEFT, tiltTriggered=true
globalTracer.traceStateInfo_Info: <Event name="StateInfo" time="6.065" tag=">>>>>" CmdAutoStartPos2.state="CLIMB" />
globalTracer.CmdAutoStartPos2_Info: [6.305] CLIMB: xDist=-109.5, tilt=-15.380, enteringBalance=null, exitingBalance=null, tiltTriggered=true
globalTracer.traceStateInfo_Info: <Event name="StateInfo" time="6.306" tag=">>>>>" CmdAutoStartPos2.state="CLIMB" />
globalTracer.CmdAutoStartPos2_Info: [6.646] CLIMB: xDist=-110.5, tilt=-14.450, enteringBalance=null, exitingBalance=null, tiltTriggered=true
globalTracer.traceStateInfo_Info: <Event name="StateInfo" time="6.658" tag=">>>>>" CmdAutoStartPos2.state="CLIMB" />
globalTracer.CmdAutoStartPos2_Info: [7.618] CLIMB: xDist=-116.9, tilt=-3.490, enteringBalance=TILT_LEFT, exitingBalance=null, tiltTriggered=true
globalTracer.traceStateInfo_Info: <Event name="StateInfo" time="7.620" tag=">>>>>" CmdAutoStartPos2.state="CLIMB" />
globalTracer.CmdAutoStartPos2_Info: [7.763] LEVEL: xDist=-117.9, tilt=7.990, enteringBalance=null, exitingBalance=TILT_RIGHT, tiltTriggered=true
globalTracer.traceStateInfo_Info: <Event name="StateInfo" time="7.773" tag=">>>>>" CmdAutoStartPos2.state="LEVEL" />
globalTracer.CmdAutoStartPos2_Info: [7.823] DESCEND: xDist=-118.3, tilt=15.430, enteringBalance=null, exitingBalance=null, tiltTriggered=true
globalTracer.traceStateInfo_Info: <Event name="StateInfo" time="7.834" tag=">>>>>" CmdAutoStartPos2.state="DESCEND" />
globalTracer.CmdAutoStartPos2_Info: [7.943] DESCEND: xDist=-119.2, tilt=14.730, enteringBalance=null, exitingBalance=null, tiltTriggered=true
globalTracer.traceStateInfo_Info: <Event name="StateInfo" time="7.955" tag=">>>>>" CmdAutoStartPos2.state="DESCEND" />
globalTracer.CmdAutoStartPos2_Info: [8.185] DESCEND: xDist=-122.4, tilt=3.680, enteringBalance=TILT_RIGHT, exitingBalance=null, tiltTriggered=true
globalTracer.traceStateInfo_Info: <Event name="StateInfo" time="8.195" tag=">>>>>" CmdAutoStartPos2.state="DESCEND" />
globalTracer.CmdAutoStartPos2_Info: [8.288] BALANCE: xDist=-123.7, tilt=-0.260, enteringBalance=TILT_RIGHT, exitingBalance=null, tiltTriggered=true
globalTracer.autoAssistBalance_Info: TaskAutoBalance: initSide=OUTSIDE, event=(CmdAutoStartPos2.autoAssistEvent=SIGNALED)
globalTracer.acquireSubsystemOwnership_Info: TaskAutoBalance: Successfully acquired subsystem ownerships.
globalTracer.traceStateInfo_Info: <Event name="StateInfo" time="8.307" tag=">>>>>" CmdAutoStartPos2.state="BALANCE" />
globalTracer.TaskAutoBalance_Info: [8.325] START: xDist=-123.7, tilt=1.100, inBalance=true, leveling=false, tiltTriggered=false
globalTracer.traceStateInfo_Info: <Event name="StateInfo" time="8.336" tag=">>>>>" TaskAutoBalance.state="START" />
globalTracer.startCompetition_Warn: AUTO_MODE took too long (0.053/0.020)
globalTracer.TaskAutoBalance_Info: [9.219] CLIMB: xDist=-125.8, tilt=5.710, inBalance=false, leveling=false, tiltTriggered=true
globalTracer.traceStateInfo_Info: <Event name="StateInfo" time="9.233" tag=">>>>>" TaskAutoBalance.state="CLIMB" />
globalTracer.TaskAutoBalance_Info: [9.483] CLIMB: xDist=-126.5, tilt=15.610, inBalance=false, leveling=false, tiltTriggered=true
globalTracer.traceStateInfo_Info: <Event name="StateInfo" time="9.495" tag=">>>>>" TaskAutoBalance.state="CLIMB" />
globalTracer.TaskAutoBalance_Info: [10.145] CLIMB: xDist=-128.5, tilt=14.600, inBalance=false, leveling=true, tiltTriggered=true
globalTracer.traceStateInfo_Info: <Event name="StateInfo" time="10.155" tag=">>>>>" TaskAutoBalance.state="CLIMB" />
globalTracer.TaskAutoBalance_Info: [10.958] SETTLE: xDist=-131.2, tilt=14.230, inBalance=false, leveling=true, tiltTriggered=true
globalTracer.traceStateInfo_Info: <Event name="StateInfo" time="10.963" tag=">>>>>" TaskAutoBalance.state="SETTLE" />
globalTracer.TaskAutoBalance_Info: [11.380] CHECK: xDist=-131.5, tilt=4.640, inBalance=true, leveling=false, tiltTriggered=true
globalTracer.traceStateInfo_Info: <Event name="StateInfo" time="11.390" tag=">>>>>" TaskAutoBalance.state="CHECK" />
globalTracer.TaskAutoBalance_Info: [12.393] CHECK: xDist=-131.5, tilt=0.430, inBalance=true, leveling=false, tiltTriggered=false
globalTracer.traceStateInfo_Info: <Event name="StateInfo" time="12.407" tag=">>>>>" TaskAutoBalance.state="CHECK" />
globalTracer.TaskAutoBalance_Info: [12.419] DONE: xDist=-131.5, tilt=0.630, inBalance=true, leveling=false, tiltTriggered=false
globalTracer.stopSubsystems_Info: TaskAutoBalance: Stopping subsystems.
globalTracer.releaseSubsystemsOwnership_Info: TaskAutoBalance: Releasing subsystem ownership (currOwner=TaskAutoBalance, robotDrive=TaskAutoBalance).
globalTracer.traceStateInfo_Info: <Event name="StateInfo" time="12.433" tag=">>>>>" TaskAutoBalance.state="DONE" />
globalTracer.CmdAutoStartPos2_Info: [12.443] DONE: xDist=-131.5, tilt=0.730, enteringBalance=TILT_RIGHT, exitingBalance=null, tiltTriggered=true
globalTracer.autoAssistCancel_Info: TaskAutoScore: Canceling auto-assist score object.
globalTracer.autoAssistCancel_Info: TaskAutoBalance: Canceling auto-assist balance.
globalTracer.traceStateInfo_Info: <Event name="StateInfo" time="12.451" tag=">>>>>" CmdAutoStartPos2.state="DONE" />
globalTracer.startCompetition_Info: *** Transitioning from AUTO_MODE to DISABLED_MODE ***
globalTracer.autoAssistCancel_Info: TaskAutoScore: Canceling auto-assist score object.
globalTracer.autoAssistCancel_Info: TaskAutoBalance: Canceling auto-assist balance.
globalTracer.robotStopMode_Info: [15.359] ***** Stop AUTO_MODE *****
globalTracer.FrcRobotBase_Info: ***** Performance Metrics *****
globalTracer.FrcRobotBase_Info: (AUTO_MODE->DISABLED_MODE) Performance Metrics: LoopCount=713
globalTracer.FrcRobotBase_Info: RobotInit=4.727590, PrevModeStopTask=0.000535, PrevStopMode=0.011557, PrevRobotStopMode=0.003796, RobotStartMode=0.610274, startMode=0.056029, startTask=0.000942
globalTracer.FrcRobotBase_Info: PrePeriodicTask(Avg/Max)=0.001472/0.101558
globalTracer.FrcRobotBase_Info: Periodic(Avg/Max)=0.002073/0.070830
globalTracer.FrcRobotBase_Info: postPeriodicTask(Avg/Max)=0.000852/0.055726
globalTracer.FrcRobotBase_Info: Updates(Avg/Max)=0.003947/0.007665
globalTracer.TaskPerformance_Info: TrcWatchdogMgr: STANDALONE_TASK=0.000197/0.997425
globalTracer.TaskPerformance_Info: LED: OUTPUT_TASK=0.000015/0.020239
globalTracer.TaskPerformance_Info: TrcMotor.odometryTask: STANDALONE_TASK=0.000050/0.000069
globalTracer.TaskPerformance_Info: lfDrive.cleanupTask: STOP_TASK=0.000303/7.683147
globalTracer.TaskPerformance_Info: lfWheel.servo.stopTask: STOP_TASK=0.002627/7.682970
globalTracer.TaskPerformance_Info: rfWheel.servo.stopTask: STOP_TASK=0.000030/7.680390
globalTracer.TaskPerformance_Info: lbWheel.servo.stopTask: STOP_TASK=0.000023/7.680383
globalTracer.TaskPerformance_Info: rbWheel.servo.stopTask: STOP_TASK=0.000022/7.680383
globalTracer.TaskPerformance_Info: TrcDriveBase.odometryTask: PRE_PERIODIC_TASK=0.001324/0.020549
globalTracer.TaskPerformance_Info: TrcDriveBase.stopTask: STOP_TASK=0.004954/7.680383
globalTracer.TaskPerformance_Info: purePursuitDrive.driveTask: POST_PERIODIC_TASK=0.004143/0.020100
globalTracer.TaskPerformance_Info: tiltTrigger.triggerTask: PRE_PERIODIC_TASK=0.000061/0.020140
globalTracer.TaskPerformance_Info: distanceTrigger.triggerTask: PRE_PERIODIC_TASK=0.000052/0.060857
globalTracer.TaskPerformance_Info: Elevator.pidActuator.pidMotorTask: OUTPUT_TASK=0.000685/0.022019
globalTracer.TaskPerformance_Info: Arm.pidActuator.pidMotorTask: OUTPUT_TASK=0.000506/0.022028
globalTracer.TaskPerformance_Info: Wrist.pidActuator.pidMotorTask: OUTPUT_TASK=0.000748/0.027449
globalTracer.TaskPerformance_Info: Intake.trigger.triggerTask: PRE_PERIODIC_TASK=0.000092/0.016951
globalTracer.TaskPerformance_Info: TaskAutoScore: POST_PERIODIC_TASK=0.000524/0.020657
globalTracer.TaskPerformance_Info: TaskAutoBalance: POST_PERIODIC_TASK=0.000682/0.020073
