globalTracer.robotStartMode_Info: Fri Apr 07 16:32:32 PDT 2023: [0.019] ***** Start TELEOP_MODE *****
globalTracer.startCompetition_Warn: TELEOP_MODE.periodic took too long (0.042s/0.040s)
globalTracer.startCompetition_Warn: TELEOP_MODE took too long (0.141/0.020)
globalTracer.operatorStickButtonEvent_Info: >>>>> button=4, pressed=true
globalTracer.setPosition_Info: Elevator.pidActuator: Acquired ownership on behalf of the FrcTeleOp.
globalTracer.setPosition_Info: Arm.pidActuator: Acquired ownership on behalf of the FrcTeleOp.
globalTracer.setPosition_Info: Wrist.pidActuator: Acquired ownership on behalf of the FrcTeleOp.
globalTracer.operatorStickButtonEvent_Info: >>>>> button=4, pressed=false
globalTracer.pidMotorTask_Info: TrcPidMotor.Elevator.pidActuator: stalled=false, expired=false, onTarget=true, event=(Elevator.pidActuator.releaseOwnership=CLEARED)
globalTracer.printPidInfo_Info: [1.003847] Elevator.pidActuator.pidCtrl: Target=   0.0, Input=   0.0, dT=0.020404, CurrErr=  -0.0, ErrRate=   0.2, Output=-0.015(-1.000/ 1.000)
globalTracer.releaseOwnership_Info: Elevator.pidActuator: Released ownership on behalf of the FrcTeleOp.
globalTracer.driverControllerButtonEvent_Info: >>>>> button=1, pressed=true
globalTracer.driverControllerButtonEvent_Info: >>>>> button=1, pressed=false
globalTracer.operatorStickButtonEvent_Info: >>>>> button=1, pressed=true
globalTracer.performAutoAssist_Info: [2.377] AutoAssist: intake=true,intakePower=-0.8,retainPower=-0.1,finishDelay=0.750,event=null,timeout=0.000, hasObject=false
globalTracer.operatorStickButtonEvent_Info: >>>>> button=1, pressed=false
globalTracer.pidMotorTask_Info: TrcPidMotor.Arm.pidActuator: stalled=false, expired=false, onTarget=true, event=(Arm.pidActuator.releaseOwnership=CLEARED)
globalTracer.printPidInfo_Info: [3.066728] Arm.pidActuator.pidCtrl: Target= -12.6, Input= -11.9, dT=0.021144, CurrErr=  -0.7, ErrRate= -58.2, Output=-0.027(-1.000/ 1.000)
globalTracer.releaseOwnership_Info: Arm.pidActuator: Released ownership on behalf of the FrcTeleOp.
globalTracer.buttonPanelButtonEvent_Info: >>>>> button=4, pressed=true
globalTracer.setPosition_Info: Elevator.pidActuator: Acquired ownership on behalf of the FrcTeleOp.
globalTracer.setPosition_Info: Arm.pidActuator: Acquired ownership on behalf of the FrcTeleOp.
globalTracer.buttonPanelButtonEvent_Info: >>>>> button=4, pressed=false
globalTracer.pidMotorTask_Info: TrcPidMotor.Elevator.pidActuator: stalled=false, expired=false, onTarget=true, event=(Elevator.pidActuator.releaseOwnership=CLEARED)
globalTracer.printPidInfo_Info: [4.211879] Elevator.pidActuator.pidCtrl: Target=   6.5, Input=   6.4, dT=0.020604, CurrErr=   0.1, ErrRate=  -0.9, Output= 0.060(-1.000/ 1.000)
globalTracer.releaseOwnership_Info: Elevator.pidActuator: Released ownership on behalf of the FrcTeleOp.
globalTracer.operatorStickButtonEvent_Info: >>>>> button=1, pressed=true
globalTracer.finishAutoAssist_Info: [4.975] canceled=true, AutoAssistTimedOut=false, hasObject=false, finishDelay=0.750
globalTracer.operatorStickButtonEvent_Info: >>>>> button=1, pressed=false
globalTracer.pidMotorTask_Info: TrcPidMotor.Arm.pidActuator: stalled=false, expired=false, onTarget=true, event=(Arm.pidActuator.releaseOwnership=CLEARED)
globalTracer.printPidInfo_Info: [5.620036] Arm.pidActuator.pidCtrl: Target= -33.0, Input= -32.0, dT=0.020576, CurrErr=  -1.0, ErrRate= -12.8, Output=-0.055(-1.000/ 1.000)
globalTracer.releaseOwnership_Info: Arm.pidActuator: Released ownership on behalf of the FrcTeleOp.
globalTracer.operatorStickButtonEvent_Info: >>>>> button=1, pressed=true
globalTracer.performAutoAssist_Info: [5.883] AutoAssist: intake=true,intakePower=0.8,retainPower=0.1,finishDelay=0.750,event=null,timeout=0.000, hasObject=false
globalTracer.operatorStickButtonEvent_Info: >>>>> button=10, pressed=true
globalTracer.syncEncoder_Info: [7.714] syncEncoder(Before/After)=8538/9821
globalTracer.operatorStickButtonEvent_Info: >>>>> button=10, pressed=false
globalTracer.finishAutoAssist_Info: [8.347] canceled=false, AutoAssistTimedOut=false, hasObject=true, finishDelay=0.750
globalTracer.intakeTriggerCallback_Info: [8.349] active=true
globalTracer.operatorStickButtonEvent_Info: >>>>> button=1, pressed=false
globalTracer.operatorStickButtonEvent_Info: >>>>> button=2, pressed=true
globalTracer.setPosition_Info: Elevator.pidActuator: Acquired ownership on behalf of the FrcTeleOp.
globalTracer.setPosition_Info: Arm.pidActuator: Acquired ownership on behalf of the FrcTeleOp.
globalTracer.startCompetition_Warn: TELEOP_MODE took too long (0.049/0.020)
globalTracer.operatorStickButtonEvent_Info: >>>>> button=2, pressed=false
globalTracer.pidMotorTask_Info: TrcPidMotor.Elevator.pidActuator: stalled=false, expired=false, onTarget=true, event=(Elevator.pidActuator.releaseOwnership=CLEARED)
globalTracer.printPidInfo_Info: [19.847071] Elevator.pidActuator.pidCtrl: Target=  22.0, Input=  21.9, dT=0.019856, CurrErr=   0.1, ErrRate=  -0.6, Output= 0.067(-1.000/ 1.000)
globalTracer.releaseOwnership_Info: Elevator.pidActuator: Released ownership on behalf of the FrcTeleOp.
globalTracer.pidMotorTask_Info: TrcPidMotor.Arm.pidActuator: stalled=false, expired=false, onTarget=true, event=(Arm.pidActuator.releaseOwnership=CLEARED)
globalTracer.printPidInfo_Info: [20.573663] Arm.pidActuator.pidCtrl: Target=  93.0, Input=  92.0, dT=0.020648, CurrErr=   1.0, ErrRate=   0.0, Output= 0.103(-1.000/ 1.000)
globalTracer.releaseOwnership_Info: Arm.pidActuator: Released ownership on behalf of the FrcTeleOp.
globalTracer.operatorStickButtonEvent_Info: >>>>> button=3, pressed=true
globalTracer.operatorStickButtonEvent_Info: >>>>> button=1, pressed=true
globalTracer.operatorStickButtonEvent_Info: >>>>> button=1, pressed=false
globalTracer.operatorStickButtonEvent_Info: >>>>> button=3, pressed=false
globalTracer.operatorStickButtonEvent_Info: >>>>> button=4, pressed=true
globalTracer.setPosition_Info: Elevator.pidActuator: Acquired ownership on behalf of the FrcTeleOp.
globalTracer.setPosition_Info: Arm.pidActuator: Acquired ownership on behalf of the FrcTeleOp.
globalTracer.operatorStickButtonEvent_Info: >>>>> button=4, pressed=false
globalTracer.driverControllerButtonEvent_Info: >>>>> button=2, pressed=true
globalTracer.driverControllerButtonEvent_Info: >>>>> button=2, pressed=false
globalTracer.operatorStickButtonEvent_Info: >>>>> button=4, pressed=true
globalTracer.operatorStickButtonEvent_Info: >>>>> button=4, pressed=false
globalTracer.operatorStickButtonEvent_Info: >>>>> button=1, pressed=true
globalTracer.performAutoAssist_Info: [26.188] AutoAssist: intake=true,intakePower=-0.8,retainPower=-0.1,finishDelay=0.750,event=null,timeout=0.000, hasObject=false
globalTracer.finishAutoAssist_Info: [27.672] canceled=false, AutoAssistTimedOut=false, hasObject=true, finishDelay=0.750
globalTracer.intakeTriggerCallback_Info: [27.674] active=true
globalTracer.operatorStickButtonEvent_Info: >>>>> button=1, pressed=false
globalTracer.operatorStickButtonEvent_Info: >>>>> button=1, pressed=true
globalTracer.performAutoAssist_Info: [29.247] AutoAssist: intake=true,intakePower=-0.8,retainPower=-0.1,finishDelay=0.750,event=null,timeout=0.000, hasObject=false
globalTracer.finishAutoAssist_Info: [31.033] canceled=false, AutoAssistTimedOut=false, hasObject=true, finishDelay=0.750
globalTracer.intakeTriggerCallback_Info: [31.035] active=true
globalTracer.operatorStickButtonEvent_Info: >>>>> button=1, pressed=false
globalTracer.operatorStickButtonEvent_Info: >>>>> button=1, pressed=true
globalTracer.operatorStickButtonEvent_Info: >>>>> button=1, pressed=false
globalTracer.operatorStickButtonEvent_Info: >>>>> button=1, pressed=true
globalTracer.operatorStickButtonEvent_Info: >>>>> button=1, pressed=false
globalTracer.operatorStickButtonEvent_Info: >>>>> button=1, pressed=true
globalTracer.operatorStickButtonEvent_Info: >>>>> button=1, pressed=false
globalTracer.operatorStickButtonEvent_Info: >>>>> button=1, pressed=true
globalTracer.operatorStickButtonEvent_Info: >>>>> button=1, pressed=false
globalTracer.operatorStickButtonEvent_Info: >>>>> button=2, pressed=true
globalTracer.operatorStickButtonEvent_Info: >>>>> button=2, pressed=false
globalTracer.buttonPanelButtonEvent_Info: >>>>> button=7, pressed=true
globalTracer.buttonPanelButtonEvent_Info: >>>>> button=7, pressed=false
globalTracer.operatorStickButtonEvent_Info: >>>>> button=2, pressed=true
globalTracer.operatorStickButtonEvent_Info: >>>>> button=2, pressed=false
globalTracer.operatorStickButtonEvent_Info: >>>>> button=3, pressed=true
globalTracer.operatorStickButtonEvent_Info: >>>>> button=1, pressed=true
globalTracer.operatorStickButtonEvent_Info: >>>>> button=3, pressed=false
globalTracer.operatorStickButtonEvent_Info: >>>>> button=1, pressed=false
globalTracer.driverControllerButtonEvent_Info: >>>>> button=2, pressed=true
globalTracer.driverControllerButtonEvent_Info: >>>>> button=2, pressed=false
globalTracer.operatorStickButtonEvent_Info: >>>>> button=4, pressed=true
globalTracer.operatorStickButtonEvent_Info: >>>>> button=4, pressed=false
globalTracer.operatorStickButtonEvent_Info: >>>>> button=4, pressed=true
globalTracer.operatorStickButtonEvent_Info: >>>>> button=4, pressed=false
globalTracer.operatorStickButtonEvent_Info: >>>>> button=1, pressed=true
globalTracer.performAutoAssist_Info: [38.925] AutoAssist: intake=true,intakePower=-0.8,retainPower=-0.1,finishDelay=0.750,event=null,timeout=0.000, hasObject=false
globalTracer.finishAutoAssist_Info: [40.998] canceled=false, AutoAssistTimedOut=false, hasObject=true, finishDelay=0.750
globalTracer.intakeTriggerCallback_Info: [41.000] active=true
globalTracer.operatorStickButtonEvent_Info: >>>>> button=1, pressed=false
globalTracer.operatorStickButtonEvent_Info: >>>>> button=1, pressed=true
globalTracer.operatorStickButtonEvent_Info: >>>>> button=1, pressed=false
globalTracer.operatorStickButtonEvent_Info: >>>>> button=1, pressed=true
globalTracer.operatorStickButtonEvent_Info: >>>>> button=1, pressed=false
globalTracer.operatorStickButtonEvent_Info: >>>>> button=2, pressed=true
globalTracer.operatorStickButtonEvent_Info: >>>>> button=2, pressed=false
globalTracer.operatorStickButtonEvent_Info: >>>>> button=3, pressed=true
globalTracer.operatorStickButtonEvent_Info: >>>>> button=1, pressed=true
globalTracer.operatorStickButtonEvent_Info: >>>>> button=1, pressed=false
globalTracer.operatorStickButtonEvent_Info: >>>>> button=3, pressed=false
globalTracer.driverControllerButtonEvent_Info: >>>>> button=2, pressed=true
globalTracer.driverControllerButtonEvent_Info: >>>>> button=2, pressed=false
globalTracer.operatorStickButtonEvent_Info: >>>>> button=4, pressed=true
globalTracer.operatorStickButtonEvent_Info: >>>>> button=4, pressed=false
globalTracer.buttonPanelButtonEvent_Info: >>>>> button=4, pressed=true
globalTracer.buttonPanelButtonEvent_Info: >>>>> button=4, pressed=false
globalTracer.operatorStickButtonEvent_Info: >>>>> button=1, pressed=true
globalTracer.performAutoAssist_Info: [49.494] AutoAssist: intake=true,intakePower=0.8,retainPower=0.1,finishDelay=0.750,event=null,timeout=0.000, hasObject=false
globalTracer.finishAutoAssist_Info: [52.125] canceled=false, AutoAssistTimedOut=false, hasObject=true, finishDelay=0.750
globalTracer.intakeTriggerCallback_Info: [52.127] active=true
globalTracer.operatorStickButtonEvent_Info: >>>>> button=1, pressed=false
globalTracer.operatorStickButtonEvent_Info: >>>>> button=2, pressed=true
globalTracer.operatorStickButtonEvent_Info: >>>>> button=2, pressed=false
globalTracer.operatorStickButtonEvent_Info: >>>>> button=3, pressed=true
globalTracer.operatorStickButtonEvent_Info: >>>>> button=3, pressed=false
globalTracer.operatorStickButtonEvent_Info: >>>>> button=3, pressed=true
globalTracer.operatorStickButtonEvent_Info: >>>>> button=1, pressed=true
globalTracer.operatorStickButtonEvent_Info: >>>>> button=1, pressed=false
globalTracer.operatorStickButtonEvent_Info: >>>>> button=3, pressed=false
globalTracer.driverControllerButtonEvent_Info: >>>>> button=2, pressed=true
globalTracer.driverControllerButtonEvent_Info: >>>>> button=2, pressed=false
globalTracer.operatorStickButtonEvent_Info: >>>>> button=4, pressed=true
globalTracer.operatorStickButtonEvent_Info: >>>>> button=4, pressed=false
globalTracer.buttonPanelButtonEvent_Info: >>>>> button=4, pressed=true
globalTracer.buttonPanelButtonEvent_Info: >>>>> button=4, pressed=false
globalTracer.operatorStickButtonEvent_Info: >>>>> button=1, pressed=true
globalTracer.performAutoAssist_Info: [68.023] AutoAssist: intake=true,intakePower=0.8,retainPower=0.1,finishDelay=0.750,event=null,timeout=0.000, hasObject=false
globalTracer.operatorStickButtonEvent_Info: >>>>> button=1, pressed=false
globalTracer.operatorStickButtonEvent_Info: >>>>> button=1, pressed=true
globalTracer.finishAutoAssist_Info: [70.151] canceled=true, AutoAssistTimedOut=false, hasObject=false, finishDelay=0.750
globalTracer.operatorStickButtonEvent_Info: >>>>> button=1, pressed=false
globalTracer.operatorStickButtonEvent_Info: >>>>> button=1, pressed=true
globalTracer.performAutoAssist_Info: [71.093] AutoAssist: intake=true,intakePower=0.8,retainPower=0.1,finishDelay=0.750,event=null,timeout=0.000, hasObject=false
globalTracer.finishAutoAssist_Info: [72.508] canceled=false, AutoAssistTimedOut=false, hasObject=true, finishDelay=0.750
globalTracer.intakeTriggerCallback_Info: [72.515] active=true
globalTracer.operatorStickButtonEvent_Info: >>>>> button=1, pressed=false
globalTracer.operatorStickButtonEvent_Info: >>>>> button=1, pressed=true
globalTracer.operatorStickButtonEvent_Info: >>>>> button=1, pressed=false
globalTracer.operatorStickButtonEvent_Info: >>>>> button=1, pressed=true
globalTracer.operatorStickButtonEvent_Info: >>>>> button=1, pressed=false
globalTracer.operatorStickButtonEvent_Info: >>>>> button=1, pressed=true
globalTracer.operatorStickButtonEvent_Info: >>>>> button=1, pressed=false
globalTracer.operatorStickButtonEvent_Info: >>>>> button=1, pressed=true
globalTracer.operatorStickButtonEvent_Info: >>>>> button=1, pressed=false
globalTracer.operatorStickButtonEvent_Info: >>>>> button=2, pressed=true
globalTracer.operatorStickButtonEvent_Info: >>>>> button=2, pressed=false
globalTracer.operatorStickButtonEvent_Info: >>>>> button=3, pressed=true
globalTracer.operatorStickButtonEvent_Info: >>>>> button=1, pressed=true
globalTracer.operatorStickButtonEvent_Info: >>>>> button=1, pressed=false
globalTracer.operatorStickButtonEvent_Info: >>>>> button=3, pressed=false
globalTracer.driverControllerButtonEvent_Info: >>>>> button=2, pressed=true
globalTracer.driverControllerButtonEvent_Info: >>>>> button=2, pressed=false
globalTracer.buttonPanelButtonEvent_Info: >>>>> button=4, pressed=true
globalTracer.buttonPanelButtonEvent_Info: >>>>> button=4, pressed=false
globalTracer.operatorStickButtonEvent_Info: >>>>> button=1, pressed=true
globalTracer.performAutoAssist_Info: [89.652] AutoAssist: intake=true,intakePower=0.8,retainPower=0.1,finishDelay=0.750,event=null,timeout=0.000, hasObject=false
globalTracer.finishAutoAssist_Info: [92.699] canceled=false, AutoAssistTimedOut=false, hasObject=true, finishDelay=0.750
globalTracer.intakeTriggerCallback_Info: [92.705] active=true
globalTracer.operatorStickButtonEvent_Info: >>>>> button=1, pressed=false
