globalTracer.robotStartMode_Info: Fri Apr 07 11:13:06 PDT 2023: [0.012] ***** Start TELEOP_MODE *****
globalTracer.startCompetition_Warn: TELEOP_MODE took too long (0.108/0.020)
globalTracer.operatorStickButtonEvent_Info: >>>>> button=4, pressed=true
globalTracer.setPosition_Info: Elevator.pidActuator: Acquired ownership on behalf of the FrcTeleOp.
globalTracer.setPosition_Info: Arm.pidActuator: Acquired ownership on behalf of the FrcTeleOp.
globalTracer.setPosition_Info: Wrist.pidActuator: Acquired ownership on behalf of the FrcTeleOp.
globalTracer.startCompetition_Warn: TELEOP_MODE took too long (0.043/0.020)
globalTracer.operatorStickButtonEvent_Info: >>>>> button=4, pressed=false
globalTracer.pidMotorTask_Info: TrcPidMotor.Elevator.pidActuator: stalled=false, expired=false, onTarget=true, event=(Elevator.pidActuator.releaseOwnership=CLEARED)
globalTracer.printPidInfo_Info: [0.521037] Elevator.pidActuator.pidCtrl: Target=   0.0, Input=   0.1, dT=0.020179, CurrErr=  -0.1, ErrRate=   0.0, Output=-0.029(-1.000/ 1.000)
globalTracer.releaseOwnership_Info: Elevator.pidActuator: Released ownership on behalf of the FrcTeleOp.
globalTracer.operatorStickButtonEvent_Info: >>>>> button=1, pressed=true
globalTracer.performAutoAssist_Info: [1.026] AutoAssist: intake=true,intakePower=-0.8,retainPower=-0.1,finishDelay=0.750,event=null,timeout=0.000, hasObject=false
globalTracer.finishAutoAssist_Info: [2.507] canceled=false, AutoAssistTimedOut=false, hasObject=true, finishDelay=0.750
globalTracer.intakeTriggerCallback_Info: [2.513] active=true
globalTracer.operatorStickButtonEvent_Info: >>>>> button=1, pressed=false
globalTracer.buttonPanelButtonEvent_Info: >>>>> button=8, pressed=true
globalTracer.setPosition_Info: Elevator.pidActuator: Acquired ownership on behalf of the FrcTeleOp.
globalTracer.buttonPanelButtonEvent_Info: >>>>> button=8, pressed=false
globalTracer.pidMotorTask_Info: TrcPidMotor.Elevator.pidActuator: stalled=false, expired=false, onTarget=true, event=(Elevator.pidActuator.releaseOwnership=CLEARED)
globalTracer.printPidInfo_Info: [4.064519] Elevator.pidActuator.pidCtrl: Target=   0.0, Input=   0.0, dT=0.020126, CurrErr=  -0.0, ErrRate=  -0.2, Output=-0.011(-1.000/ 1.000)
globalTracer.releaseOwnership_Info: Elevator.pidActuator: Released ownership on behalf of the FrcTeleOp.
globalTracer.buttonPanelButtonEvent_Info: >>>>> button=6, pressed=true
globalTracer.buttonPanelButtonEvent_Info: >>>>> button=6, pressed=false
globalTracer.operatorStickButtonEvent_Info: >>>>> button=2, pressed=true
globalTracer.setPosition_Info: Elevator.pidActuator: Acquired ownership on behalf of the FrcTeleOp.
globalTracer.operatorStickButtonEvent_Info: >>>>> button=2, pressed=false
globalTracer.pidMotorTask_Info: TrcPidMotor.Elevator.pidActuator: stalled=false, expired=false, onTarget=true, event=(Elevator.pidActuator.releaseOwnership=CLEARED)
globalTracer.printPidInfo_Info: [6.915182] Elevator.pidActuator.pidCtrl: Target=  10.0, Input=   9.9, dT=0.020699, CurrErr=   0.1, ErrRate=  -0.9, Output= 0.057(-1.000/ 1.000)
globalTracer.releaseOwnership_Info: Elevator.pidActuator: Released ownership on behalf of the FrcTeleOp.
globalTracer.operatorStickButtonEvent_Info: >>>>> button=3, pressed=true
globalTracer.operatorStickButtonEvent_Info: >>>>> button=1, pressed=true
globalTracer.operatorStickButtonEvent_Info: >>>>> button=1, pressed=false
globalTracer.operatorStickButtonEvent_Info: >>>>> button=3, pressed=false
globalTracer.driverControllerButtonEvent_Info: >>>>> button=2, pressed=true
globalTracer.setPosition_Info: Elevator.pidActuator: Acquired ownership on behalf of the FrcTeleOp.
globalTracer.driverControllerButtonEvent_Info: >>>>> button=2, pressed=false
globalTracer.pidMotorTask_Info: TrcPidMotor.Elevator.pidActuator: stalled=false, expired=true, onTarget=false, event=(Elevator.pidActuator.releaseOwnership=CLEARED)
globalTracer.printPidInfo_Info: [11.200594] Elevator.pidActuator.pidCtrl: Target=   0.0, Input=   0.3, dT=0.020221, CurrErr=  -0.3, ErrRate=   0.0, Output=-0.141(-1.000/ 1.000)
globalTracer.releaseOwnership_Info: Elevator.pidActuator: Released ownership on behalf of the FrcTeleOp.
globalTracer.buttonPanelButtonEvent_Info: >>>>> button=4, pressed=true
globalTracer.setPosition_Info: Elevator.pidActuator: Acquired ownership on behalf of the FrcTeleOp.
globalTracer.buttonPanelButtonEvent_Info: >>>>> button=4, pressed=false
globalTracer.pidMotorTask_Info: TrcPidMotor.Elevator.pidActuator: stalled=false, expired=false, onTarget=true, event=(Elevator.pidActuator.releaseOwnership=CLEARED)
globalTracer.printPidInfo_Info: [11.842944] Elevator.pidActuator.pidCtrl: Target=   6.5, Input=   6.4, dT=0.020908, CurrErr=   0.1, ErrRate=  -0.9, Output= 0.054(-1.000/ 1.000)
globalTracer.releaseOwnership_Info: Elevator.pidActuator: Released ownership on behalf of the FrcTeleOp.
globalTracer.operatorStickButtonEvent_Info: >>>>> button=1, pressed=true
globalTracer.performAutoAssist_Info: [13.771] AutoAssist: intake=true,intakePower=0.8,retainPower=0.1,finishDelay=0.750,event=null,timeout=0.000, hasObject=false
globalTracer.finishAutoAssist_Info: [16.981] canceled=false, AutoAssistTimedOut=false, hasObject=true, finishDelay=0.750
globalTracer.intakeTriggerCallback_Info: [16.991] active=true
globalTracer.operatorStickButtonEvent_Info: >>>>> button=1, pressed=false
globalTracer.operatorStickButtonEvent_Info: >>>>> button=2, pressed=true
globalTracer.setPosition_Info: Elevator.pidActuator: Acquired ownership on behalf of the FrcTeleOp.
globalTracer.operatorStickButtonEvent_Info: >>>>> button=2, pressed=false
globalTracer.pidMotorTask_Info: TrcPidMotor.Elevator.pidActuator: stalled=false, expired=false, onTarget=true, event=(Elevator.pidActuator.releaseOwnership=CLEARED)
globalTracer.printPidInfo_Info: [22.482394] Elevator.pidActuator.pidCtrl: Target=  22.0, Input=  21.9, dT=0.020318, CurrErr=   0.1, ErrRate=  -0.6, Output= 0.063(-1.000/ 1.000)
globalTracer.releaseOwnership_Info: Elevator.pidActuator: Released ownership on behalf of the FrcTeleOp.
globalTracer.driverControllerButtonEvent_Info: >>>>> button=6, pressed=true
globalTracer.operatorStickButtonEvent_Info: >>>>> button=3, pressed=true
globalTracer.operatorStickButtonEvent_Info: >>>>> button=1, pressed=true
globalTracer.driverControllerButtonEvent_Info: >>>>> button=6, pressed=false
globalTracer.operatorStickButtonEvent_Info: >>>>> button=1, pressed=false
globalTracer.operatorStickButtonEvent_Info: >>>>> button=3, pressed=false
globalTracer.driverControllerButtonEvent_Info: >>>>> button=2, pressed=true
globalTracer.setPosition_Info: Elevator.pidActuator: Acquired ownership on behalf of the FrcTeleOp.
globalTracer.driverControllerButtonEvent_Info: >>>>> button=2, pressed=false
globalTracer.pidMotorTask_Info: TrcPidMotor.Elevator.pidActuator: stalled=false, expired=true, onTarget=false, event=(Elevator.pidActuator.releaseOwnership=CLEARED)
globalTracer.printPidInfo_Info: [29.786870] Elevator.pidActuator.pidCtrl: Target=   0.0, Input=   8.4, dT=0.020693, CurrErr=  -8.4, ErrRate=  25.0, Output=-1.000(-1.000/ 1.000)
globalTracer.releaseOwnership_Info: Elevator.pidActuator: Released ownership on behalf of the FrcTeleOp.
globalTracer.buttonPanelButtonEvent_Info: >>>>> button=5, pressed=true
globalTracer.autoAssistCancel_Info: TaskAutoPickup: Canceling auto-assist pickup.
globalTracer.autoAssistCancel_Info: TaskAutoScore: Canceling auto-assist score object.
globalTracer.autoAssistCancel_Info: TaskAutoBalance: Canceling auto-assist balance.
globalTracer.buttonPanelButtonEvent_Info: >>>>> button=5, pressed=false
globalTracer.operatorStickButtonEvent_Info: >>>>> button=3, pressed=true
globalTracer.operatorStickButtonEvent_Info: >>>>> button=1, pressed=true
globalTracer.operatorStickButtonEvent_Info: >>>>> button=1, pressed=false
globalTracer.operatorStickButtonEvent_Info: >>>>> button=3, pressed=false
globalTracer.buttonPanelButtonEvent_Info: >>>>> button=1, pressed=true
globalTracer.buttonPanelButtonEvent_Info: >>>>> button=1, pressed=false
globalTracer.driverControllerButtonEvent_Info: >>>>> button=2, pressed=true
globalTracer.setPosition_Info: Elevator.pidActuator: Acquired ownership on behalf of the FrcTeleOp.
globalTracer.setPosition_Info: Arm.pidActuator: Acquired ownership on behalf of the FrcTeleOp.
globalTracer.setPosition_Info: Wrist.pidActuator: Acquired ownership on behalf of the FrcTeleOp.
globalTracer.driverControllerButtonEvent_Info: >>>>> button=2, pressed=false
globalTracer.buttonPanelButtonEvent_Info: >>>>> button=4, pressed=true
globalTracer.buttonPanelButtonEvent_Info: >>>>> button=4, pressed=false
globalTracer.buttonPanelButtonEvent_Info: >>>>> button=4, pressed=true
globalTracer.buttonPanelButtonEvent_Info: >>>>> button=4, pressed=false
globalTracer.operatorStickButtonEvent_Info: >>>>> button=10, pressed=true
globalTracer.syncEncoder_Info: [39.582] syncEncoder(Before/After)=8367/38981
globalTracer.operatorStickButtonEvent_Info: >>>>> button=10, pressed=false
globalTracer.buttonPanelButtonEvent_Info: >>>>> button=4, pressed=true
globalTracer.buttonPanelButtonEvent_Info: >>>>> button=4, pressed=false
globalTracer.operatorStickButtonEvent_Info: >>>>> button=1, pressed=true
globalTracer.performAutoAssist_Info: [43.778] AutoAssist: intake=true,intakePower=0.8,retainPower=0.1,finishDelay=0.750,event=null,timeout=0.000, hasObject=false
globalTracer.finishAutoAssist_Info: [47.936] canceled=false, AutoAssistTimedOut=false, hasObject=true, finishDelay=0.750
globalTracer.intakeTriggerCallback_Info: [47.941] active=true
globalTracer.operatorStickButtonEvent_Info: >>>>> button=1, pressed=false
globalTracer.operatorStickButtonEvent_Info: >>>>> button=1, pressed=true
globalTracer.operatorStickButtonEvent_Info: >>>>> button=1, pressed=false
globalTracer.operatorStickButtonEvent_Info: >>>>> button=1, pressed=true
globalTracer.operatorStickButtonEvent_Info: >>>>> button=1, pressed=false
globalTracer.operatorStickButtonEvent_Info: >>>>> button=2, pressed=true
globalTracer.operatorStickButtonEvent_Info: >>>>> button=2, pressed=false
globalTracer.operatorStickButtonEvent_Info: >>>>> button=3, pressed=true
globalTracer.operatorStickButtonEvent_Info: >>>>> button=1, pressed=true
globalTracer.operatorStickButtonEvent_Info: >>>>> button=1, pressed=false
globalTracer.operatorStickButtonEvent_Info: >>>>> button=3, pressed=false
globalTracer.driverControllerButtonEvent_Info: >>>>> button=2, pressed=true
globalTracer.driverControllerButtonEvent_Info: >>>>> button=2, pressed=false
globalTracer.buttonPanelButtonEvent_Info: >>>>> button=4, pressed=true
globalTracer.buttonPanelButtonEvent_Info: >>>>> button=4, pressed=false
globalTracer.operatorStickButtonEvent_Info: >>>>> button=1, pressed=true
globalTracer.performAutoAssist_Info: [71.783] AutoAssist: intake=true,intakePower=0.8,retainPower=0.1,finishDelay=0.750,event=null,timeout=0.000, hasObject=false
globalTracer.finishAutoAssist_Info: [75.961] canceled=false, AutoAssistTimedOut=false, hasObject=true, finishDelay=0.750
globalTracer.intakeTriggerCallback_Info: [75.967] active=true
globalTracer.operatorStickButtonEvent_Info: >>>>> button=1, pressed=false
globalTracer.operatorStickButtonEvent_Info: >>>>> button=2, pressed=true
globalTracer.operatorStickButtonEvent_Info: >>>>> button=2, pressed=false
globalTracer.driverControllerButtonEvent_Info: >>>>> button=6, pressed=true
globalTracer.operatorStickButtonEvent_Info: >>>>> button=3, pressed=true
globalTracer.operatorStickButtonEvent_Info: >>>>> button=1, pressed=true
globalTracer.operatorStickButtonEvent_Info: >>>>> button=1, pressed=false
globalTracer.operatorStickButtonEvent_Info: >>>>> button=3, pressed=false
globalTracer.driverControllerButtonEvent_Info: >>>>> button=6, pressed=false
globalTracer.driverControllerButtonEvent_Info: >>>>> button=2, pressed=true
globalTracer.driverControllerButtonEvent_Info: >>>>> button=2, pressed=false
globalTracer.buttonPanelButtonEvent_Info: >>>>> button=4, pressed=true
globalTracer.buttonPanelButtonEvent_Info: >>>>> button=4, pressed=false
globalTracer.operatorStickButtonEvent_Info: >>>>> button=5, pressed=true
globalTracer.operatorStickButtonEvent_Info: >>>>> button=5, pressed=false
globalTracer.operatorStickButtonEvent_Info: >>>>> button=1, pressed=true
globalTracer.performAutoAssist_Info: [93.543] AutoAssist: intake=true,intakePower=0.8,retainPower=0.1,finishDelay=0.750,event=null,timeout=0.000, hasObject=false
globalTracer.finishAutoAssist_Info: [94.254] canceled=false, AutoAssistTimedOut=false, hasObject=true, finishDelay=0.750
globalTracer.intakeTriggerCallback_Info: [94.261] active=true
globalTracer.operatorStickButtonEvent_Info: >>>>> button=1, pressed=false
globalTracer.buttonPanelButtonEvent_Info: >>>>> button=4, pressed=true
globalTracer.buttonPanelButtonEvent_Info: >>>>> button=4, pressed=false
globalTracer.operatorStickButtonEvent_Info: >>>>> button=1, pressed=true
globalTracer.performAutoAssist_Info: [96.435] AutoAssist: intake=true,intakePower=0.8,retainPower=0.1,finishDelay=0.750,event=null,timeout=0.000, hasObject=false
globalTracer.startCompetition_Warn: TELEOP_MODE took too long (0.040/0.020)
globalTracer.finishAutoAssist_Info: [99.186] canceled=false, AutoAssistTimedOut=false, hasObject=true, finishDelay=0.750
globalTracer.intakeTriggerCallback_Info: [99.188] active=true
globalTracer.operatorStickButtonEvent_Info: >>>>> button=1, pressed=false
globalTracer.buttonPanelButtonEvent_Info: >>>>> button=7, pressed=true
globalTracer.buttonPanelButtonEvent_Info: >>>>> button=7, pressed=false
globalTracer.operatorStickButtonEvent_Info: >>>>> button=2, pressed=true
globalTracer.operatorStickButtonEvent_Info: >>>>> button=2, pressed=false
globalTracer.operatorStickButtonEvent_Info: >>>>> button=3, pressed=true
globalTracer.operatorStickButtonEvent_Info: >>>>> button=1, pressed=true
globalTracer.operatorStickButtonEvent_Info: >>>>> button=1, pressed=false
globalTracer.operatorStickButtonEvent_Info: >>>>> button=3, pressed=false
globalTracer.driverControllerButtonEvent_Info: >>>>> button=2, pressed=true
globalTracer.driverControllerButtonEvent_Info: >>>>> button=2, pressed=false
globalTracer.buttonPanelButtonEvent_Info: >>>>> button=4, pressed=true
globalTracer.buttonPanelButtonEvent_Info: >>>>> button=4, pressed=false
globalTracer.operatorStickButtonEvent_Info: >>>>> button=1, pressed=true
globalTracer.performAutoAssist_Info: [113.847] AutoAssist: intake=true,intakePower=0.8,retainPower=0.1,finishDelay=0.750,event=null,timeout=0.000, hasObject=false
globalTracer.operatorStickButtonEvent_Info: >>>>> button=1, pressed=false
globalTracer.operatorStickButtonEvent_Info: >>>>> button=1, pressed=true
globalTracer.finishAutoAssist_Info: [118.151] canceled=true, AutoAssistTimedOut=false, hasObject=false, finishDelay=0.750
globalTracer.operatorStickButtonEvent_Info: >>>>> button=1, pressed=false
globalTracer.operatorStickButtonEvent_Info: >>>>> button=1, pressed=true
globalTracer.performAutoAssist_Info: [118.978] AutoAssist: intake=true,intakePower=0.8,retainPower=0.1,finishDelay=0.750,event=null,timeout=0.000, hasObject=false
globalTracer.operatorStickButtonEvent_Info: >>>>> button=1, pressed=false
globalTracer.finishAutoAssist_Info: [119.823] canceled=false, AutoAssistTimedOut=false, hasObject=true, finishDelay=0.750
globalTracer.intakeTriggerCallback_Info: [119.834] active=true
globalTracer.operatorStickButtonEvent_Info: >>>>> button=1, pressed=true
globalTracer.operatorStickButtonEvent_Info: >>>>> button=1, pressed=false
globalTracer.operatorStickButtonEvent_Info: >>>>> button=2, pressed=true
globalTracer.operatorStickButtonEvent_Info: >>>>> button=2, pressed=false
globalTracer.operatorStickButtonEvent_Info: >>>>> button=3, pressed=true
globalTracer.operatorStickButtonEvent_Info: >>>>> button=1, pressed=true
globalTracer.operatorStickButtonEvent_Info: >>>>> button=1, pressed=false
globalTracer.operatorStickButtonEvent_Info: >>>>> button=3, pressed=false
globalTracer.driverControllerButtonEvent_Info: >>>>> button=2, pressed=true
globalTracer.driverControllerButtonEvent_Info: >>>>> button=2, pressed=false
globalTracer.startCompetition_Info: *** Transitioning from TELEOP_MODE to DISABLED_MODE ***
globalTracer.autoAssistCancel_Info: TaskAutoPickup: Canceling auto-assist pickup.
globalTracer.autoAssistCancel_Info: TaskAutoScore: Canceling auto-assist score object.
globalTracer.autoAssistCancel_Info: TaskAutoBalance: Canceling auto-assist balance.
globalTracer.robotStopMode_Info: [135.323] ***** Stop TELEOP_MODE *****
globalTracer.FrcRobotBase_Info: ***** Performance Metrics *****
globalTracer.FrcRobotBase_Info: (TELEOP_MODE->DISABLED_MODE) Performance Metrics: LoopCount=6870
globalTracer.FrcRobotBase_Info: RobotInit=4.215531, PrevModeStopTask=0.001803, PrevStopMode=0.005956, PrevRobotStopMode=0.012780, RobotStartMode=0.033953, startMode=0.025654, startTask=0.000165
globalTracer.FrcRobotBase_Info: PrePeriodicTask(Avg/Max)=0.000671/0.022370
globalTracer.FrcRobotBase_Info: Periodic(Avg/Max)=0.002314/0.027075
globalTracer.FrcRobotBase_Info: postPeriodicTask(Avg/Max)=0.000082/0.003938
globalTracer.FrcRobotBase_Info: Updates(Avg/Max)=0.003393/0.009489
globalTracer.TaskPerformance_Info: TrcWatchdogMgr: STANDALONE_TASK=0.000303/0.996953
globalTracer.TaskPerformance_Info: DriverController.buttonEvent: PRE_PERIODIC_TASK=0.000018/0.019685
globalTracer.TaskPerformance_Info: operatorStick.buttonEvent: PRE_PERIODIC_TASK=0.000040/0.019685
globalTracer.TaskPerformance_Info: buttonPanel.buttonEvent: PRE_PERIODIC_TASK=0.000017/0.019685
globalTracer.TaskPerformance_Info: switchPanel.buttonEvent: PRE_PERIODIC_TASK=0.000004/0.019685
globalTracer.TaskPerformance_Info: LED: OUTPUT_TASK=0.000030/0.020450
globalTracer.TaskPerformance_Info: TrcMotor.odometryTask: STANDALONE_TASK=0.000059/0.000077
globalTracer.TaskPerformance_Info: lfDrive.cleanupTask: STOP_TASK=0.000390/38.359044
globalTracer.TaskPerformance_Info: lfWheel.servo.stopTask: STOP_TASK=0.001064/38.359303
globalTracer.TaskPerformance_Info: rfWheel.servo.stopTask: STOP_TASK=0.000036/38.358383
globalTracer.TaskPerformance_Info: lbWheel.servo.stopTask: STOP_TASK=0.000102/38.358377
globalTracer.TaskPerformance_Info: rbWheel.servo.stopTask: STOP_TASK=0.000022/38.358375
globalTracer.TaskPerformance_Info: TrcDriveBase.odometryTask: PRE_PERIODIC_TASK=0.000535/0.020329
globalTracer.TaskPerformance_Info: TrcDriveBase.stopTask: STOP_TASK=0.002731/38.358374
globalTracer.TaskPerformance_Info: pidDrive.driveTask: POST_PERIODIC_TASK=0.021908/0.030390
globalTracer.TaskPerformance_Info: Elevator.pidActuator.pidMotorTask: OUTPUT_TASK=0.000256/0.023130
globalTracer.TaskPerformance_Info: Elevator.pidActuator.stopMotorTask: STOP_TASK=0.000171/0.000000
globalTracer.TaskPerformance_Info: Arm.pidActuator.pidMotorTask: OUTPUT_TASK=0.000202/0.023163
globalTracer.TaskPerformance_Info: Arm.pidActuator.stopMotorTask: STOP_TASK=0.000076/0.000000
globalTracer.TaskPerformance_Info: Wrist.pidActuator.pidMotorTask: OUTPUT_TASK=0.000196/0.022976
globalTracer.TaskPerformance_Info: Wrist.pidActuator.stopMotorTask: STOP_TASK=0.000063/0.000000
globalTracer.TaskPerformance_Info: Intake.trigger.triggerTask: PRE_PERIODIC_TASK=0.000036/0.121724
globalTracer.TaskPerformance_Info: TaskAutoScore: POST_PERIODIC_TASK=0.000813/0.020702
