globalTracer.robotStartMode_Info: Thu Apr 06 16:29:40 PDT 2023: [0.027] ***** Start AUTO_MODE *****
globalTracer.syncSteerEncoders_Info: [0.292] steerEncPos[0]=-6368
globalTracer.syncSteerEncoders_Info: [0.296] steerEncPos[0]=-6368
globalTracer.syncSteerEncoders_Info: [0.301] steerEncPos[0]=-6368
globalTracer.syncSteerEncoders_Info: [0.307] steerEncPos[0]=-6368
globalTracer.syncSteerEncoders_Info: [0.311] steerEncPos[0]=-6368
globalTracer.syncSteerEncoders_Info: [0.315] steerEncPos[0]=-6368
globalTracer.syncSteerEncoders_Info: [0.321] steerEncPos[0]=-6368
globalTracer.syncSteerEncoders_Info: [0.325] steerEncPos[0]=-6368
globalTracer.syncSteerEncoders_Info: [0.329] steerEncPos[0]=-4240
globalTracer.syncSteerEncoders_Info: [0.333] steerEncPos[0]=-4240
globalTracer.syncSteerEncoders_Info: [0.337] steerEncPos[0]=-4240
globalTracer.syncSteerEncoders_Info: [0.342] steerEncPos[0]=-4240
globalTracer.syncSteerEncoders_Info: [0.345] steerEncPos[0]=-4240
globalTracer.syncSteerEncoders_Info: [0.352] steerEncPos[0]=-3293
globalTracer.syncSteerEncoders_Info: [0.355] steerEncPos[0]=-3293
globalTracer.syncSteerEncoders_Info: [0.360] steerEncPos[0]=-3293
globalTracer.syncSteerEncoders_Info: [0.364] steerEncPos[0]=-3293
globalTracer.syncSteerEncoders_Info: [0.367] steerEncPos[0]=-3293
globalTracer.syncSteerEncoders_Info: [0.374] steerEncPos[0]=-2501
globalTracer.syncSteerEncoders_Info: [0.380] steerEncPos[0]=-2501
globalTracer.syncSteerEncoders_Info: [0.384] steerEncPos[0]=-2501
globalTracer.syncSteerEncoders_Info: [0.388] steerEncPos[0]=-2501
globalTracer.syncSteerEncoders_Info: [0.392] steerEncPos[0]=-2501
globalTracer.syncSteerEncoders_Info: [0.396] steerEncPos[0]=-1820
globalTracer.syncSteerEncoders_Info: [0.402] steerEncPos[0]=-1820
globalTracer.syncSteerEncoders_Info: [0.406] steerEncPos[0]=-1820
globalTracer.syncSteerEncoders_Info: [0.411] steerEncPos[0]=-1820
globalTracer.syncSteerEncoders_Info: [0.415] steerEncPos[0]=-1246
globalTracer.syncSteerEncoders_Info: [0.420] steerEncPos[0]=-1246
globalTracer.syncSteerEncoders_Info: [0.424] steerEncPos[0]=-1246
globalTracer.syncSteerEncoders_Info: [0.429] steerEncPos[0]=-1246
globalTracer.syncSteerEncoders_Info: [0.433] steerEncPos[0]=-1246
globalTracer.syncSteerEncoders_Info: [0.437] steerEncPos[0]=-790
globalTracer.syncSteerEncoders_Info: [0.441] steerEncPos[0]=-790
globalTracer.syncSteerEncoders_Info: [0.445] steerEncPos[0]=-790
globalTracer.syncSteerEncoders_Info: [0.450] steerEncPos[0]=-790
globalTracer.syncSteerEncoders_Info: [0.454] steerEncPos[0]=-790
globalTracer.syncSteerEncoders_Info: [0.457] steerEncPos[0]=-455
globalTracer.syncSteerEncoders_Info: [0.462] steerEncPos[0]=-455
globalTracer.syncSteerEncoders_Info: [0.465] steerEncPos[0]=-455
globalTracer.syncSteerEncoders_Info: [0.470] steerEncPos[0]=-455
globalTracer.syncSteerEncoders_Info: [0.474] steerEncPos[0]=-455
globalTracer.syncSteerEncoders_Info: [0.478] steerEncPos[0]=-241
globalTracer.syncSteerEncoders_Info: [0.482] steerEncPos[0]=-241
globalTracer.syncSteerEncoders_Info: [0.486] steerEncPos[0]=-241
globalTracer.syncSteerEncoders_Info: [0.489] steerEncPos[0]=-241
globalTracer.syncSteerEncoders_Info: [0.491] steerEncPos[0]=-241
globalTracer.syncSteerEncoders_Info: [0.492] steerEncPos[0]=-241
globalTracer.syncSteerEncoders_Info: [0.494] steerEncPos[0]=-241
globalTracer.syncSteerEncoders_Info: [0.495] steerEncPos[0]=-241
globalTracer.syncSteerEncoders_Info: [0.497] steerEncPos[0]=-118
globalTracer.syncSteerEncoders_Info: [0.500] steerEncPos[0]=-118
globalTracer.syncSteerEncoders_Info: [0.502] steerEncPos[0]=-118
globalTracer.syncSteerEncoders_Info: [0.505] steerEncPos[0]=-118
globalTracer.syncSteerEncoders_Info: [0.508] steerEncPos[0]=-118
globalTracer.syncSteerEncoders_Info: [0.510] steerEncPos[0]=-118
globalTracer.syncSteerEncoders_Info: [0.512] steerEncPos[0]=-118
globalTracer.syncSteerEncoders_Info: [0.515] steerEncPos[0]=-118
globalTracer.syncSteerEncoders_Info: [0.517] steerEncPos[0]=-118
globalTracer.syncSteerEncoders_Info: [0.518] steerEncPos[0]=-80
globalTracer.syncSteerEncoders_Info: [0.521] steerEncPos[0]=-80
globalTracer.syncSteerEncoders_Info: [0.523] steerEncPos[0]=-80
globalTracer.syncSteerEncoders_Info: [0.525] steerEncPos[0]=-80
globalTracer.syncSteerEncoders_Info: [0.527] steerEncPos[0]=-80
globalTracer.syncSteerEncoders_Info: [0.530] steerEncPos[0]=-80
globalTracer.syncSteerEncoders_Info: [0.532] steerEncPos[0]=-80
globalTracer.syncSteerEncoders_Info: [0.534] steerEncPos[0]=-80
globalTracer.syncSteerEncoders_Info: [0.537] steerEncPos[0]=-80
globalTracer.syncSteerEncoders_Info: [0.539] steerEncPos[0]=-70
globalTracer.syncSteerEncoders_Info: [0.541] steerEncPos[0]=-70
globalTracer.syncSteerEncoders_Info: [0.543] steerEncPos[0]=-70
globalTracer.syncSteerEncoders_Info: [0.545] steerEncPos[0]=-70
globalTracer.syncSteerEncoders_Info: [0.548] steerEncPos[0]=-70
globalTracer.syncSteerEncoders_Info: [0.549] steerEncPos[0]=-70
globalTracer.syncSteerEncoders_Info: [0.550] steerEncPos[0]=-70
globalTracer.syncSteerEncoders_Info: [0.551] steerEncPos[0]=-70
globalTracer.syncSteerEncoders_Info: [0.553] steerEncPos[0]=-70
globalTracer.syncSteerEncoders_Info: [0.554] steerEncPos[0]=-70
globalTracer.syncSteerEncoders_Info: [0.555] steerEncPos[0]=-70
globalTracer.syncSteerEncoders_Info: [0.558] steerEncPos[0]=-69
globalTracer.syncSteerEncoders_Info: [0.560] steerEncPos[0]=-69
globalTracer.syncSteerEncoders_Info: [0.561] steerEncPos[0]=-69
globalTracer.syncSteerEncoders_Info: [0.563] steerEncPos[0]=-69
globalTracer.syncSteerEncoders_Info: [0.564] steerEncPos[0]=-69
globalTracer.syncSteerEncoders_Info: [0.574] steerEncPos[0]=-69
globalTracer.syncSteerEncoders_Info: [0.576] steerEncPos[0]=-69
globalTracer.syncSteerEncoders_Info: [0.577] steerEncPos[0]=-69
globalTracer.syncSteerEncoders_Info: [0.580] steerEncPos[0]=-67
globalTracer.syncSteerEncoders_Info: [0.582] steerEncPos[0]=-67
globalTracer.syncSteerEncoders_Info: [0.586] steerEncPos[0]=-67
globalTracer.syncSteerEncoders_Info: [0.587] steerEncPos[0]=-67
globalTracer.syncSteerEncoders_Info: [0.591] syncSteerEncPos[0]=57
globalTracer.syncSteerEncoders_Info: [0.592] syncSteerEncPos[1]=-168
globalTracer.syncSteerEncoders_Info: [0.594] syncSteerEncPos[2]=-265
globalTracer.syncSteerEncoders_Info: [0.596] syncSteerEncPos[3]=34
globalTracer.FrcAuto_Info: <Info name="MatchInfo" date="Thu Apr 06 16:29:40 PDT 2023" event="PNCMP" type="Qualification" match=22 replay=1 alliance="Blue" location=1 gameMsg="" />
globalTracer.FrcAuto_Info: <Info name="AutoChoices" alliance="Blue" strategy="AUTO_STARTPOS_2" startPos="MIDDLE" preloadedObj="CUBE" scoreLevel="2" scoreLocation="MIDDLE" useVision="true" scorePreload="true" doAutoBalance="true" scoreSecondPiece="false" startDelay=0 sec pathFile="DrivePath.csv" xDistance=6.0 ft yDistance=6.0 ft turnDegrees=90 deg driveTime=4 sec drivePower=4.0 />
globalTracer.startCompetition_Warn: AUTO_MODE.prePeriodicTasks took too long (0.079s/0.040s)
globalTracer.CmdAutoStartPos2_Info: [0.721] START: xDist=-0.0, tilt=0.040, enteringBalance=null, exitingBalance=null, tiltTriggered=false
globalTracer.autoAssistScoreObject_Info: TaskAutoScore: objectType=CUBE, scoreLevel=2, scoreLocation=MIDDLE, useVision=false, prepOnly=false, event=(CmdAutoStartPos2.autoAssistEvent=CLEARED)
globalTracer.acquireSubsystemsOwnership_Info: TaskAutoScore: Successfully acquired subsystem ownerships.
globalTracer.traceStateInfo_Info: <Event name="StateInfo" time="0.757" tag=">>>>>" CmdAutoStartPos2.state="START" />
globalTracer.startCompetition_Warn: AUTO_MODE.periodic took too long (0.052s/0.040s)
globalTracer.traceStateInfo_Info: <Event name="StateInfo" time="0.832" tag=">>>>>" TaskAutoScore.state="START" />
globalTracer.startCompetition_Warn: AUTO_MODE.postPeriodicTasks took too long (0.059s/0.040s)
globalTracer.startCompetition_Warn: AUTO_MODE took too long (2495549.957/0.020)
globalTracer.pidMotorTask_Info: TrcPidMotor.Elevator.pidActuator: stalled=false, expired=false, onTarget=true, event=(robot.elevatorEvent=CLEARED)
globalTracer.printPidInfo_Info: [1.680415] Elevator.pidActuator.pidCtrl: Target=  10.0, Input=   9.9, dT=0.021156, CurrErr=   0.1, ErrRate=  -0.5, Output= 0.030(-1.000/ 1.000)
globalTracer.pidMotorTask_Info: TrcPidMotor.Arm.pidActuator: stalled=false, expired=true, onTarget=false, event=(robot.armEvent=CLEARED)
globalTracer.printPidInfo_Info: [1.805413] Arm.pidActuator.pidCtrl: Target=  93.0, Input=  55.4, dT=0.020904, CurrErr=  37.6, ErrRate= -88.3, Output= 0.719(-1.000/ 1.000)
globalTracer.pidMotorTask_Info: TrcPidMotor.Wrist.pidActuator: stalled=false, expired=true, onTarget=false, event=(robot.wristEvent=CLEARED)
globalTracer.printPidInfo_Info: [2.630229] Wrist.pidActuator.pidCtrl: Target= 130.0, Input= 128.9, dT=0.020605, CurrErr=   1.1, ErrRate=  -1.7, Output= 0.029(-1.000/ 1.000)
globalTracer.performAutoAssist_Info: [2.655] AutoAssist: intake=false,intakePower=0.3,retainPower=0.0,finishDelay=0.000,event=(TaskAutoScore=SIGNALED),timeout=0.000, hasObject=true
globalTracer.traceStateInfo_Info: <Event name="StateInfo" time="2.672" tag=">>>>>" TaskAutoScore.state="SCORE_OBJECT" />
globalTracer.finishAutoAssist_Info: [2.739] canceled=false, AutoAssistTimedOut=false, hasObject=false, finishDelay=0.000
globalTracer.intakeTriggerCallback_Info: [2.754] active=false
globalTracer.traceStateInfo_Info: <Event name="StateInfo" time="2.761" tag=">>>>>" TaskAutoScore.state="RESET" />
globalTracer.pidMotorTask_Info: TrcPidMotor.Wrist.pidActuator: stalled=false, expired=true, onTarget=false, event=(robot.wristEvent=CLEARED)
globalTracer.printPidInfo_Info: [3.781147] Wrist.pidActuator.pidCtrl: Target=   7.0, Input=   8.3, dT=0.020401, CurrErr=  -1.3, ErrRate=  -0.6, Output=-0.035(-1.000/ 1.000)
globalTracer.pidMotorTask_Info: TrcPidMotor.Elevator.pidActuator: stalled=false, expired=false, onTarget=true, event=(robot.elevatorEvent=CLEARED)
globalTracer.printPidInfo_Info: [3.842313] Elevator.pidActuator.pidCtrl: Target=   0.0, Input=   0.2, dT=0.021040, CurrErr=  -0.2, ErrRate=   0.0, Output=-0.091(-1.000/ 1.000)
globalTracer.pidMotorTask_Info: TrcPidMotor.Arm.pidActuator: stalled=false, expired=true, onTarget=false, event=(robot.armEvent=CLEARED)
globalTracer.printPidInfo_Info: [3.965652] Arm.pidActuator.pidCtrl: Target= -33.0, Input= -10.3, dT=0.020254, CurrErr= -22.7, ErrRate= 125.8, Output=-0.410(-1.000/ 1.000)
globalTracer.AutoScore Done_Info: Robot thinks it is at:(x=-108.2,y=72.6,angle=180.0)
globalTracer.stopSubsystems_Info: TaskAutoScore: Stopping subsystems.
globalTracer.releaseSubsystemsOwnership_Info: TaskAutoScore: Releasing subsystem ownership (currOwner=TaskAutoScore, robotDrive=null, elevator=TaskAutoScore, arm=TaskAutoScore, wrist=TaskAutoScore, intake=TaskAutoScore).
globalTracer.traceStateInfo_Info: <Event name="StateInfo" time="4.002" tag=">>>>>" TaskAutoScore.state="DONE" />
globalTracer.CmdAutoStartPos2_Info: [4.016] PREP_TO_BALANCE: xDist=-108.2, tilt=0.000, enteringBalance=null, exitingBalance=null, tiltTriggered=false
globalTracer.start_Info: Path=TrcPath(degrees=true, [TrcWaypoint(pose=(x=-108.2,y=72.6,angle=180.0),vel=0.00), TrcWaypoint(pose=(x=-108.2,y=108.6,angle=270.0),vel=0.00)])
globalTracer.traceStateInfo_Info: <Event name="StateInfo" time="4.081" tag=">>>>>" CmdAutoStartPos2.state="PREP_TO_BALANCE" RobotPose=(x=-108.2,y=72.6,angle=180.0) TargetPose=(x=-108.2,y=108.6,angle=270.0) vel=(x=0.0,y=0.0,angle=0.0) Path=TrcPath(degrees=true, [TrcWaypoint(pose=(x=0.0,y=0.0,angle=0.0),vel=0.00), TrcWaypoint(pose=(x=-0.0,y=-36.0,angle=90.0),vel=0.00)]) />
globalTracer.startCompetition_Warn: AUTO_MODE.periodic took too long (0.070s/0.040s)
globalTracer.startCompetition_Warn: AUTO_MODE.postPeriodicTasks took too long (0.098s/0.040s)
globalTracer.startCompetition_Warn: AUTO_MODE took too long (0.181/0.020)
globalTracer.TrcPurePursuitDrive.driveTask_Info: Done [index=1/2]: stalled=false, timeout=true, posOnTarget=false, headingOnTarget=false
globalTracer.printPidInfo_Info: [5.580480] purePursuitDrive.xPosPid: Target=-102.3, Input=-113.6, dT=0.020816, CurrErr=  11.4, ErrRate= -13.7, Output= 0.060(-1.000/ 1.000)
globalTracer.printPidInfo_Info: [5.583617] purePursuitDrive.yPosPid: Target=  88.6, Input=  96.4, dT=0.020816, CurrErr=  -7.8, ErrRate=   1.0, Output=-0.109(-1.000/ 1.000)
globalTracer.printPidInfo_Info: [5.588433] purePursuitDrive.turnPid: Target= 270.0, Input= 259.7, dT=0.020814, CurrErr=  10.3, ErrRate= -58.1, Output= 0.014(-1.000/ 1.000)
globalTracer.printPidInfo_Info: [5.590958] purePursuitDrive.velPid: Target=   0.0, Input=   0.0, dT=0.000000, CurrErr=   0.0, ErrRate=   0.0, Output= 0.000(-1.000/ 1.000)
globalTracer.TrcPurePursuitDrive.driveTask_Info: Signal completion event (CmdAutoStartPos2.driveEvent=CLEARED).
globalTracer.CmdAutoStartPos2_Info: [5.611] START_TO_CLIMB: xDist=-112.7, tilt=0.750, enteringBalance=null, exitingBalance=null, tiltTriggered=false
globalTracer.traceStateInfo_Info: <Event name="StateInfo" time="5.617" tag=">>>>>" CmdAutoStartPos2.state="START_TO_CLIMB" />
globalTracer.CmdAutoStartPos2_Info: [6.260] CLIMB: xDist=-115.9, tilt=-5.260, enteringBalance=null, exitingBalance=TILT_LEFT, tiltTriggered=true
globalTracer.traceStateInfo_Info: <Event name="StateInfo" time="6.270" tag=">>>>>" CmdAutoStartPos2.state="CLIMB" />
globalTracer.CmdAutoStartPos2_Info: [6.419] CLIMB: xDist=-115.8, tilt=-15.830, enteringBalance=null, exitingBalance=null, tiltTriggered=true
globalTracer.traceStateInfo_Info: <Event name="StateInfo" time="6.422" tag=">>>>>" CmdAutoStartPos2.state="CLIMB" />
globalTracer.CmdAutoStartPos2_Info: [7.010] CLIMB: xDist=-116.4, tilt=-14.830, enteringBalance=null, exitingBalance=null, tiltTriggered=true
globalTracer.traceStateInfo_Info: <Event name="StateInfo" time="7.020" tag=">>>>>" CmdAutoStartPos2.state="CLIMB" />
globalTracer.CmdAutoStartPos2_Info: [7.259] CLIMB: xDist=-115.2, tilt=-15.080, enteringBalance=null, exitingBalance=null, tiltTriggered=true
globalTracer.traceStateInfo_Info: <Event name="StateInfo" time="7.271" tag=">>>>>" CmdAutoStartPos2.state="CLIMB" />
globalTracer.CmdAutoStartPos2_Info: [7.283] CLIMB: xDist=-115.1, tilt=-14.860, enteringBalance=null, exitingBalance=null, tiltTriggered=true
globalTracer.traceStateInfo_Info: <Event name="StateInfo" time="7.291" tag=">>>>>" CmdAutoStartPos2.state="CLIMB" />
globalTracer.CmdAutoStartPos2_Info: [7.912] CLIMB: xDist=-112.9, tilt=-4.540, enteringBalance=TILT_LEFT, exitingBalance=null, tiltTriggered=true
globalTracer.traceStateInfo_Info: <Event name="StateInfo" time="7.915" tag=">>>>>" CmdAutoStartPos2.state="CLIMB" />
globalTracer.CmdAutoStartPos2_Info: [8.034] LEVEL: xDist=-112.5, tilt=6.350, enteringBalance=null, exitingBalance=TILT_RIGHT, tiltTriggered=true
globalTracer.traceStateInfo_Info: <Event name="StateInfo" time="8.045" tag=">>>>>" CmdAutoStartPos2.state="LEVEL" />
globalTracer.CmdAutoStartPos2_Info: [8.116] DESCEND: xDist=-112.4, tilt=15.570, enteringBalance=null, exitingBalance=null, tiltTriggered=true
globalTracer.traceStateInfo_Info: <Event name="StateInfo" time="8.130" tag=">>>>>" CmdAutoStartPos2.state="DESCEND" />
globalTracer.CmdAutoStartPos2_Info: [8.219] DESCEND: xDist=-112.3, tilt=14.450, enteringBalance=null, exitingBalance=null, tiltTriggered=true
globalTracer.traceStateInfo_Info: <Event name="StateInfo" time="8.234" tag=">>>>>" CmdAutoStartPos2.state="DESCEND" />
globalTracer.CmdAutoStartPos2_Info: [8.382] DESCEND: xDist=-111.1, tilt=4.490, enteringBalance=TILT_RIGHT, exitingBalance=null, tiltTriggered=true
globalTracer.traceStateInfo_Info: <Event name="StateInfo" time="8.395" tag=">>>>>" CmdAutoStartPos2.state="DESCEND" />
globalTracer.startCompetition_Warn: AUTO_MODE took too long (0.042/0.020)
globalTracer.CmdAutoStartPos2_Info: [8.490] BALANCE: xDist=-110.2, tilt=1.360, enteringBalance=TILT_RIGHT, exitingBalance=null, tiltTriggered=true
globalTracer.autoAssistBalance_Info: TaskAutoBalance: initSide=OUTSIDE, event=(CmdAutoStartPos2.autoAssistEvent=SIGNALED)
globalTracer.acquireSubsystemOwnership_Info: TaskAutoBalance: Successfully acquired subsystem ownerships.
globalTracer.traceStateInfo_Info: <Event name="StateInfo" time="8.527" tag=">>>>>" CmdAutoStartPos2.state="BALANCE" />
globalTracer.startCompetition_Warn: AUTO_MODE.periodic took too long (0.043s/0.040s)
globalTracer.TaskAutoBalance_Info: [8.537] START: xDist=-110.2, tilt=0.570, inBalance=true, leveling=false, tiltTriggered=false
globalTracer.traceStateInfo_Info: <Event name="StateInfo" time="8.552" tag=">>>>>" TaskAutoBalance.state="START" />
globalTracer.startCompetition_Warn: AUTO_MODE took too long (0.067/0.020)
globalTracer.TaskAutoBalance_Info: [9.350] CLIMB: xDist=-108.4, tilt=5.320, inBalance=false, leveling=false, tiltTriggered=true
globalTracer.traceStateInfo_Info: <Event name="StateInfo" time="9.361" tag=">>>>>" TaskAutoBalance.state="CLIMB" />
globalTracer.TaskAutoBalance_Info: [9.638] CLIMB: xDist=-107.9, tilt=16.170, inBalance=false, leveling=false, tiltTriggered=true
globalTracer.traceStateInfo_Info: <Event name="StateInfo" time="9.652" tag=">>>>>" TaskAutoBalance.state="CLIMB" />
globalTracer.TaskAutoBalance_Info: [10.081] CLIMB: xDist=-106.9, tilt=14.930, inBalance=false, leveling=true, tiltTriggered=true
globalTracer.traceStateInfo_Info: <Event name="StateInfo" time="10.083" tag=">>>>>" TaskAutoBalance.state="CLIMB" />
globalTracer.TaskAutoBalance_Info: [10.820] SETTLE: xDist=-104.9, tilt=14.780, inBalance=false, leveling=true, tiltTriggered=true
globalTracer.traceStateInfo_Info: <Event name="StateInfo" time="10.824" tag=">>>>>" TaskAutoBalance.state="SETTLE" />
globalTracer.TaskAutoBalance_Info: [11.422] CHECK: xDist=-104.6, tilt=15.330, inBalance=false, leveling=false, tiltTriggered=true
globalTracer.traceStateInfo_Info: <Event name="StateInfo" time="11.428" tag=">>>>>" TaskAutoBalance.state="CHECK" />
globalTracer.TaskAutoBalance_Info: [11.556] SETTLE: xDist=-104.5, tilt=14.820, inBalance=false, leveling=true, tiltTriggered=true
globalTracer.traceStateInfo_Info: <Event name="StateInfo" time="11.559" tag=">>>>>" TaskAutoBalance.state="SETTLE" />
globalTracer.TaskAutoBalance_Info: [11.896] CHECK: xDist=-104.5, tilt=15.110, inBalance=false, leveling=false, tiltTriggered=true
globalTracer.traceStateInfo_Info: <Event name="StateInfo" time="11.907" tag=">>>>>" TaskAutoBalance.state="CHECK" />
globalTracer.TaskAutoBalance_Info: [12.021] SETTLE: xDist=-104.4, tilt=14.880, inBalance=false, leveling=true, tiltTriggered=true
globalTracer.traceStateInfo_Info: <Event name="StateInfo" time="12.035" tag=">>>>>" TaskAutoBalance.state="SETTLE" />
globalTracer.TaskAutoBalance_Info: [12.370] CHECK: xDist=-104.4, tilt=15.030, inBalance=false, leveling=false, tiltTriggered=true
globalTracer.traceStateInfo_Info: <Event name="StateInfo" time="12.379" tag=">>>>>" TaskAutoBalance.state="CHECK" />
globalTracer.TaskAutoBalance_Info: [12.414] SETTLE: xDist=-104.3, tilt=14.980, inBalance=false, leveling=true, tiltTriggered=true
globalTracer.traceStateInfo_Info: <Event name="StateInfo" time="12.427" tag=">>>>>" TaskAutoBalance.state="SETTLE" />
globalTracer.TaskAutoBalance_Info: [13.428] CHECK: xDist=-104.3, tilt=14.490, inBalance=false, leveling=true, tiltTriggered=false
globalTracer.traceStateInfo_Info: <Event name="StateInfo" time="13.438" tag=">>>>>" TaskAutoBalance.state="CHECK" />
globalTracer.startCompetition_Info: *** Transitioning from AUTO_MODE to DISABLED_MODE ***
globalTracer.autoAssistCancel_Info: TaskAutoScore: Canceling auto-assist score object.
globalTracer.autoAssistCancel_Info: TaskAutoBalance: Canceling auto-assist balance.
globalTracer.stopSubsystems_Info: TaskAutoBalance: Stopping subsystems.
globalTracer.releaseSubsystemsOwnership_Info: TaskAutoBalance: Releasing subsystem ownership (currOwner=TaskAutoBalance, robotDrive=TaskAutoBalance).
globalTracer.robotStopMode_Info: [15.355] ***** Stop AUTO_MODE *****
globalTracer.FrcRobotBase_Info: ***** Performance Metrics *****
globalTracer.FrcRobotBase_Info: (AUTO_MODE->DISABLED_MODE) Performance Metrics: LoopCount=708
globalTracer.FrcRobotBase_Info: RobotInit=5.841323, PrevModeStopTask=0.006860, PrevStopMode=0.021815, PrevRobotStopMode=0.005877, RobotStartMode=0.603538, startMode=0.032517, startTask=0.000054
globalTracer.FrcRobotBase_Info: PrePeriodicTask(Avg/Max)=0.001430/0.078655
globalTracer.FrcRobotBase_Info: Periodic(Avg/Max)=0.002195/0.070301
globalTracer.FrcRobotBase_Info: postPeriodicTask(Avg/Max)=0.000926/0.097848
globalTracer.FrcRobotBase_Info: Updates(Avg/Max)=0.003830/0.011059
globalTracer.TaskPerformance_Info: TrcWatchdogMgr: STANDALONE_TASK=0.000738/0.990511
globalTracer.TaskPerformance_Info: LED: OUTPUT_TASK=0.000019/0.020280
globalTracer.TaskPerformance_Info: TrcMotor.odometryTask: STANDALONE_TASK=0.000049/0.000066
globalTracer.TaskPerformance_Info: lfDrive.cleanupTask: STOP_TASK=0.003511/7.673956
globalTracer.TaskPerformance_Info: lfWheel.servo.stopTask: STOP_TASK=0.002402/7.677068
globalTracer.TaskPerformance_Info: rfWheel.servo.stopTask: STOP_TASK=0.000102/7.674714
globalTracer.TaskPerformance_Info: lbWheel.servo.stopTask: STOP_TASK=0.000026/7.674633
globalTracer.TaskPerformance_Info: rbWheel.servo.stopTask: STOP_TASK=0.000033/7.674629
globalTracer.TaskPerformance_Info: TrcDriveBase.odometryTask: PRE_PERIODIC_TASK=0.001270/0.020719
globalTracer.TaskPerformance_Info: TrcDriveBase.stopTask: STOP_TASK=0.005187/7.674638
globalTracer.TaskPerformance_Info: purePursuitDrive.driveTask: POST_PERIODIC_TASK=0.004024/0.020939
globalTracer.TaskPerformance_Info: tiltTrigger.triggerTask: PRE_PERIODIC_TASK=0.000061/0.020133
globalTracer.TaskPerformance_Info: distanceTrigger.triggerTask: PRE_PERIODIC_TASK=0.000068/0.045830
globalTracer.TaskPerformance_Info: Elevator.pidActuator.pidMotorTask: OUTPUT_TASK=0.000665/0.022211
globalTracer.TaskPerformance_Info: Arm.pidActuator.pidMotorTask: OUTPUT_TASK=0.000539/0.021938
globalTracer.TaskPerformance_Info: Wrist.pidActuator.pidMotorTask: OUTPUT_TASK=0.000604/0.027465
globalTracer.TaskPerformance_Info: Intake.trigger.triggerTask: PRE_PERIODIC_TASK=0.000098/0.013788
globalTracer.TaskPerformance_Info: TaskAutoScore: POST_PERIODIC_TASK=0.000736/0.020737
globalTracer.TaskPerformance_Info: TaskAutoBalance: POST_PERIODIC_TASK=0.000525/0.019977
