globalTracer.robotStartMode_Info: Fri Apr 07 10:07:35 PDT 2023: [0.031] ***** Start AUTO_MODE *****
globalTracer.syncSteerEncoders_Info: [0.271] steerEncPos[0]=-7235
globalTracer.syncSteerEncoders_Info: [0.275] steerEncPos[0]=-7235
globalTracer.syncSteerEncoders_Info: [0.280] steerEncPos[0]=-7235
globalTracer.syncSteerEncoders_Info: [0.285] steerEncPos[0]=-7235
globalTracer.syncSteerEncoders_Info: [0.289] steerEncPos[0]=-7235
globalTracer.syncSteerEncoders_Info: [0.293] steerEncPos[0]=-6276
globalTracer.syncSteerEncoders_Info: [0.296] steerEncPos[0]=-6276
globalTracer.syncSteerEncoders_Info: [0.300] steerEncPos[0]=-6276
globalTracer.syncSteerEncoders_Info: [0.304] steerEncPos[0]=-6276
globalTracer.syncSteerEncoders_Info: [0.307] steerEncPos[0]=-6276
globalTracer.syncSteerEncoders_Info: [0.310] steerEncPos[0]=-6276
globalTracer.syncSteerEncoders_Info: [0.314] steerEncPos[0]=-5213
globalTracer.syncSteerEncoders_Info: [0.318] steerEncPos[0]=-5213
globalTracer.syncSteerEncoders_Info: [0.321] steerEncPos[0]=-5213
globalTracer.syncSteerEncoders_Info: [0.325] steerEncPos[0]=-5213
globalTracer.syncSteerEncoders_Info: [0.329] steerEncPos[0]=-5213
globalTracer.syncSteerEncoders_Info: [0.332] steerEncPos[0]=-5213
globalTracer.syncSteerEncoders_Info: [0.336] steerEncPos[0]=-3215
globalTracer.syncSteerEncoders_Info: [0.338] steerEncPos[0]=-3215
globalTracer.syncSteerEncoders_Info: [0.342] steerEncPos[0]=-3215
globalTracer.syncSteerEncoders_Info: [0.349] steerEncPos[0]=-3215
globalTracer.syncSteerEncoders_Info: [0.353] steerEncPos[0]=-3215
globalTracer.syncSteerEncoders_Info: [0.356] steerEncPos[0]=-2426
globalTracer.syncSteerEncoders_Info: [0.360] steerEncPos[0]=-2426
globalTracer.syncSteerEncoders_Info: [0.363] steerEncPos[0]=-2426
globalTracer.syncSteerEncoders_Info: [0.366] steerEncPos[0]=-2426
globalTracer.syncSteerEncoders_Info: [0.371] steerEncPos[0]=-2426
globalTracer.syncSteerEncoders_Info: [0.375] steerEncPos[0]=-2426
globalTracer.syncSteerEncoders_Info: [0.378] steerEncPos[0]=-1758
globalTracer.syncSteerEncoders_Info: [0.381] steerEncPos[0]=-1758
globalTracer.syncSteerEncoders_Info: [0.385] steerEncPos[0]=-1758
globalTracer.syncSteerEncoders_Info: [0.388] steerEncPos[0]=-1758
globalTracer.syncSteerEncoders_Info: [0.391] steerEncPos[0]=-1758
globalTracer.syncSteerEncoders_Info: [0.394] steerEncPos[0]=-1758
globalTracer.syncSteerEncoders_Info: [0.397] steerEncPos[0]=-1758
globalTracer.syncSteerEncoders_Info: [0.399] steerEncPos[0]=-1211
globalTracer.syncSteerEncoders_Info: [0.404] steerEncPos[0]=-1211
globalTracer.syncSteerEncoders_Info: [0.407] steerEncPos[0]=-1211
globalTracer.syncSteerEncoders_Info: [0.410] steerEncPos[0]=-1211
globalTracer.syncSteerEncoders_Info: [0.413] steerEncPos[0]=-1211
globalTracer.syncSteerEncoders_Info: [0.416] steerEncPos[0]=-1211
globalTracer.syncSteerEncoders_Info: [0.419] steerEncPos[0]=-1211
globalTracer.syncSteerEncoders_Info: [0.422] steerEncPos[0]=-769
globalTracer.syncSteerEncoders_Info: [0.426] steerEncPos[0]=-769
globalTracer.syncSteerEncoders_Info: [0.429] steerEncPos[0]=-769
globalTracer.syncSteerEncoders_Info: [0.431] steerEncPos[0]=-769
globalTracer.syncSteerEncoders_Info: [0.433] steerEncPos[0]=-769
globalTracer.syncSteerEncoders_Info: [0.435] steerEncPos[0]=-769
globalTracer.syncSteerEncoders_Info: [0.437] steerEncPos[0]=-769
globalTracer.syncSteerEncoders_Info: [0.440] steerEncPos[0]=-769
globalTracer.syncSteerEncoders_Info: [0.443] steerEncPos[0]=-769
globalTracer.syncSteerEncoders_Info: [0.447] steerEncPos[0]=-769
globalTracer.syncSteerEncoders_Info: [0.449] steerEncPos[0]=-453
globalTracer.syncSteerEncoders_Info: [0.452] steerEncPos[0]=-453
globalTracer.syncSteerEncoders_Info: [0.464] steerEncPos[0]=-453
globalTracer.syncSteerEncoders_Info: [0.468] steerEncPos[0]=-453
globalTracer.syncSteerEncoders_Info: [0.472] steerEncPos[0]=-234
globalTracer.syncSteerEncoders_Info: [0.475] steerEncPos[0]=-234
globalTracer.syncSteerEncoders_Info: [0.477] steerEncPos[0]=-234
globalTracer.syncSteerEncoders_Info: [0.480] steerEncPos[0]=-234
globalTracer.syncSteerEncoders_Info: [0.484] steerEncPos[0]=-234
globalTracer.syncSteerEncoders_Info: [0.487] steerEncPos[0]=-234
globalTracer.syncSteerEncoders_Info: [0.489] steerEncPos[0]=-234
globalTracer.syncSteerEncoders_Info: [0.493] steerEncPos[0]=-120
globalTracer.syncSteerEncoders_Info: [0.495] steerEncPos[0]=-120
globalTracer.syncSteerEncoders_Info: [0.499] steerEncPos[0]=-120
globalTracer.syncSteerEncoders_Info: [0.501] steerEncPos[0]=-120
globalTracer.syncSteerEncoders_Info: [0.505] steerEncPos[0]=-120
globalTracer.syncSteerEncoders_Info: [0.507] steerEncPos[0]=-120
globalTracer.syncSteerEncoders_Info: [0.510] steerEncPos[0]=-120
globalTracer.syncSteerEncoders_Info: [0.514] steerEncPos[0]=-91
globalTracer.syncSteerEncoders_Info: [0.516] steerEncPos[0]=-91
globalTracer.syncSteerEncoders_Info: [0.519] steerEncPos[0]=-91
globalTracer.syncSteerEncoders_Info: [0.521] steerEncPos[0]=-91
globalTracer.syncSteerEncoders_Info: [0.525] steerEncPos[0]=-91
globalTracer.syncSteerEncoders_Info: [0.527] steerEncPos[0]=-91
globalTracer.syncSteerEncoders_Info: [0.530] steerEncPos[0]=-91
globalTracer.syncSteerEncoders_Info: [0.532] steerEncPos[0]=-91
globalTracer.syncSteerEncoders_Info: [0.534] steerEncPos[0]=-80
globalTracer.syncSteerEncoders_Info: [0.536] steerEncPos[0]=-80
globalTracer.syncSteerEncoders_Info: [0.538] steerEncPos[0]=-80
globalTracer.syncSteerEncoders_Info: [0.541] steerEncPos[0]=-80
globalTracer.syncSteerEncoders_Info: [0.544] steerEncPos[0]=-80
globalTracer.syncSteerEncoders_Info: [0.547] steerEncPos[0]=-80
globalTracer.syncSteerEncoders_Info: [0.549] steerEncPos[0]=-80
globalTracer.syncSteerEncoders_Info: [0.551] steerEncPos[0]=-80
globalTracer.syncSteerEncoders_Info: [0.554] steerEncPos[0]=-80
globalTracer.syncSteerEncoders_Info: [0.557] steerEncPos[0]=-78
globalTracer.syncSteerEncoders_Info: [0.559] steerEncPos[0]=-78
globalTracer.syncSteerEncoders_Info: [0.561] steerEncPos[0]=-78
globalTracer.syncSteerEncoders_Info: [0.565] steerEncPos[0]=-78
globalTracer.syncSteerEncoders_Info: [0.567] steerEncPos[0]=-78
globalTracer.syncSteerEncoders_Info: [0.570] syncSteerEncPos[0]=59
globalTracer.syncSteerEncoders_Info: [0.572] syncSteerEncPos[1]=-76
globalTracer.syncSteerEncoders_Info: [0.575] syncSteerEncPos[2]=-242
globalTracer.syncSteerEncoders_Info: [0.576] syncSteerEncPos[3]=87
globalTracer.FrcAuto_Info: <Info name="MatchInfo" date="Fri Apr 07 10:07:35 PDT 2023" event="PNCMP" type="Qualification" match=35 replay=1 alliance="Red" location=1 gameMsg="" />
globalTracer.FrcAuto_Info: <Info name="AutoChoices" alliance="Red" strategy="AUTO_STARTPOS_2" startPos="MIDDLE" preloadedObj="CUBE" scoreLevel="2" scoreLocation="MIDDLE" useVision="true" scorePreload="true" doAutoBalance="true" scoreSecondPiece="false" startDelay=0 sec pathFile="DrivePath.csv" xDistance=6.0 ft yDistance=6.0 ft turnDegrees=90 deg driveTime=4 sec drivePower=4.0 />
globalTracer.startCompetition_Warn: AUTO_MODE.prePeriodicTasks took too long (0.062s/0.040s)
globalTracer.CmdAutoStartPos2_Info: [0.686] START: xDist=0.0, tilt=1.730, enteringBalance=null, exitingBalance=null, tiltTriggered=false
globalTracer.autoAssistScoreObject_Info: TaskAutoScore: objectType=CUBE, scoreLevel=2, scoreLocation=MIDDLE, useVision=false, prepOnly=false, event=(CmdAutoStartPos2.autoAssistEvent=CLEARED)
globalTracer.acquireSubsystemsOwnership_Info: TaskAutoScore: Successfully acquired subsystem ownerships.
globalTracer.traceStateInfo_Info: <Event name="StateInfo" time="0.707" tag=">>>>>" CmdAutoStartPos2.state="START" />
globalTracer.traceStateInfo_Info: <Event name="StateInfo" time="0.762" tag=">>>>>" TaskAutoScore.state="START" />
globalTracer.startCompetition_Warn: AUTO_MODE.postPeriodicTasks took too long (0.049s/0.040s)
globalTracer.startCompetition_Warn: AUTO_MODE took too long (2559023.940/0.020)
globalTracer.pidMotorTask_Info: TrcPidMotor.Elevator.pidActuator: stalled=false, expired=false, onTarget=true, event=(robot.elevatorEvent=CLEARED)
globalTracer.printPidInfo_Info: [1.628724] Elevator.pidActuator.pidCtrl: Target=  10.0, Input=   9.9, dT=0.020866, CurrErr=   0.1, ErrRate=  -0.5, Output= 0.034(-1.000/ 1.000)
globalTracer.pidMotorTask_Info: TrcPidMotor.Arm.pidActuator: stalled=false, expired=true, onTarget=false, event=(robot.armEvent=CLEARED)
globalTracer.printPidInfo_Info: [1.732626] Arm.pidActuator.pidCtrl: Target=  93.0, Input=  55.1, dT=0.020114, CurrErr=  37.9, ErrRate= -91.8, Output= 0.723(-1.000/ 1.000)
globalTracer.pidMotorTask_Info: TrcPidMotor.Wrist.pidActuator: stalled=false, expired=true, onTarget=false, event=(robot.wristEvent=CLEARED)
globalTracer.printPidInfo_Info: [2.553106] Wrist.pidActuator.pidCtrl: Target= 130.0, Input= 129.2, dT=0.020549, CurrErr=   0.8, ErrRate=  -1.0, Output= 0.021(-1.000/ 1.000)
globalTracer.performAutoAssist_Info: [2.580] AutoAssist: intake=false,intakePower=0.3,retainPower=0.0,finishDelay=0.000,event=(TaskAutoScore=SIGNALED),timeout=0.000, hasObject=true
globalTracer.traceStateInfo_Info: <Event name="StateInfo" time="2.601" tag=">>>>>" TaskAutoScore.state="SCORE_OBJECT" />
globalTracer.startCompetition_Warn: AUTO_MODE took too long (0.040/0.020)
globalTracer.finishAutoAssist_Info: [2.694] canceled=false, AutoAssistTimedOut=false, hasObject=false, finishDelay=0.000
globalTracer.intakeTriggerCallback_Info: [2.702] active=false
globalTracer.traceStateInfo_Info: <Event name="StateInfo" time="2.713" tag=">>>>>" TaskAutoScore.state="RESET" />
globalTracer.pidMotorTask_Info: TrcPidMotor.Wrist.pidActuator: stalled=false, expired=true, onTarget=false, event=(robot.wristEvent=CLEARED)
globalTracer.printPidInfo_Info: [3.726342] Wrist.pidActuator.pidCtrl: Target=   7.0, Input=   8.3, dT=0.020625, CurrErr=  -1.3, ErrRate=  -0.2, Output=-0.034(-1.000/ 1.000)
globalTracer.pidMotorTask_Info: TrcPidMotor.Elevator.pidActuator: stalled=false, expired=false, onTarget=true, event=(robot.elevatorEvent=CLEARED)
globalTracer.printPidInfo_Info: [3.849697] Elevator.pidActuator.pidCtrl: Target=   0.0, Input=   0.2, dT=0.020998, CurrErr=  -0.2, ErrRate=   0.2, Output=-0.118(-1.000/ 1.000)
globalTracer.pidMotorTask_Info: TrcPidMotor.Arm.pidActuator: stalled=false, expired=true, onTarget=false, event=(robot.armEvent=CLEARED)
globalTracer.printPidInfo_Info: [3.932287] Arm.pidActuator.pidCtrl: Target= -33.0, Input= -11.7, dT=0.020903, CurrErr= -21.3, ErrRate= 121.9, Output=-0.387(-1.000/ 1.000)
globalTracer.AutoScore Done_Info: Robot thinks it is at:(x=-108.2,y=578.7,angle=-0.0)
globalTracer.stopSubsystems_Info: TaskAutoScore: Stopping subsystems.
globalTracer.releaseSubsystemsOwnership_Info: TaskAutoScore: Releasing subsystem ownership (currOwner=TaskAutoScore, robotDrive=null, elevator=TaskAutoScore, arm=TaskAutoScore, wrist=TaskAutoScore, intake=TaskAutoScore).
globalTracer.traceStateInfo_Info: <Event name="StateInfo" time="3.973" tag=">>>>>" TaskAutoScore.state="DONE" />
globalTracer.startCompetition_Warn: AUTO_MODE took too long (0.040/0.020)
globalTracer.CmdAutoStartPos2_Info: [4.005] PREP_TO_BALANCE: xDist=-108.2, tilt=1.670, enteringBalance=null, exitingBalance=null, tiltTriggered=false
globalTracer.start_Info: Path=TrcPath(degrees=true, [TrcWaypoint(pose=(x=-108.2,y=578.7,angle=-0.0),vel=0.00), TrcWaypoint(pose=(x=-108.2,y=542.7,angle=90.0),vel=0.00)])
globalTracer.traceStateInfo_Info: <Event name="StateInfo" time="4.060" tag=">>>>>" CmdAutoStartPos2.state="PREP_TO_BALANCE" RobotPose=(x=-108.2,y=578.7,angle=-0.0) TargetPose=(x=-108.2,y=542.7,angle=90.0) vel=(x=0.0,y=0.0,angle=0.0) Path=TrcPath(degrees=true, [TrcWaypoint(pose=(x=0.0,y=0.0,angle=0.0),vel=0.00), TrcWaypoint(pose=(x=0.0,y=-36.0,angle=90.0),vel=0.00)]) />
globalTracer.startCompetition_Warn: AUTO_MODE.periodic took too long (0.061s/0.040s)
globalTracer.startCompetition_Warn: AUTO_MODE.postPeriodicTasks took too long (0.055s/0.040s)
globalTracer.startCompetition_Warn: AUTO_MODE took too long (0.132/0.020)
globalTracer.TrcPurePursuitDrive.driveTask_Info: Done [index=1/2]: stalled=false, timeout=true, posOnTarget=false, headingOnTarget=false
globalTracer.printPidInfo_Info: [5.544229] purePursuitDrive.xPosPid: Target= -95.2, Input=-104.2, dT=0.019423, CurrErr=   9.0, ErrRate= -15.9, Output= 0.007(-1.000/ 1.000)
globalTracer.printPidInfo_Info: [5.548298] purePursuitDrive.yPosPid: Target= 546.9, Input= 553.0, dT=0.019426, CurrErr=  -6.1, ErrRate=  22.5, Output= 0.088(-1.000/ 1.000)
globalTracer.printPidInfo_Info: [5.566973] purePursuitDrive.turnPid: Target=  90.0, Input=  74.7, dT=0.019426, CurrErr=  15.3, ErrRate=  -9.3, Output= 0.098(-1.000/ 1.000)
globalTracer.printPidInfo_Info: [5.574601] purePursuitDrive.velPid: Target=   0.0, Input=   0.0, dT=0.000000, CurrErr=   0.0, ErrRate=   0.0, Output= 0.000(-1.000/ 1.000)
globalTracer.TrcPurePursuitDrive.driveTask_Info: Signal completion event (CmdAutoStartPos2.driveEvent=CLEARED).
globalTracer.startCompetition_Warn: AUTO_MODE.postPeriodicTasks took too long (0.048s/0.040s)
globalTracer.startCompetition_Warn: AUTO_MODE took too long (0.055/0.020)
globalTracer.CmdAutoStartPos2_Info: [5.600] START_TO_CLIMB: xDist=-104.0, tilt=1.790, enteringBalance=null, exitingBalance=null, tiltTriggered=false
globalTracer.traceStateInfo_Info: <Event name="StateInfo" time="5.607" tag=">>>>>" CmdAutoStartPos2.state="START_TO_CLIMB" />
globalTracer.CmdAutoStartPos2_Info: [6.141] CLIMB: xDist=-108.4, tilt=-5.590, enteringBalance=null, exitingBalance=TILT_LEFT, tiltTriggered=true
globalTracer.traceStateInfo_Info: <Event name="StateInfo" time="6.157" tag=">>>>>" CmdAutoStartPos2.state="CLIMB" />
globalTracer.CmdAutoStartPos2_Info: [6.289] CLIMB: xDist=-109.7, tilt=-15.590, enteringBalance=null, exitingBalance=null, tiltTriggered=true
globalTracer.traceStateInfo_Info: <Event name="StateInfo" time="6.307" tag=">>>>>" CmdAutoStartPos2.state="CLIMB" />
globalTracer.CmdAutoStartPos2_Info: [6.753] CLIMB: xDist=-114.3, tilt=-13.520, enteringBalance=null, exitingBalance=null, tiltTriggered=true
globalTracer.traceStateInfo_Info: <Event name="StateInfo" time="6.769" tag=">>>>>" CmdAutoStartPos2.state="CLIMB" />
globalTracer.CmdAutoStartPos2_Info: [7.667] CLIMB: xDist=-121.9, tilt=-4.540, enteringBalance=TILT_LEFT, exitingBalance=null, tiltTriggered=true
globalTracer.traceStateInfo_Info: <Event name="StateInfo" time="7.669" tag=">>>>>" CmdAutoStartPos2.state="CLIMB" />
globalTracer.CmdAutoStartPos2_Info: [7.808] LEVEL: xDist=-122.8, tilt=5.790, enteringBalance=null, exitingBalance=TILT_RIGHT, tiltTriggered=true
globalTracer.traceStateInfo_Info: <Event name="StateInfo" time="7.811" tag=">>>>>" CmdAutoStartPos2.state="LEVEL" />
globalTracer.CmdAutoStartPos2_Info: [7.905] DESCEND: xDist=-123.3, tilt=17.330, enteringBalance=null, exitingBalance=null, tiltTriggered=true
globalTracer.traceStateInfo_Info: <Event name="StateInfo" time="7.919" tag=">>>>>" CmdAutoStartPos2.state="DESCEND" />
globalTracer.CmdAutoStartPos2_Info: [8.052] DESCEND: xDist=-124.5, tilt=12.330, enteringBalance=null, exitingBalance=null, tiltTriggered=true
globalTracer.traceStateInfo_Info: <Event name="StateInfo" time="8.055" tag=">>>>>" CmdAutoStartPos2.state="DESCEND" />
globalTracer.CmdAutoStartPos2_Info: [8.282] DESCEND: xDist=-127.7, tilt=3.270, enteringBalance=TILT_RIGHT, exitingBalance=null, tiltTriggered=true
globalTracer.traceStateInfo_Info: <Event name="StateInfo" time="8.295" tag=">>>>>" CmdAutoStartPos2.state="DESCEND" />
globalTracer.CmdAutoStartPos2_Info: [8.388] BALANCE: xDist=-128.8, tilt=6.970, enteringBalance=null, exitingBalance=TILT_RIGHT, tiltTriggered=true
globalTracer.autoAssistBalance_Info: TaskAutoBalance: initSide=OUTSIDE, event=(CmdAutoStartPos2.autoAssistEvent=SIGNALED)
globalTracer.acquireSubsystemOwnership_Info: TaskAutoBalance: Successfully acquired subsystem ownerships.
globalTracer.traceStateInfo_Info: <Event name="StateInfo" time="8.425" tag=">>>>>" CmdAutoStartPos2.state="BALANCE" />
globalTracer.startCompetition_Warn: AUTO_MODE.periodic took too long (0.041s/0.040s)
globalTracer.TaskAutoBalance_Info: [8.432] START: xDist=-128.8, tilt=2.050, inBalance=false, leveling=false, tiltTriggered=false
globalTracer.traceStateInfo_Info: <Event name="StateInfo" time="8.448" tag=">>>>>" TaskAutoBalance.state="START" />
globalTracer.startCompetition_Warn: AUTO_MODE took too long (0.066/0.020)
globalTracer.TaskAutoBalance_Info: [8.519] CLIMB: xDist=-129.4, tilt=5.910, inBalance=false, leveling=false, tiltTriggered=true
globalTracer.traceStateInfo_Info: <Event name="StateInfo" time="8.522" tag=">>>>>" TaskAutoBalance.state="CLIMB" />
globalTracer.TaskAutoBalance_Info: [8.539] CLIMB: xDist=-129.4, tilt=4.300, inBalance=true, leveling=false, tiltTriggered=true
globalTracer.traceStateInfo_Info: <Event name="StateInfo" time="8.541" tag=">>>>>" TaskAutoBalance.state="CLIMB" />
globalTracer.TaskAutoBalance_Info: [8.591] CLIMB: xDist=-129.4, tilt=5.050, inBalance=false, leveling=false, tiltTriggered=true
globalTracer.traceStateInfo_Info: <Event name="StateInfo" time="8.593" tag=">>>>>" TaskAutoBalance.state="CLIMB" />
globalTracer.TaskAutoBalance_Info: [8.618] CLIMB: xDist=-129.4, tilt=4.440, inBalance=true, leveling=false, tiltTriggered=true
globalTracer.traceStateInfo_Info: <Event name="StateInfo" time="8.620" tag=">>>>>" TaskAutoBalance.state="CLIMB" />
globalTracer.TaskAutoBalance_Info: [8.834] CLIMB: xDist=-129.5, tilt=6.560, inBalance=false, leveling=false, tiltTriggered=true
globalTracer.traceStateInfo_Info: <Event name="StateInfo" time="8.846" tag=">>>>>" TaskAutoBalance.state="CLIMB" />
globalTracer.TaskAutoBalance_Info: [8.858] CLIMB: xDist=-129.5, tilt=3.940, inBalance=true, leveling=false, tiltTriggered=true
globalTracer.traceStateInfo_Info: <Event name="StateInfo" time="8.867" tag=">>>>>" TaskAutoBalance.state="CLIMB" />
globalTracer.TaskAutoBalance_Info: [9.268] CLIMB: xDist=-129.9, tilt=5.920, inBalance=false, leveling=false, tiltTriggered=true
globalTracer.traceStateInfo_Info: <Event name="StateInfo" time="9.276" tag=">>>>>" TaskAutoBalance.state="CLIMB" />
globalTracer.TaskAutoBalance_Info: [9.509] CLIMB: xDist=-130.3, tilt=15.260, inBalance=false, leveling=false, tiltTriggered=true
globalTracer.traceStateInfo_Info: <Event name="StateInfo" time="9.518" tag=">>>>>" TaskAutoBalance.state="CLIMB" />
globalTracer.TaskAutoBalance_Info: [10.999] CLIMB: xDist=-131.9, tilt=14.980, inBalance=false, leveling=true, tiltTriggered=true
globalTracer.traceStateInfo_Info: <Event name="StateInfo" time="11.001" tag=">>>>>" TaskAutoBalance.state="CLIMB" />
globalTracer.TaskAutoBalance_Info: [11.751] SETTLE: xDist=-133.5, tilt=-13.760, inBalance=false, leveling=false, tiltTriggered=true
globalTracer.traceStateInfo_Info: <Event name="StateInfo" time="11.765" tag=">>>>>" TaskAutoBalance.state="SETTLE" />
globalTracer.TaskAutoBalance_Info: [12.049] CHECK: xDist=-133.7, tilt=-18.430, inBalance=false, leveling=false, tiltTriggered=true
globalTracer.traceStateInfo_Info: <Event name="StateInfo" time="12.060" tag=">>>>>" TaskAutoBalance.state="CHECK" />
globalTracer.TaskAutoBalance_Info: [13.103] SETTLE: xDist=-133.9, tilt=-14.920, inBalance=false, leveling=true, tiltTriggered=true
globalTracer.traceStateInfo_Info: <Event name="StateInfo" time="13.114" tag=">>>>>" TaskAutoBalance.state="SETTLE" />
globalTracer.TaskAutoBalance_Info: [14.134] CHECK: xDist=-134.1, tilt=-12.660, inBalance=false, leveling=true, tiltTriggered=false
globalTracer.traceStateInfo_Info: <Event name="StateInfo" time="14.141" tag=">>>>>" TaskAutoBalance.state="CHECK" />
globalTracer.startCompetition_Info: *** Transitioning from AUTO_MODE to DISABLED_MODE ***
globalTracer.autoAssistCancel_Info: TaskAutoScore: Canceling auto-assist score object.
globalTracer.autoAssistCancel_Info: TaskAutoBalance: Canceling auto-assist balance.
globalTracer.stopSubsystems_Info: TaskAutoBalance: Stopping subsystems.
globalTracer.releaseSubsystemsOwnership_Info: TaskAutoBalance: Releasing subsystem ownership (currOwner=TaskAutoBalance, robotDrive=TaskAutoBalance).
globalTracer.robotStopMode_Info: [15.397] ***** Stop AUTO_MODE *****
globalTracer.FrcRobotBase_Info: ***** Performance Metrics *****
globalTracer.FrcRobotBase_Info: (AUTO_MODE->DISABLED_MODE) Performance Metrics: LoopCount=718
globalTracer.FrcRobotBase_Info: RobotInit=5.209881, PrevModeStopTask=0.002029, PrevStopMode=0.025912, PrevRobotStopMode=0.003307, RobotStartMode=0.586541, startMode=0.033032, startTask=0.000714
globalTracer.FrcRobotBase_Info: PrePeriodicTask(Avg/Max)=0.001375/0.061930
globalTracer.FrcRobotBase_Info: Periodic(Avg/Max)=0.002157/0.061418
globalTracer.FrcRobotBase_Info: postPeriodicTask(Avg/Max)=0.000921/0.054582
globalTracer.FrcRobotBase_Info: Updates(Avg/Max)=0.003957/0.010227
globalTracer.TaskPerformance_Info: TrcWatchdogMgr: STANDALONE_TASK=0.000668/0.990497
globalTracer.TaskPerformance_Info: LED: OUTPUT_TASK=0.000021/0.020283
globalTracer.TaskPerformance_Info: TrcMotor.odometryTask: STANDALONE_TASK=0.000049/0.000067
globalTracer.TaskPerformance_Info: lfDrive.cleanupTask: STOP_TASK=0.000159/7.691379
globalTracer.TaskPerformance_Info: lfWheel.servo.stopTask: STOP_TASK=0.001584/7.691396
globalTracer.TaskPerformance_Info: rfWheel.servo.stopTask: STOP_TASK=0.000822/7.689862
globalTracer.TaskPerformance_Info: lbWheel.servo.stopTask: STOP_TASK=0.000028/7.690642
globalTracer.TaskPerformance_Info: rbWheel.servo.stopTask: STOP_TASK=0.000022/7.690645
globalTracer.TaskPerformance_Info: TrcDriveBase.odometryTask: PRE_PERIODIC_TASK=0.001207/0.020506
globalTracer.TaskPerformance_Info: TrcDriveBase.stopTask: STOP_TASK=0.003651/7.690646
globalTracer.TaskPerformance_Info: purePursuitDrive.driveTask: POST_PERIODIC_TASK=0.003850/0.020225
globalTracer.TaskPerformance_Info: tiltTrigger.triggerTask: PRE_PERIODIC_TASK=0.000065/0.020038
globalTracer.TaskPerformance_Info: distanceTrigger.triggerTask: PRE_PERIODIC_TASK=0.000049/0.044809
globalTracer.TaskPerformance_Info: Elevator.pidActuator.pidMotorTask: OUTPUT_TASK=0.000657/0.022022
globalTracer.TaskPerformance_Info: Arm.pidActuator.pidMotorTask: OUTPUT_TASK=0.000437/0.022027
globalTracer.TaskPerformance_Info: Wrist.pidActuator.pidMotorTask: OUTPUT_TASK=0.000539/0.027412
globalTracer.TaskPerformance_Info: Intake.trigger.triggerTask: PRE_PERIODIC_TASK=0.000094/0.015382
globalTracer.TaskPerformance_Info: TaskAutoScore: POST_PERIODIC_TASK=0.000758/0.020378
globalTracer.TaskPerformance_Info: TaskAutoBalance: POST_PERIODIC_TASK=0.000579/0.019925
