globalTracer.robotStartMode_Info: [0.026] Sat Mar 18 10:07:58 PDT 2023: ***** TELEOP_MODE *****
globalTracer.lfDrive.recordResponseCode_Err: setSelectedSensorPosition (ErrCode=SigNotUpdated)
globalTracer.registerWatchdog_Warn: Watchdog TrcMotor.odometryTask was already registered.
globalTracer.printThreadStack_Info: thread stack: 
java.base/java.lang.Thread.getStackTrace(Unknown Source)
TrcCommonLib.trclib.TrcDbgTrace.printThreadStack(TrcDbgTrace.java:197)
TrcCommonLib.trclib.TrcDbgTrace.printThreadStack(TrcDbgTrace.java:210)
TrcCommonLib.trclib.TrcWatchdogMgr.registerWatchdog(TrcWatchdogMgr.java:274)
TrcCommonLib.trclib.TrcWatchdogMgr.registerWatchdog(TrcWatchdogMgr.java:290)
TrcCommonLib.trclib.TrcPeriodicThread.run(TrcPeriodicThread.java:385)
java.base/java.lang.Thread.run(Unknown Source)
globalTracer.rfDrive.recordResponseCode_Err: setSelectedSensorPosition (ErrCode=SigNotUpdated)
globalTracer.lbDrive.recordResponseCode_Err: setSelectedSensorPosition (ErrCode=SigNotUpdated)
globalTracer.rbDrive.recordResponseCode_Err: setSelectedSensorPosition (ErrCode=SigNotUpdated)
globalTracer.startCompetition_Warn: TELEOP_MODE.periodic took too long (0.042s/0.040s)
globalTracer.startCompetition_Warn: TELEOP_MODE took too long (0.328/0.020)
globalTracer.startCompetition_Warn: TELEOP_MODE took too long (0.047/0.020)
globalTracer.startCompetition_Warn: TELEOP_MODE took too long (0.040/0.020)
globalTracer.startCompetition_Warn: TELEOP_MODE took too long (0.049/0.020)
globalTracer.startCompetition_Warn: TELEOP_MODE.periodic took too long (0.042s/0.040s)
globalTracer.startCompetition_Warn: TELEOP_MODE took too long (0.057/0.020)
globalTracer.startCompetition_Warn: TELEOP_MODE took too long (0.042/0.020)
globalTracer.startCompetition_Warn: TELEOP_MODE.periodic took too long (0.040s/0.040s)
globalTracer.startCompetition_Warn: TELEOP_MODE took too long (0.051/0.020)
globalTracer.startCompetition_Warn: TELEOP_MODE took too long (0.043/0.020)
globalTracer.startCompetition_Warn: TELEOP_MODE took too long (0.044/0.020)
globalTracer.startCompetition_Warn: TELEOP_MODE took too long (0.047/0.020)
globalTracer.startCompetition_Warn: TELEOP_MODE took too long (0.044/0.020)
globalTracer.startCompetition_Warn: TELEOP_MODE.periodic took too long (0.061s/0.040s)
globalTracer.startCompetition_Warn: TELEOP_MODE took too long (0.081/0.020)
globalTracer.startCompetition_Warn: TELEOP_MODE took too long (0.051/0.020)
globalTracer.startCompetition_Warn: TELEOP_MODE took too long (0.054/0.020)
globalTracer.startCompetition_Warn: TELEOP_MODE took too long (0.043/0.020)
globalTracer.startCompetition_Warn: TELEOP_MODE took too long (0.052/0.020)
globalTracer.startCompetition_Warn: TELEOP_MODE.periodic took too long (0.043s/0.040s)
globalTracer.startCompetition_Warn: TELEOP_MODE took too long (0.056/0.020)
globalTracer.startCompetition_Warn: TELEOP_MODE took too long (0.051/0.020)
globalTracer.startCompetition_Warn: TELEOP_MODE took too long (0.046/0.020)
globalTracer.startCompetition_Warn: TELEOP_MODE.periodic took too long (0.040s/0.040s)
globalTracer.startCompetition_Warn: TELEOP_MODE took too long (0.052/0.020)
globalTracer.startCompetition_Warn: TELEOP_MODE.periodic took too long (0.041s/0.040s)
globalTracer.startCompetition_Warn: TELEOP_MODE took too long (0.061/0.020)
globalTracer.startCompetition_Warn: TELEOP_MODE took too long (0.043/0.020)
globalTracer.startCompetition_Warn: TELEOP_MODE took too long (0.050/0.020)
globalTracer.startCompetition_Warn: TELEOP_MODE took too long (0.047/0.020)
globalTracer.startCompetition_Warn: TELEOP_MODE took too long (0.052/0.020)
globalTracer.startCompetition_Warn: TELEOP_MODE took too long (0.045/0.020)
globalTracer.startCompetition_Warn: TELEOP_MODE took too long (0.046/0.020)
globalTracer.startCompetition_Warn: TELEOP_MODE took too long (0.044/0.020)
globalTracer.startCompetition_Warn: TELEOP_MODE took too long (0.042/0.020)
globalTracer.startCompetition_Warn: TELEOP_MODE took too long (0.044/0.020)
globalTracer.startCompetition_Warn: TELEOP_MODE took too long (0.046/0.020)
globalTracer.startCompetition_Warn: TELEOP_MODE.periodic took too long (0.042s/0.040s)
globalTracer.startCompetition_Warn: TELEOP_MODE took too long (0.052/0.020)
globalTracer.startCompetition_Warn: TELEOP_MODE took too long (0.041/0.020)
globalTracer.startCompetition_Warn: TELEOP_MODE took too long (0.042/0.020)
globalTracer.startCompetition_Warn: TELEOP_MODE took too long (0.048/0.020)
globalTracer.startCompetition_Warn: TELEOP_MODE.periodic took too long (0.042s/0.040s)
globalTracer.startCompetition_Warn: TELEOP_MODE took too long (0.051/0.020)
globalTracer.startCompetition_Warn: TELEOP_MODE took too long (0.051/0.020)
globalTracer.startCompetition_Warn: TELEOP_MODE took too long (0.041/0.020)
globalTracer.startCompetition_Warn: TELEOP_MODE.periodic took too long (0.041s/0.040s)
globalTracer.startCompetition_Warn: TELEOP_MODE took too long (0.058/0.020)
globalTracer.startCompetition_Warn: TELEOP_MODE took too long (0.046/0.020)
globalTracer.startCompetition_Warn: TELEOP_MODE took too long (0.046/0.020)
globalTracer.startCompetition_Warn: TELEOP_MODE took too long (0.053/0.020)
globalTracer.startCompetition_Warn: TELEOP_MODE took too long (0.048/0.020)
globalTracer.startCompetition_Warn: TELEOP_MODE took too long (0.050/0.020)
globalTracer.startCompetition_Warn: TELEOP_MODE took too long (0.054/0.020)
globalTracer.startCompetition_Warn: TELEOP_MODE took too long (0.048/0.020)
globalTracer.startCompetition_Warn: TELEOP_MODE took too long (0.045/0.020)
globalTracer.startCompetition_Warn: TELEOP_MODE.periodic took too long (0.042s/0.040s)
globalTracer.startCompetition_Warn: TELEOP_MODE took too long (0.065/0.020)
globalTracer.startCompetition_Warn: TELEOP_MODE took too long (0.046/0.020)
globalTracer.startCompetition_Warn: TELEOP_MODE took too long (0.040/0.020)
globalTracer.startCompetition_Warn: TELEOP_MODE took too long (0.047/0.020)
globalTracer.startCompetition_Warn: TELEOP_MODE.periodic took too long (0.040s/0.040s)
globalTracer.startCompetition_Warn: TELEOP_MODE took too long (0.060/0.020)
globalTracer.startCompetition_Warn: TELEOP_MODE took too long (0.048/0.020)
globalTracer.startCompetition_Warn: TELEOP_MODE took too long (0.044/0.020)
globalTracer.startCompetition_Warn: TELEOP_MODE took too long (0.041/0.020)
globalTracer.startCompetition_Warn: TELEOP_MODE took too long (0.046/0.020)
globalTracer.startCompetition_Warn: TELEOP_MODE.periodic took too long (0.042s/0.040s)
globalTracer.startCompetition_Warn: TELEOP_MODE took too long (0.054/0.020)
globalTracer.startCompetition_Warn: TELEOP_MODE.periodic took too long (0.041s/0.040s)
globalTracer.startCompetition_Warn: TELEOP_MODE took too long (0.062/0.020)
globalTracer.startCompetition_Warn: TELEOP_MODE took too long (0.040/0.020)
globalTracer.startCompetition_Warn: TELEOP_MODE took too long (0.043/0.020)
globalTracer.startCompetition_Warn: TELEOP_MODE.periodic took too long (0.043s/0.040s)
globalTracer.startCompetition_Warn: TELEOP_MODE took too long (0.052/0.020)
globalTracer.startCompetition_Warn: TELEOP_MODE.periodic took too long (0.061s/0.040s)
globalTracer.startCompetition_Warn: TELEOP_MODE took too long (0.091/0.020)
globalTracer.startCompetition_Warn: TELEOP_MODE took too long (0.051/0.020)
globalTracer.startCompetition_Warn: TELEOP_MODE.periodic took too long (0.041s/0.040s)
globalTracer.startCompetition_Warn: TELEOP_MODE took too long (0.055/0.020)
globalTracer.startCompetition_Warn: TELEOP_MODE.periodic took too long (0.041s/0.040s)
globalTracer.startCompetition_Warn: TELEOP_MODE took too long (0.058/0.020)
globalTracer.startCompetition_Warn: TELEOP_MODE took too long (0.044/0.020)
globalTracer.startCompetition_Warn: TELEOP_MODE took too long (0.046/0.020)
globalTracer.startCompetition_Warn: TELEOP_MODE took too long (0.046/0.020)
globalTracer.startCompetition_Warn: TELEOP_MODE took too long (0.043/0.020)
globalTracer.startCompetition_Warn: TELEOP_MODE took too long (0.049/0.020)
globalTracer.startCompetition_Warn: TELEOP_MODE took too long (0.048/0.020)
globalTracer.startCompetition_Warn: TELEOP_MODE took too long (0.046/0.020)
globalTracer.startCompetition_Warn: TELEOP_MODE.periodic took too long (0.042s/0.040s)
globalTracer.startCompetition_Warn: TELEOP_MODE took too long (0.049/0.020)
globalTracer.startCompetition_Warn: TELEOP_MODE.periodic took too long (0.044s/0.040s)
globalTracer.startCompetition_Warn: TELEOP_MODE took too long (0.064/0.020)
globalTracer.startCompetition_Warn: TELEOP_MODE took too long (0.047/0.020)
globalTracer.startCompetition_Warn: TELEOP_MODE took too long (0.048/0.020)
globalTracer.startCompetition_Warn: TELEOP_MODE took too long (0.045/0.020)
globalTracer.startCompetition_Warn: TELEOP_MODE took too long (0.044/0.020)
globalTracer.startCompetition_Warn: TELEOP_MODE took too long (0.040/0.020)
globalTracer.startCompetition_Warn: TELEOP_MODE.periodic took too long (0.041s/0.040s)
globalTracer.startCompetition_Warn: TELEOP_MODE took too long (0.052/0.020)
globalTracer.startCompetition_Warn: TELEOP_MODE took too long (0.045/0.020)
globalTracer.startCompetition_Warn: TELEOP_MODE took too long (0.046/0.020)
globalTracer.startCompetition_Warn: TELEOP_MODE.periodic took too long (0.045s/0.040s)
globalTracer.startCompetition_Warn: TELEOP_MODE took too long (0.055/0.020)
globalTracer.startCompetition_Warn: TELEOP_MODE took too long (0.050/0.020)
globalTracer.startCompetition_Warn: TELEOP_MODE took too long (0.044/0.020)
globalTracer.startCompetition_Warn: TELEOP_MODE took too long (0.048/0.020)
globalTracer.startCompetition_Warn: TELEOP_MODE took too long (0.042/0.020)
globalTracer.startCompetition_Warn: TELEOP_MODE took too long (0.053/0.020)
globalTracer.startCompetition_Warn: TELEOP_MODE took too long (0.043/0.020)
globalTracer.startCompetition_Warn: TELEOP_MODE took too long (0.048/0.020)
globalTracer.startCompetition_Warn: TELEOP_MODE took too long (0.043/0.020)
globalTracer.startCompetition_Warn: TELEOP_MODE.periodic took too long (0.044s/0.040s)
globalTracer.startCompetition_Warn: TELEOP_MODE took too long (0.058/0.020)
globalTracer.startCompetition_Warn: TELEOP_MODE took too long (0.044/0.020)
globalTracer.startCompetition_Warn: TELEOP_MODE took too long (0.043/0.020)
globalTracer.startCompetition_Warn: TELEOP_MODE took too long (0.048/0.020)
globalTracer.startCompetition_Warn: TELEOP_MODE took too long (0.044/0.020)
globalTracer.startCompetition_Warn: TELEOP_MODE took too long (0.047/0.020)
globalTracer.startCompetition_Warn: TELEOP_MODE.periodic took too long (0.041s/0.040s)
globalTracer.startCompetition_Warn: TELEOP_MODE took too long (0.058/0.020)
globalTracer.startCompetition_Warn: TELEOP_MODE took too long (0.044/0.020)
globalTracer.startCompetition_Warn: TELEOP_MODE took too long (0.043/0.020)
globalTracer.startCompetition_Warn: TELEOP_MODE took too long (0.047/0.020)
globalTracer.startCompetition_Warn: TELEOP_MODE took too long (0.052/0.020)
globalTracer.startCompetition_Warn: TELEOP_MODE took too long (0.048/0.020)
globalTracer.startCompetition_Warn: TELEOP_MODE took too long (0.044/0.020)
globalTracer.startCompetition_Warn: TELEOP_MODE took too long (0.048/0.020)
globalTracer.startCompetition_Warn: TELEOP_MODE took too long (0.040/0.020)
globalTracer.startCompetition_Warn: TELEOP_MODE took too long (0.052/0.020)
globalTracer.startCompetition_Warn: TELEOP_MODE took too long (0.041/0.020)
globalTracer.startCompetition_Warn: TELEOP_MODE took too long (0.047/0.020)
globalTracer.startCompetition_Warn: TELEOP_MODE took too long (0.046/0.020)
globalTracer.startCompetition_Warn: TELEOP_MODE took too long (0.044/0.020)
globalTracer.startCompetition_Warn: TELEOP_MODE took too long (0.051/0.020)
globalTracer.startCompetition_Warn: TELEOP_MODE took too long (0.041/0.020)
globalTracer.startCompetition_Warn: TELEOP_MODE took too long (0.047/0.020)
globalTracer.startCompetition_Warn: TELEOP_MODE.periodic took too long (0.044s/0.040s)
globalTracer.startCompetition_Warn: TELEOP_MODE took too long (0.053/0.020)
globalTracer.startCompetition_Warn: TELEOP_MODE took too long (0.041/0.020)
globalTracer.startCompetition_Warn: TELEOP_MODE took too long (0.043/0.020)
globalTracer.startCompetition_Warn: TELEOP_MODE took too long (0.042/0.020)
globalTracer.startCompetition_Warn: TELEOP_MODE took too long (0.046/0.020)
globalTracer.startCompetition_Warn: TELEOP_MODE took too long (0.043/0.020)
globalTracer.startCompetition_Warn: TELEOP_MODE took too long (0.040/0.020)
globalTracer.startCompetition_Warn: TELEOP_MODE.periodic took too long (0.041s/0.040s)
globalTracer.startCompetition_Warn: TELEOP_MODE took too long (0.049/0.020)
globalTracer.startCompetition_Warn: TELEOP_MODE took too long (0.047/0.020)
globalTracer.startCompetition_Warn: TELEOP_MODE.periodic took too long (0.044s/0.040s)
globalTracer.startCompetition_Warn: TELEOP_MODE took too long (0.059/0.020)
globalTracer.startCompetition_Warn: TELEOP_MODE took too long (0.042/0.020)
globalTracer.startCompetition_Warn: TELEOP_MODE.periodic took too long (0.044s/0.040s)
globalTracer.startCompetition_Warn: TELEOP_MODE took too long (0.057/0.020)
globalTracer.startCompetition_Warn: TELEOP_MODE took too long (0.049/0.020)
globalTracer.startCompetition_Warn: TELEOP_MODE.periodic took too long (0.045s/0.040s)
globalTracer.startCompetition_Warn: TELEOP_MODE took too long (0.056/0.020)
globalTracer.startCompetition_Warn: TELEOP_MODE took too long (0.041/0.020)
globalTracer.startCompetition_Warn: TELEOP_MODE took too long (0.047/0.020)
globalTracer.startCompetition_Warn: TELEOP_MODE took too long (0.041/0.020)
globalTracer.startCompetition_Warn: TELEOP_MODE took too long (0.046/0.020)
globalTracer.startCompetition_Warn: TELEOP_MODE.periodic took too long (0.042s/0.040s)
globalTracer.startCompetition_Warn: TELEOP_MODE took too long (0.054/0.020)
globalTracer.startCompetition_Warn: TELEOP_MODE took too long (0.042/0.020)
globalTracer.startCompetition_Warn: TELEOP_MODE took too long (0.044/0.020)
globalTracer.startCompetition_Warn: TELEOP_MODE.periodic took too long (0.041s/0.040s)
globalTracer.startCompetition_Warn: TELEOP_MODE took too long (0.056/0.020)
globalTracer.startCompetition_Warn: TELEOP_MODE took too long (0.045/0.020)
globalTracer.startCompetition_Warn: TELEOP_MODE took too long (0.048/0.020)
globalTracer.startCompetition_Warn: TELEOP_MODE took too long (0.047/0.020)
globalTracer.startCompetition_Warn: TELEOP_MODE.periodic took too long (0.041s/0.040s)
globalTracer.startCompetition_Warn: TELEOP_MODE took too long (0.053/0.020)
globalTracer.startCompetition_Warn: TELEOP_MODE took too long (0.041/0.020)
globalTracer.startCompetition_Warn: TELEOP_MODE took too long (0.044/0.020)
globalTracer.startCompetition_Warn: TELEOP_MODE took too long (0.047/0.020)
globalTracer.startCompetition_Warn: TELEOP_MODE took too long (0.043/0.020)
globalTracer.startCompetition_Warn: TELEOP_MODE took too long (0.043/0.020)
globalTracer.startCompetition_Warn: TELEOP_MODE took too long (0.041/0.020)
globalTracer.startCompetition_Warn: TELEOP_MODE.periodic took too long (0.047s/0.040s)
globalTracer.startCompetition_Warn: TELEOP_MODE took too long (0.058/0.020)
globalTracer.startCompetition_Warn: TELEOP_MODE took too long (0.046/0.020)
globalTracer.startCompetition_Warn: TELEOP_MODE took too long (0.050/0.020)
globalTracer.startCompetition_Warn: TELEOP_MODE took too long (0.043/0.020)
globalTracer.startCompetition_Warn: TELEOP_MODE took too long (0.044/0.020)
globalTracer.startCompetition_Warn: TELEOP_MODE took too long (0.048/0.020)
globalTracer.startCompetition_Warn: TELEOP_MODE.periodic took too long (0.046s/0.040s)
globalTracer.startCompetition_Warn: TELEOP_MODE took too long (0.053/0.020)
globalTracer.startCompetition_Warn: TELEOP_MODE took too long (0.043/0.020)
globalTracer.startCompetition_Warn: TELEOP_MODE took too long (0.045/0.020)
globalTracer.startCompetition_Warn: TELEOP_MODE.periodic took too long (0.046s/0.040s)
globalTracer.startCompetition_Warn: TELEOP_MODE took too long (0.056/0.020)
globalTracer.startCompetition_Warn: TELEOP_MODE took too long (0.042/0.020)
globalTracer.startCompetition_Warn: TELEOP_MODE.periodic took too long (0.047s/0.040s)
globalTracer.startCompetition_Warn: TELEOP_MODE took too long (0.060/0.020)
globalTracer.startCompetition_Warn: TELEOP_MODE took too long (0.044/0.020)
globalTracer.startCompetition_Warn: TELEOP_MODE took too long (0.046/0.020)
globalTracer.startCompetition_Warn: TELEOP_MODE took too long (0.045/0.020)
globalTracer.startCompetition_Warn: TELEOP_MODE.periodic took too long (0.044s/0.040s)
globalTracer.startCompetition_Warn: TELEOP_MODE took too long (0.055/0.020)
globalTracer.startCompetition_Warn: TELEOP_MODE took too long (0.045/0.020)
globalTracer.startCompetition_Warn: TELEOP_MODE took too long (0.044/0.020)
globalTracer.startCompetition_Warn: TELEOP_MODE took too long (0.048/0.020)
globalTracer.startCompetition_Warn: TELEOP_MODE took too long (0.047/0.020)
globalTracer.startCompetition_Warn: TELEOP_MODE took too long (0.043/0.020)
globalTracer.startCompetition_Warn: TELEOP_MODE took too long (0.045/0.020)
globalTracer.startCompetition_Warn: TELEOP_MODE took too long (0.042/0.020)
globalTracer.startCompetition_Warn: TELEOP_MODE took too long (0.042/0.020)
globalTracer.startCompetition_Warn: TELEOP_MODE took too long (0.043/0.020)
globalTracer.startCompetition_Warn: TELEOP_MODE took too long (0.044/0.020)
globalTracer.startCompetition_Warn: TELEOP_MODE took too long (0.043/0.020)
globalTracer.startCompetition_Warn: TELEOP_MODE.periodic took too long (0.043s/0.040s)
globalTracer.startCompetition_Warn: TELEOP_MODE took too long (0.058/0.020)
globalTracer.startCompetition_Warn: TELEOP_MODE took too long (0.046/0.020)
globalTracer.startCompetition_Warn: TELEOP_MODE took too long (0.045/0.020)
globalTracer.startCompetition_Warn: TELEOP_MODE took too long (0.041/0.020)
globalTracer.startCompetition_Warn: TELEOP_MODE took too long (0.042/0.020)
globalTracer.startCompetition_Warn: TELEOP_MODE took too long (0.052/0.020)
globalTracer.startCompetition_Warn: TELEOP_MODE took too long (0.042/0.020)
globalTracer.startCompetition_Warn: TELEOP_MODE took too long (0.046/0.020)
globalTracer.startCompetition_Warn: TELEOP_MODE took too long (0.045/0.020)
globalTracer.startCompetition_Warn: TELEOP_MODE.periodic took too long (0.044s/0.040s)
globalTracer.startCompetition_Warn: TELEOP_MODE took too long (0.063/0.020)
globalTracer.startCompetition_Warn: TELEOP_MODE took too long (0.044/0.020)
globalTracer.startCompetition_Warn: TELEOP_MODE took too long (0.043/0.020)
globalTracer.startCompetition_Warn: TELEOP_MODE took too long (0.049/0.020)
globalTracer.startCompetition_Warn: TELEOP_MODE took too long (0.049/0.020)
globalTracer.startCompetition_Warn: TELEOP_MODE took too long (0.051/0.020)
globalTracer.startCompetition_Warn: TELEOP_MODE took too long (0.046/0.020)
globalTracer.startCompetition_Warn: TELEOP_MODE took too long (0.041/0.020)
globalTracer.startCompetition_Warn: TELEOP_MODE took too long (0.046/0.020)
globalTracer.startCompetition_Warn: TELEOP_MODE took too long (0.048/0.020)
globalTracer.startCompetition_Warn: TELEOP_MODE took too long (0.043/0.020)
globalTracer.startCompetition_Warn: TELEOP_MODE.periodic took too long (0.042s/0.040s)
globalTracer.startCompetition_Warn: TELEOP_MODE took too long (0.054/0.020)
globalTracer.startCompetition_Warn: TELEOP_MODE took too long (0.052/0.020)
globalTracer.startCompetition_Warn: TELEOP_MODE.periodic took too long (0.040s/0.040s)
globalTracer.startCompetition_Warn: TELEOP_MODE took too long (0.053/0.020)
globalTracer.startCompetition_Warn: TELEOP_MODE took too long (0.042/0.020)
globalTracer.startCompetition_Warn: TELEOP_MODE.periodic took too long (0.057s/0.040s)
globalTracer.startCompetition_Warn: TELEOP_MODE took too long (0.075/0.020)
globalTracer.startCompetition_Warn: TELEOP_MODE took too long (0.052/0.020)
globalTracer.startCompetition_Warn: TELEOP_MODE took too long (0.041/0.020)
globalTracer.startCompetition_Warn: TELEOP_MODE.periodic took too long (0.042s/0.040s)
globalTracer.startCompetition_Warn: TELEOP_MODE took too long (0.051/0.020)
globalTracer.startCompetition_Warn: TELEOP_MODE took too long (0.050/0.020)
globalTracer.startCompetition_Warn: TELEOP_MODE took too long (0.045/0.020)
globalTracer.startCompetition_Warn: TELEOP_MODE took too long (0.052/0.020)
globalTracer.startCompetition_Warn: TELEOP_MODE took too long (0.045/0.020)
globalTracer.startCompetition_Warn: TELEOP_MODE.periodic took too long (0.041s/0.040s)
globalTracer.startCompetition_Warn: TELEOP_MODE took too long (0.052/0.020)
globalTracer.startCompetition_Warn: TELEOP_MODE took too long (0.045/0.020)
globalTracer.startCompetition_Warn: TELEOP_MODE took too long (0.043/0.020)
globalTracer.startCompetition_Warn: TELEOP_MODE took too long (0.045/0.020)
globalTracer.startCompetition_Warn: TELEOP_MODE took too long (0.040/0.020)
globalTracer.startCompetition_Warn: TELEOP_MODE took too long (0.042/0.020)
globalTracer.startCompetition_Warn: TELEOP_MODE took too long (0.044/0.020)
globalTracer.startCompetition_Warn: TELEOP_MODE took too long (0.045/0.020)
globalTracer.startCompetition_Warn: TELEOP_MODE took too long (0.049/0.020)
globalTracer.startCompetition_Warn: TELEOP_MODE took too long (0.041/0.020)
globalTracer.startCompetition_Warn: TELEOP_MODE took too long (0.045/0.020)
globalTracer.startCompetition_Warn: TELEOP_MODE took too long (0.052/0.020)
globalTracer.startCompetition_Warn: TELEOP_MODE took too long (0.043/0.020)
globalTracer.startCompetition_Warn: TELEOP_MODE took too long (0.042/0.020)
globalTracer.startCompetition_Warn: TELEOP_MODE took too long (0.048/0.020)
globalTracer.startCompetition_Warn: TELEOP_MODE took too long (0.042/0.020)
globalTracer.startCompetition_Warn: TELEOP_MODE took too long (0.045/0.020)
globalTracer.startCompetition_Warn: TELEOP_MODE took too long (0.045/0.020)
globalTracer.startCompetition_Warn: TELEOP_MODE took too long (0.044/0.020)
globalTracer.startCompetition_Warn: TELEOP_MODE took too long (0.046/0.020)
globalTracer.startCompetition_Warn: TELEOP_MODE took too long (0.044/0.020)
globalTracer.startCompetition_Warn: TELEOP_MODE took too long (0.049/0.020)
globalTracer.startCompetition_Warn: TELEOP_MODE took too long (0.043/0.020)
globalTracer.startCompetition_Warn: TELEOP_MODE took too long (0.048/0.020)
globalTracer.startCompetition_Warn: TELEOP_MODE took too long (0.049/0.020)
globalTracer.startCompetition_Warn: TELEOP_MODE took too long (0.043/0.020)
globalTracer.startCompetition_Warn: TELEOP_MODE took too long (0.041/0.020)
globalTracer.startCompetition_Warn: TELEOP_MODE took too long (0.046/0.020)
globalTracer.startCompetition_Warn: TELEOP_MODE took too long (0.041/0.020)
globalTracer.startCompetition_Warn: TELEOP_MODE took too long (0.047/0.020)
globalTracer.startCompetition_Warn: TELEOP_MODE took too long (0.044/0.020)
globalTracer.startCompetition_Warn: TELEOP_MODE took too long (0.045/0.020)
globalTracer.startCompetition_Warn: TELEOP_MODE took too long (0.041/0.020)
globalTracer.startCompetition_Warn: TELEOP_MODE took too long (0.045/0.020)
globalTracer.startCompetition_Warn: TELEOP_MODE took too long (0.044/0.020)
globalTracer.startCompetition_Warn: TELEOP_MODE took too long (0.041/0.020)
globalTracer.startCompetition_Warn: TELEOP_MODE took too long (0.042/0.020)
globalTracer.startCompetition_Warn: TELEOP_MODE took too long (0.043/0.020)
globalTracer.startCompetition_Warn: TELEOP_MODE took too long (0.042/0.020)
globalTracer.startCompetition_Warn: TELEOP_MODE took too long (0.049/0.020)
globalTracer.startCompetition_Warn: TELEOP_MODE.periodic took too long (0.044s/0.040s)
globalTracer.startCompetition_Warn: TELEOP_MODE took too long (0.052/0.020)
globalTracer.startCompetition_Warn: TELEOP_MODE.periodic took too long (0.040s/0.040s)
globalTracer.startCompetition_Warn: TELEOP_MODE took too long (0.055/0.020)
globalTracer.startCompetition_Warn: TELEOP_MODE took too long (0.045/0.020)
globalTracer.startCompetition_Warn: TELEOP_MODE took too long (0.042/0.020)
globalTracer.startCompetition_Warn: TELEOP_MODE took too long (0.047/0.020)
globalTracer.startCompetition_Warn: TELEOP_MODE took too long (0.042/0.020)
globalTracer.startCompetition_Warn: TELEOP_MODE took too long (0.050/0.020)
globalTracer.startCompetition_Warn: TELEOP_MODE.periodic took too long (0.045s/0.040s)
globalTracer.startCompetition_Warn: TELEOP_MODE took too long (0.056/0.020)
globalTracer.startCompetition_Warn: TELEOP_MODE took too long (0.043/0.020)
globalTracer.startCompetition_Warn: TELEOP_MODE.periodic took too long (0.042s/0.040s)
globalTracer.startCompetition_Warn: TELEOP_MODE took too long (0.049/0.020)
globalTracer.startCompetition_Warn: TELEOP_MODE took too long (0.046/0.020)
globalTracer.startCompetition_Warn: TELEOP_MODE took too long (0.040/0.020)
globalTracer.startCompetition_Warn: TELEOP_MODE took too long (0.045/0.020)
globalTracer.startCompetition_Warn: TELEOP_MODE took too long (0.048/0.020)
globalTracer.startCompetition_Warn: TELEOP_MODE took too long (0.045/0.020)
globalTracer.startCompetition_Warn: TELEOP_MODE took too long (0.045/0.020)
globalTracer.startCompetition_Warn: TELEOP_MODE took too long (0.046/0.020)
globalTracer.startCompetition_Warn: TELEOP_MODE took too long (0.046/0.020)
globalTracer.startCompetition_Warn: TELEOP_MODE took too long (0.040/0.020)
globalTracer.startCompetition_Warn: TELEOP_MODE.periodic took too long (0.041s/0.040s)
globalTracer.startCompetition_Warn: TELEOP_MODE took too long (0.055/0.020)
globalTracer.startCompetition_Warn: TELEOP_MODE took too long (0.042/0.020)
globalTracer.startCompetition_Warn: TELEOP_MODE took too long (0.045/0.020)
globalTracer.startCompetition_Warn: TELEOP_MODE took too long (0.046/0.020)
globalTracer.startCompetition_Warn: TELEOP_MODE took too long (0.053/0.020)
globalTracer.startCompetition_Warn: TELEOP_MODE took too long (0.042/0.020)
globalTracer.startCompetition_Warn: TELEOP_MODE took too long (0.046/0.020)
globalTracer.startCompetition_Warn: TELEOP_MODE took too long (0.046/0.020)
globalTracer.startCompetition_Warn: TELEOP_MODE took too long (0.045/0.020)
globalTracer.startCompetition_Warn: TELEOP_MODE took too long (0.042/0.020)
globalTracer.startCompetition_Warn: TELEOP_MODE took too long (0.043/0.020)
globalTracer.startCompetition_Warn: TELEOP_MODE took too long (0.048/0.020)
globalTracer.startCompetition_Warn: TELEOP_MODE took too long (0.044/0.020)
globalTracer.startCompetition_Warn: TELEOP_MODE took too long (0.045/0.020)
globalTracer.startCompetition_Warn: TELEOP_MODE took too long (0.044/0.020)
globalTracer.startCompetition_Warn: TELEOP_MODE took too long (0.047/0.020)
globalTracer.startCompetition_Warn: TELEOP_MODE.periodic took too long (0.042s/0.040s)
globalTracer.startCompetition_Warn: TELEOP_MODE took too long (0.052/0.020)
globalTracer.startCompetition_Warn: TELEOP_MODE took too long (0.047/0.020)
globalTracer.startCompetition_Warn: TELEOP_MODE.periodic took too long (0.041s/0.040s)
globalTracer.startCompetition_Warn: TELEOP_MODE took too long (0.054/0.020)
globalTracer.startCompetition_Warn: TELEOP_MODE took too long (0.049/0.020)
globalTracer.startCompetition_Warn: TELEOP_MODE took too long (0.047/0.020)
globalTracer.startCompetition_Warn: TELEOP_MODE took too long (0.050/0.020)
globalTracer.startCompetition_Warn: TELEOP_MODE took too long (0.043/0.020)
globalTracer.startCompetition_Warn: TELEOP_MODE took too long (0.045/0.020)
globalTracer.startCompetition_Warn: TELEOP_MODE took too long (0.040/0.020)
globalTracer.startCompetition_Warn: TELEOP_MODE took too long (0.045/0.020)
globalTracer.startCompetition_Warn: TELEOP_MODE took too long (0.044/0.020)
globalTracer.startCompetition_Warn: TELEOP_MODE took too long (0.043/0.020)
globalTracer.startCompetition_Warn: TELEOP_MODE took too long (0.049/0.020)
globalTracer.startCompetition_Warn: TELEOP_MODE took too long (0.046/0.020)
globalTracer.startCompetition_Warn: TELEOP_MODE took too long (0.045/0.020)
globalTracer.startCompetition_Warn: TELEOP_MODE took too long (0.045/0.020)
globalTracer.startCompetition_Warn: TELEOP_MODE took too long (0.047/0.020)
globalTracer.startCompetition_Warn: TELEOP_MODE took too long (0.045/0.020)
globalTracer.startCompetition_Warn: TELEOP_MODE took too long (0.041/0.020)
globalTracer.startCompetition_Warn: TELEOP_MODE took too long (0.041/0.020)
globalTracer.startCompetition_Warn: TELEOP_MODE took too long (0.042/0.020)
globalTracer.startCompetition_Warn: TELEOP_MODE took too long (0.043/0.020)
globalTracer.startCompetition_Warn: TELEOP_MODE took too long (0.046/0.020)
globalTracer.startCompetition_Warn: TELEOP_MODE took too long (0.044/0.020)
globalTracer.startCompetition_Warn: TELEOP_MODE.periodic took too long (0.042s/0.040s)
globalTracer.startCompetition_Warn: TELEOP_MODE took too long (0.054/0.020)
globalTracer.startCompetition_Warn: TELEOP_MODE took too long (0.041/0.020)
globalTracer.startCompetition_Warn: TELEOP_MODE took too long (0.047/0.020)
globalTracer.startCompetition_Warn: TELEOP_MODE took too long (0.048/0.020)
globalTracer.startCompetition_Warn: TELEOP_MODE took too long (0.043/0.020)
globalTracer.startCompetition_Warn: TELEOP_MODE.periodic took too long (0.041s/0.040s)
globalTracer.startCompetition_Warn: TELEOP_MODE took too long (0.055/0.020)
globalTracer.startCompetition_Warn: TELEOP_MODE took too long (0.052/0.020)
globalTracer.startCompetition_Warn: TELEOP_MODE.periodic took too long (0.040s/0.040s)
globalTracer.startCompetition_Warn: TELEOP_MODE took too long (0.048/0.020)
globalTracer.startCompetition_Warn: TELEOP_MODE took too long (0.049/0.020)
globalTracer.startCompetition_Warn: TELEOP_MODE took too long (0.046/0.020)
globalTracer.startCompetition_Warn: TELEOP_MODE took too long (0.041/0.020)
globalTracer.startCompetition_Warn: TELEOP_MODE took too long (0.044/0.020)
globalTracer.startCompetition_Warn: TELEOP_MODE took too long (0.047/0.020)
globalTracer.startCompetition_Warn: TELEOP_MODE took too long (0.043/0.020)
globalTracer.startCompetition_Warn: TELEOP_MODE took too long (0.046/0.020)
globalTracer.startCompetition_Warn: TELEOP_MODE took too long (0.044/0.020)
globalTracer.startCompetition_Warn: TELEOP_MODE took too long (0.043/0.020)
globalTracer.startCompetition_Warn: TELEOP_MODE took too long (0.047/0.020)
globalTracer.startCompetition_Warn: TELEOP_MODE took too long (0.040/0.020)
globalTracer.startCompetition_Warn: TELEOP_MODE took too long (0.050/0.020)
globalTracer.startCompetition_Warn: TELEOP_MODE took too long (0.050/0.020)
globalTracer.startCompetition_Warn: TELEOP_MODE took too long (0.041/0.020)
globalTracer.startCompetition_Warn: TELEOP_MODE took too long (0.041/0.020)
globalTracer.startCompetition_Warn: TELEOP_MODE took too long (0.048/0.020)
globalTracer.startCompetition_Warn: TELEOP_MODE took too long (0.045/0.020)
globalTracer.startCompetition_Warn: TELEOP_MODE took too long (0.045/0.020)
globalTracer.startCompetition_Warn: TELEOP_MODE took too long (0.042/0.020)
globalTracer.startCompetition_Warn: TELEOP_MODE took too long (0.047/0.020)
globalTracer.startCompetition_Warn: TELEOP_MODE.periodic took too long (0.045s/0.040s)
globalTracer.startCompetition_Warn: TELEOP_MODE took too long (0.053/0.020)
globalTracer.startCompetition_Warn: TELEOP_MODE.periodic took too long (0.042s/0.040s)
globalTracer.startCompetition_Warn: TELEOP_MODE took too long (0.050/0.020)
globalTracer.startCompetition_Warn: TELEOP_MODE.periodic took too long (0.042s/0.040s)
globalTracer.startCompetition_Warn: TELEOP_MODE took too long (0.054/0.020)
globalTracer.startCompetition_Warn: TELEOP_MODE took too long (0.043/0.020)
globalTracer.startCompetition_Warn: TELEOP_MODE took too long (0.042/0.020)
globalTracer.startCompetition_Warn: TELEOP_MODE took too long (0.044/0.020)
globalTracer.startCompetition_Warn: TELEOP_MODE took too long (0.041/0.020)
globalTracer.startCompetition_Warn: TELEOP_MODE took too long (0.042/0.020)
globalTracer.startCompetition_Warn: TELEOP_MODE took too long (0.045/0.020)
globalTracer.startCompetition_Warn: TELEOP_MODE took too long (0.045/0.020)
globalTracer.startCompetition_Warn: TELEOP_MODE took too long (0.044/0.020)
globalTracer.startCompetition_Warn: TELEOP_MODE took too long (0.045/0.020)
globalTracer.startCompetition_Warn: TELEOP_MODE took too long (0.049/0.020)
globalTracer.startCompetition_Warn: TELEOP_MODE took too long (0.045/0.020)
globalTracer.startCompetition_Warn: TELEOP_MODE took too long (0.042/0.020)
globalTracer.startCompetition_Warn: TELEOP_MODE took too long (0.047/0.020)
globalTracer.startCompetition_Warn: TELEOP_MODE took too long (0.041/0.020)
globalTracer.startCompetition_Warn: TELEOP_MODE took too long (0.043/0.020)
globalTracer.startCompetition_Warn: TELEOP_MODE took too long (0.046/0.020)
globalTracer.startCompetition_Warn: TELEOP_MODE took too long (0.043/0.020)
globalTracer.startCompetition_Warn: TELEOP_MODE took too long (0.052/0.020)
globalTracer.startCompetition_Warn: TELEOP_MODE took too long (0.046/0.020)
globalTracer.startCompetition_Warn: TELEOP_MODE took too long (0.048/0.020)
globalTracer.startCompetition_Warn: TELEOP_MODE took too long (0.048/0.020)
globalTracer.startCompetition_Warn: TELEOP_MODE took too long (0.040/0.020)
globalTracer.startCompetition_Warn: TELEOP_MODE took too long (0.047/0.020)
globalTracer.startCompetition_Warn: TELEOP_MODE took too long (0.046/0.020)
globalTracer.startCompetition_Warn: TELEOP_MODE took too long (0.049/0.020)
globalTracer.startCompetition_Warn: TELEOP_MODE took too long (0.042/0.020)
globalTracer.startCompetition_Warn: TELEOP_MODE took too long (0.046/0.020)
globalTracer.startCompetition_Warn: TELEOP_MODE took too long (0.048/0.020)
globalTracer.startCompetition_Warn: TELEOP_MODE took too long (0.042/0.020)
globalTracer.startCompetition_Warn: TELEOP_MODE took too long (0.046/0.020)
globalTracer.startCompetition_Warn: TELEOP_MODE took too long (0.041/0.020)
globalTracer.startCompetition_Warn: TELEOP_MODE.periodic took too long (0.040s/0.040s)
globalTracer.startCompetition_Warn: TELEOP_MODE took too long (0.061/0.020)
globalTracer.startCompetition_Warn: TELEOP_MODE took too long (0.046/0.020)
globalTracer.startCompetition_Warn: TELEOP_MODE took too long (0.042/0.020)
globalTracer.startCompetition_Warn: TELEOP_MODE took too long (0.051/0.020)
globalTracer.startCompetition_Warn: TELEOP_MODE.periodic took too long (0.040s/0.040s)
globalTracer.startCompetition_Warn: TELEOP_MODE took too long (0.053/0.020)
globalTracer.startCompetition_Warn: TELEOP_MODE took too long (0.043/0.020)
globalTracer.startCompetition_Warn: TELEOP_MODE.periodic took too long (0.043s/0.040s)
globalTracer.startCompetition_Warn: TELEOP_MODE took too long (0.056/0.020)
globalTracer.startCompetition_Warn: TELEOP_MODE took too long (0.042/0.020)
globalTracer.startCompetition_Warn: TELEOP_MODE took too long (0.042/0.020)
globalTracer.startCompetition_Warn: TELEOP_MODE took too long (0.043/0.020)
globalTracer.startCompetition_Warn: TELEOP_MODE took too long (0.043/0.020)
globalTracer.startCompetition_Warn: TELEOP_MODE took too long (0.049/0.020)
globalTracer.startCompetition_Warn: TELEOP_MODE took too long (0.042/0.020)
globalTracer.startCompetition_Warn: TELEOP_MODE took too long (0.049/0.020)
globalTracer.startCompetition_Warn: TELEOP_MODE took too long (0.042/0.020)
globalTracer.startCompetition_Warn: TELEOP_MODE took too long (0.044/0.020)
globalTracer.startCompetition_Warn: TELEOP_MODE took too long (0.045/0.020)
globalTracer.startCompetition_Warn: TELEOP_MODE took too long (0.047/0.020)
globalTracer.startCompetition_Warn: TELEOP_MODE took too long (0.045/0.020)
globalTracer.startCompetition_Warn: TELEOP_MODE.periodic took too long (0.042s/0.040s)
globalTracer.startCompetition_Warn: TELEOP_MODE took too long (0.055/0.020)
globalTracer.startCompetition_Warn: TELEOP_MODE took too long (0.050/0.020)
globalTracer.startCompetition_Warn: TELEOP_MODE took too long (0.049/0.020)
globalTracer.setPower_Info: [64.016] owner=null, delay=0.0, leftPower=0.8, rightPower=0.8, duration=0.000
globalTracer.startCompetition_Warn: TELEOP_MODE.prePeriodicTasks took too long (0.041s/0.040s)
globalTracer.startCompetition_Warn: TELEOP_MODE took too long (0.083/0.020)
globalTracer.startCompetition_Warn: TELEOP_MODE took too long (0.044/0.020)
globalTracer.startCompetition_Warn: TELEOP_MODE.periodic took too long (0.051s/0.040s)
globalTracer.startCompetition_Warn: TELEOP_MODE took too long (0.078/0.020)
globalTracer.setPower_Info: [64.298] owner=null, delay=0.0, leftPower=0.8, rightPower=0.8, duration=0.000
globalTracer.startCompetition_Warn: TELEOP_MODE.periodic took too long (0.040s/0.040s)
globalTracer.startCompetition_Warn: TELEOP_MODE took too long (0.057/0.020)
globalTracer.startCompetition_Warn: TELEOP_MODE took too long (0.041/0.020)
globalTracer.startCompetition_Warn: TELEOP_MODE took too long (0.046/0.020)
globalTracer.startCompetition_Warn: TELEOP_MODE took too long (0.046/0.020)
globalTracer.startCompetition_Warn: TELEOP_MODE.periodic took too long (0.042s/0.040s)
globalTracer.startCompetition_Warn: TELEOP_MODE took too long (0.050/0.020)
globalTracer.startCompetition_Warn: TELEOP_MODE took too long (0.045/0.020)
globalTracer.startCompetition_Warn: TELEOP_MODE.periodic took too long (0.044s/0.040s)
globalTracer.startCompetition_Warn: TELEOP_MODE took too long (0.080/0.020)
globalTracer.startCompetition_Warn: TELEOP_MODE took too long (0.052/0.020)
globalTracer.startCompetition_Warn: TELEOP_MODE took too long (0.046/0.020)
globalTracer.startCompetition_Warn: TELEOP_MODE.periodic took too long (0.045s/0.040s)
globalTracer.startCompetition_Warn: TELEOP_MODE took too long (0.058/0.020)
globalTracer.startCompetition_Warn: TELEOP_MODE took too long (0.046/0.020)
globalTracer.startCompetition_Warn: TELEOP_MODE took too long (0.042/0.020)
globalTracer.startCompetition_Warn: TELEOP_MODE took too long (0.044/0.020)
globalTracer.startCompetition_Warn: TELEOP_MODE took too long (0.044/0.020)
globalTracer.startCompetition_Warn: TELEOP_MODE took too long (0.043/0.020)
globalTracer.startCompetition_Warn: TELEOP_MODE took too long (0.042/0.020)
globalTracer.startCompetition_Warn: TELEOP_MODE took too long (0.046/0.020)
globalTracer.startCompetition_Warn: TELEOP_MODE took too long (0.050/0.020)
globalTracer.startCompetition_Warn: TELEOP_MODE took too long (0.046/0.020)
globalTracer.startCompetition_Warn: TELEOP_MODE took too long (0.048/0.020)
globalTracer.startCompetition_Warn: TELEOP_MODE took too long (0.049/0.020)
globalTracer.startCompetition_Warn: TELEOP_MODE took too long (0.045/0.020)
