globalTracer.robotStartMode_Info: [0.035] Fri Mar 17 10:36:48 PDT 2023: ***** AUTO_MODE *****
globalTracer.FrcAuto_Info: <Info name="MatchInfo" date="Fri Mar 17 10:36:48 PDT 2023" event="WAYAK" type="Practice" match=10 replay=1 alliance="Red" location=1 gameMsg="" />
globalTracer.FrcAuto_Info: <Info name="AutoChoices" alliance="Red" strategy="AUTO_STARTPOS_2" startPos="1" preloadedObj="CUBE" scoreLevel="0" scoreLocation="MIDDLE" useVision="true" scorePreload="true" doAutoBalance="false" scoreSecondPiece="true" startDelay=0 sec pathFile="DrivePath.csv" xDistance=6.0 ft yDistance=6.0 ft turnDegrees=90 deg driveTime=4 sec drivePower=4.0 />
globalTracer.CmdAutoStartPos2_Info: >>> robot=Robot2023_ChargedUp, choices=alliance="Red" strategy="AUTO_STARTPOS_2" startPos="1" preloadedObj="CUBE" scoreLevel="0" scoreLocation="MIDDLE" useVision="true" scorePreload="true" doAutoBalance="false" scoreSecondPiece="true" startDelay=0 sec pathFile="DrivePath.csv" xDistance=6.0 ft yDistance=6.0 ft turnDegrees=90 deg driveTime=4 sec drivePower=4.0
globalTracer.startCompetition_Warn: AUTO_MODE.prePeriodicTasks took too long (0.089s/0.040s)
globalTracer.CmdAutoStartPos2_Info: [0.214] START: xDist=0.0, tilt=-0.040, enteringBalance=null, exitingBalance=null, tiltTriggered=false
globalTracer.setAutoStartOffset_Info: offset=2.500
globalTracer.start_Info: Path=TrcPath(degrees=true, [TrcWaypoint(pose=(x=-108.2,y=554.8,angle=0.0),vel=0.00), TrcWaypoint(pose=(x=-108.2,y=530.8,angle=0.0),vel=0.00)])
globalTracer.setPower_Info: [0.283] owner=null, delay=0.2, leftPower=-0.5, rightPower=-0.5, duration=0.500
globalTracer.traceStateInfo_Info: <Event name="StateInfo" time="0.308" tag=">>>>>" CmdAutoStartPos2.state="START" RobotPose=(x=-108.2,y=554.8,angle=0.0) TargetPose=(x=-108.2,y=530.8,angle=0.0) vel=(x=0.0,y=0.0,angle=0.0) Path=TrcPath(degrees=true, [TrcWaypoint(pose=(x=0.0,y=0.0,angle=0.0),vel=0.00), TrcWaypoint(pose=(x=0.0,y=-24.0,angle=0.0),vel=0.00)]) />
globalTracer.startCompetition_Warn: AUTO_MODE.periodic took too long (0.112s/0.040s)
globalTracer.startCompetition_Warn: AUTO_MODE.postPeriodicTasks took too long (0.049s/0.040s)
globalTracer.startCompetition_Warn: AUTO_MODE took too long (746211.228/0.020)
globalTracer.TrcPurePursuitDrive.driveTask_Info: purePursuitDrive: Stalled=false, Timedout=true
globalTracer.TrcPurePursuitDrive.driveTask_Info: Done[index=1/2]: stalled=false, timeout=true, posOnTarget=false, headingOnTarget=true
globalTracer.TrcPurePursuitDrive.driveTask_Info: Signal finished event.
globalTracer.CmdAutoStartPos2_Info: [1.276] UNTUCK_ARM: xDist=-108.4, tilt=-0.110, enteringBalance=null, exitingBalance=null, tiltTriggered=false
globalTracer.traceStateInfo_Info: <Event name="StateInfo" time="1.305" tag=">>>>>" CmdAutoStartPos2.state="UNTUCK_ARM" />
globalTracer.pidMotorTask_Info: TrcPidMotor.Elevator.pidActuator: stalled=false, expired=true, onTarget=false, event=(CmdAutoStartPos2=CLEARED)
globalTracer.printPidInfo_Info: [1.794599] Elevator.pidActuator.pidCtrl: Target=  10.0, Input=   6.9, dT=0.020416, CurrErr=   3.1, ErrRate= -30.0, Output= 1.000(-1.000/ 1.000)
globalTracer.CmdAutoStartPos2_Info: [1.818] DONE: xDist=-108.4, tilt=-0.130, enteringBalance=null, exitingBalance=null, tiltTriggered=false
globalTracer.autoAssistCancel_Info: TaskAutoScore: Canceling auto-assist score object.
globalTracer.autoAssistCancel_Info: TaskAutoBalance: canceled.
globalTracer.traceStateInfo_Info: <Event name="StateInfo" time="1.832" tag=">>>>>" CmdAutoStartPos2.state="DONE" />
globalTracer.startCompetition_Warn: AUTO_MODE.periodic took too long (0.041s/0.040s)
globalTracer.startCompetition_Warn: AUTO_MODE took too long (0.077/0.020)
globalTracer.startCompetition_Info: *** Transitioning from AUTO_MODE to DISABLED_MODE ***
globalTracer.autoAssistCancel_Info: TaskAutoScore: Canceling auto-assist score object.
globalTracer.autoAssistCancel_Info: TaskAutoBalance: canceled.
globalTracer.robotStopMode_Info: [0.016] STOPPING: ***** AUTO_MODE *****
globalTracer.FrcRobotBase_Info: (AUTO_MODE->DISABLED_MODE) Performance Metrics: LoopCount=749
globalTracer.FrcRobotBase_Info: RobotInit=5.228235, PrevModeStopTask=0.001109, PrevStopMode=0.014965, PrevRobotStopMode=0.003650, RobotStartMode=0.053013, startMode=0.059588, startTask=0.001247
globalTracer.FrcRobotBase_Info: PrePeriodicTask(Avg/Max)=0.001280/0.088517
globalTracer.FrcRobotBase_Info: Periodic(Avg/Max)=0.002130/0.112064
globalTracer.FrcRobotBase_Info: postPeriodicTask(Avg/Max)=0.000328/0.048690
globalTracer.FrcRobotBase_Info: Updates(Avg/Max)=0.003722/0.014451
globalTracer.TaskPerformance_Info: TrcWatchdogMgr: STANDALONE_TASK=0.000325/0.996495
globalTracer.TaskPerformance_Info: LED: OUTPUT_TASK=0.000014/0.020263
globalTracer.TaskPerformance_Info: TrcMotor.odometryTask: STANDALONE_TASK=0.000047/0.000063
globalTracer.TaskPerformance_Info: lfDrive.cleanupTask: STOP_TASK=0.000417/7.695238
globalTracer.TaskPerformance_Info: lfWheel.servo.stopTask: STOP_TASK=0.000394/7.694996
globalTracer.TaskPerformance_Info: rfWheel.servo.stopTask: STOP_TASK=0.000032/7.694762
globalTracer.TaskPerformance_Info: lbWheel.servo.stopTask: STOP_TASK=0.000022/7.694754
globalTracer.TaskPerformance_Info: rbWheel.servo.stopTask: STOP_TASK=0.000021/7.694750
globalTracer.TaskPerformance_Info: TrcDriveBase.odometryTask: PRE_PERIODIC_TASK=0.001151/0.020350
globalTracer.TaskPerformance_Info: TrcDriveBase.stopTask: STOP_TASK=0.000568/7.694746
globalTracer.TaskPerformance_Info: purePursuitDrive.driveTask: POST_PERIODIC_TASK=0.003830/0.020544
globalTracer.TaskPerformance_Info: Elevator.pidActuator.pidMotorTask: OUTPUT_TASK=0.000353/0.020661
globalTracer.TaskPerformance_Info: Elevator.pidActuator.stopMotorTask: STOP_TASK=0.000371/0.000000
globalTracer.TaskPerformance_Info: Arm.pidActuator.pidMotorTask: OUTPUT_TASK=0.000256/0.020664
globalTracer.TaskPerformance_Info: Arm.pidActuator.stopMotorTask: STOP_TASK=0.000215/0.000000
