globalTracer.robotStartMode_Info: [0.017] Sat Mar 18 12:19:13 PDT 2023: ***** TELEOP_MODE *****
globalTracer.registerWatchdog_Warn: Watchdog TrcMotor.odometryTask was already registered.
globalTracer.printThreadStack_Info: thread stack: 
java.base/java.lang.Thread.getStackTrace(Unknown Source)
TrcCommonLib.trclib.TrcDbgTrace.printThreadStack(TrcDbgTrace.java:197)
TrcCommonLib.trclib.TrcDbgTrace.printThreadStack(TrcDbgTrace.java:210)
TrcCommonLib.trclib.TrcWatchdogMgr.registerWatchdog(TrcWatchdogMgr.java:274)
TrcCommonLib.trclib.TrcWatchdogMgr.registerWatchdog(TrcWatchdogMgr.java:290)
TrcCommonLib.trclib.TrcPeriodicThread.run(TrcPeriodicThread.java:385)
java.base/java.lang.Thread.run(Unknown Source)
globalTracer.startCompetition_Warn: TELEOP_MODE took too long (0.149/0.020)
globalTracer.setPower_Info: [14.550] owner=null, delay=0.0, leftPower=0.8, rightPower=0.8, duration=0.000
globalTracer.pidMotorTask_Info: TrcPidMotor.Arm.pidActuator: stalled=false, expired=false, onTarget=true, event=(Arm.pidActuator.releaseOwnership=CLEARED)
globalTracer.printPidInfo_Info: [14.931785] Arm.pidActuator.pidCtrl: Target=   8.0, Input=   5.5, dT=0.020462, CurrErr=   2.5, ErrRate= -12.9, Output= 0.053(-1.000/ 1.000)
globalTracer.pidMotorTask_Info: TrcPidMotor.Arm.pidActuator: stalled=false, expired=false, onTarget=true, event=(Arm.pidActuator.releaseOwnership=CLEARED)
globalTracer.printPidInfo_Info: [17.090101] Arm.pidActuator.pidCtrl: Target=   8.0, Input=  11.6, dT=0.020374, CurrErr=  -3.6, ErrRate=  -4.3, Output=-0.068(-1.000/ 1.000)
globalTracer.autoAssistCancel_Info: TaskAutoPickup: Canceling auto-assist pickup.
globalTracer.autoAssistCancel_Info: TaskAutoScore: Canceling auto-assist score object.
globalTracer.autoAssistCancel_Info: TaskAutoScore: Canceling auto-assist score object.
globalTracer.autoAssistCancel_Info: TaskAutoPickup: Canceling auto-assist pickup.
globalTracer.autoAssistCancel_Info: TaskAutoScore: Canceling auto-assist score object.
globalTracer.autoAssistCancel_Info: TaskAutoScore: Canceling auto-assist score object.
globalTracer.setPower_Info: [31.885] owner=null, delay=0.0, leftPower=0.8, rightPower=0.8, duration=0.000
globalTracer.pidMotorTask_Info: TrcPidMotor.Arm.pidActuator: stalled=false, expired=false, onTarget=true, event=(Arm.pidActuator.releaseOwnership=CLEARED)
globalTracer.printPidInfo_Info: [32.027190] Arm.pidActuator.pidCtrl: Target=   8.0, Input=   8.3, dT=0.020494, CurrErr=  -0.3, ErrRate=-102.9, Output=-0.001(-1.000/ 1.000)
globalTracer.pidMotorTask_Info: TrcPidMotor.Arm.pidActuator: stalled=false, expired=false, onTarget=true, event=(Arm.pidActuator.releaseOwnership=CLEARED)
globalTracer.printPidInfo_Info: [36.481995] Arm.pidActuator.pidCtrl: Target=   8.0, Input=  11.7, dT=0.020508, CurrErr=  -3.7, ErrRate= -12.9, Output=-0.070(-1.000/ 1.000)
globalTracer.autoAssistCancel_Info: TaskAutoPickup: Canceling auto-assist pickup.
globalTracer.autoAssistCancel_Info: TaskAutoScore: Canceling auto-assist score object.
globalTracer.autoAssistCancel_Info: TaskAutoScore: Canceling auto-assist score object.
globalTracer.startCompetition_Warn: TELEOP_MODE.periodic took too long (0.508s/0.040s)
globalTracer.startCompetition_Warn: TELEOP_MODE took too long (0.518/0.020)
globalTracer.startCompetition_Info: *** Transitioning from TELEOP_MODE to DISABLED_MODE ***
globalTracer.robotStopMode_Info: [0.005] STOPPING: ***** TELEOP_MODE *****
globalTracer.FrcRobotBase_Info: (TELEOP_MODE->DISABLED_MODE) Performance Metrics: LoopCount=6841
globalTracer.FrcRobotBase_Info: RobotInit=4.313726, PrevModeStopTask=0.003844, PrevStopMode=0.000309, PrevRobotStopMode=0.009949, RobotStartMode=0.054295, startMode=0.053822, startTask=0.000364
globalTracer.FrcRobotBase_Info: PrePeriodicTask(Avg/Max)=0.000900/0.009403
globalTracer.FrcRobotBase_Info: Periodic(Avg/Max)=0.001357/0.507569
globalTracer.FrcRobotBase_Info: postPeriodicTask(Avg/Max)=0.000093/0.004819
globalTracer.FrcRobotBase_Info: Updates(Avg/Max)=0.003363/0.008460
globalTracer.TaskPerformance_Info: TrcWatchdogMgr: STANDALONE_TASK=0.000176/0.998285
globalTracer.TaskPerformance_Info: DriverController.buttonEvent: PRE_PERIODIC_TASK=0.000010/0.019769
globalTracer.TaskPerformance_Info: operatorStick.buttonEvent: PRE_PERIODIC_TASK=0.000011/0.019769
globalTracer.TaskPerformance_Info: buttonPanel.buttonEvent: PRE_PERIODIC_TASK=0.000010/0.019769
globalTracer.TaskPerformance_Info: switchPanel.buttonEvent: PRE_PERIODIC_TASK=0.000005/0.019769
globalTracer.TaskPerformance_Info: LED: OUTPUT_TASK=0.000017/0.020314
globalTracer.TaskPerformance_Info: TrcMotor.odometryTask: STANDALONE_TASK=0.000077/0.000092
globalTracer.TaskPerformance_Info: lfDrive.cleanupTask: STOP_TASK=0.000963/38.391949
globalTracer.TaskPerformance_Info: lfWheel.servo.stopTask: STOP_TASK=0.000301/38.392303
globalTracer.TaskPerformance_Info: rfWheel.servo.stopTask: STOP_TASK=0.000027/38.392054
globalTracer.TaskPerformance_Info: lbWheel.servo.stopTask: STOP_TASK=0.000027/38.392049
globalTracer.TaskPerformance_Info: rbWheel.servo.stopTask: STOP_TASK=0.000027/38.392022
globalTracer.TaskPerformance_Info: TrcDriveBase.odometryTask: PRE_PERIODIC_TASK=0.000683/0.020219
globalTracer.TaskPerformance_Info: TrcDriveBase.stopTask: STOP_TASK=0.000456/38.392016
globalTracer.TaskPerformance_Info: purePursuitDrive.driveTask: POST_PERIODIC_TASK=0.002730/0.020338
globalTracer.TaskPerformance_Info: tiltTrigger.triggerTask: PRE_PERIODIC_TASK=0.000043/0.020201
globalTracer.TaskPerformance_Info: distanceTrigger.triggerTask: PRE_PERIODIC_TASK=0.000092/0.057925
globalTracer.TaskPerformance_Info: Elevator.pidActuator.pidMotorTask: OUTPUT_TASK=0.000184/0.021252
globalTracer.TaskPerformance_Info: Elevator.pidActuator.stopMotorTask: STOP_TASK=0.000156/0.000000
globalTracer.TaskPerformance_Info: Arm.pidActuator.pidMotorTask: OUTPUT_TASK=0.000155/0.020566
globalTracer.TaskPerformance_Info: Arm.pidActuator.stopMotorTask: STOP_TASK=0.001855/0.000000
globalTracer.TaskPerformance_Info: TaskAutoBalance: POST_PERIODIC_TASK=0.000514/0.019913
globalTracer.TaskPerformance_Info: elevatorTrigger.triggerTask: PRE_PERIODIC_TASK=0.000087/0.019769
