globalTracer.robotStartMode_Info: [0.045] Sat Mar 18 14:57:46 PDT 2023: ***** AUTO_MODE *****
globalTracer.FrcAuto_Info: <Info name="MatchInfo" date="Sat Mar 18 14:57:46 PDT 2023" event="WAYAK" type="Elimination" match=14 replay=1 alliance="Red" location=2 gameMsg="" />
globalTracer.FrcAuto_Info: <Info name="AutoChoices" alliance="Red" strategy="AUTO_STARTPOS_2" startPos="1" preloadedObj="CUBE" scoreLevel="0" scoreLocation="MIDDLE" useVision="true" scorePreload="true" doAutoBalance="true" scoreSecondPiece="true" startDelay=0 sec pathFile="DrivePath.csv" xDistance=6.0 ft yDistance=6.0 ft turnDegrees=90 deg driveTime=4 sec drivePower=4.0 />
globalTracer.CmdAutoStartPos2_Info: >>> robot=Robot2023_ChargedUp, choices=alliance="Red" strategy="AUTO_STARTPOS_2" startPos="1" preloadedObj="CUBE" scoreLevel="0" scoreLocation="MIDDLE" useVision="true" scorePreload="true" doAutoBalance="true" scoreSecondPiece="true" startDelay=0 sec pathFile="DrivePath.csv" xDistance=6.0 ft yDistance=6.0 ft turnDegrees=90 deg driveTime=4 sec drivePower=4.0
globalTracer.startCompetition_Warn: AUTO_MODE.prePeriodicTasks took too long (0.112s/0.040s)
globalTracer.CmdAutoStartPos2_Info: [0.263] START: xDist=-0.0, tilt=-0.220, enteringBalance=null, exitingBalance=null, tiltTriggered=false
globalTracer.setPower_Info: [0.301] owner=null, delay=0.2, leftPower=-0.5, rightPower=-0.5, duration=0.500
globalTracer.checkForExpiration_Warn: [1679176667.022] watchdog {[1679176667.024] main.watchdog: threshold=1.000, expiredTime=1678328484.567, expired=true, paused=false} expired.
globalTracer.printThreadStack_Info: thread stack: 
java.base@17.0.3.7-frc/java.lang.ClassLoader.defineClass1(Native Method)
java.base@17.0.3.7-frc/java.lang.ClassLoader.defineClass(Unknown Source)
java.base@17.0.3.7-frc/java.security.SecureClassLoader.defineClass(Unknown Source)
java.base@17.0.3.7-frc/jdk.internal.loader.BuiltinClassLoader.defineClass(Unknown Source)
java.base@17.0.3.7-frc/jdk.internal.loader.BuiltinClassLoader.findClassOnClassPathOrNull(Unknown Source)
java.base@17.0.3.7-frc/jdk.internal.loader.BuiltinClassLoader.loadClassOrNull(Unknown Source)
java.base@17.0.3.7-frc/jdk.internal.loader.BuiltinClassLoader.loadClass(Unknown Source)
java.base@17.0.3.7-frc/jdk.internal.loader.ClassLoaders$AppClassLoader.loadClass(Unknown Source)
java.base@17.0.3.7-frc/java.lang.ClassLoader.loadClass(Unknown Source)
app//TrcCommonLib.trclib.TrcPathBuilder.toPath(TrcPathBuilder.java:145)
app//TrcCommonLib.trclib.TrcPathBuilder.toRelativeStartPath(TrcPathBuilder.java:156)
app//TrcCommonLib.trclib.TrcPurePursuitDrive.start(TrcPurePursuitDrive.java:753)
app//TrcCommonLib.trclib.TrcPurePursuitDrive.start(TrcPurePursuitDrive.java:862)
app//team492.autocommands.CmdAutoStartPos2.cmdPeriodic(CmdAutoStartPos2.java:168)
app//team492.FrcAuto.periodic(FrcAuto.java:480)
app//TrcFrcLib.frclib.FrcRobotBase.startCompetition(FrcRobotBase.java:657)
app//edu.wpi.first.wpilibj.RobotBase.runRobot(RobotBase.java:349)
app//edu.wpi.first.wpilibj.RobotBase.startRobot(RobotBase.java:442)
app//team492.Main.main(Main.java:33)
globalTracer.start_Info: Path=TrcPath(degrees=true, [TrcWaypoint(pose=(x=-108.2,y=554.8,angle=0.0),vel=0.00), TrcWaypoint(pose=(x=-108.2,y=530.8,angle=0.0),vel=0.00)])
globalTracer.traceStateInfo_Info: <Event name="StateInfo" time="0.340" tag=">>>>>" CmdAutoStartPos2.state="START" RobotPose=(x=-108.2,y=554.8,angle=0.0) TargetPose=(x=-108.2,y=530.8,angle=0.0) vel=(x=0.0,y=0.0,angle=0.0) Path=TrcPath(degrees=true, [TrcWaypoint(pose=(x=0.0,y=0.0,angle=0.0),vel=0.00), TrcWaypoint(pose=(x=0.0,y=-24.0,angle=0.0),vel=0.00)]) />
globalTracer.startCompetition_Warn: AUTO_MODE.periodic took too long (0.090s/0.040s)
globalTracer.startCompetition_Warn: AUTO_MODE.postPeriodicTasks took too long (0.073s/0.040s)
globalTracer.startCompetition_Warn: AUTO_MODE took too long (848183.550/0.020)
globalTracer.TrcPurePursuitDrive.driveTask_Info: purePursuitDrive: Stalled=false, Timedout=true
globalTracer.TrcPurePursuitDrive.driveTask_Info: Done[index=1/2]: stalled=false, timeout=true, posOnTarget=false, headingOnTarget=true
globalTracer.TrcPurePursuitDrive.driveTask_Info: Signal finished event.
globalTracer.CmdAutoStartPos2_Info: [1.363] TURN: xDist=-108.4, tilt=-0.270, enteringBalance=null, exitingBalance=null, tiltTriggered=false
globalTracer.start_Info: Path=TrcPath(degrees=true, [TrcWaypoint(pose=(x=-108.4,y=537.2,angle=-0.2),vel=0.00), TrcWaypoint(pose=(x=-108.4,y=537.2,angle=89.8),vel=0.00)])
globalTracer.traceStateInfo_Info: <Event name="StateInfo" time="1.386" tag=">>>>>" CmdAutoStartPos2.state="TURN" RobotPose=(x=-108.4,y=537.2,angle=-0.2) TargetPose=(x=-108.4,y=537.2,angle=89.8) vel=(x=0.0,y=-8.8,angle=2.8) Path=TrcPath(degrees=true, [TrcWaypoint(pose=(x=0.0,y=0.0,angle=0.0),vel=0.00), TrcWaypoint(pose=(x=0.0,y=0.0,angle=90.0),vel=0.00)]) />
globalTracer.startCompetition_Warn: AUTO_MODE.periodic took too long (0.086s/0.040s)
globalTracer.startCompetition_Warn: AUTO_MODE took too long (0.099/0.020)
globalTracer.TrcPurePursuitDrive.driveTask_Info: purePursuitDrive: Stalled=false, Timedout=true
globalTracer.TrcPurePursuitDrive.driveTask_Info: Done[index=1/2]: stalled=false, timeout=true, posOnTarget=true, headingOnTarget=false
globalTracer.TrcPurePursuitDrive.driveTask_Info: Signal finished event.
globalTracer.CmdAutoStartPos2_Info: [3.400] START_TO_CLIMB: xDist=-108.7, tilt=0.030, enteringBalance=null, exitingBalance=null, tiltTriggered=false
globalTracer.traceStateInfo_Info: <Event name="StateInfo" time="3.416" tag=">>>>>" CmdAutoStartPos2.state="START_TO_CLIMB" />
globalTracer.CmdAutoStartPos2_Info: [4.207] CLIMB: xDist=-97.5, tilt=-5.360, enteringBalance=null, exitingBalance=TILT_LEFT, tiltTriggered=true
globalTracer.traceStateInfo_Info: <Event name="StateInfo" time="4.210" tag=">>>>>" CmdAutoStartPos2.state="CLIMB" />
globalTracer.CmdAutoStartPos2_Info: [4.365] CLIMB: xDist=-95.6, tilt=-15.100, enteringBalance=null, exitingBalance=null, tiltTriggered=true
globalTracer.traceStateInfo_Info: <Event name="StateInfo" time="4.380" tag=">>>>>" CmdAutoStartPos2.state="CLIMB" />
globalTracer.CmdAutoStartPos2_Info: [4.864] CLIMB: xDist=-87.0, tilt=-14.200, enteringBalance=null, exitingBalance=null, tiltTriggered=true
globalTracer.traceStateInfo_Info: <Event name="StateInfo" time="4.879" tag=">>>>>" CmdAutoStartPos2.state="CLIMB" />
globalTracer.CmdAutoStartPos2_Info: [5.739] CLIMB: xDist=-75.7, tilt=-4.550, enteringBalance=TILT_LEFT, exitingBalance=null, tiltTriggered=true
globalTracer.traceStateInfo_Info: <Event name="StateInfo" time="5.746" tag=">>>>>" CmdAutoStartPos2.state="CLIMB" />
globalTracer.CmdAutoStartPos2_Info: [5.858] LEVEL: xDist=-73.8, tilt=6.210, enteringBalance=null, exitingBalance=TILT_RIGHT, tiltTriggered=true
globalTracer.traceStateInfo_Info: <Event name="StateInfo" time="5.862" tag=">>>>>" CmdAutoStartPos2.state="LEVEL" />
globalTracer.CmdAutoStartPos2_Info: [5.940] DESCEND: xDist=-72.3, tilt=15.930, enteringBalance=null, exitingBalance=null, tiltTriggered=true
globalTracer.traceStateInfo_Info: <Event name="StateInfo" time="5.951" tag=">>>>>" CmdAutoStartPos2.state="DESCEND" />
globalTracer.CmdAutoStartPos2_Info: [5.986] DESCEND: xDist=-71.1, tilt=14.810, enteringBalance=null, exitingBalance=null, tiltTriggered=true
globalTracer.traceStateInfo_Info: <Event name="StateInfo" time="5.991" tag=">>>>>" CmdAutoStartPos2.state="DESCEND" />
globalTracer.CmdAutoStartPos2_Info: [6.006] DESCEND: xDist=-70.7, tilt=15.480, enteringBalance=null, exitingBalance=null, tiltTriggered=true
globalTracer.traceStateInfo_Info: <Event name="StateInfo" time="6.011" tag=">>>>>" CmdAutoStartPos2.state="DESCEND" />
globalTracer.CmdAutoStartPos2_Info: [6.044] DESCEND: xDist=-69.9, tilt=13.900, enteringBalance=null, exitingBalance=null, tiltTriggered=true
globalTracer.traceStateInfo_Info: <Event name="StateInfo" time="6.048" tag=">>>>>" CmdAutoStartPos2.state="DESCEND" />
globalTracer.CmdAutoStartPos2_Info: [6.180] DESCEND: xDist=-67.6, tilt=4.350, enteringBalance=TILT_RIGHT, exitingBalance=null, tiltTriggered=true
globalTracer.traceStateInfo_Info: <Event name="StateInfo" time="6.189" tag=">>>>>" CmdAutoStartPos2.state="DESCEND" />
globalTracer.CmdAutoStartPos2_Info: [6.206] GO_BALANCE: xDist=-66.8, tilt=1.780, enteringBalance=TILT_RIGHT, exitingBalance=null, tiltTriggered=true
globalTracer.autoAssistBalance_Info: TaskAutoBalance: strafeDir=LEFT, event=(CmdAutoStartPos2=SIGNALED)
globalTracer.traceStateInfo_Info: <Event name="StateInfo" time="6.228" tag=">>>>>" CmdAutoStartPos2.state="GO_BALANCE" />
globalTracer.TaskAutoBalance_Info: [6.231] START: xDist=-66.8, tilt=0.070, inBalance=true, leveling=false, tiltTriggered=false
globalTracer.traceStateInfo_Info: <Event name="StateInfo" time="6.245" tag=">>>>>" TaskAutoBalance.state="START" />
globalTracer.startCompetition_Warn: AUTO_MODE took too long (0.045/0.020)
globalTracer.TaskAutoBalance_Info: [7.295] CLIMB: xDist=-69.0, tilt=6.000, inBalance=false, leveling=false, tiltTriggered=true
globalTracer.traceStateInfo_Info: <Event name="StateInfo" time="7.306" tag=">>>>>" TaskAutoBalance.state="CLIMB" />
globalTracer.TaskAutoBalance_Info: [7.557] CLIMB: xDist=-69.1, tilt=15.490, inBalance=false, leveling=false, tiltTriggered=true
globalTracer.traceStateInfo_Info: <Event name="StateInfo" time="7.558" tag=">>>>>" TaskAutoBalance.state="CLIMB" />
globalTracer.TaskAutoBalance_Info: [8.137] CLIMB: xDist=-69.0, tilt=14.840, inBalance=false, leveling=true, tiltTriggered=true
globalTracer.traceStateInfo_Info: <Event name="StateInfo" time="8.151" tag=">>>>>" TaskAutoBalance.state="CLIMB" />
globalTracer.TaskAutoBalance_Info: [8.957] SETTLE: xDist=-69.8, tilt=13.720, inBalance=false, leveling=true, tiltTriggered=true
globalTracer.traceStateInfo_Info: <Event name="StateInfo" time="8.965" tag=">>>>>" TaskAutoBalance.state="SETTLE" />
globalTracer.TaskAutoBalance_Info: [10.981] DONE: xDist=-70.0, tilt=-0.180, inBalance=true, leveling=false, tiltTriggered=true
globalTracer.traceStateInfo_Info: <Event name="StateInfo" time="10.987" tag=">>>>>" TaskAutoBalance.state="DONE" />
globalTracer.CmdAutoStartPos2_Info: [11.000] DONE: xDist=-70.0, tilt=-0.310, enteringBalance=TILT_LEFT, exitingBalance=null, tiltTriggered=true
globalTracer.autoAssistCancel_Info: TaskAutoScore: Canceling auto-assist score object.
globalTracer.autoAssistCancel_Info: TaskAutoBalance: canceled.
globalTracer.traceStateInfo_Info: <Event name="StateInfo" time="11.019" tag=">>>>>" CmdAutoStartPos2.state="DONE" />
globalTracer.startCompetition_Info: *** Transitioning from AUTO_MODE to DISABLED_MODE ***
globalTracer.autoAssistCancel_Info: TaskAutoScore: Canceling auto-assist score object.
globalTracer.autoAssistCancel_Info: TaskAutoBalance: canceled.
globalTracer.robotStopMode_Info: [0.016] STOPPING: ***** AUTO_MODE *****
globalTracer.FrcRobotBase_Info: (AUTO_MODE->DISABLED_MODE) Performance Metrics: LoopCount=742
globalTracer.FrcRobotBase_Info: RobotInit=4.851839, PrevModeStopTask=0.000844, PrevStopMode=0.014772, PrevRobotStopMode=0.003234, RobotStartMode=0.079377, startMode=0.058613, startTask=0.000066
globalTracer.FrcRobotBase_Info: PrePeriodicTask(Avg/Max)=0.001385/0.111813
globalTracer.FrcRobotBase_Info: Periodic(Avg/Max)=0.002394/0.090236
globalTracer.FrcRobotBase_Info: postPeriodicTask(Avg/Max)=0.000843/0.072803
globalTracer.FrcRobotBase_Info: Updates(Avg/Max)=0.003785/0.007421
globalTracer.TaskPerformance_Info: TrcWatchdogMgr: STANDALONE_TASK=0.000260/0.997417
globalTracer.TaskPerformance_Info: LED: OUTPUT_TASK=0.000013/0.020231
globalTracer.TaskPerformance_Info: TrcMotor.odometryTask: STANDALONE_TASK=0.000048/0.000065
globalTracer.TaskPerformance_Info: lfDrive.cleanupTask: STOP_TASK=0.000371/7.692854
globalTracer.TaskPerformance_Info: lfWheel.servo.stopTask: STOP_TASK=0.000406/7.693046
globalTracer.TaskPerformance_Info: rfWheel.servo.stopTask: STOP_TASK=0.000032/7.692689
globalTracer.TaskPerformance_Info: lbWheel.servo.stopTask: STOP_TASK=0.000025/7.692682
globalTracer.TaskPerformance_Info: rbWheel.servo.stopTask: STOP_TASK=0.000023/7.692680
globalTracer.TaskPerformance_Info: TrcDriveBase.odometryTask: PRE_PERIODIC_TASK=0.001233/0.020508
globalTracer.TaskPerformance_Info: TrcDriveBase.stopTask: STOP_TASK=0.000652/7.692679
globalTracer.TaskPerformance_Info: purePursuitDrive.driveTask: POST_PERIODIC_TASK=0.003133/0.021112
globalTracer.TaskPerformance_Info: tiltTrigger.triggerTask: PRE_PERIODIC_TASK=0.000047/0.020053
globalTracer.TaskPerformance_Info: distanceTrigger.triggerTask: PRE_PERIODIC_TASK=0.000039/0.065553
globalTracer.TaskPerformance_Info: TaskAutoBalance: POST_PERIODIC_TASK=0.000391/0.019876
