globalTracer.robotStartMode_Info: [0.032] Fri Mar 17 14:34:42 PDT 2023: ***** AUTO_MODE *****
globalTracer.FrcAuto_Info: <Info name="MatchInfo" date="Fri Mar 17 14:34:42 PDT 2023" event="WAYAK" type="Qualification" match=17 replay=1 alliance="Red" location=1 gameMsg="" />
globalTracer.FrcAuto_Info: <Info name="AutoChoices" alliance="Red" strategy="AUTO_STARTPOS_2" startPos="1" preloadedObj="CUBE" scoreLevel="0" scoreLocation="MIDDLE" useVision="true" scorePreload="true" doAutoBalance="false" scoreSecondPiece="true" startDelay=0 sec pathFile="DrivePath.csv" xDistance=6.0 ft yDistance=6.0 ft turnDegrees=90 deg driveTime=4 sec drivePower=4.0 />
globalTracer.CmdAutoStartPos2_Info: >>> robot=Robot2023_ChargedUp, choices=alliance="Red" strategy="AUTO_STARTPOS_2" startPos="1" preloadedObj="CUBE" scoreLevel="0" scoreLocation="MIDDLE" useVision="true" scorePreload="true" doAutoBalance="false" scoreSecondPiece="true" startDelay=0 sec pathFile="DrivePath.csv" xDistance=6.0 ft yDistance=6.0 ft turnDegrees=90 deg driveTime=4 sec drivePower=4.0
globalTracer.startCompetition_Warn: AUTO_MODE.prePeriodicTasks took too long (0.068s/0.040s)
globalTracer.CmdAutoStartPos2_Info: [0.203] START: xDist=0.0, tilt=-0.420, enteringBalance=null, exitingBalance=null, tiltTriggered=false
globalTracer.start_Info: Path=TrcPath(degrees=true, [TrcWaypoint(pose=(x=-108.2,y=554.8,angle=0.0),vel=0.00), TrcWaypoint(pose=(x=-108.2,y=530.8,angle=0.0),vel=0.00)])
globalTracer.setPower_Info: [0.270] owner=null, delay=0.2, leftPower=-0.5, rightPower=-0.5, duration=0.500
globalTracer.traceStateInfo_Info: <Event name="StateInfo" time="0.281" tag=">>>>>" CmdAutoStartPos2.state="START" RobotPose=(x=-108.2,y=554.8,angle=0.0) TargetPose=(x=-108.2,y=530.8,angle=0.0) vel=(x=0.0,y=0.0,angle=0.0) Path=TrcPath(degrees=true, [TrcWaypoint(pose=(x=0.0,y=0.0,angle=0.0),vel=0.00), TrcWaypoint(pose=(x=0.0,y=-24.0,angle=0.0),vel=0.00)]) />
globalTracer.startCompetition_Warn: AUTO_MODE.periodic took too long (0.095s/0.040s)
globalTracer.startCompetition_Warn: AUTO_MODE.postPeriodicTasks took too long (0.056s/0.040s)
globalTracer.startCompetition_Warn: AUTO_MODE took too long (760647.448/0.020)
globalTracer.TrcPurePursuitDrive.driveTask_Info: purePursuitDrive: Stalled=false, Timedout=true
globalTracer.TrcPurePursuitDrive.driveTask_Info: Done[index=1/2]: stalled=false, timeout=true, posOnTarget=false, headingOnTarget=true
globalTracer.printPidInfo_Info: [1.279894] purePursuitDrive.xPosPid: Target=-108.2, Input=-109.2, dT=0.028236, CurrErr=   1.0, ErrRate=  -0.6, Output= 0.013(-1.000/ 1.000)
globalTracer.printPidInfo_Info: [1.289075] purePursuitDrive.yPosPid: Target= 531.1, Input= 537.1, dT=0.028236, CurrErr=  -6.0, ErrRate=  17.2, Output=-0.027(-1.000/ 1.000)
globalTracer.printPidInfo_Info: [1.298024] purePursuitDrive.turnPid: Target=   0.0, Input=  -0.4, dT=0.028236, CurrErr=   0.4, ErrRate=   5.0, Output= 0.007(-1.000/ 1.000)
globalTracer.printPidInfo_Info: [1.305423] purePursuitDrive.velPid: Target=   0.0, Input=   0.0, dT=0.000000, CurrErr=   0.0, ErrRate=   0.0, Output= 0.000(-1.000/ 1.000)
globalTracer.TrcPurePursuitDrive.driveTask_Info: Signal finished event.
globalTracer.startCompetition_Warn: AUTO_MODE.postPeriodicTasks took too long (0.059s/0.040s)
globalTracer.startCompetition_Warn: AUTO_MODE took too long (0.079/0.020)
globalTracer.CmdAutoStartPos2_Info: [1.339] UNTUCK_ARM: xDist=-109.2, tilt=-0.620, enteringBalance=null, exitingBalance=null, tiltTriggered=false
globalTracer.traceStateInfo_Info: <Event name="StateInfo" time="1.355" tag=">>>>>" CmdAutoStartPos2.state="UNTUCK_ARM" />
globalTracer.startCompetition_Warn: AUTO_MODE.periodic took too long (0.046s/0.040s)
globalTracer.startCompetition_Warn: AUTO_MODE took too long (0.063/0.020)
globalTracer.CmdAutoStartPos2_Info: [1.402] DONE: xDist=-109.2, tilt=-0.640, enteringBalance=null, exitingBalance=null, tiltTriggered=false
globalTracer.autoAssistCancel_Info: TaskAutoScore: Canceling auto-assist score object.
globalTracer.autoAssistCancel_Info: TaskAutoBalance: canceled.
globalTracer.traceStateInfo_Info: <Event name="StateInfo" time="1.413" tag=">>>>>" CmdAutoStartPos2.state="DONE" />
globalTracer.startCompetition_Info: *** Transitioning from AUTO_MODE to DISABLED_MODE ***
globalTracer.autoAssistCancel_Info: TaskAutoScore: Canceling auto-assist score object.
globalTracer.autoAssistCancel_Info: TaskAutoBalance: canceled.
globalTracer.robotStopMode_Info: [0.005] STOPPING: ***** AUTO_MODE *****
globalTracer.FrcRobotBase_Info: (AUTO_MODE->DISABLED_MODE) Performance Metrics: LoopCount=752
globalTracer.FrcRobotBase_Info: RobotInit=5.301602, PrevModeStopTask=0.002223, PrevStopMode=0.002185, PrevRobotStopMode=0.003947, RobotStartMode=0.058126, startMode=0.065722, startTask=0.000056
globalTracer.FrcRobotBase_Info: PrePeriodicTask(Avg/Max)=0.001261/0.068253
globalTracer.FrcRobotBase_Info: Periodic(Avg/Max)=0.002409/0.095435
globalTracer.FrcRobotBase_Info: postPeriodicTask(Avg/Max)=0.000416/0.058616
globalTracer.FrcRobotBase_Info: Updates(Avg/Max)=0.003626/0.008176
globalTracer.TaskPerformance_Info: TrcWatchdogMgr: STANDALONE_TASK=0.000850/0.990962
globalTracer.TaskPerformance_Info: LED: OUTPUT_TASK=0.000018/0.020261
globalTracer.TaskPerformance_Info: TrcMotor.odometryTask: STANDALONE_TASK=0.000049/0.000067
globalTracer.TaskPerformance_Info: lfDrive.cleanupTask: STOP_TASK=0.001074/7.675844
globalTracer.TaskPerformance_Info: lfWheel.servo.stopTask: STOP_TASK=0.000340/7.676439
globalTracer.TaskPerformance_Info: rfWheel.servo.stopTask: STOP_TASK=0.000036/7.676248
globalTracer.TaskPerformance_Info: lbWheel.servo.stopTask: STOP_TASK=0.000026/7.676242
globalTracer.TaskPerformance_Info: rbWheel.servo.stopTask: STOP_TASK=0.000027/7.676242
globalTracer.TaskPerformance_Info: TrcDriveBase.odometryTask: PRE_PERIODIC_TASK=0.001140/0.020212
globalTracer.TaskPerformance_Info: TrcDriveBase.stopTask: STOP_TASK=0.000601/7.676244
globalTracer.TaskPerformance_Info: purePursuitDrive.driveTask: POST_PERIODIC_TASK=0.005480/0.020848
