globalTracer.robotStartMode_Info: [0.036] Fri Mar 17 14:56:38 PDT 2023: ***** AUTO_MODE *****
globalTracer.FrcAuto_Info: <Info name="MatchInfo" date="Fri Mar 17 14:56:38 PDT 2023" event="WAYAK" type="Qualification" match=20 replay=1 alliance="Blue" location=1 gameMsg="" />
globalTracer.FrcAuto_Info: <Info name="AutoChoices" alliance="Blue" strategy="AUTO_STARTPOS_2" startPos="1" preloadedObj="CUBE" scoreLevel="0" scoreLocation="MIDDLE" useVision="true" scorePreload="true" doAutoBalance="false" scoreSecondPiece="true" startDelay=0 sec pathFile="DrivePath.csv" xDistance=6.0 ft yDistance=6.0 ft turnDegrees=90 deg driveTime=4 sec drivePower=4.0 />
globalTracer.checkForExpiration_Warn: [1679090198.689] watchdog {[1679090198.689] main.watchdog: threshold=1.000, expiredTime=1678328204.594, expired=true, paused=false} expired.
globalTracer.printThreadStack_Info: thread stack: 
java.base@17.0.3.7-frc/java.util.jar.JarFile.isMultiRelease(Unknown Source)
java.base@17.0.3.7-frc/java.util.jar.JarFile.getEntry(Unknown Source)
java.base@17.0.3.7-frc/java.util.jar.JarFile.getJarEntry(Unknown Source)
java.base@17.0.3.7-frc/jdk.internal.loader.URLClassPath$JarLoader.getResource(Unknown Source)
java.base@17.0.3.7-frc/jdk.internal.loader.URLClassPath.getResource(Unknown Source)
java.base@17.0.3.7-frc/jdk.internal.loader.BuiltinClassLoader.findClassOnClassPathOrNull(Unknown Source)
java.base@17.0.3.7-frc/jdk.internal.loader.BuiltinClassLoader.loadClassOrNull(Unknown Source)
java.base@17.0.3.7-frc/jdk.internal.loader.BuiltinClassLoader.loadClass(Unknown Source)
java.base@17.0.3.7-frc/jdk.internal.loader.ClassLoaders$AppClassLoader.loadClass(Unknown Source)
java.base@17.0.3.7-frc/java.lang.ClassLoader.loadClass(Unknown Source)
app//team492.FrcAuto.startMode(FrcAuto.java:403)
app//TrcFrcLib.frclib.FrcRobotBase.startCompetition(FrcRobotBase.java:536)
app//edu.wpi.first.wpilibj.RobotBase.runRobot(RobotBase.java:349)
app//edu.wpi.first.wpilibj.RobotBase.startRobot(RobotBase.java:442)
app//team492.Main.main(Main.java:33)
globalTracer.CmdAutoStartPos2_Info: >>> robot=Robot2023_ChargedUp, choices=alliance="Blue" strategy="AUTO_STARTPOS_2" startPos="1" preloadedObj="CUBE" scoreLevel="0" scoreLocation="MIDDLE" useVision="true" scorePreload="true" doAutoBalance="false" scoreSecondPiece="true" startDelay=0 sec pathFile="DrivePath.csv" xDistance=6.0 ft yDistance=6.0 ft turnDegrees=90 deg driveTime=4 sec drivePower=4.0
globalTracer.startCompetition_Warn: AUTO_MODE.prePeriodicTasks took too long (0.073s/0.040s)
globalTracer.CmdAutoStartPos2_Info: [0.213] START: xDist=0.0, tilt=-0.380, enteringBalance=null, exitingBalance=null, tiltTriggered=false
globalTracer.start_Info: Path=TrcPath(degrees=true, [TrcWaypoint(pose=(x=-108.2,y=96.5,angle=180.0),vel=0.00), TrcWaypoint(pose=(x=-108.2,y=120.5,angle=180.0),vel=0.00)])
globalTracer.setPower_Info: [0.294] owner=null, delay=0.2, leftPower=-0.5, rightPower=-0.5, duration=0.500
globalTracer.traceStateInfo_Info: <Event name="StateInfo" time="0.313" tag=">>>>>" CmdAutoStartPos2.state="START" RobotPose=(x=-108.2,y=96.5,angle=180.0) TargetPose=(x=-108.2,y=120.5,angle=180.0) vel=(x=0.0,y=0.0,angle=0.0) Path=TrcPath(degrees=true, [TrcWaypoint(pose=(x=0.0,y=0.0,angle=0.0),vel=0.00), TrcWaypoint(pose=(x=-0.0,y=-24.0,angle=0.0),vel=0.00)]) />
globalTracer.startCompetition_Warn: AUTO_MODE.periodic took too long (0.125s/0.040s)
globalTracer.startCompetition_Warn: AUTO_MODE.postPeriodicTasks took too long (0.077s/0.040s)
globalTracer.startCompetition_Warn: AUTO_MODE took too long (761995.414/0.020)
globalTracer.TrcPurePursuitDrive.driveTask_Info: purePursuitDrive: Stalled=false, Timedout=true
globalTracer.TrcPurePursuitDrive.driveTask_Info: Done[index=1/2]: stalled=false, timeout=true, posOnTarget=false, headingOnTarget=true
globalTracer.printPidInfo_Info: [1.292335] purePursuitDrive.xPosPid: Target=-108.1, Input=-108.1, dT=0.027933, CurrErr=   0.1, ErrRate=  -0.0, Output= 0.001(-1.000/ 1.000)
globalTracer.printPidInfo_Info: [1.305169] purePursuitDrive.yPosPid: Target= 107.5, Input= 114.1, dT=0.027921, CurrErr=  -6.6, ErrRate=   6.2, Output=-0.081(-1.000/ 1.000)
globalTracer.printPidInfo_Info: [1.312662] purePursuitDrive.turnPid: Target= 180.0, Input= 180.1, dT=0.027915, CurrErr=  -0.1, ErrRate=   0.0, Output=-0.001(-1.000/ 1.000)
globalTracer.printPidInfo_Info: [1.323807] purePursuitDrive.velPid: Target=   0.0, Input=   0.0, dT=0.000000, CurrErr=   0.0, ErrRate=   0.0, Output= 0.000(-1.000/ 1.000)
globalTracer.TrcPurePursuitDrive.driveTask_Info: Signal finished event.
globalTracer.startCompetition_Warn: AUTO_MODE.postPeriodicTasks took too long (0.063s/0.040s)
globalTracer.startCompetition_Warn: AUTO_MODE took too long (0.085/0.020)
globalTracer.CmdAutoStartPos2_Info: [1.355] UNTUCK_ARM: xDist=-108.1, tilt=-0.300, enteringBalance=null, exitingBalance=null, tiltTriggered=false
globalTracer.traceStateInfo_Info: <Event name="StateInfo" time="1.372" tag=">>>>>" CmdAutoStartPos2.state="UNTUCK_ARM" />
globalTracer.startCompetition_Warn: AUTO_MODE.periodic took too long (0.040s/0.040s)
globalTracer.startCompetition_Warn: AUTO_MODE took too long (0.051/0.020)
globalTracer.CmdAutoStartPos2_Info: [1.409] DONE: xDist=-108.1, tilt=-0.300, enteringBalance=null, exitingBalance=null, tiltTriggered=false
globalTracer.autoAssistCancel_Info: TaskAutoScore: Canceling auto-assist score object.
globalTracer.autoAssistCancel_Info: TaskAutoBalance: canceled.
globalTracer.traceStateInfo_Info: <Event name="StateInfo" time="1.417" tag=">>>>>" CmdAutoStartPos2.state="DONE" />
globalTracer.startCompetition_Info: *** Transitioning from AUTO_MODE to DISABLED_MODE ***
globalTracer.autoAssistCancel_Info: TaskAutoScore: Canceling auto-assist score object.
globalTracer.autoAssistCancel_Info: TaskAutoBalance: canceled.
globalTracer.robotStopMode_Info: [0.016] STOPPING: ***** AUTO_MODE *****
globalTracer.FrcRobotBase_Info: (AUTO_MODE->DISABLED_MODE) Performance Metrics: LoopCount=746
globalTracer.FrcRobotBase_Info: RobotInit=4.982855, PrevModeStopTask=0.000405, PrevStopMode=0.015384, PrevRobotStopMode=0.003955, RobotStartMode=0.059227, startMode=0.069092, startTask=0.000049
globalTracer.FrcRobotBase_Info: PrePeriodicTask(Avg/Max)=0.001238/0.072929
globalTracer.FrcRobotBase_Info: Periodic(Avg/Max)=0.002504/0.125049
globalTracer.FrcRobotBase_Info: postPeriodicTask(Avg/Max)=0.000408/0.076726
globalTracer.FrcRobotBase_Info: Updates(Avg/Max)=0.003606/0.011277
globalTracer.TaskPerformance_Info: TrcWatchdogMgr: STANDALONE_TASK=0.000877/0.987069
globalTracer.TaskPerformance_Info: LED: OUTPUT_TASK=0.000023/0.020311
globalTracer.TaskPerformance_Info: TrcMotor.odometryTask: STANDALONE_TASK=0.000047/0.000064
globalTracer.TaskPerformance_Info: lfDrive.cleanupTask: STOP_TASK=0.000298/7.691888
globalTracer.TaskPerformance_Info: lfWheel.servo.stopTask: STOP_TASK=0.000210/7.691717
globalTracer.TaskPerformance_Info: rfWheel.servo.stopTask: STOP_TASK=0.000031/7.691558
globalTracer.TaskPerformance_Info: lbWheel.servo.stopTask: STOP_TASK=0.000075/7.691554
globalTracer.TaskPerformance_Info: rbWheel.servo.stopTask: STOP_TASK=0.000033/7.691502
globalTracer.TaskPerformance_Info: TrcDriveBase.odometryTask: PRE_PERIODIC_TASK=0.001142/0.020409
globalTracer.TaskPerformance_Info: TrcDriveBase.stopTask: STOP_TASK=0.000376/7.691493
globalTracer.TaskPerformance_Info: purePursuitDrive.driveTask: POST_PERIODIC_TASK=0.005487/0.021171
