globalTracer.robotStartMode_Info: [0.016] Fri Mar 17 14:34:42 PDT 2023: ***** TELEOP_MODE *****
globalTracer.registerWatchdog_Warn: Watchdog TrcMotor.odometryTask was already registered.
globalTracer.printThreadStack_Info: thread stack: 
java.base/java.lang.Thread.getStackTrace(Unknown Source)
TrcCommonLib.trclib.TrcDbgTrace.printThreadStack(TrcDbgTrace.java:197)
TrcCommonLib.trclib.TrcDbgTrace.printThreadStack(TrcDbgTrace.java:210)
TrcCommonLib.trclib.TrcWatchdogMgr.registerWatchdog(TrcWatchdogMgr.java:274)
TrcCommonLib.trclib.TrcWatchdogMgr.registerWatchdog(TrcWatchdogMgr.java:290)
TrcCommonLib.trclib.TrcPeriodicThread.run(TrcPeriodicThread.java:385)
java.base/java.lang.Thread.run(Unknown Source)
globalTracer.startCompetition_Warn: TELEOP_MODE took too long (0.158/0.020)
globalTracer.setPower_Info: [1.223] owner=null, delay=0.0, leftPower=0.8, rightPower=0.8, duration=0.000
globalTracer.setPower_Info: [2.710] owner=null, delay=0.0, leftPower=0.8, rightPower=0.8, duration=0.000
globalTracer.setPower_Info: [3.488] owner=null, delay=0.0, leftPower=0.8, rightPower=0.8, duration=0.000
globalTracer.startCompetition_Warn: TELEOP_MODE took too long (0.065/0.020)
globalTracer.setPower_Info: [5.079] owner=null, delay=0.0, leftPower=0.8, rightPower=0.8, duration=0.000
globalTracer.setPower_Info: [6.022] owner=null, delay=0.0, leftPower=0.8, rightPower=0.8, duration=0.000
globalTracer.startCompetition_Warn: TELEOP_MODE.periodic took too long (0.504s/0.040s)
globalTracer.startCompetition_Warn: TELEOP_MODE took too long (0.514/0.020)
globalTracer.setPower_Info: [12.787] owner=null, delay=0.0, leftPower=-0.5, rightPower=-0.5, duration=0.000
globalTracer.setPower_Info: [14.091] owner=null, delay=0.0, leftPower=0.8, rightPower=0.8, duration=0.000
globalTracer.setPower_Info: [20.705] owner=null, delay=0.0, leftPower=-0.5, rightPower=-0.5, duration=0.000
globalTracer.startCompetition_Warn: TELEOP_MODE took too long (0.049/0.020)
globalTracer.setPower_Info: [22.590] owner=null, delay=0.0, leftPower=0.8, rightPower=0.8, duration=0.000
globalTracer.setPower_Info: [25.901] owner=null, delay=0.0, leftPower=0.8, rightPower=0.8, duration=0.000
globalTracer.startCompetition_Warn: TELEOP_MODE took too long (0.041/0.020)
globalTracer.startCompetition_Warn: TELEOP_MODE took too long (0.041/0.020)
globalTracer.startCompetition_Warn: TELEOP_MODE took too long (0.041/0.020)
globalTracer.startCompetition_Warn: TELEOP_MODE took too long (0.045/0.020)
globalTracer.startCompetition_Warn: TELEOP_MODE took too long (0.045/0.020)
globalTracer.startCompetition_Warn: TELEOP_MODE took too long (0.044/0.020)
globalTracer.startCompetition_Warn: TELEOP_MODE took too long (0.040/0.020)
globalTracer.startCompetition_Warn: TELEOP_MODE took too long (0.042/0.020)
globalTracer.startCompetition_Warn: TELEOP_MODE took too long (0.043/0.020)
globalTracer.startCompetition_Warn: TELEOP_MODE took too long (0.044/0.020)
globalTracer.startCompetition_Warn: TELEOP_MODE took too long (0.041/0.020)
globalTracer.startCompetition_Warn: TELEOP_MODE took too long (0.044/0.020)
globalTracer.startCompetition_Warn: TELEOP_MODE took too long (0.045/0.020)
globalTracer.startCompetition_Warn: TELEOP_MODE.periodic took too long (0.040s/0.040s)
globalTracer.startCompetition_Warn: TELEOP_MODE took too long (0.051/0.020)
globalTracer.startCompetition_Warn: TELEOP_MODE.periodic took too long (0.042s/0.040s)
globalTracer.startCompetition_Warn: TELEOP_MODE took too long (0.059/0.020)
globalTracer.startCompetition_Warn: TELEOP_MODE.periodic took too long (0.042s/0.040s)
globalTracer.startCompetition_Warn: TELEOP_MODE took too long (0.051/0.020)
globalTracer.startCompetition_Warn: TELEOP_MODE took too long (0.046/0.020)
globalTracer.startCompetition_Warn: TELEOP_MODE.periodic took too long (0.043s/0.040s)
globalTracer.startCompetition_Warn: TELEOP_MODE took too long (0.054/0.020)
globalTracer.startCompetition_Warn: TELEOP_MODE took too long (0.049/0.020)
globalTracer.startCompetition_Warn: TELEOP_MODE took too long (0.041/0.020)
globalTracer.startCompetition_Warn: TELEOP_MODE took too long (0.043/0.020)
globalTracer.startCompetition_Warn: TELEOP_MODE took too long (0.041/0.020)
globalTracer.startCompetition_Warn: TELEOP_MODE.periodic took too long (0.041s/0.040s)
globalTracer.startCompetition_Warn: TELEOP_MODE took too long (0.050/0.020)
globalTracer.startCompetition_Warn: TELEOP_MODE took too long (0.045/0.020)
globalTracer.startCompetition_Warn: TELEOP_MODE took too long (0.041/0.020)
globalTracer.startCompetition_Warn: TELEOP_MODE took too long (0.041/0.020)
globalTracer.startCompetition_Warn: TELEOP_MODE took too long (0.044/0.020)
globalTracer.startCompetition_Warn: TELEOP_MODE took too long (0.051/0.020)
globalTracer.startCompetition_Warn: TELEOP_MODE took too long (0.044/0.020)
globalTracer.startCompetition_Warn: TELEOP_MODE took too long (0.042/0.020)
globalTracer.startCompetition_Warn: TELEOP_MODE took too long (0.043/0.020)
globalTracer.startCompetition_Warn: TELEOP_MODE took too long (0.043/0.020)
globalTracer.startCompetition_Warn: TELEOP_MODE took too long (0.043/0.020)
globalTracer.startCompetition_Warn: TELEOP_MODE took too long (0.041/0.020)
globalTracer.startCompetition_Warn: TELEOP_MODE took too long (0.041/0.020)
globalTracer.setPower_Info: [38.676] owner=null, delay=0.0, leftPower=0.8, rightPower=0.8, duration=0.000
globalTracer.startCompetition_Warn: TELEOP_MODE took too long (0.053/0.020)
globalTracer.startCompetition_Warn: TELEOP_MODE.periodic took too long (0.053s/0.040s)
globalTracer.startCompetition_Warn: TELEOP_MODE took too long (0.076/0.020)
globalTracer.startCompetition_Warn: TELEOP_MODE.periodic took too long (0.041s/0.040s)
globalTracer.startCompetition_Warn: TELEOP_MODE took too long (0.053/0.020)
globalTracer.startCompetition_Warn: TELEOP_MODE took too long (0.043/0.020)
globalTracer.setPower_Info: [39.033] owner=null, delay=0.0, leftPower=0.8, rightPower=0.8, duration=0.000
globalTracer.startCompetition_Warn: TELEOP_MODE took too long (0.048/0.020)
globalTracer.startCompetition_Warn: TELEOP_MODE took too long (0.043/0.020)
globalTracer.setPower_Info: [39.284] owner=null, delay=0.0, leftPower=0.8, rightPower=0.8, duration=0.000
globalTracer.startCompetition_Warn: TELEOP_MODE took too long (0.047/0.020)
globalTracer.startCompetition_Warn: TELEOP_MODE took too long (0.045/0.020)
globalTracer.startCompetition_Warn: TELEOP_MODE took too long (0.044/0.020)
globalTracer.startCompetition_Warn: TELEOP_MODE took too long (0.047/0.020)
globalTracer.startCompetition_Warn: TELEOP_MODE took too long (0.047/0.020)
globalTracer.startCompetition_Warn: TELEOP_MODE took too long (0.045/0.020)
globalTracer.startCompetition_Warn: TELEOP_MODE took too long (0.043/0.020)
globalTracer.startCompetition_Warn: TELEOP_MODE took too long (0.044/0.020)
globalTracer.startCompetition_Warn: TELEOP_MODE took too long (0.042/0.020)
globalTracer.startCompetition_Warn: TELEOP_MODE took too long (0.042/0.020)
globalTracer.startCompetition_Warn: TELEOP_MODE took too long (0.042/0.020)
globalTracer.startCompetition_Warn: TELEOP_MODE took too long (0.044/0.020)
globalTracer.startCompetition_Warn: TELEOP_MODE took too long (0.044/0.020)
globalTracer.startCompetition_Warn: TELEOP_MODE took too long (0.043/0.020)
globalTracer.startCompetition_Warn: TELEOP_MODE took too long (0.044/0.020)
globalTracer.setPower_Info: [42.212] owner=null, delay=0.0, leftPower=0.8, rightPower=0.8, duration=0.000
globalTracer.startCompetition_Warn: TELEOP_MODE.periodic took too long (0.047s/0.040s)
globalTracer.startCompetition_Warn: TELEOP_MODE took too long (0.080/0.020)
globalTracer.startCompetition_Warn: TELEOP_MODE took too long (0.040/0.020)
globalTracer.startCompetition_Warn: TELEOP_MODE.periodic took too long (0.050s/0.040s)
globalTracer.startCompetition_Warn: TELEOP_MODE took too long (0.067/0.020)
globalTracer.startCompetition_Warn: TELEOP_MODE took too long (0.049/0.020)
globalTracer.startCompetition_Warn: TELEOP_MODE took too long (0.046/0.020)
globalTracer.startCompetition_Warn: TELEOP_MODE took too long (0.046/0.020)
globalTracer.startCompetition_Warn: TELEOP_MODE took too long (0.050/0.020)
globalTracer.startCompetition_Warn: TELEOP_MODE took too long (0.047/0.020)
globalTracer.startCompetition_Warn: TELEOP_MODE took too long (0.040/0.020)
globalTracer.startCompetition_Warn: TELEOP_MODE took too long (0.050/0.020)
globalTracer.startCompetition_Warn: TELEOP_MODE took too long (0.042/0.020)
globalTracer.startCompetition_Warn: TELEOP_MODE took too long (0.047/0.020)
globalTracer.startCompetition_Warn: TELEOP_MODE took too long (0.042/0.020)
globalTracer.startCompetition_Warn: TELEOP_MODE took too long (0.046/0.020)
globalTracer.startCompetition_Warn: TELEOP_MODE took too long (0.043/0.020)
globalTracer.startCompetition_Warn: TELEOP_MODE took too long (0.041/0.020)
globalTracer.startCompetition_Warn: TELEOP_MODE.periodic took too long (0.041s/0.040s)
globalTracer.startCompetition_Warn: TELEOP_MODE took too long (0.055/0.020)
globalTracer.startCompetition_Warn: TELEOP_MODE took too long (0.050/0.020)
globalTracer.startCompetition_Warn: TELEOP_MODE took too long (0.040/0.020)
globalTracer.startCompetition_Warn: TELEOP_MODE took too long (0.045/0.020)
globalTracer.startCompetition_Warn: TELEOP_MODE took too long (0.041/0.020)
globalTracer.startCompetition_Warn: TELEOP_MODE took too long (0.044/0.020)
globalTracer.startCompetition_Warn: TELEOP_MODE took too long (0.047/0.020)
globalTracer.setPower_Info: [46.572] owner=null, delay=0.0, leftPower=0.8, rightPower=0.8, duration=0.000
globalTracer.startCompetition_Warn: TELEOP_MODE.periodic took too long (0.048s/0.040s)
globalTracer.startCompetition_Warn: TELEOP_MODE took too long (0.095/0.020)
globalTracer.startCompetition_Warn: TELEOP_MODE.periodic took too long (0.051s/0.040s)
globalTracer.startCompetition_Warn: TELEOP_MODE took too long (0.064/0.020)
globalTracer.startCompetition_Warn: TELEOP_MODE took too long (0.042/0.020)
globalTracer.startCompetition_Warn: TELEOP_MODE took too long (0.044/0.020)
globalTracer.startCompetition_Warn: TELEOP_MODE took too long (0.047/0.020)
globalTracer.startCompetition_Warn: TELEOP_MODE took too long (0.041/0.020)
globalTracer.startCompetition_Warn: TELEOP_MODE took too long (0.045/0.020)
globalTracer.startCompetition_Warn: TELEOP_MODE took too long (0.044/0.020)
globalTracer.startCompetition_Warn: TELEOP_MODE took too long (0.044/0.020)
globalTracer.startCompetition_Warn: TELEOP_MODE.periodic took too long (0.050s/0.040s)
globalTracer.startCompetition_Warn: TELEOP_MODE took too long (0.067/0.020)
globalTracer.startCompetition_Warn: TELEOP_MODE.periodic took too long (0.042s/0.040s)
globalTracer.startCompetition_Warn: TELEOP_MODE took too long (0.050/0.020)
globalTracer.startCompetition_Warn: TELEOP_MODE took too long (0.044/0.020)
globalTracer.startCompetition_Warn: TELEOP_MODE took too long (0.042/0.020)
globalTracer.startCompetition_Warn: TELEOP_MODE took too long (0.040/0.020)
globalTracer.startCompetition_Warn: TELEOP_MODE took too long (0.044/0.020)
globalTracer.startCompetition_Warn: TELEOP_MODE took too long (0.045/0.020)
globalTracer.startCompetition_Warn: TELEOP_MODE.periodic took too long (0.040s/0.040s)
globalTracer.startCompetition_Warn: TELEOP_MODE took too long (0.052/0.020)
globalTracer.startCompetition_Warn: TELEOP_MODE took too long (0.042/0.020)
globalTracer.startCompetition_Warn: TELEOP_MODE took too long (0.047/0.020)
globalTracer.startCompetition_Warn: TELEOP_MODE took too long (0.046/0.020)
globalTracer.startCompetition_Warn: TELEOP_MODE took too long (0.041/0.020)
globalTracer.startCompetition_Warn: TELEOP_MODE took too long (0.040/0.020)
globalTracer.startCompetition_Warn: TELEOP_MODE took too long (0.050/0.020)
globalTracer.startCompetition_Warn: TELEOP_MODE took too long (0.047/0.020)
globalTracer.startCompetition_Warn: TELEOP_MODE took too long (0.045/0.020)
globalTracer.startCompetition_Warn: TELEOP_MODE took too long (0.047/0.020)
globalTracer.setPower_Info: [52.809] owner=null, delay=0.0, leftPower=0.8, rightPower=0.8, duration=0.000
globalTracer.startCompetition_Warn: TELEOP_MODE.prePeriodicTasks took too long (0.043s/0.040s)
globalTracer.startCompetition_Warn: TELEOP_MODE.periodic took too long (0.048s/0.040s)
globalTracer.startCompetition_Warn: TELEOP_MODE took too long (0.111/0.020)
globalTracer.startCompetition_Warn: TELEOP_MODE took too long (0.055/0.020)
globalTracer.startCompetition_Warn: TELEOP_MODE took too long (0.043/0.020)
globalTracer.startCompetition_Warn: TELEOP_MODE took too long (0.040/0.020)
globalTracer.startCompetition_Warn: TELEOP_MODE took too long (0.049/0.020)
globalTracer.startCompetition_Warn: TELEOP_MODE took too long (0.041/0.020)
globalTracer.startCompetition_Warn: TELEOP_MODE took too long (0.046/0.020)
globalTracer.startCompetition_Warn: TELEOP_MODE took too long (0.042/0.020)
globalTracer.startCompetition_Warn: TELEOP_MODE took too long (0.045/0.020)
globalTracer.startCompetition_Warn: TELEOP_MODE took too long (0.044/0.020)
globalTracer.startCompetition_Warn: TELEOP_MODE took too long (0.043/0.020)
globalTracer.startCompetition_Warn: TELEOP_MODE took too long (0.043/0.020)
globalTracer.startCompetition_Warn: TELEOP_MODE took too long (0.054/0.020)
globalTracer.startCompetition_Warn: TELEOP_MODE took too long (0.042/0.020)
globalTracer.startCompetition_Warn: TELEOP_MODE took too long (0.043/0.020)
globalTracer.startCompetition_Warn: TELEOP_MODE took too long (0.050/0.020)
globalTracer.startCompetition_Warn: TELEOP_MODE took too long (0.042/0.020)
globalTracer.startCompetition_Warn: TELEOP_MODE took too long (0.043/0.020)
globalTracer.startCompetition_Warn: TELEOP_MODE took too long (0.041/0.020)
globalTracer.startCompetition_Warn: TELEOP_MODE took too long (0.044/0.020)
globalTracer.startCompetition_Warn: TELEOP_MODE took too long (0.046/0.020)
globalTracer.startCompetition_Warn: TELEOP_MODE took too long (0.043/0.020)
globalTracer.startCompetition_Warn: TELEOP_MODE took too long (0.041/0.020)
globalTracer.startCompetition_Warn: TELEOP_MODE took too long (0.040/0.020)
globalTracer.startCompetition_Warn: TELEOP_MODE took too long (0.044/0.020)
globalTracer.startCompetition_Warn: TELEOP_MODE.periodic took too long (0.042s/0.040s)
globalTracer.startCompetition_Warn: TELEOP_MODE took too long (0.055/0.020)
globalTracer.startCompetition_Warn: TELEOP_MODE took too long (0.043/0.020)
globalTracer.startCompetition_Warn: TELEOP_MODE took too long (0.049/0.020)
globalTracer.startCompetition_Warn: TELEOP_MODE took too long (0.041/0.020)
globalTracer.startCompetition_Warn: TELEOP_MODE took too long (0.050/0.020)
globalTracer.startCompetition_Warn: TELEOP_MODE took too long (0.045/0.020)
globalTracer.startCompetition_Warn: TELEOP_MODE took too long (0.046/0.020)
globalTracer.startCompetition_Warn: TELEOP_MODE took too long (0.043/0.020)
globalTracer.startCompetition_Warn: TELEOP_MODE took too long (0.041/0.020)
globalTracer.startCompetition_Warn: TELEOP_MODE took too long (0.045/0.020)
globalTracer.startCompetition_Warn: TELEOP_MODE took too long (0.044/0.020)
globalTracer.startCompetition_Warn: TELEOP_MODE took too long (0.040/0.020)
globalTracer.startCompetition_Warn: TELEOP_MODE.periodic took too long (0.041s/0.040s)
globalTracer.startCompetition_Warn: TELEOP_MODE took too long (0.050/0.020)
globalTracer.startCompetition_Warn: TELEOP_MODE took too long (0.041/0.020)
globalTracer.startCompetition_Warn: TELEOP_MODE took too long (0.041/0.020)
globalTracer.startCompetition_Warn: TELEOP_MODE took too long (0.046/0.020)
globalTracer.startCompetition_Warn: TELEOP_MODE took too long (0.042/0.020)
globalTracer.startCompetition_Warn: TELEOP_MODE took too long (0.041/0.020)
globalTracer.startCompetition_Warn: TELEOP_MODE took too long (0.047/0.020)
globalTracer.startCompetition_Warn: TELEOP_MODE took too long (0.045/0.020)
globalTracer.startCompetition_Warn: TELEOP_MODE took too long (0.043/0.020)
globalTracer.startCompetition_Warn: TELEOP_MODE took too long (0.046/0.020)
globalTracer.startCompetition_Warn: TELEOP_MODE took too long (0.041/0.020)
globalTracer.startCompetition_Warn: TELEOP_MODE took too long (0.044/0.020)
globalTracer.startCompetition_Warn: TELEOP_MODE took too long (0.044/0.020)
globalTracer.startCompetition_Warn: TELEOP_MODE took too long (0.045/0.020)
globalTracer.startCompetition_Warn: TELEOP_MODE took too long (0.043/0.020)
globalTracer.startCompetition_Warn: TELEOP_MODE took too long (0.044/0.020)
globalTracer.startCompetition_Warn: TELEOP_MODE took too long (0.041/0.020)
globalTracer.startCompetition_Warn: TELEOP_MODE took too long (0.044/0.020)
globalTracer.startCompetition_Warn: TELEOP_MODE took too long (0.045/0.020)
globalTracer.startCompetition_Warn: TELEOP_MODE took too long (0.041/0.020)
globalTracer.startCompetition_Warn: TELEOP_MODE took too long (0.043/0.020)
globalTracer.startCompetition_Warn: TELEOP_MODE took too long (0.045/0.020)
globalTracer.startCompetition_Warn: TELEOP_MODE.periodic took too long (0.042s/0.040s)
globalTracer.startCompetition_Warn: TELEOP_MODE took too long (0.057/0.020)
globalTracer.startCompetition_Warn: TELEOP_MODE took too long (0.040/0.020)
globalTracer.startCompetition_Warn: TELEOP_MODE took too long (0.042/0.020)
globalTracer.startCompetition_Warn: TELEOP_MODE took too long (0.044/0.020)
globalTracer.startCompetition_Warn: TELEOP_MODE took too long (0.041/0.020)
globalTracer.startCompetition_Warn: TELEOP_MODE took too long (0.041/0.020)
globalTracer.startCompetition_Warn: TELEOP_MODE took too long (0.043/0.020)
globalTracer.startCompetition_Warn: TELEOP_MODE took too long (0.050/0.020)
globalTracer.startCompetition_Warn: TELEOP_MODE took too long (0.042/0.020)
globalTracer.startCompetition_Warn: TELEOP_MODE took too long (0.042/0.020)
globalTracer.startCompetition_Warn: TELEOP_MODE took too long (0.041/0.020)
globalTracer.startCompetition_Warn: TELEOP_MODE took too long (0.047/0.020)
globalTracer.startCompetition_Warn: TELEOP_MODE.periodic took too long (0.040s/0.040s)
globalTracer.startCompetition_Warn: TELEOP_MODE took too long (0.048/0.020)
globalTracer.startCompetition_Warn: TELEOP_MODE took too long (0.042/0.020)
globalTracer.startCompetition_Warn: TELEOP_MODE took too long (0.042/0.020)
globalTracer.startCompetition_Warn: TELEOP_MODE took too long (0.044/0.020)
globalTracer.startCompetition_Warn: TELEOP_MODE.periodic took too long (0.042s/0.040s)
globalTracer.startCompetition_Warn: TELEOP_MODE took too long (0.051/0.020)
globalTracer.startCompetition_Warn: TELEOP_MODE took too long (0.042/0.020)
globalTracer.startCompetition_Warn: TELEOP_MODE took too long (0.045/0.020)
globalTracer.startCompetition_Warn: TELEOP_MODE took too long (0.045/0.020)
globalTracer.startCompetition_Warn: TELEOP_MODE took too long (0.043/0.020)
globalTracer.startCompetition_Warn: TELEOP_MODE took too long (0.046/0.020)
globalTracer.startCompetition_Warn: TELEOP_MODE took too long (0.043/0.020)
globalTracer.startCompetition_Warn: TELEOP_MODE took too long (0.048/0.020)
globalTracer.startCompetition_Warn: TELEOP_MODE took too long (0.043/0.020)
globalTracer.startCompetition_Warn: TELEOP_MODE took too long (0.040/0.020)
globalTracer.startCompetition_Warn: TELEOP_MODE took too long (0.043/0.020)
globalTracer.startCompetition_Warn: TELEOP_MODE took too long (0.041/0.020)
globalTracer.startCompetition_Warn: TELEOP_MODE took too long (0.046/0.020)
globalTracer.startCompetition_Warn: TELEOP_MODE took too long (0.046/0.020)
globalTracer.startCompetition_Warn: TELEOP_MODE took too long (0.053/0.020)
globalTracer.startCompetition_Warn: TELEOP_MODE took too long (0.044/0.020)
globalTracer.startCompetition_Warn: TELEOP_MODE took too long (0.043/0.020)
globalTracer.startCompetition_Warn: TELEOP_MODE took too long (0.044/0.020)
globalTracer.startCompetition_Warn: TELEOP_MODE took too long (0.042/0.020)
globalTracer.startCompetition_Warn: TELEOP_MODE took too long (0.045/0.020)
globalTracer.startCompetition_Warn: TELEOP_MODE.periodic took too long (0.041s/0.040s)
globalTracer.startCompetition_Warn: TELEOP_MODE took too long (0.056/0.020)
globalTracer.startCompetition_Warn: TELEOP_MODE took too long (0.048/0.020)
globalTracer.setPower_Info: [76.652] owner=null, delay=0.0, leftPower=0.8, rightPower=0.8, duration=0.000
globalTracer.startCompetition_Warn: TELEOP_MODE took too long (0.053/0.020)
globalTracer.startCompetition_Warn: TELEOP_MODE took too long (0.043/0.020)
globalTracer.setPower_Info: [77.206] owner=null, delay=0.0, leftPower=0.8, rightPower=0.8, duration=0.000
globalTracer.startCompetition_Warn: TELEOP_MODE took too long (0.065/0.020)
globalTracer.startCompetition_Warn: TELEOP_MODE took too long (0.041/0.020)
globalTracer.startCompetition_Warn: TELEOP_MODE took too long (0.044/0.020)
globalTracer.setPower_Info: [78.005] owner=null, delay=0.0, leftPower=0.8, rightPower=0.8, duration=0.000
globalTracer.startCompetition_Warn: TELEOP_MODE took too long (0.052/0.020)
globalTracer.startCompetition_Warn: TELEOP_MODE.periodic took too long (0.066s/0.040s)
globalTracer.startCompetition_Warn: TELEOP_MODE took too long (0.089/0.020)
globalTracer.startCompetition_Warn: TELEOP_MODE took too long (0.043/0.020)
globalTracer.startCompetition_Warn: TELEOP_MODE took too long (0.045/0.020)
globalTracer.setPower_Info: [79.005] owner=null, delay=0.0, leftPower=0.8, rightPower=0.8, duration=0.000
globalTracer.startCompetition_Warn: TELEOP_MODE.periodic took too long (0.043s/0.040s)
globalTracer.startCompetition_Warn: TELEOP_MODE took too long (0.085/0.020)
globalTracer.startCompetition_Warn: TELEOP_MODE took too long (0.041/0.020)
globalTracer.startCompetition_Warn: TELEOP_MODE took too long (0.041/0.020)
globalTracer.startCompetition_Warn: TELEOP_MODE took too long (0.043/0.020)
globalTracer.startCompetition_Warn: TELEOP_MODE took too long (0.044/0.020)
globalTracer.startCompetition_Warn: TELEOP_MODE.periodic took too long (0.040s/0.040s)
globalTracer.startCompetition_Warn: TELEOP_MODE took too long (0.053/0.020)
globalTracer.startCompetition_Warn: TELEOP_MODE took too long (0.046/0.020)
globalTracer.startCompetition_Warn: TELEOP_MODE took too long (0.047/0.020)
globalTracer.startCompetition_Warn: TELEOP_MODE took too long (0.042/0.020)
globalTracer.startCompetition_Warn: TELEOP_MODE.periodic took too long (0.040s/0.040s)
globalTracer.startCompetition_Warn: TELEOP_MODE took too long (0.052/0.020)
globalTracer.startCompetition_Warn: TELEOP_MODE took too long (0.046/0.020)
globalTracer.startCompetition_Warn: TELEOP_MODE took too long (0.042/0.020)
globalTracer.startCompetition_Warn: TELEOP_MODE took too long (0.046/0.020)
globalTracer.startCompetition_Warn: TELEOP_MODE took too long (0.045/0.020)
globalTracer.startCompetition_Warn: TELEOP_MODE took too long (0.042/0.020)
globalTracer.startCompetition_Warn: TELEOP_MODE took too long (0.045/0.020)
globalTracer.startCompetition_Warn: TELEOP_MODE took too long (0.044/0.020)
globalTracer.startCompetition_Warn: TELEOP_MODE took too long (0.042/0.020)
globalTracer.startCompetition_Warn: TELEOP_MODE took too long (0.044/0.020)
globalTracer.startCompetition_Warn: TELEOP_MODE took too long (0.042/0.020)
globalTracer.startCompetition_Warn: TELEOP_MODE took too long (0.041/0.020)
globalTracer.startCompetition_Warn: TELEOP_MODE took too long (0.043/0.020)
globalTracer.startCompetition_Warn: TELEOP_MODE took too long (0.042/0.020)
globalTracer.startCompetition_Warn: TELEOP_MODE took too long (0.046/0.020)
globalTracer.startCompetition_Warn: TELEOP_MODE took too long (0.044/0.020)
globalTracer.startCompetition_Warn: TELEOP_MODE took too long (0.042/0.020)
globalTracer.startCompetition_Warn: TELEOP_MODE took too long (0.045/0.020)
globalTracer.startCompetition_Warn: TELEOP_MODE took too long (0.040/0.020)
globalTracer.startCompetition_Warn: TELEOP_MODE took too long (0.043/0.020)
globalTracer.startCompetition_Warn: TELEOP_MODE took too long (0.043/0.020)
globalTracer.startCompetition_Warn: TELEOP_MODE took too long (0.041/0.020)
globalTracer.startCompetition_Warn: TELEOP_MODE took too long (0.040/0.020)
globalTracer.startCompetition_Warn: TELEOP_MODE took too long (0.041/0.020)
globalTracer.startCompetition_Warn: TELEOP_MODE took too long (0.043/0.020)
globalTracer.startCompetition_Warn: TELEOP_MODE took too long (0.041/0.020)
globalTracer.startCompetition_Warn: TELEOP_MODE took too long (0.042/0.020)
globalTracer.startCompetition_Warn: TELEOP_MODE took too long (0.044/0.020)
globalTracer.startCompetition_Warn: TELEOP_MODE took too long (0.041/0.020)
globalTracer.startCompetition_Warn: TELEOP_MODE took too long (0.040/0.020)
globalTracer.setPower_Info: [86.965] owner=null, delay=0.0, leftPower=0.8, rightPower=0.8, duration=0.000
globalTracer.startCompetition_Warn: TELEOP_MODE took too long (0.052/0.020)
globalTracer.startCompetition_Warn: TELEOP_MODE.periodic took too long (0.057s/0.040s)
globalTracer.startCompetition_Warn: TELEOP_MODE took too long (0.077/0.020)
globalTracer.startCompetition_Warn: TELEOP_MODE took too long (0.050/0.020)
globalTracer.startCompetition_Warn: TELEOP_MODE took too long (0.045/0.020)
globalTracer.startCompetition_Warn: TELEOP_MODE took too long (0.047/0.020)
globalTracer.setPower_Info: [87.601] owner=null, delay=0.0, leftPower=0.8, rightPower=0.8, duration=0.000
globalTracer.startCompetition_Warn: TELEOP_MODE took too long (0.053/0.020)
globalTracer.setPower_Info: [88.020] owner=null, delay=0.0, leftPower=0.8, rightPower=0.8, duration=0.000
globalTracer.startCompetition_Warn: TELEOP_MODE took too long (0.050/0.020)
globalTracer.startCompetition_Warn: TELEOP_MODE.periodic took too long (0.051s/0.040s)
globalTracer.startCompetition_Warn: TELEOP_MODE took too long (0.072/0.020)
globalTracer.setPower_Info: [88.393] owner=null, delay=0.0, leftPower=0.8, rightPower=0.8, duration=0.000
globalTracer.startCompetition_Warn: TELEOP_MODE took too long (0.041/0.020)
globalTracer.startCompetition_Warn: TELEOP_MODE took too long (0.045/0.020)
globalTracer.startCompetition_Warn: TELEOP_MODE.periodic took too long (0.040s/0.040s)
globalTracer.startCompetition_Warn: TELEOP_MODE took too long (0.057/0.020)
globalTracer.setPower_Info: [88.903] owner=null, delay=0.0, leftPower=0.8, rightPower=0.8, duration=0.000
globalTracer.startCompetition_Warn: TELEOP_MODE took too long (0.043/0.020)
globalTracer.startCompetition_Warn: TELEOP_MODE took too long (0.044/0.020)
globalTracer.setPower_Info: [89.501] owner=null, delay=0.0, leftPower=0.8, rightPower=0.8, duration=0.000
globalTracer.startCompetition_Warn: TELEOP_MODE took too long (0.044/0.020)
globalTracer.startCompetition_Warn: TELEOP_MODE took too long (0.047/0.020)
globalTracer.startCompetition_Warn: TELEOP_MODE took too long (0.044/0.020)
globalTracer.startCompetition_Warn: TELEOP_MODE took too long (0.041/0.020)
globalTracer.startCompetition_Warn: TELEOP_MODE took too long (0.045/0.020)
globalTracer.startCompetition_Warn: TELEOP_MODE took too long (0.043/0.020)
globalTracer.startCompetition_Warn: TELEOP_MODE took too long (0.041/0.020)
globalTracer.startCompetition_Warn: TELEOP_MODE took too long (0.041/0.020)
globalTracer.startCompetition_Warn: TELEOP_MODE.periodic took too long (0.043s/0.040s)
globalTracer.startCompetition_Warn: TELEOP_MODE took too long (0.051/0.020)
globalTracer.startCompetition_Warn: TELEOP_MODE took too long (0.044/0.020)
globalTracer.startCompetition_Warn: TELEOP_MODE took too long (0.041/0.020)
globalTracer.startCompetition_Warn: TELEOP_MODE took too long (0.041/0.020)
globalTracer.startCompetition_Warn: TELEOP_MODE took too long (0.044/0.020)
globalTracer.startCompetition_Warn: TELEOP_MODE.periodic took too long (0.041s/0.040s)
globalTracer.startCompetition_Warn: TELEOP_MODE took too long (0.049/0.020)
globalTracer.startCompetition_Warn: TELEOP_MODE took too long (0.040/0.020)
globalTracer.startCompetition_Warn: TELEOP_MODE took too long (0.049/0.020)
globalTracer.startCompetition_Warn: TELEOP_MODE took too long (0.042/0.020)
globalTracer.startCompetition_Warn: TELEOP_MODE took too long (0.043/0.020)
globalTracer.startCompetition_Warn: TELEOP_MODE took too long (0.050/0.020)
globalTracer.startCompetition_Warn: TELEOP_MODE took too long (0.043/0.020)
globalTracer.startCompetition_Warn: TELEOP_MODE took too long (0.041/0.020)
globalTracer.startCompetition_Warn: TELEOP_MODE took too long (0.045/0.020)
globalTracer.startCompetition_Warn: TELEOP_MODE took too long (0.044/0.020)
globalTracer.startCompetition_Warn: TELEOP_MODE took too long (0.040/0.020)
globalTracer.startCompetition_Warn: TELEOP_MODE took too long (0.048/0.020)
globalTracer.startCompetition_Warn: TELEOP_MODE took too long (0.047/0.020)
globalTracer.startCompetition_Warn: TELEOP_MODE took too long (0.040/0.020)
globalTracer.startCompetition_Warn: TELEOP_MODE took too long (0.043/0.020)
globalTracer.startCompetition_Warn: TELEOP_MODE took too long (0.045/0.020)
globalTracer.startCompetition_Warn: TELEOP_MODE took too long (0.041/0.020)
globalTracer.startCompetition_Warn: TELEOP_MODE took too long (0.049/0.020)
globalTracer.startCompetition_Warn: TELEOP_MODE took too long (0.041/0.020)
globalTracer.startCompetition_Warn: TELEOP_MODE took too long (0.041/0.020)
globalTracer.startCompetition_Warn: TELEOP_MODE took too long (0.042/0.020)
globalTracer.startCompetition_Warn: TELEOP_MODE took too long (0.047/0.020)
globalTracer.startCompetition_Warn: TELEOP_MODE took too long (0.042/0.020)
globalTracer.startCompetition_Warn: TELEOP_MODE took too long (0.045/0.020)
globalTracer.startCompetition_Warn: TELEOP_MODE took too long (0.044/0.020)
globalTracer.startCompetition_Warn: TELEOP_MODE took too long (0.045/0.020)
globalTracer.startCompetition_Warn: TELEOP_MODE took too long (0.047/0.020)
globalTracer.startCompetition_Warn: TELEOP_MODE took too long (0.043/0.020)
globalTracer.startCompetition_Warn: TELEOP_MODE took too long (0.047/0.020)
globalTracer.startCompetition_Warn: TELEOP_MODE took too long (0.045/0.020)
globalTracer.startCompetition_Warn: TELEOP_MODE took too long (0.041/0.020)
globalTracer.startCompetition_Warn: TELEOP_MODE took too long (0.046/0.020)
globalTracer.startCompetition_Warn: TELEOP_MODE took too long (0.040/0.020)
globalTracer.startCompetition_Warn: TELEOP_MODE took too long (0.046/0.020)
globalTracer.startCompetition_Warn: TELEOP_MODE took too long (0.053/0.020)
globalTracer.startCompetition_Warn: TELEOP_MODE took too long (0.041/0.020)
globalTracer.startCompetition_Warn: TELEOP_MODE took too long (0.042/0.020)
globalTracer.startCompetition_Warn: TELEOP_MODE took too long (0.041/0.020)
globalTracer.startCompetition_Warn: TELEOP_MODE took too long (0.045/0.020)
globalTracer.startCompetition_Warn: TELEOP_MODE.periodic took too long (0.041s/0.040s)
globalTracer.startCompetition_Warn: TELEOP_MODE took too long (0.061/0.020)
globalTracer.startCompetition_Warn: TELEOP_MODE took too long (0.047/0.020)
globalTracer.startCompetition_Warn: TELEOP_MODE took too long (0.041/0.020)
globalTracer.startCompetition_Warn: TELEOP_MODE took too long (0.042/0.020)
globalTracer.startCompetition_Warn: TELEOP_MODE took too long (0.040/0.020)
globalTracer.startCompetition_Warn: TELEOP_MODE took too long (0.042/0.020)
globalTracer.startCompetition_Warn: TELEOP_MODE took too long (0.046/0.020)
globalTracer.startCompetition_Warn: TELEOP_MODE took too long (0.045/0.020)
globalTracer.startCompetition_Warn: TELEOP_MODE took too long (0.043/0.020)
globalTracer.startCompetition_Warn: TELEOP_MODE took too long (0.046/0.020)
globalTracer.startCompetition_Warn: TELEOP_MODE took too long (0.044/0.020)
globalTracer.startCompetition_Warn: TELEOP_MODE took too long (0.046/0.020)
globalTracer.startCompetition_Warn: TELEOP_MODE took too long (0.045/0.020)
globalTracer.startCompetition_Warn: TELEOP_MODE took too long (0.042/0.020)
globalTracer.startCompetition_Warn: TELEOP_MODE took too long (0.043/0.020)
globalTracer.startCompetition_Warn: TELEOP_MODE took too long (0.044/0.020)
globalTracer.startCompetition_Warn: TELEOP_MODE took too long (0.042/0.020)
globalTracer.startCompetition_Warn: TELEOP_MODE took too long (0.041/0.020)
globalTracer.startCompetition_Warn: TELEOP_MODE took too long (0.044/0.020)
globalTracer.startCompetition_Warn: TELEOP_MODE took too long (0.042/0.020)
globalTracer.startCompetition_Warn: TELEOP_MODE took too long (0.042/0.020)
globalTracer.startCompetition_Warn: TELEOP_MODE took too long (0.049/0.020)
globalTracer.startCompetition_Warn: TELEOP_MODE took too long (0.043/0.020)
globalTracer.startCompetition_Warn: TELEOP_MODE took too long (0.041/0.020)
globalTracer.startCompetition_Warn: TELEOP_MODE took too long (0.048/0.020)
globalTracer.startCompetition_Warn: TELEOP_MODE took too long (0.042/0.020)
globalTracer.startCompetition_Warn: TELEOP_MODE took too long (0.046/0.020)
globalTracer.startCompetition_Warn: TELEOP_MODE took too long (0.042/0.020)
globalTracer.startCompetition_Warn: TELEOP_MODE took too long (0.043/0.020)
globalTracer.startCompetition_Warn: TELEOP_MODE took too long (0.040/0.020)
globalTracer.startCompetition_Warn: TELEOP_MODE took too long (0.045/0.020)
globalTracer.startCompetition_Warn: TELEOP_MODE took too long (0.040/0.020)
globalTracer.startCompetition_Warn: TELEOP_MODE took too long (0.040/0.020)
globalTracer.startCompetition_Warn: TELEOP_MODE took too long (0.047/0.020)
globalTracer.startCompetition_Warn: TELEOP_MODE took too long (0.044/0.020)
globalTracer.startCompetition_Warn: TELEOP_MODE took too long (0.043/0.020)
globalTracer.startCompetition_Warn: TELEOP_MODE took too long (0.041/0.020)
globalTracer.startCompetition_Warn: TELEOP_MODE took too long (0.041/0.020)
globalTracer.startCompetition_Warn: TELEOP_MODE took too long (0.045/0.020)
globalTracer.startCompetition_Warn: TELEOP_MODE took too long (0.046/0.020)
globalTracer.startCompetition_Warn: TELEOP_MODE took too long (0.043/0.020)
globalTracer.startCompetition_Warn: TELEOP_MODE took too long (0.041/0.020)
globalTracer.startCompetition_Warn: TELEOP_MODE took too long (0.042/0.020)
globalTracer.startCompetition_Warn: TELEOP_MODE took too long (0.049/0.020)
globalTracer.startCompetition_Warn: TELEOP_MODE took too long (0.044/0.020)
globalTracer.startCompetition_Warn: TELEOP_MODE took too long (0.041/0.020)
globalTracer.startCompetition_Warn: TELEOP_MODE took too long (0.041/0.020)
globalTracer.startCompetition_Warn: TELEOP_MODE took too long (0.043/0.020)
globalTracer.startCompetition_Warn: TELEOP_MODE took too long (0.044/0.020)
globalTracer.startCompetition_Warn: TELEOP_MODE took too long (0.041/0.020)
globalTracer.startCompetition_Warn: TELEOP_MODE took too long (0.043/0.020)
globalTracer.startCompetition_Warn: TELEOP_MODE took too long (0.050/0.020)
globalTracer.startCompetition_Warn: TELEOP_MODE took too long (0.043/0.020)
globalTracer.startCompetition_Warn: TELEOP_MODE took too long (0.044/0.020)
globalTracer.startCompetition_Warn: TELEOP_MODE took too long (0.046/0.020)
globalTracer.startCompetition_Warn: TELEOP_MODE took too long (0.048/0.020)
globalTracer.startCompetition_Warn: TELEOP_MODE took too long (0.044/0.020)
globalTracer.startCompetition_Warn: TELEOP_MODE took too long (0.044/0.020)
globalTracer.startCompetition_Warn: TELEOP_MODE took too long (0.043/0.020)
globalTracer.startCompetition_Warn: TELEOP_MODE took too long (0.040/0.020)
globalTracer.startCompetition_Warn: TELEOP_MODE took too long (0.047/0.020)
globalTracer.startCompetition_Warn: TELEOP_MODE took too long (0.043/0.020)
globalTracer.startCompetition_Warn: TELEOP_MODE took too long (0.048/0.020)
globalTracer.startCompetition_Warn: TELEOP_MODE took too long (0.044/0.020)
globalTracer.startCompetition_Warn: TELEOP_MODE took too long (0.041/0.020)
globalTracer.startCompetition_Warn: TELEOP_MODE took too long (0.047/0.020)
globalTracer.startCompetition_Warn: TELEOP_MODE took too long (0.044/0.020)
globalTracer.startCompetition_Warn: TELEOP_MODE took too long (0.042/0.020)
globalTracer.startCompetition_Warn: TELEOP_MODE took too long (0.045/0.020)
globalTracer.startCompetition_Warn: TELEOP_MODE took too long (0.041/0.020)
globalTracer.startCompetition_Warn: TELEOP_MODE took too long (0.041/0.020)
globalTracer.startCompetition_Warn: TELEOP_MODE took too long (0.041/0.020)
globalTracer.startCompetition_Info: *** Transitioning from TELEOP_MODE to DISABLED_MODE ***
globalTracer.robotStopMode_Info: [0.020] STOPPING: ***** TELEOP_MODE *****
globalTracer.FrcRobotBase_Info: (TELEOP_MODE->DISABLED_MODE) Performance Metrics: LoopCount=4990
globalTracer.FrcRobotBase_Info: RobotInit=5.301602, PrevModeStopTask=0.019587, PrevStopMode=0.000302, PrevRobotStopMode=0.008914, RobotStartMode=0.033101, startMode=0.065976, startTask=0.000061
globalTracer.FrcRobotBase_Info: PrePeriodicTask(Avg/Max)=0.005756/0.043434
globalTracer.FrcRobotBase_Info: Periodic(Avg/Max)=0.006657/0.503880
globalTracer.FrcRobotBase_Info: postPeriodicTask(Avg/Max)=0.000129/0.008479
globalTracer.FrcRobotBase_Info: Updates(Avg/Max)=0.004195/0.013287
globalTracer.TaskPerformance_Info: TrcWatchdogMgr: STANDALONE_TASK=0.000446/0.995970
globalTracer.TaskPerformance_Info: DriverController.buttonEvent: PRE_PERIODIC_TASK=0.000012/0.023603
globalTracer.TaskPerformance_Info: operatorStick.buttonEvent: PRE_PERIODIC_TASK=0.000070/0.023603
globalTracer.TaskPerformance_Info: buttonPanel.buttonEvent: PRE_PERIODIC_TASK=0.000007/0.023603
globalTracer.TaskPerformance_Info: switchPanel.buttonEvent: PRE_PERIODIC_TASK=0.000005/0.023603
globalTracer.TaskPerformance_Info: LED: OUTPUT_TASK=0.000020/0.020408
globalTracer.TaskPerformance_Info: TrcMotor.odometryTask: STANDALONE_TASK=0.000157/0.000177
globalTracer.TaskPerformance_Info: lfDrive.cleanupTask: STOP_TASK=0.005251/34.012076
globalTracer.TaskPerformance_Info: lfWheel.servo.stopTask: STOP_TASK=0.000199/34.016657
globalTracer.TaskPerformance_Info: rfWheel.servo.stopTask: STOP_TASK=0.000080/34.016538
globalTracer.TaskPerformance_Info: lbWheel.servo.stopTask: STOP_TASK=0.000027/34.016533
globalTracer.TaskPerformance_Info: rbWheel.servo.stopTask: STOP_TASK=0.000025/34.016531
globalTracer.TaskPerformance_Info: TrcDriveBase.odometryTask: PRE_PERIODIC_TASK=0.004808/0.023667
globalTracer.TaskPerformance_Info: TrcDriveBase.stopTask: STOP_TASK=0.000364/34.016530
globalTracer.TaskPerformance_Info: purePursuitDrive.driveTask: POST_PERIODIC_TASK=0.005480/0.020848
globalTracer.TaskPerformance_Info: Elevator.pidActuator.pidMotorTask: OUTPUT_TASK=0.000223/0.020543
globalTracer.TaskPerformance_Info: Elevator.pidActuator.stopMotorTask: STOP_TASK=0.000487/0.000000
globalTracer.TaskPerformance_Info: elevatorTrigger.triggerTask: PRE_PERIODIC_TASK=0.000135/0.023604
