globalTracer.robotStartMode_Info: [0.035] Fri Mar 17 13:54:33 PDT 2023: ***** AUTO_MODE *****
globalTracer.FrcAuto_Info: <Info name="MatchInfo" date="Fri Mar 17 13:54:33 PDT 2023" event="WAYAK" type="Qualification" match=11 replay=1 alliance="Red" location=1 gameMsg="" />
globalTracer.FrcAuto_Info: <Info name="AutoChoices" alliance="Red" strategy="AUTO_STARTPOS_2" startPos="1" preloadedObj="CUBE" scoreLevel="0" scoreLocation="MIDDLE" useVision="true" scorePreload="true" doAutoBalance="true" scoreSecondPiece="true" startDelay=0 sec pathFile="DrivePath.csv" xDistance=6.0 ft yDistance=6.0 ft turnDegrees=90 deg driveTime=4 sec drivePower=4.0 />
globalTracer.CmdAutoStartPos2_Info: >>> robot=Robot2023_ChargedUp, choices=alliance="Red" strategy="AUTO_STARTPOS_2" startPos="1" preloadedObj="CUBE" scoreLevel="0" scoreLocation="MIDDLE" useVision="true" scorePreload="true" doAutoBalance="true" scoreSecondPiece="true" startDelay=0 sec pathFile="DrivePath.csv" xDistance=6.0 ft yDistance=6.0 ft turnDegrees=90 deg driveTime=4 sec drivePower=4.0
globalTracer.startCompetition_Warn: AUTO_MODE.prePeriodicTasks took too long (0.070s/0.040s)
globalTracer.CmdAutoStartPos2_Info: [0.183] START: xDist=0.0, tilt=-0.430, enteringBalance=null, exitingBalance=null, tiltTriggered=false
globalTracer.start_Info: Path=TrcPath(degrees=true, [TrcWaypoint(pose=(x=-108.2,y=554.8,angle=0.0),vel=0.00), TrcWaypoint(pose=(x=-108.2,y=530.8,angle=0.0),vel=0.00)])
globalTracer.setPower_Info: [0.253] owner=null, delay=0.2, leftPower=-0.5, rightPower=-0.5, duration=0.500
globalTracer.traceStateInfo_Info: <Event name="StateInfo" time="0.271" tag=">>>>>" CmdAutoStartPos2.state="START" RobotPose=(x=-108.2,y=554.8,angle=0.0) TargetPose=(x=-108.2,y=530.8,angle=0.0) vel=(x=0.0,y=0.0,angle=0.0) Path=TrcPath(degrees=true, [TrcWaypoint(pose=(x=0.0,y=0.0,angle=0.0),vel=0.00), TrcWaypoint(pose=(x=0.0,y=-24.0,angle=0.0),vel=0.00)]) />
globalTracer.startCompetition_Warn: AUTO_MODE.periodic took too long (0.104s/0.040s)
globalTracer.startCompetition_Warn: AUTO_MODE.postPeriodicTasks took too long (0.055s/0.040s)
globalTracer.startCompetition_Warn: AUTO_MODE took too long (758045.253/0.020)
globalTracer.TrcPurePursuitDrive.driveTask_Info: purePursuitDrive: Stalled=false, Timedout=true
globalTracer.TrcPurePursuitDrive.driveTask_Info: Done[index=1/2]: stalled=false, timeout=true, posOnTarget=false, headingOnTarget=false
globalTracer.printPidInfo_Info: [1.235925] purePursuitDrive.xPosPid: Target=-107.8, Input=-109.1, dT=0.018300, CurrErr=   1.2, ErrRate=  -0.0, Output= 0.020(-1.000/ 1.000)
globalTracer.printPidInfo_Info: [1.244191] purePursuitDrive.yPosPid: Target= 530.9, Input= 540.4, dT=0.018299, CurrErr=  -9.6, ErrRate=   5.2, Output=-0.132(-1.000/ 1.000)
globalTracer.printPidInfo_Info: [1.251859] purePursuitDrive.turnPid: Target=   0.0, Input=   2.1, dT=0.018299, CurrErr=  -2.1, ErrRate=   0.5, Output=-0.019(-1.000/ 1.000)
globalTracer.printPidInfo_Info: [1.261507] purePursuitDrive.velPid: Target=   0.0, Input=   0.0, dT=0.000000, CurrErr=   0.0, ErrRate=   0.0, Output= 0.000(-1.000/ 1.000)
globalTracer.TrcPurePursuitDrive.driveTask_Info: Signal finished event.
globalTracer.startCompetition_Warn: AUTO_MODE.postPeriodicTasks took too long (0.054s/0.040s)
globalTracer.startCompetition_Warn: AUTO_MODE took too long (0.059/0.020)
globalTracer.CmdAutoStartPos2_Info: [1.288] UNTUCK_ARM: xDist=-109.1, tilt=-0.610, enteringBalance=null, exitingBalance=null, tiltTriggered=false
globalTracer.traceStateInfo_Info: <Event name="StateInfo" time="1.300" tag=">>>>>" CmdAutoStartPos2.state="UNTUCK_ARM" />
globalTracer.CmdAutoStartPos2_Info: [1.322] TURN: xDist=-109.1, tilt=-0.610, enteringBalance=null, exitingBalance=null, tiltTriggered=false
globalTracer.start_Info: Path=TrcPath(degrees=true, [TrcWaypoint(pose=(x=-109.1,y=539.8,angle=2.5),vel=0.00), TrcWaypoint(pose=(x=-109.1,y=539.8,angle=92.5),vel=0.00)])
globalTracer.traceStateInfo_Info: <Event name="StateInfo" time="1.337" tag=">>>>>" CmdAutoStartPos2.state="TURN" RobotPose=(x=-109.1,y=539.8,angle=2.5) TargetPose=(x=-109.1,y=539.8,angle=92.5) vel=(x=-0.2,y=-6.4,angle=13.2) Path=TrcPath(degrees=true, [TrcWaypoint(pose=(x=0.0,y=0.0,angle=0.0),vel=0.00), TrcWaypoint(pose=(x=0.0,y=0.0,angle=90.0),vel=0.00)]) />
globalTracer.TrcPurePursuitDrive.driveTask_Info: purePursuitDrive: Stalled=false, Timedout=true
globalTracer.TrcPurePursuitDrive.driveTask_Info: Done[index=1/2]: stalled=false, timeout=true, posOnTarget=true, headingOnTarget=false
globalTracer.printPidInfo_Info: [3.339402] purePursuitDrive.xPosPid: Target=-112.6, Input=-110.8, dT=0.012395, CurrErr=  -1.9, ErrRate=   0.2, Output=-0.029(-1.000/ 1.000)
globalTracer.printPidInfo_Info: [3.345379] purePursuitDrive.yPosPid: Target= 539.6, Input= 537.9, dT=0.012396, CurrErr=   1.7, ErrRate=  -0.3, Output= 0.026(-1.000/ 1.000)
globalTracer.printPidInfo_Info: [3.355682] purePursuitDrive.turnPid: Target=  92.5, Input=  89.6, dT=0.012397, CurrErr=   2.9, ErrRate=  -2.4, Output= 0.030(-1.000/ 1.000)
globalTracer.printPidInfo_Info: [3.364159] purePursuitDrive.velPid: Target=   0.0, Input=   6.4, dT=0.000000, CurrErr=  -6.4, ErrRate=   0.0, Output= 0.000(-1.000/ 1.000)
globalTracer.TrcPurePursuitDrive.driveTask_Info: Signal finished event.
globalTracer.startCompetition_Warn: AUTO_MODE.postPeriodicTasks took too long (0.046s/0.040s)
globalTracer.startCompetition_Warn: AUTO_MODE took too long (0.051/0.020)
globalTracer.CmdAutoStartPos2_Info: [3.385] START_TO_CLIMB: xDist=-110.8, tilt=0.100, enteringBalance=null, exitingBalance=null, tiltTriggered=false
globalTracer.traceStateInfo_Info: <Event name="StateInfo" time="3.395" tag=">>>>>" CmdAutoStartPos2.state="START_TO_CLIMB" />
globalTracer.CmdAutoStartPos2_Info: [4.760] CLIMB: xDist=-59.3, tilt=5.210, enteringBalance=null, exitingBalance=TILT_RIGHT, tiltTriggered=true
globalTracer.traceStateInfo_Info: <Event name="StateInfo" time="4.769" tag=">>>>>" CmdAutoStartPos2.state="CLIMB" />
globalTracer.CmdAutoStartPos2_Info: [5.222] CLIMB: xDist=-36.1, tilt=4.850, enteringBalance=TILT_RIGHT, exitingBalance=null, tiltTriggered=true
globalTracer.traceStateInfo_Info: <Event name="StateInfo" time="5.226" tag=">>>>>" CmdAutoStartPos2.state="CLIMB" />
globalTracer.startCompetition_Info: *** Transitioning from AUTO_MODE to DISABLED_MODE ***
globalTracer.autoAssistCancel_Info: TaskAutoScore: Canceling auto-assist score object.
globalTracer.autoAssistCancel_Info: TaskAutoBalance: canceled.
globalTracer.robotStopMode_Info: [0.007] STOPPING: ***** AUTO_MODE *****
globalTracer.FrcRobotBase_Info: (AUTO_MODE->DISABLED_MODE) Performance Metrics: LoopCount=751
globalTracer.FrcRobotBase_Info: RobotInit=4.894432, PrevModeStopTask=0.004793, PrevStopMode=0.002614, PrevRobotStopMode=0.002926, RobotStartMode=0.049992, startMode=0.048862, startTask=0.000505
globalTracer.FrcRobotBase_Info: PrePeriodicTask(Avg/Max)=0.001310/0.070160
globalTracer.FrcRobotBase_Info: Periodic(Avg/Max)=0.002242/0.104317
globalTracer.FrcRobotBase_Info: postPeriodicTask(Avg/Max)=0.000803/0.054611
globalTracer.FrcRobotBase_Info: Updates(Avg/Max)=0.003628/0.005267
globalTracer.TaskPerformance_Info: TrcWatchdogMgr: STANDALONE_TASK=0.000229/0.996887
globalTracer.TaskPerformance_Info: LED: OUTPUT_TASK=0.000014/0.020242
globalTracer.TaskPerformance_Info: TrcMotor.odometryTask: STANDALONE_TASK=0.000048/0.000065
globalTracer.TaskPerformance_Info: lfDrive.cleanupTask: STOP_TASK=0.003085/7.667840
globalTracer.TaskPerformance_Info: lfWheel.servo.stopTask: STOP_TASK=0.000256/7.668385
globalTracer.TaskPerformance_Info: rfWheel.servo.stopTask: STOP_TASK=0.000031/7.668178
globalTracer.TaskPerformance_Info: lbWheel.servo.stopTask: STOP_TASK=0.000027/7.668173
globalTracer.TaskPerformance_Info: rbWheel.servo.stopTask: STOP_TASK=0.000024/7.668170
globalTracer.TaskPerformance_Info: TrcDriveBase.odometryTask: PRE_PERIODIC_TASK=0.001159/0.020253
globalTracer.TaskPerformance_Info: TrcDriveBase.stopTask: STOP_TASK=0.000739/7.668147
globalTracer.TaskPerformance_Info: purePursuitDrive.driveTask: POST_PERIODIC_TASK=0.003569/0.020682
globalTracer.TaskPerformance_Info: tiltTrigger.triggerTask: PRE_PERIODIC_TASK=0.000045/0.019792
