globalTracer.robotStartMode_Info: [0.040] Fri Mar 17 17:36:27 PDT 2023: ***** AUTO_MODE *****
globalTracer.FrcAuto_Info: <Info name="MatchInfo" date="Fri Mar 17 17:36:27 PDT 2023" event="WAYAK" type="Qualification" match=41 replay=1 alliance="Red" location=3 gameMsg="" />
globalTracer.FrcAuto_Info: <Info name="AutoChoices" alliance="Red" strategy="AUTO_STARTPOS_2" startPos="1" preloadedObj="CUBE" scoreLevel="0" scoreLocation="MIDDLE" useVision="true" scorePreload="true" doAutoBalance="false" scoreSecondPiece="true" startDelay=0 sec pathFile="DrivePath.csv" xDistance=6.0 ft yDistance=6.0 ft turnDegrees=90 deg driveTime=4 sec drivePower=4.0 />
globalTracer.CmdAutoStartPos2_Info: >>> robot=Robot2023_ChargedUp, choices=alliance="Red" strategy="AUTO_STARTPOS_2" startPos="1" preloadedObj="CUBE" scoreLevel="0" scoreLocation="MIDDLE" useVision="true" scorePreload="true" doAutoBalance="false" scoreSecondPiece="true" startDelay=0 sec pathFile="DrivePath.csv" xDistance=6.0 ft yDistance=6.0 ft turnDegrees=90 deg driveTime=4 sec drivePower=4.0
globalTracer.startCompetition_Warn: AUTO_MODE.prePeriodicTasks took too long (0.068s/0.040s)
globalTracer.CmdAutoStartPos2_Info: [0.201] START: xDist=0.0, tilt=-0.040, enteringBalance=null, exitingBalance=null, tiltTriggered=false
globalTracer.start_Info: Path=TrcPath(degrees=true, [TrcWaypoint(pose=(x=-108.2,y=554.8,angle=0.0),vel=0.00), TrcWaypoint(pose=(x=-108.2,y=530.8,angle=0.0),vel=0.00)])
globalTracer.setPower_Info: [0.259] owner=null, delay=0.2, leftPower=-0.5, rightPower=-0.5, duration=0.500
globalTracer.traceStateInfo_Info: <Event name="StateInfo" time="0.271" tag=">>>>>" CmdAutoStartPos2.state="START" RobotPose=(x=-108.2,y=554.8,angle=0.0) TargetPose=(x=-108.2,y=530.8,angle=0.0) vel=(x=0.0,y=0.0,angle=0.0) Path=TrcPath(degrees=true, [TrcWaypoint(pose=(x=0.0,y=0.0,angle=0.0),vel=0.00), TrcWaypoint(pose=(x=0.0,y=-24.0,angle=0.0),vel=0.00)]) />
globalTracer.startCompetition_Warn: AUTO_MODE.periodic took too long (0.090s/0.040s)
globalTracer.startCompetition_Warn: AUTO_MODE.postPeriodicTasks took too long (0.055s/0.040s)
globalTracer.startCompetition_Warn: AUTO_MODE took too long (0.348/0.020)
globalTracer.TrcPurePursuitDrive.driveTask_Info: purePursuitDrive: Stalled=false, Timedout=true
globalTracer.TrcPurePursuitDrive.driveTask_Info: Done[index=1/2]: stalled=false, timeout=true, posOnTarget=false, headingOnTarget=true
globalTracer.printPidInfo_Info: [1.245280] purePursuitDrive.xPosPid: Target=-108.1, Input=-108.4, dT=0.020674, CurrErr=   0.3, ErrRate=   0.3, Output= 0.007(-1.000/ 1.000)
globalTracer.printPidInfo_Info: [1.254111] purePursuitDrive.yPosPid: Target= 531.0, Input= 537.6, dT=0.020675, CurrErr=  -6.6, ErrRate=  24.5, Output=-0.007(-1.000/ 1.000)
globalTracer.printPidInfo_Info: [1.264727] purePursuitDrive.turnPid: Target=   0.0, Input=   0.7, dT=0.020677, CurrErr=  -0.7, ErrRate=   2.9, Output=-0.004(-1.000/ 1.000)
globalTracer.printPidInfo_Info: [1.271707] purePursuitDrive.velPid: Target=   0.0, Input=   0.0, dT=0.000000, CurrErr=   0.0, ErrRate=   0.0, Output= 0.000(-1.000/ 1.000)
globalTracer.TrcPurePursuitDrive.driveTask_Info: Signal finished event.
globalTracer.startCompetition_Warn: AUTO_MODE.postPeriodicTasks took too long (0.056s/0.040s)
globalTracer.startCompetition_Warn: AUTO_MODE took too long (0.064/0.020)
globalTracer.CmdAutoStartPos2_Info: [1.293] UNTUCK_ARM: xDist=-108.5, tilt=-0.100, enteringBalance=null, exitingBalance=null, tiltTriggered=false
globalTracer.start_Info: Path=TrcPath(degrees=true, [TrcWaypoint(pose=(x=-108.5,y=536.9,angle=0.7),vel=0.00), TrcWaypoint(pose=(x=-110.3,y=380.9,angle=0.7),vel=0.00)])
globalTracer.traceStateInfo_Info: <Event name="StateInfo" time="1.328" tag=">>>>>" CmdAutoStartPos2.state="UNTUCK_ARM" RobotPose=(x=-108.5,y=536.9,angle=0.7) TargetPose=(x=-110.3,y=380.9,angle=0.7) vel=(x=-0.5,y=-10.5,angle=-0.6) Path=TrcPath(degrees=true, [TrcWaypoint(pose=(x=0.0,y=0.0,angle=0.0),vel=0.00), TrcWaypoint(pose=(x=0.0,y=-156.0,angle=0.0),vel=0.00)]) />
globalTracer.startCompetition_Warn: AUTO_MODE.periodic took too long (0.054s/0.040s)
globalTracer.startCompetition_Warn: AUTO_MODE took too long (0.068/0.020)
globalTracer.TrcPurePursuitDrive.driveTask_Info: purePursuitDrive: Stalled=false, Timedout=true
globalTracer.TrcPurePursuitDrive.driveTask_Info: Done[index=1/2]: stalled=false, timeout=true, posOnTarget=false, headingOnTarget=false
globalTracer.printPidInfo_Info: [5.336006] purePursuitDrive.xPosPid: Target=-110.8, Input=-116.8, dT=0.011057, CurrErr=   6.0, ErrRate=  -0.9, Output= 0.093(-1.000/ 1.000)
globalTracer.printPidInfo_Info: [5.344999] purePursuitDrive.yPosPid: Target= 379.9, Input= 383.2, dT=0.011062, CurrErr=  -3.3, ErrRate=   4.5, Output=-0.035(-1.000/ 1.000)
globalTracer.printPidInfo_Info: [5.353959] purePursuitDrive.turnPid: Target=   0.7, Input=  -9.9, dT=0.011062, CurrErr=  10.6, ErrRate=   0.9, Output= 0.091(-1.000/ 1.000)
globalTracer.printPidInfo_Info: [5.362982] purePursuitDrive.velPid: Target=   0.0, Input=  10.6, dT=0.000000, CurrErr= -10.6, ErrRate=   0.0, Output= 0.000(-1.000/ 1.000)
globalTracer.TrcPurePursuitDrive.driveTask_Info: Signal finished event.
globalTracer.startCompetition_Warn: AUTO_MODE.postPeriodicTasks took too long (0.061s/0.040s)
globalTracer.startCompetition_Warn: AUTO_MODE took too long (0.067/0.020)
globalTracer.CmdAutoStartPos2_Info: [5.390] DONE: xDist=-116.8, tilt=-0.410, enteringBalance=null, exitingBalance=null, tiltTriggered=false
globalTracer.autoAssistCancel_Info: TaskAutoScore: Canceling auto-assist score object.
globalTracer.autoAssistCancel_Info: TaskAutoBalance: canceled.
globalTracer.traceStateInfo_Info: <Event name="StateInfo" time="5.398" tag=">>>>>" CmdAutoStartPos2.state="DONE" />
globalTracer.startCompetition_Info: *** Transitioning from AUTO_MODE to DISABLED_MODE ***
globalTracer.autoAssistCancel_Info: TaskAutoScore: Canceling auto-assist score object.
globalTracer.autoAssistCancel_Info: TaskAutoBalance: canceled.
globalTracer.robotStopMode_Info: [0.016] STOPPING: ***** AUTO_MODE *****
globalTracer.FrcRobotBase_Info: (AUTO_MODE->DISABLED_MODE) Performance Metrics: LoopCount=747
globalTracer.FrcRobotBase_Info: RobotInit=4.974724, PrevModeStopTask=0.000646, PrevStopMode=0.015105, PrevRobotStopMode=0.005713, RobotStartMode=0.063521, startMode=0.053098, startTask=0.000060
globalTracer.FrcRobotBase_Info: PrePeriodicTask(Avg/Max)=0.001185/0.067653
globalTracer.FrcRobotBase_Info: Periodic(Avg/Max)=0.002143/0.089950
globalTracer.FrcRobotBase_Info: postPeriodicTask(Avg/Max)=0.001078/0.060920
globalTracer.FrcRobotBase_Info: Updates(Avg/Max)=0.003574/0.008938
globalTracer.TaskPerformance_Info: TrcWatchdogMgr: STANDALONE_TASK=0.000663/0.993800
globalTracer.TaskPerformance_Info: LED: OUTPUT_TASK=0.000017/0.020260
globalTracer.TaskPerformance_Info: TrcMotor.odometryTask: STANDALONE_TASK=0.000049/0.000066
globalTracer.TaskPerformance_Info: lfDrive.cleanupTask: STOP_TASK=0.000221/7.674310
globalTracer.TaskPerformance_Info: lfWheel.servo.stopTask: STOP_TASK=0.000782/7.674362
globalTracer.TaskPerformance_Info: rfWheel.servo.stopTask: STOP_TASK=0.000142/7.673613
globalTracer.TaskPerformance_Info: lbWheel.servo.stopTask: STOP_TASK=0.000028/7.673493
globalTracer.TaskPerformance_Info: rbWheel.servo.stopTask: STOP_TASK=0.000167/7.673489
globalTracer.TaskPerformance_Info: TrcDriveBase.odometryTask: PRE_PERIODIC_TASK=0.001063/0.020341
globalTracer.TaskPerformance_Info: TrcDriveBase.stopTask: STOP_TASK=0.001799/7.673443
globalTracer.TaskPerformance_Info: purePursuitDrive.driveTask: POST_PERIODIC_TASK=0.002978/0.020532
