globalTracer.robotStartMode_Info: [0.014] Fri Mar 17 16:11:13 PDT 2023: ***** TELEOP_MODE *****
globalTracer.registerWatchdog_Warn: Watchdog TrcMotor.odometryTask was already registered.
globalTracer.printThreadStack_Info: thread stack: 
java.base/java.lang.Thread.getStackTrace(Unknown Source)
TrcCommonLib.trclib.TrcDbgTrace.printThreadStack(TrcDbgTrace.java:197)
TrcCommonLib.trclib.TrcDbgTrace.printThreadStack(TrcDbgTrace.java:210)
TrcCommonLib.trclib.TrcWatchdogMgr.registerWatchdog(TrcWatchdogMgr.java:274)
TrcCommonLib.trclib.TrcWatchdogMgr.registerWatchdog(TrcWatchdogMgr.java:290)
TrcCommonLib.trclib.TrcPeriodicThread.run(TrcPeriodicThread.java:385)
java.base/java.lang.Thread.run(Unknown Source)
globalTracer.startCompetition_Warn: TELEOP_MODE took too long (0.165/0.020)
globalTracer.setPower_Info: [1.591] owner=null, delay=0.0, leftPower=0.8, rightPower=0.8, duration=0.000
globalTracer.setPower_Info: [3.953] owner=null, delay=0.0, leftPower=0.8, rightPower=0.8, duration=0.000
globalTracer.setPower_Info: [12.646] owner=null, delay=0.0, leftPower=-0.5, rightPower=-0.5, duration=0.000
globalTracer.setPower_Info: [15.127] owner=null, delay=0.0, leftPower=0.8, rightPower=0.8, duration=0.000
globalTracer.setPower_Info: [24.500] owner=null, delay=0.0, leftPower=-0.5, rightPower=-0.5, duration=0.000
globalTracer.setPower_Info: [33.705] owner=null, delay=0.0, leftPower=0.8, rightPower=0.8, duration=0.000
globalTracer.setPower_Info: [38.606] owner=null, delay=0.0, leftPower=0.8, rightPower=0.8, duration=0.000
globalTracer.setPower_Info: [49.798] owner=null, delay=0.0, leftPower=-0.5, rightPower=-0.5, duration=0.000
globalTracer.setPower_Info: [55.044] owner=null, delay=0.0, leftPower=0.8, rightPower=0.8, duration=0.000
globalTracer.setPower_Info: [66.189] owner=null, delay=0.0, leftPower=-0.5, rightPower=-0.5, duration=0.000
globalTracer.setPower_Info: [70.248] owner=null, delay=0.0, leftPower=0.8, rightPower=0.8, duration=0.000
globalTracer.setPower_Info: [89.819] owner=null, delay=0.0, leftPower=-0.5, rightPower=-0.5, duration=0.000
globalTracer.setPower_Info: [91.176] owner=null, delay=0.0, leftPower=-0.5, rightPower=-0.5, duration=0.000
globalTracer.setPower_Info: [92.242] owner=null, delay=0.0, leftPower=0.8, rightPower=0.8, duration=0.000
globalTracer.setPower_Info: [94.488] owner=null, delay=0.0, leftPower=-0.5, rightPower=-0.5, duration=0.000
globalTracer.setPower_Info: [100.147] owner=null, delay=0.0, leftPower=0.8, rightPower=0.8, duration=0.000
globalTracer.setPower_Info: [113.472] owner=null, delay=0.0, leftPower=-0.5, rightPower=-0.5, duration=0.000
globalTracer.startCompetition_Info: *** Transitioning from TELEOP_MODE to DISABLED_MODE ***
globalTracer.robotStopMode_Info: [0.002] STOPPING: ***** TELEOP_MODE *****
globalTracer.FrcRobotBase_Info: (TELEOP_MODE->DISABLED_MODE) Performance Metrics: LoopCount=6875
globalTracer.FrcRobotBase_Info: RobotInit=4.512967, PrevModeStopTask=0.001546, PrevStopMode=0.000314, PrevRobotStopMode=0.002371, RobotStartMode=0.036483, startMode=0.075355, startTask=0.000075
globalTracer.FrcRobotBase_Info: PrePeriodicTask(Avg/Max)=0.000707/0.014705
globalTracer.FrcRobotBase_Info: Periodic(Avg/Max)=0.001219/0.028978
globalTracer.FrcRobotBase_Info: postPeriodicTask(Avg/Max)=0.000096/0.004836
globalTracer.FrcRobotBase_Info: Updates(Avg/Max)=0.003158/0.009323
globalTracer.TaskPerformance_Info: TrcWatchdogMgr: STANDALONE_TASK=0.000233/0.998391
globalTracer.TaskPerformance_Info: DriverController.buttonEvent: PRE_PERIODIC_TASK=0.000009/0.019666
globalTracer.TaskPerformance_Info: operatorStick.buttonEvent: PRE_PERIODIC_TASK=0.000023/0.019666
globalTracer.TaskPerformance_Info: buttonPanel.buttonEvent: PRE_PERIODIC_TASK=0.000006/0.019666
globalTracer.TaskPerformance_Info: switchPanel.buttonEvent: PRE_PERIODIC_TASK=0.000004/0.019664
globalTracer.TaskPerformance_Info: LED: OUTPUT_TASK=0.000018/0.020288
globalTracer.TaskPerformance_Info: TrcMotor.odometryTask: STANDALONE_TASK=0.000057/0.000072
globalTracer.TaskPerformance_Info: lfDrive.cleanupTask: STOP_TASK=0.000367/38.368772
globalTracer.TaskPerformance_Info: lfWheel.servo.stopTask: STOP_TASK=0.000286/38.368021
globalTracer.TaskPerformance_Info: rfWheel.servo.stopTask: STOP_TASK=0.000028/38.367917
globalTracer.TaskPerformance_Info: lbWheel.servo.stopTask: STOP_TASK=0.000022/38.367914
globalTracer.TaskPerformance_Info: rbWheel.servo.stopTask: STOP_TASK=0.000052/38.367912
globalTracer.TaskPerformance_Info: TrcDriveBase.odometryTask: PRE_PERIODIC_TASK=0.000508/0.020116
globalTracer.TaskPerformance_Info: TrcDriveBase.stopTask: STOP_TASK=0.000187/38.367911
globalTracer.TaskPerformance_Info: purePursuitDrive.driveTask: POST_PERIODIC_TASK=0.003390/0.020710
globalTracer.TaskPerformance_Info: Elevator.pidActuator.pidMotorTask: OUTPUT_TASK=0.000193/0.020446
globalTracer.TaskPerformance_Info: Elevator.pidActuator.stopMotorTask: STOP_TASK=0.000238/0.000000
globalTracer.TaskPerformance_Info: elevatorTrigger.triggerTask: PRE_PERIODIC_TASK=0.000084/0.019664
