globalTracer.robotStartMode_Info: Sun Mar 26 09:29:16 PDT 2023: [0.036] ***** Start AUTO_MODE *****
globalTracer.FrcAuto_Info: <Info name="MatchInfo" date="Sun Mar 26 09:29:16 PDT 2023" event="WASAM" type="Qualification" match=53 replay=1 alliance="Red" location=2 gameMsg="" />
globalTracer.FrcAuto_Info: <Info name="AutoChoices" alliance="Red" strategy="AUTO_STARTPOS_1OR3" startPos="0" preloadedObj="CUBE" scoreLevel="2" scoreLocation="MIDDLE" useVision="true" scorePreload="true" doAutoBalance="false" scoreSecondPiece="false" startDelay=0 sec pathFile="DrivePath.csv" xDistance=6.0 ft yDistance=6.0 ft turnDegrees=90 deg driveTime=4 sec drivePower=4.0 />
globalTracer.checkForExpiration_Warn: [1679848156.587] watchdog {[1679848156.587] main.watchdog: threshold=1.000, expiredTime=1678328284.530, expired=true, paused=false} expired.
globalTracer.printThreadStack_Info: thread stack: 
app//TrcCommonLib.trclib.TrcSwerveDriveBase.getOdometryDelta(TrcSwerveDriveBase.java:515)
app//TrcCommonLib.trclib.TrcDriveBase.odometryTask(TrcDriveBase.java:2074)
app//TrcCommonLib.trclib.TrcDriveBase$$Lambda$55/0xa7aa9ae8.runTask(Unknown Source)
app//TrcCommonLib.trclib.TrcTaskMgr.executeTaskType(TrcTaskMgr.java:616)
app//TrcFrcLib.frclib.FrcRobotBase.startCompetition(FrcRobotBase.java:609)
app//edu.wpi.first.wpilibj.RobotBase.runRobot(RobotBase.java:349)
app//edu.wpi.first.wpilibj.RobotBase.startRobot(RobotBase.java:442)
app//team492.Main.main(Main.java:33)
globalTracer.startCompetition_Warn: AUTO_MODE.prePeriodicTasks took too long (0.101s/0.040s)
globalTracer.setAutoStartOffset_Info: offset=2.500
globalTracer.traceStateInfo_Info: <Event name="StateInfo" time="0.247" tag=">>>>>" CmdAutoStartPos1Or3.state="START" />
globalTracer.startCompetition_Warn: AUTO_MODE took too long (1519873.108/0.020)
globalTracer.start_Info: Path=TrcPath(degrees=true, [TrcWaypoint(pose=(x=-42.2,y=578.8,angle=0.2),vel=0.00), TrcWaypoint(pose=(x=-42.3,y=554.8,angle=0.2),vel=0.00)])
globalTracer.traceStateInfo_Info: <Event name="StateInfo" time="0.292" tag=">>>>>" CmdAutoStartPos1Or3.state="BACK_UP" RobotPose=(x=-42.2,y=578.8,angle=0.2) TargetPose=(x=-42.3,y=554.8,angle=0.2) vel=(x=0.0,y=0.7,angle=9.3) Path=TrcPath(degrees=true, [TrcWaypoint(pose=(x=0.0,y=0.0,angle=0.0),vel=0.00), TrcWaypoint(pose=(x=-0.0,y=-24.0,angle=0.0),vel=0.00)]) />
globalTracer.startCompetition_Warn: AUTO_MODE.postPeriodicTasks took too long (0.078s/0.040s)
globalTracer.startCompetition_Warn: AUTO_MODE took too long (0.116/0.020)
globalTracer.startCompetition_Warn: AUTO_MODE.periodic took too long (0.096s/0.040s)
globalTracer.startCompetition_Warn: AUTO_MODE took too long (0.105/0.020)
globalTracer.TrcPurePursuitDrive.driveTask_Info: Done [index=1/2]: stalled=false, timeout=true, posOnTarget=false, headingOnTarget=true
globalTracer.printPidInfo_Info: [1.125428] purePursuitDrive.xPosPid: Target= -42.4, Input= -42.7, dT=0.044451, CurrErr=   0.3, ErrRate=   0.4, Output= 0.006(-1.000/ 1.000)
globalTracer.printPidInfo_Info: [1.129335] purePursuitDrive.yPosPid: Target= 554.9, Input= 562.1, dT=0.044162, CurrErr=  -7.1, ErrRate=  -1.9, Output=-0.122(-1.000/ 1.000)
globalTracer.printPidInfo_Info: [1.144925] purePursuitDrive.turnPid: Target=   0.2, Input=  -1.3, dT=0.044084, CurrErr=   1.5, ErrRate=   0.0, Output= 0.013(-1.000/ 1.000)
globalTracer.printPidInfo_Info: [1.152127] purePursuitDrive.velPid: Target=   0.0, Input=   0.7, dT=0.000000, CurrErr=  -0.7, ErrRate=   0.0, Output= 0.000(-1.000/ 1.000)
globalTracer.TrcPurePursuitDrive.driveTask_Info: Signal completion event (CmdAutoStartPos1Or3.driveEvent=CLEARED).
globalTracer.startCompetition_Warn: AUTO_MODE.postPeriodicTasks took too long (0.053s/0.040s)
globalTracer.startCompetition_Warn: AUTO_MODE took too long (0.081/0.020)
globalTracer.traceStateInfo_Info: <Event name="StateInfo" time="1.216" tag=">>>>>" CmdAutoStartPos1Or3.state="UNTUCK_ARM" />
globalTracer.startCompetition_Warn: AUTO_MODE.periodic took too long (0.074s/0.040s)
globalTracer.startCompetition_Warn: AUTO_MODE took too long (0.082/0.020)
globalTracer.grabberTriggerCallback_Info: [1.562] active=true
globalTracer.pidMotorTask_Info: TrcPidMotor.Elevator.pidActuator: stalled=false, expired=true, onTarget=false, event=(CmdAutoStartPos1Or3.elevatorEvent=CLEARED)
globalTracer.printPidInfo_Info: [1.683194] Elevator.pidActuator.pidCtrl: Target=  10.0, Input=   6.4, dT=0.020654, CurrErr=   3.6, ErrRate= -14.6, Output= 1.000(-1.000/ 1.000)
globalTracer.startCompetition_Warn: AUTO_MODE.periodic took too long (0.053s/0.040s)
globalTracer.startCompetition_Warn: AUTO_MODE took too long (0.064/0.020)
globalTracer.autoAssistScoreObject_Info: TaskAutoScore: objectType=CUBE, scoreLevel=2, scoreLocation=MIDDLE, useVision=false, event=(CmdAutoStartPos1Or3.autoAssistEvent=CLEARED)
globalTracer.acquireSubsystemsOwnership_Info: TaskAutoScore: Successfully acquired subsystem ownerships.
globalTracer.traceStateInfo_Info: <Event name="StateInfo" time="1.767" tag=">>>>>" CmdAutoStartPos1Or3.state="SCORE_PRELOAD_HIGH" />
globalTracer.traceStateInfo_Info: <Event name="StateInfo" time="1.779" tag=">>>>>" TaskAutoScore.state="START" />
globalTracer.startCompetition_Warn: AUTO_MODE took too long (0.040/0.020)
globalTracer.pidMotorTask_Info: TrcPidMotor.Elevator.pidActuator: stalled=false, expired=true, onTarget=false, event=(TaskAutoScore.elevatorEvent=CLEARED)
globalTracer.printPidInfo_Info: [2.802357] Elevator.pidActuator.pidCtrl: Target=  22.0, Input=  22.0, dT=0.021250, CurrErr=   0.0, ErrRate=  -4.5, Output= 0.002(-1.000/ 1.000)
globalTracer.startCompetition_Warn: AUTO_MODE took too long (0.042/0.020)
globalTracer.pidMotorTask_Info: TrcPidMotor.Arm.pidActuator: stalled=false, expired=false, onTarget=true, event=(TaskAutoScore.armEvent=CLEARED)
globalTracer.printPidInfo_Info: [3.664159] Arm.pidActuator.pidCtrl: Target=  93.0, Input=  92.2, dT=0.021157, CurrErr=   0.8, ErrRate=   0.0, Output= 0.063(-1.000/ 1.000)
globalTracer.start_Info: Path=TrcPath(degrees=true, [TrcWaypoint(pose=(x=-42.9,y=560.2,angle=-0.7),vel=0.00), TrcWaypoint(pose=(x=-43.0,y=576.2,angle=-0.7),vel=0.00)])
globalTracer.traceStateInfo_Info: <Event name="StateInfo" time="3.702" tag=">>>>>" TaskAutoScore.state="DRIVE_TO_SCORING_POS" />
globalTracer.TrcPurePursuitDrive.driveTask_Info: Done [index=1/2]: stalled=false, timeout=true, posOnTarget=false, headingOnTarget=true
globalTracer.printPidInfo_Info: [4.521063] purePursuitDrive.xPosPid: Target= -43.0, Input= -42.8, dT=0.020025, CurrErr=  -0.1, ErrRate=   1.3, Output= 0.003(-1.000/ 1.000)
globalTracer.printPidInfo_Info: [4.532574] purePursuitDrive.yPosPid: Target= 576.5, Input= 570.2, dT=0.020024, CurrErr=   6.3, ErrRate=  37.2, Output= 0.250(-1.000/ 1.000)
globalTracer.printPidInfo_Info: [4.542017] purePursuitDrive.turnPid: Target=  -0.7, Input=  -0.6, dT=0.020023, CurrErr=  -0.1, ErrRate=  -3.5, Output=-0.003(-1.000/ 1.000)
globalTracer.printPidInfo_Info: [4.551262] purePursuitDrive.velPid: Target=   0.0, Input=   0.0, dT=0.000000, CurrErr=   0.0, ErrRate=   0.0, Output= 0.000(-1.000/ 1.000)
globalTracer.TrcPurePursuitDrive.driveTask_Info: Signal completion event (TaskAutoScore.driveEvent=CLEARED).
globalTracer.traceStateInfo_Info: <Event name="StateInfo" time="4.573" tag=">>>>>" TaskAutoScore.state="SCORE_OBJECT" />
globalTracer.startCompetition_Warn: AUTO_MODE.postPeriodicTasks took too long (0.067s/0.040s)
globalTracer.startCompetition_Warn: AUTO_MODE took too long (0.074/0.020)
globalTracer.grabberTriggerCallback_Info: [4.743] active=false
globalTracer.start_Info: Path=TrcPath(degrees=true, [TrcWaypoint(pose=(x=-42.8,y=570.1,angle=0.4),vel=0.00), TrcWaypoint(pose=(x=-43.0,y=546.1,angle=0.4),vel=0.00)])
globalTracer.traceStateInfo_Info: <Event name="StateInfo" time="4.870" tag=">>>>>" TaskAutoScore.state="RESET" />
globalTracer.AutoScore Done_Info: Robot thinks it is at:(x=-43.8,y=548.3,angle=0.3)
globalTracer.stopSubsystems_Info: TaskAutoScore: Stopping subsystems.
globalTracer.releaseSubsystemsOwnership_Info: TaskAutoScore: Releasing subsystem ownership (currOwner=TaskAutoScore, robotDrive=TaskAutoScore, elevator=TaskAutoScore, arm=TaskAutoScore).
globalTracer.traceStateInfo_Info: <Event name="StateInfo" time="6.921" tag=">>>>>" TaskAutoScore.state="DONE" />
globalTracer.startCompetition_Warn: AUTO_MODE took too long (0.050/0.020)
globalTracer.start_Info: Path=TrcPath(degrees=true, [TrcWaypoint(pose=(x=-43.8,y=548.4,angle=0.4),vel=0.00), TrcWaypoint(pose=(x=-38.8,y=392.3,angle=0.4),vel=0.00)])
globalTracer.traceStateInfo_Info: <Event name="StateInfo" time="6.941" tag=">>>>>" CmdAutoStartPos1Or3.state="EXIT_COMMUNITY" RobotPose=(x=-43.8,y=548.4,angle=0.4) TargetPose=(x=-38.8,y=392.3,angle=0.4) vel=(x=0.0,y=0.4,angle=1.1) Path=TrcPath(degrees=true, [TrcWaypoint(pose=(x=0.0,y=0.0,angle=0.0),vel=0.00), TrcWaypoint(pose=(x=6.0,y=-156.0,angle=0.0),vel=0.00)]) />
globalTracer.TrcPurePursuitDrive.driveTask_Info: Done [index=1/2]: stalled=false, timeout=true, posOnTarget=false, headingOnTarget=false
globalTracer.printPidInfo_Info: [10.952436] purePursuitDrive.xPosPid: Target= -39.5, Input= -45.8, dT=0.030360, CurrErr=   6.2, ErrRate=  -2.3, Output= 0.090(-1.000/ 1.000)
globalTracer.printPidInfo_Info: [10.963773] purePursuitDrive.yPosPid: Target= 391.2, Input= 395.5, dT=0.030361, CurrErr=  -4.3, ErrRate=  -3.4, Output=-0.082(-1.000/ 1.000)
globalTracer.printPidInfo_Info: [10.970119] purePursuitDrive.turnPid: Target=   0.4, Input= -10.1, dT=0.030363, CurrErr=  10.5, ErrRate=  20.4, Output= 0.103(-1.000/ 1.000)
globalTracer.printPidInfo_Info: [10.978848] purePursuitDrive.velPid: Target=   0.0, Input=   0.4, dT=0.000000, CurrErr=  -0.4, ErrRate=   0.0, Output= 0.000(-1.000/ 1.000)
globalTracer.TrcPurePursuitDrive.driveTask_Info: Signal completion event (CmdAutoStartPos1Or3.driveEvent=CLEARED).
globalTracer.startCompetition_Warn: AUTO_MODE.postPeriodicTasks took too long (0.047s/0.040s)
globalTracer.startCompetition_Warn: AUTO_MODE took too long (0.064/0.020)
globalTracer.autoAssistCancel_Info: TaskAutoScore: Canceling auto-assist score object.
globalTracer.autoAssistCancel_Info: TaskAutoPickup: Canceling auto-assist pickup.
globalTracer.autoAssistCancel_Info: TaskAutoBalance: Canceling auto-assist balance.
globalTracer.traceStateInfo_Info: <Event name="StateInfo" time="11.010" tag=">>>>>" CmdAutoStartPos1Or3.state="DONE" />
globalTracer.startCompetition_Info: *** Transitioning from AUTO_MODE to DISABLED_MODE ***
globalTracer.autoAssistCancel_Info: TaskAutoScore: Canceling auto-assist score object.
globalTracer.autoAssistCancel_Info: TaskAutoPickup: Canceling auto-assist pickup.
globalTracer.autoAssistCancel_Info: TaskAutoBalance: Canceling auto-assist balance.
globalTracer.robotStopMode_Info: [15.400] ***** Stop AUTO_MODE *****
globalTracer.FrcRobotBase_Info: ***** Performance Metrics *****
globalTracer.FrcRobotBase_Info: (AUTO_MODE->DISABLED_MODE) Performance Metrics: LoopCount=727
globalTracer.FrcRobotBase_Info: RobotInit=5.165779, PrevModeStopTask=0.000626, PrevStopMode=0.014198, PrevRobotStopMode=0.002978, RobotStartMode=0.073177, startMode=0.062097, startTask=0.000060
globalTracer.FrcRobotBase_Info: PrePeriodicTask(Avg/Max)=0.001332/0.101063
globalTracer.FrcRobotBase_Info: Periodic(Avg/Max)=0.002900/0.095636
globalTracer.FrcRobotBase_Info: postPeriodicTask(Avg/Max)=0.001725/0.077676
globalTracer.FrcRobotBase_Info: Updates(Avg/Max)=0.003757/0.010001
globalTracer.TaskPerformance_Info: TrcWatchdogMgr: STANDALONE_TASK=0.000412/0.993814
globalTracer.TaskPerformance_Info: LED: OUTPUT_TASK=0.000019/0.020274
globalTracer.TaskPerformance_Info: TrcMotor.odometryTask: STANDALONE_TASK=0.000050/0.000068
globalTracer.TaskPerformance_Info: lfDrive.cleanupTask: STOP_TASK=0.000253/7.695229
globalTracer.TaskPerformance_Info: lfWheel.servo.stopTask: STOP_TASK=0.000342/7.695399
globalTracer.TaskPerformance_Info: rfWheel.servo.stopTask: STOP_TASK=0.000034/7.695098
globalTracer.TaskPerformance_Info: lbWheel.servo.stopTask: STOP_TASK=0.000021/7.695082
globalTracer.TaskPerformance_Info: rbWheel.servo.stopTask: STOP_TASK=0.000019/7.695077
globalTracer.TaskPerformance_Info: TrcDriveBase.odometryTask: PRE_PERIODIC_TASK=0.001174/0.020942
globalTracer.TaskPerformance_Info: TrcDriveBase.stopTask: STOP_TASK=0.000476/7.695073
globalTracer.TaskPerformance_Info: purePursuitDrive.driveTask: POST_PERIODIC_TASK=0.002884/0.028320
globalTracer.TaskPerformance_Info: Elevator.pidActuator.pidMotorTask: OUTPUT_TASK=0.000559/0.023629
globalTracer.TaskPerformance_Info: Arm.pidActuator.pidMotorTask: OUTPUT_TASK=0.000415/0.025056
globalTracer.TaskPerformance_Info: Intake.trigger.triggerTask: PRE_PERIODIC_TASK=0.000026/0.019947
globalTracer.TaskPerformance_Info: Grabber.cube.pneumaticTask: OUTPUT_TASK=0.000324/0.019238
globalTracer.TaskPerformance_Info: Grabber.trigger.triggerTask: PRE_PERIODIC_TASK=0.000006/0.019947
globalTracer.TaskPerformance_Info: TaskAutoScore: POST_PERIODIC_TASK=0.000373/0.020754
