globalTracer.robotStartMode_Info: Sat Mar 25 09:51:42 PDT 2023: [0.026] ***** Start AUTO_MODE *****
globalTracer.FrcAuto_Info: <Info name="MatchInfo" date="Sat Mar 25 09:51:42 PDT 2023" event="WASAM" type="Practice" match=4 replay=1 alliance="Blue" location=2 gameMsg="" />
globalTracer.FrcAuto_Info: <Info name="AutoChoices" alliance="Blue" strategy="AUTO_STARTPOS_2" startPos="1" preloadedObj="CUBE" scoreLevel="2" scoreLocation="MIDDLE" useVision="true" scorePreload="true" doAutoBalance="true" scoreSecondPiece="false" startDelay=0 sec pathFile="DrivePath.csv" xDistance=6.0 ft yDistance=6.0 ft turnDegrees=90 deg driveTime=4 sec drivePower=4.0 />
globalTracer.startCompetition_Warn: AUTO_MODE.prePeriodicTasks took too long (0.050s/0.040s)
globalTracer.CmdAutoStartPos2_Info: [0.174] START: xDist=0.0, tilt=0.040, enteringBalance=null, exitingBalance=null, tiltTriggered=false
globalTracer.setAutoStartOffset_Info: offset=2.500
globalTracer.traceStateInfo_Info: <Event name="StateInfo" time="0.195" tag=">>>>>" CmdAutoStartPos2.state="START" />
globalTracer.startCompetition_Warn: AUTO_MODE took too long (1434561.087/0.020)
globalTracer.CmdAutoStartPos2_Info: [0.225] BACK_UP: xDist=-108.2, tilt=0.040, enteringBalance=null, exitingBalance=null, tiltTriggered=false
globalTracer.start_Info: Path=TrcPath(degrees=true, [TrcWaypoint(pose=(x=-108.2,y=72.5,angle=180.0),vel=0.00), TrcWaypoint(pose=(x=-108.2,y=96.5,angle=180.0),vel=0.00)])
globalTracer.traceStateInfo_Info: <Event name="StateInfo" time="0.269" tag=">>>>>" CmdAutoStartPos2.state="BACK_UP" RobotPose=(x=-108.2,y=72.5,angle=180.0) TargetPose=(x=-108.2,y=96.5,angle=180.0) vel=(x=0.0,y=-0.9,angle=0.6) Path=TrcPath(degrees=true, [TrcWaypoint(pose=(x=0.0,y=0.0,angle=0.0),vel=0.00), TrcWaypoint(pose=(x=0.0,y=-24.0,angle=0.0),vel=0.00)]) />
globalTracer.startCompetition_Warn: AUTO_MODE.periodic took too long (0.054s/0.040s)
globalTracer.startCompetition_Warn: AUTO_MODE.postPeriodicTasks took too long (0.052s/0.040s)
globalTracer.startCompetition_Warn: AUTO_MODE took too long (0.120/0.020)
globalTracer.startCompetition_Warn: AUTO_MODE.periodic took too long (0.089s/0.040s)
globalTracer.startCompetition_Warn: AUTO_MODE took too long (0.102/0.020)
globalTracer.startCompetition_Warn: AUTO_MODE.periodic took too long (0.045s/0.040s)
globalTracer.startCompetition_Warn: AUTO_MODE took too long (0.057/0.020)
globalTracer.TrcPurePursuitDrive.driveTask_Info: Done [index=1/2]: stalled=false, timeout=true, posOnTarget=false, headingOnTarget=true
globalTracer.printPidInfo_Info: [1.089499] purePursuitDrive.xPosPid: Target=-108.1, Input=-108.1, dT=0.035790, CurrErr=   0.0, ErrRate=   0.0, Output= 0.001(-1.000/ 1.000)
globalTracer.printPidInfo_Info: [1.102499] purePursuitDrive.yPosPid: Target=  83.6, Input=  90.1, dT=0.035775, CurrErr=  -6.5, ErrRate=   9.4, Output=-0.067(-1.000/ 1.000)
globalTracer.printPidInfo_Info: [1.109362] purePursuitDrive.turnPid: Target= 180.0, Input= 179.8, dT=0.035774, CurrErr=   0.2, ErrRate=   0.3, Output= 0.002(-1.000/ 1.000)
globalTracer.printPidInfo_Info: [1.117387] purePursuitDrive.velPid: Target=   0.0, Input=   0.9, dT=0.000000, CurrErr=  -0.9, ErrRate=   0.0, Output= 0.000(-1.000/ 1.000)
globalTracer.TrcPurePursuitDrive.driveTask_Info: Signal completion event (CmdAutoStartPos2.driveEvent=CLEARED).
globalTracer.startCompetition_Warn: AUTO_MODE.postPeriodicTasks took too long (0.052s/0.040s)
globalTracer.startCompetition_Warn: AUTO_MODE took too long (0.084/0.020)
globalTracer.CmdAutoStartPos2_Info: [1.150] UNTUCK_ARM: xDist=-108.1, tilt=0.060, enteringBalance=null, exitingBalance=null, tiltTriggered=false
globalTracer.traceStateInfo_Info: <Event name="StateInfo" time="1.195" tag=">>>>>" CmdAutoStartPos2.state="UNTUCK_ARM" />
globalTracer.startCompetition_Warn: AUTO_MODE.periodic took too long (0.090s/0.040s)
globalTracer.startCompetition_Warn: AUTO_MODE took too long (0.103/0.020)
globalTracer.grabberTriggerCallback_Info: [1.409] active=true
globalTracer.startCompetition_Warn: AUTO_MODE.periodic took too long (0.045s/0.040s)
globalTracer.startCompetition_Warn: AUTO_MODE took too long (0.056/0.020)
globalTracer.pidMotorTask_Info: TrcPidMotor.Elevator.pidActuator: stalled=false, expired=true, onTarget=false, event=(CmdAutoStartPos2.elevatorEvent=CLEARED)
globalTracer.printPidInfo_Info: [1.672233] Elevator.pidActuator.pidCtrl: Target=  10.0, Input=   7.1, dT=0.019478, CurrErr=   2.9, ErrRate= -15.5, Output= 1.000(-1.000/ 1.000)
globalTracer.CmdAutoStartPos2_Info: [1.697] SCORE_PRELOAD_HIGH: xDist=-108.1, tilt=-0.030, enteringBalance=null, exitingBalance=null, tiltTriggered=false
globalTracer.autoAssistScoreObject_Info: TaskAutoScore: objectType=CUBE, scoreLevel=2, scoreLocation=MIDDLE, useVision=false, event=(CmdAutoStartPos2.autoAssistEvent=CLEARED)
globalTracer.acquireSubsystemsOwnership_Info: TaskAutoScore: Successfully acquired subsystem ownerships.
globalTracer.traceStateInfo_Info: <Event name="StateInfo" time="1.724" tag=">>>>>" CmdAutoStartPos2.state="SCORE_PRELOAD_HIGH" />
globalTracer.startCompetition_Warn: AUTO_MODE.periodic took too long (0.049s/0.040s)
globalTracer.traceStateInfo_Info: <Event name="StateInfo" time="1.759" tag=">>>>>" TaskAutoScore.state="START" />
globalTracer.startCompetition_Warn: AUTO_MODE took too long (0.097/0.020)
globalTracer.pidMotorTask_Info: TrcPidMotor.Elevator.pidActuator: stalled=false, expired=true, onTarget=false, event=(TaskAutoScore.elevatorEvent=CLEARED)
globalTracer.printPidInfo_Info: [2.769472] Elevator.pidActuator.pidCtrl: Target=  22.0, Input=  21.9, dT=0.021091, CurrErr=   0.1, ErrRate=  -2.7, Output= 0.033(-1.000/ 1.000)
globalTracer.startCompetition_Warn: AUTO_MODE took too long (0.043/0.020)
globalTracer.pidMotorTask_Info: TrcPidMotor.Arm.pidActuator: stalled=false, expired=false, onTarget=true, event=(TaskAutoScore.armEvent=CLEARED)
globalTracer.printPidInfo_Info: [3.663472] Arm.pidActuator.pidCtrl: Target=  93.0, Input=  92.7, dT=0.020738, CurrErr=   0.3, ErrRate=   0.0, Output= 0.052(-1.000/ 1.000)
globalTracer.start_Info: Path=TrcPath(degrees=true, [TrcWaypoint(pose=(x=-108.1,y=90.5,angle=179.6),vel=0.00), TrcWaypoint(pose=(x=-108.0,y=74.5,angle=179.6),vel=0.00)])
globalTracer.traceStateInfo_Info: <Event name="StateInfo" time="3.698" tag=">>>>>" TaskAutoScore.state="DRIVE_TO_SCORING_POS" />
globalTracer.TrcPurePursuitDrive.driveTask_Info: Done [index=1/2]: stalled=false, timeout=true, posOnTarget=false, headingOnTarget=true
globalTracer.printPidInfo_Info: [4.495029] purePursuitDrive.xPosPid: Target=-108.1, Input=-108.1, dT=0.019733, CurrErr=  -0.0, ErrRate=  -0.2, Output=-0.001(-1.000/ 1.000)
globalTracer.printPidInfo_Info: [4.509978] purePursuitDrive.yPosPid: Target=  86.0, Input=  80.1, dT=0.019734, CurrErr=   5.8, ErrRate= -19.1, Output= 0.017(-1.000/ 1.000)
globalTracer.printPidInfo_Info: [4.513846] purePursuitDrive.turnPid: Target= 179.6, Input= 179.7, dT=0.019735, CurrErr=  -0.0, ErrRate=  -1.0, Output=-0.001(-1.000/ 1.000)
globalTracer.printPidInfo_Info: [4.524619] purePursuitDrive.velPid: Target=   0.0, Input=   0.0, dT=0.000000, CurrErr=   0.0, ErrRate=   0.0, Output= 0.000(-1.000/ 1.000)
globalTracer.TrcPurePursuitDrive.driveTask_Info: Signal completion event (TaskAutoScore.driveEvent=CLEARED).
globalTracer.traceStateInfo_Info: <Event name="StateInfo" time="4.545" tag=">>>>>" TaskAutoScore.state="SCORE_OBJECT" />
globalTracer.startCompetition_Warn: AUTO_MODE.postPeriodicTasks took too long (0.056s/0.040s)
globalTracer.startCompetition_Warn: AUTO_MODE took too long (0.064/0.020)
globalTracer.grabberTriggerCallback_Info: [4.730] active=false
globalTracer.start_Info: Path=TrcPath(degrees=true, [TrcWaypoint(pose=(x=-108.1,y=79.7,angle=179.5),vel=0.00), TrcWaypoint(pose=(x=-108.3,y=103.7,angle=179.5),vel=0.00)])
globalTracer.traceStateInfo_Info: <Event name="StateInfo" time="4.831" tag=">>>>>" TaskAutoScore.state="RESET" />
globalTracer.AutoScore Done_Info: Robot thinks it is at:(x=-108.0,y=101.3,angle=179.6)
globalTracer.stopSubsystems_Info: TaskAutoScore: Stopping subsystems.
globalTracer.releaseSubsystemsOwnership_Info: TaskAutoScore: Releasing subsystem ownership (currOwner=TaskAutoScore, robotDrive=TaskAutoScore, elevator=TaskAutoScore, arm=TaskAutoScore).
globalTracer.traceStateInfo_Info: <Event name="StateInfo" time="6.879" tag=">>>>>" TaskAutoScore.state="DONE" />
globalTracer.CmdAutoStartPos2_Info: [6.884] TURN: xDist=-108.0, tilt=0.000, enteringBalance=null, exitingBalance=null, tiltTriggered=false
globalTracer.start_Info: Path=TrcPath(degrees=true, [TrcWaypoint(pose=(x=-108.0,y=101.3,angle=179.6),vel=0.00), TrcWaypoint(pose=(x=-108.0,y=101.3,angle=269.6),vel=0.00)])
globalTracer.traceStateInfo_Info: <Event name="StateInfo" time="6.904" tag=">>>>>" CmdAutoStartPos2.state="TURN" RobotPose=(x=-108.0,y=101.3,angle=179.6) TargetPose=(x=-108.0,y=101.3,angle=269.6) vel=(x=-0.0,y=0.6,angle=-0.2) Path=TrcPath(degrees=true, [TrcWaypoint(pose=(x=0.0,y=0.0,angle=0.0),vel=0.00), TrcWaypoint(pose=(x=0.0,y=0.0,angle=90.0),vel=0.00)]) />
globalTracer.startCompetition_Warn: AUTO_MODE.periodic took too long (0.052s/0.040s)
globalTracer.startCompetition_Warn: AUTO_MODE took too long (0.067/0.020)
globalTracer.TrcPurePursuitDrive.driveTask_Info: Done [index=1/2]: stalled=false, timeout=true, posOnTarget=false, headingOnTarget=false
globalTracer.printPidInfo_Info: [7.609864] purePursuitDrive.xPosPid: Target=-106.8, Input=-107.1, dT=0.019891, CurrErr=   0.3, ErrRate=   6.6, Output= 0.032(-1.000/ 1.000)
globalTracer.printPidInfo_Info: [7.619850] purePursuitDrive.yPosPid: Target= 102.0, Input= 101.1, dT=0.019890, CurrErr=   0.9, ErrRate=  -3.6, Output=-0.001(-1.000/ 1.000)
globalTracer.printPidInfo_Info: [7.632094] purePursuitDrive.turnPid: Target= 269.6, Input= 266.1, dT=0.019891, CurrErr=   3.5, ErrRate= -17.6, Output= 0.018(-1.000/ 1.000)
globalTracer.printPidInfo_Info: [7.638875] purePursuitDrive.velPid: Target=   0.0, Input=   0.6, dT=0.000000, CurrErr=  -0.6, ErrRate=   0.0, Output= 0.000(-1.000/ 1.000)
globalTracer.TrcPurePursuitDrive.driveTask_Info: Signal completion event (CmdAutoStartPos2.driveEvent=CLEARED).
globalTracer.startCompetition_Warn: AUTO_MODE.postPeriodicTasks took too long (0.055s/0.040s)
globalTracer.startCompetition_Warn: AUTO_MODE took too long (0.060/0.020)
globalTracer.CmdAutoStartPos2_Info: [7.658] START_TO_CLIMB: xDist=-107.1, tilt=0.100, enteringBalance=null, exitingBalance=null, tiltTriggered=false
globalTracer.traceStateInfo_Info: <Event name="StateInfo" time="7.665" tag=">>>>>" CmdAutoStartPos2.state="START_TO_CLIMB" />
globalTracer.CmdAutoStartPos2_Info: [8.236] CLIMB: xDist=-92.4, tilt=-6.170, enteringBalance=null, exitingBalance=TILT_LEFT, tiltTriggered=true
globalTracer.traceStateInfo_Info: <Event name="StateInfo" time="8.250" tag=">>>>>" CmdAutoStartPos2.state="CLIMB" />
globalTracer.CmdAutoStartPos2_Info: [8.378] CLIMB: xDist=-87.0, tilt=-16.000, enteringBalance=null, exitingBalance=null, tiltTriggered=true
globalTracer.traceStateInfo_Info: <Event name="StateInfo" time="8.387" tag=">>>>>" CmdAutoStartPos2.state="CLIMB" />
globalTracer.CmdAutoStartPos2_Info: [9.005] CLIMB: xDist=-64.9, tilt=-14.940, enteringBalance=null, exitingBalance=null, tiltTriggered=true
globalTracer.traceStateInfo_Info: <Event name="StateInfo" time="9.007" tag=">>>>>" CmdAutoStartPos2.state="CLIMB" />
globalTracer.CmdAutoStartPos2_Info: [9.144] CLIMB: xDist=-59.5, tilt=-15.660, enteringBalance=null, exitingBalance=null, tiltTriggered=true
globalTracer.traceStateInfo_Info: <Event name="StateInfo" time="9.156" tag=">>>>>" CmdAutoStartPos2.state="CLIMB" />
globalTracer.startCompetition_Warn: AUTO_MODE took too long (0.044/0.020)
globalTracer.CmdAutoStartPos2_Info: [9.253] CLIMB: xDist=-56.0, tilt=-15.000, enteringBalance=null, exitingBalance=null, tiltTriggered=true
globalTracer.traceStateInfo_Info: <Event name="StateInfo" time="9.268" tag=">>>>>" CmdAutoStartPos2.state="CLIMB" />
globalTracer.startCompetition_Warn: AUTO_MODE took too long (0.043/0.020)
globalTracer.CmdAutoStartPos2_Info: [9.856] CLIMB: xDist=-33.6, tilt=-4.920, enteringBalance=TILT_LEFT, exitingBalance=null, tiltTriggered=true
globalTracer.traceStateInfo_Info: <Event name="StateInfo" time="9.859" tag=">>>>>" CmdAutoStartPos2.state="CLIMB" />
globalTracer.CmdAutoStartPos2_Info: [9.985] LEVEL: xDist=-28.8, tilt=5.330, enteringBalance=null, exitingBalance=TILT_RIGHT, tiltTriggered=true
globalTracer.traceStateInfo_Info: <Event name="StateInfo" time="9.997" tag=">>>>>" CmdAutoStartPos2.state="LEVEL" />
globalTracer.CmdAutoStartPos2_Info: [10.086] DESCEND: xDist=-24.2, tilt=15.370, enteringBalance=null, exitingBalance=null, tiltTriggered=true
globalTracer.traceStateInfo_Info: <Event name="StateInfo" time="10.099" tag=">>>>>" CmdAutoStartPos2.state="DESCEND" />
globalTracer.startCompetition_Warn: AUTO_MODE took too long (0.044/0.020)
globalTracer.CmdAutoStartPos2_Info: [10.154] DESCEND: xDist=-20.9, tilt=14.580, enteringBalance=null, exitingBalance=null, tiltTriggered=true
globalTracer.traceStateInfo_Info: <Event name="StateInfo" time="10.161" tag=">>>>>" CmdAutoStartPos2.state="DESCEND" />
globalTracer.CmdAutoStartPos2_Info: [10.330] DESCEND: xDist=-11.0, tilt=4.990, enteringBalance=TILT_RIGHT, exitingBalance=null, tiltTriggered=true
globalTracer.traceStateInfo_Info: <Event name="StateInfo" time="10.342" tag=">>>>>" CmdAutoStartPos2.state="DESCEND" />
globalTracer.startCompetition_Warn: AUTO_MODE took too long (0.041/0.020)
globalTracer.CmdAutoStartPos2_Info: [10.381] BALANCE: xDist=-8.3, tilt=3.090, enteringBalance=TILT_RIGHT, exitingBalance=null, tiltTriggered=true
globalTracer.autoAssistBalance_Info: TaskAutoBalance: initSide=OUTSIDE, event=(CmdAutoStartPos2.autoAssistEvent=SIGNALED)
globalTracer.acquireSubsystemOwnership_Info: TaskAutoBalance: Successfully acquired subsystem ownerships.
globalTracer.traceStateInfo_Info: <Event name="StateInfo" time="10.404" tag=">>>>>" CmdAutoStartPos2.state="BALANCE" />
globalTracer.TaskAutoBalance_Info: [10.408] START: xDist=-8.3, tilt=1.580, inBalance=true, leveling=false, tiltTriggered=false
globalTracer.traceStateInfo_Info: <Event name="StateInfo" time="10.417" tag=">>>>>" TaskAutoBalance.state="START" />
globalTracer.startCompetition_Warn: AUTO_MODE took too long (0.042/0.020)
globalTracer.startCompetition_Info: *** Transitioning from AUTO_MODE to DISABLED_MODE ***
globalTracer.autoAssistCancel_Info: TaskAutoScore: Canceling auto-assist score object.
globalTracer.autoAssistCancel_Info: TaskAutoBalance: Canceling auto-assist balance.
globalTracer.stopSubsystems_Info: TaskAutoBalance: Stopping subsystems.
globalTracer.releaseSubsystemsOwnership_Info: TaskAutoBalance: Releasing subsystem ownership (currOwner=TaskAutoBalance, robotDrive=TaskAutoBalance).
globalTracer.robotStopMode_Info: [15.435] ***** Stop AUTO_MODE *****
globalTracer.FrcRobotBase_Info: ***** Performance Metrics *****
globalTracer.FrcRobotBase_Info: (AUTO_MODE->DISABLED_MODE) Performance Metrics: LoopCount=714
globalTracer.FrcRobotBase_Info: RobotInit=5.304322, PrevModeStopTask=0.000629, PrevStopMode=0.025378, PrevRobotStopMode=0.006458, RobotStartMode=0.058517, startMode=0.059206, startTask=0.000067
globalTracer.FrcRobotBase_Info: PrePeriodicTask(Avg/Max)=0.001430/0.049816
globalTracer.FrcRobotBase_Info: Periodic(Avg/Max)=0.003269/0.090324
globalTracer.FrcRobotBase_Info: postPeriodicTask(Avg/Max)=0.001317/0.055929
globalTracer.FrcRobotBase_Info: Updates(Avg/Max)=0.003665/0.007506
globalTracer.TaskPerformance_Info: TrcWatchdogMgr: STANDALONE_TASK=0.000172/0.997849
globalTracer.TaskPerformance_Info: LED: OUTPUT_TASK=0.000014/0.020238
globalTracer.TaskPerformance_Info: TrcMotor.odometryTask: STANDALONE_TASK=0.000048/0.000065
globalTracer.TaskPerformance_Info: lfDrive.cleanupTask: STOP_TASK=0.000155/7.709989
globalTracer.TaskPerformance_Info: lfWheel.servo.stopTask: STOP_TASK=0.000238/7.710050
globalTracer.TaskPerformance_Info: rfWheel.servo.stopTask: STOP_TASK=0.000034/7.709918
globalTracer.TaskPerformance_Info: lbWheel.servo.stopTask: STOP_TASK=0.000023/7.709909
globalTracer.TaskPerformance_Info: rbWheel.servo.stopTask: STOP_TASK=0.001448/7.709903
globalTracer.TaskPerformance_Info: TrcDriveBase.odometryTask: PRE_PERIODIC_TASK=0.001218/0.021379
globalTracer.TaskPerformance_Info: TrcDriveBase.stopTask: STOP_TASK=0.000466/7.708468
globalTracer.TaskPerformance_Info: purePursuitDrive.driveTask: POST_PERIODIC_TASK=0.003495/0.035331
globalTracer.TaskPerformance_Info: tiltTrigger.triggerTask: PRE_PERIODIC_TASK=0.000038/0.020263
globalTracer.TaskPerformance_Info: distanceTrigger.triggerTask: PRE_PERIODIC_TASK=0.000061/0.000000
globalTracer.TaskPerformance_Info: Elevator.pidActuator.pidMotorTask: OUTPUT_TASK=0.000566/0.023747
globalTracer.TaskPerformance_Info: Arm.pidActuator.pidMotorTask: OUTPUT_TASK=0.000379/0.025154
globalTracer.TaskPerformance_Info: Intake.trigger.triggerTask: PRE_PERIODIC_TASK=0.000018/0.019862
globalTracer.TaskPerformance_Info: Grabber.cube.pneumaticTask: OUTPUT_TASK=0.000195/0.019335
globalTracer.TaskPerformance_Info: Grabber.trigger.triggerTask: PRE_PERIODIC_TASK=0.000007/0.019862
globalTracer.TaskPerformance_Info: TaskAutoScore: POST_PERIODIC_TASK=0.000424/0.020630
globalTracer.TaskPerformance_Info: TaskAutoBalance: POST_PERIODIC_TASK=0.000115/0.019830
