globalTracer.robotStartMode_Info: Sun Mar 26 14:39:53 PDT 2023: [0.011] ***** Start TELEOP_MODE *****
globalTracer.registerWatchdog_Warn: Watchdog TrcMotor.odometryTask was already registered.
globalTracer.printThreadStack_Info: thread stack: 
java.base/java.lang.Thread.getStackTrace(Unknown Source)
TrcCommonLib.trclib.TrcDbgTrace.printThreadStack(TrcDbgTrace.java:197)
TrcCommonLib.trclib.TrcDbgTrace.printThreadStack(TrcDbgTrace.java:210)
TrcCommonLib.trclib.TrcWatchdogMgr.registerWatchdog(TrcWatchdogMgr.java:274)
TrcCommonLib.trclib.TrcWatchdogMgr.registerWatchdog(TrcWatchdogMgr.java:290)
TrcCommonLib.trclib.TrcPeriodicThread.run(TrcPeriodicThread.java:385)
java.base/java.lang.Thread.run(Unknown Source)
globalTracer.startCompetition_Warn: TELEOP_MODE took too long (0.146/0.020)
globalTracer.setPower_Info: [3.721] owner=null, delay=0.0, leftPower=0.8, rightPower=0.8, duration=0.000, event=null
globalTracer.intakeTriggerCallback_Info: [6.659] active=true
globalTracer.intakeTriggerCallback_Info: [6.974] active=false
globalTracer.intakeTriggerCallback_Info: [7.091] active=true
globalTracer.intakeTriggerCallback_Info: [7.666] active=false
globalTracer.autoAssistPickup_Info: TaskAutoPickup: objectType=CONE, useVision=false, pickupOnly=true, event=null
globalTracer.acquireSubsystemsOwnership_Info: TaskAutoPickup: Successfully acquired subsystem ownerships.
globalTracer.traceStateInfo_Info: <Event name="StateInfo" time="7.757" tag=">>>>>" TaskAutoPickup.state="PREP_FOR_PICKUP_ONLY" />
globalTracer.grabberTriggerCallback_Info: [8.168] active=true
globalTracer.intakeTriggerCallback_Info: [8.187] active=true
globalTracer.pidMotorTask_Info: TrcPidMotor.Arm.pidActuator: stalled=false, expired=false, onTarget=true, event=(TaskAutoPickup.armEvent=CLEARED)
globalTracer.printPidInfo_Info: [9.167680] Arm.pidActuator.pidCtrl: Target=  12.7, Input=  16.7, dT=0.020473, CurrErr=  -4.0, ErrRate=   0.0, Output=-0.074(-1.000/ 1.000)
globalTracer.traceStateInfo_Info: <Event name="StateInfo" time="9.268" tag=">>>>>" TaskAutoPickup.state="PICKUP_OBJECT_PICKUP_ONLY" />
globalTracer.traceStateInfo_Info: <Event name="StateInfo" time="9.528" tag=">>>>>" TaskAutoPickup.state="PREP_FOR_TRAVEL" />
globalTracer.intakeTriggerCallback_Info: [9.724] active=false
globalTracer.pidMotorTask_Info: TrcPidMotor.Arm.pidActuator: stalled=false, expired=true, onTarget=false, event=(TaskAutoPickup.armEvent=CLEARED)
globalTracer.printPidInfo_Info: [10.531213] Arm.pidActuator.pidCtrl: Target=  35.0, Input=  33.6, dT=0.020615, CurrErr=   1.4, ErrRate= -51.2, Output= 0.046(-1.000/ 1.000)
globalTracer.stopSubsystems_Info: TaskAutoPickup: Stopping subsystems.
globalTracer.releaseSubsystemsOwnership_Info: TaskAutoPickup: Releasing subsystem ownership (currOwner=TaskAutoPickup, robotDrive=null, elevator=TaskAutoPickup, arm=TaskAutoPickup, intake=TaskAutoPickup).
globalTracer.traceStateInfo_Info: <Event name="StateInfo" time="10.559" tag=">>>>>" TaskAutoPickup.state="DONE" />
globalTracer.isMotorStalled_Info: TrcPidMotor.Elevator.pidActuator: stalled
globalTracer.isMotorStalled_Info: TrcPidMotor.Elevator.pidActuator: stalled
globalTracer.grabberTriggerCallback_Info: [28.028] active=false
globalTracer.pidMotorTask_Info: TrcPidMotor.Arm.pidActuator: stalled=false, expired=true, onTarget=false, event=(Arm.pidActuator.releaseOwnership=CLEARED)
globalTracer.printPidInfo_Info: [30.276596] Arm.pidActuator.pidCtrl: Target=  10.0, Input=  13.1, dT=0.021103, CurrErr=  -3.1, ErrRate=   8.3, Output=-0.057(-1.000/ 1.000)
globalTracer.pidMotorTask_Info: TrcPidMotor.Elevator.pidActuator: stalled=false, expired=true, onTarget=false, event=(Elevator.pidActuator.releaseOwnership=CLEARED)
globalTracer.printPidInfo_Info: [30.791006] Elevator.pidActuator.pidCtrl: Target=  12.0, Input=  12.0, dT=0.020621, CurrErr=   0.0, ErrRate=   0.2, Output= 0.004(-1.000/ 1.000)
globalTracer.autoAssistPickup_Info: TaskAutoPickup: objectType=CONE, useVision=false, pickupOnly=true, event=null
globalTracer.acquireSubsystemsOwnership_Info: TaskAutoPickup: Successfully acquired subsystem ownerships.
globalTracer.traceStateInfo_Info: <Event name="StateInfo" time="32.186" tag=">>>>>" TaskAutoPickup.state="PREP_FOR_PICKUP_ONLY" />
globalTracer.intakeTriggerCallback_Info: [32.804] active=true
globalTracer.intakeTriggerCallback_Info: [32.903] active=false
globalTracer.pidMotorTask_Info: TrcPidMotor.Arm.pidActuator: stalled=false, expired=false, onTarget=true, event=(TaskAutoPickup.armEvent=CLEARED)
globalTracer.printPidInfo_Info: [33.199274] Arm.pidActuator.pidCtrl: Target=  12.7, Input=  16.0, dT=0.020462, CurrErr=  -3.3, ErrRate=   0.0, Output=-0.060(-1.000/ 1.000)
globalTracer.traceStateInfo_Info: <Event name="StateInfo" time="33.697" tag=">>>>>" TaskAutoPickup.state="PICKUP_OBJECT_PICKUP_ONLY" />
globalTracer.intakeTriggerCallback_Info: [33.709] active=true
globalTracer.grabberTriggerCallback_Info: [33.907] active=true
globalTracer.traceStateInfo_Info: <Event name="StateInfo" time="33.966" tag=">>>>>" TaskAutoPickup.state="PREP_FOR_TRAVEL" />
globalTracer.intakeTriggerCallback_Info: [34.103] active=false
globalTracer.autoAssistCancel_Info: TaskAutoPickup: Canceling auto-assist pickup.
globalTracer.stopSubsystems_Info: TaskAutoPickup: Stopping subsystems.
globalTracer.releaseSubsystemsOwnership_Info: TaskAutoPickup: Releasing subsystem ownership (currOwner=TaskAutoPickup, robotDrive=null, elevator=TaskAutoPickup, arm=TaskAutoPickup, intake=TaskAutoPickup).
globalTracer.autoAssistCancel_Info: TaskAutoScore: Canceling auto-assist score object.
globalTracer.setPower_Info: [35.642] owner=null, delay=0.0, leftPower=0.8, rightPower=0.8, duration=0.000, event=null
globalTracer.intakeTriggerCallback_Info: [36.742] active=true
globalTracer.pidMotorTask_Info: TrcPidMotor.Arm.pidActuator: stalled=false, expired=false, onTarget=true, event=(Arm.pidActuator.releaseOwnership=CLEARED)
globalTracer.printPidInfo_Info: [39.208720] Arm.pidActuator.pidCtrl: Target=  60.0, Input=  59.0, dT=0.020462, CurrErr=   1.0, ErrRate=  21.5, Output= 0.050(-1.000/ 1.000)
globalTracer.pidMotorTask_Info: TrcPidMotor.Elevator.pidActuator: stalled=false, expired=true, onTarget=false, event=(Elevator.pidActuator.releaseOwnership=CLEARED)
globalTracer.printPidInfo_Info: [39.457746] Elevator.pidActuator.pidCtrl: Target=   0.0, Input=   0.1, dT=0.020526, CurrErr=  -0.1, ErrRate=   0.0, Output=-0.053(-1.000/ 1.000)
globalTracer.autoAssistPickup_Info: TaskAutoPickup: objectType=CONE, useVision=false, pickupOnly=true, event=null
globalTracer.acquireSubsystemsOwnership_Info: TaskAutoPickup: Successfully acquired subsystem ownerships.
globalTracer.traceStateInfo_Info: <Event name="StateInfo" time="39.740" tag=">>>>>" TaskAutoPickup.state="PREP_FOR_PICKUP_ONLY" />
globalTracer.grabberTriggerCallback_Info: [39.869] active=false
globalTracer.grabberTriggerCallback_Info: [40.103] active=true
globalTracer.pidMotorTask_Info: TrcPidMotor.Arm.pidActuator: stalled=false, expired=false, onTarget=true, event=(TaskAutoPickup.armEvent=CLEARED)
globalTracer.printPidInfo_Info: [41.118662] Arm.pidActuator.pidCtrl: Target=  12.7, Input=  16.1, dT=0.020552, CurrErr=  -3.4, ErrRate=   0.0, Output=-0.061(-1.000/ 1.000)
globalTracer.traceStateInfo_Info: <Event name="StateInfo" time="41.248" tag=">>>>>" TaskAutoPickup.state="PICKUP_OBJECT_PICKUP_ONLY" />
globalTracer.traceStateInfo_Info: <Event name="StateInfo" time="41.515" tag=">>>>>" TaskAutoPickup.state="PREP_FOR_TRAVEL" />
globalTracer.intakeTriggerCallback_Info: [41.690] active=false
globalTracer.pidMotorTask_Info: TrcPidMotor.Arm.pidActuator: stalled=false, expired=true, onTarget=false, event=(TaskAutoPickup.armEvent=CLEARED)
globalTracer.printPidInfo_Info: [42.524084] Arm.pidActuator.pidCtrl: Target=  35.0, Input=  31.8, dT=0.021129, CurrErr=   3.2, ErrRate=   0.0, Output= 0.081(-1.000/ 1.000)
globalTracer.stopSubsystems_Info: TaskAutoPickup: Stopping subsystems.
globalTracer.releaseSubsystemsOwnership_Info: TaskAutoPickup: Releasing subsystem ownership (currOwner=TaskAutoPickup, robotDrive=null, elevator=TaskAutoPickup, arm=TaskAutoPickup, intake=TaskAutoPickup).
globalTracer.traceStateInfo_Info: <Event name="StateInfo" time="42.556" tag=">>>>>" TaskAutoPickup.state="DONE" />
globalTracer.isMotorStalled_Info: TrcPidMotor.Elevator.pidActuator: stalled
globalTracer.grabberTriggerCallback_Info: [51.212] active=false
globalTracer.pidMotorTask_Info: TrcPidMotor.Arm.pidActuator: stalled=false, expired=true, onTarget=false, event=(Arm.pidActuator.releaseOwnership=CLEARED)
globalTracer.printPidInfo_Info: [54.409310] Arm.pidActuator.pidCtrl: Target=  10.0, Input=   9.8, dT=0.020524, CurrErr=   0.2, ErrRate=  47.1, Output= 0.010(-1.000/ 1.000)
globalTracer.pidMotorTask_Info: TrcPidMotor.Elevator.pidActuator: stalled=false, expired=true, onTarget=false, event=(Elevator.pidActuator.releaseOwnership=CLEARED)
globalTracer.printPidInfo_Info: [54.903598] Elevator.pidActuator.pidCtrl: Target=  12.0, Input=  12.0, dT=0.020474, CurrErr=   0.0, ErrRate=   0.2, Output= 0.004(-1.000/ 1.000)
globalTracer.setPower_Info: [112.222] owner=null, delay=0.0, leftPower=0.8, rightPower=0.8, duration=0.000, event=null
globalTracer.intakeTriggerCallback_Info: [113.313] active=true
globalTracer.intakeTriggerCallback_Info: [113.469] active=false
globalTracer.intakeTriggerCallback_Info: [113.548] active=true
globalTracer.autoAssistPickup_Info: TaskAutoPickup: objectType=CONE, useVision=false, pickupOnly=true, event=null
globalTracer.acquireSubsystemsOwnership_Info: TaskAutoPickup: Successfully acquired subsystem ownerships.
globalTracer.traceStateInfo_Info: <Event name="StateInfo" time="114.535" tag=">>>>>" TaskAutoPickup.state="PREP_FOR_PICKUP_ONLY" />
globalTracer.grabberTriggerCallback_Info: [114.987] active=true
globalTracer.pidMotorTask_Info: TrcPidMotor.Arm.pidActuator: stalled=false, expired=false, onTarget=true, event=(TaskAutoPickup.armEvent=CLEARED)
globalTracer.printPidInfo_Info: [115.983074] Arm.pidActuator.pidCtrl: Target=  12.7, Input=  16.3, dT=0.020743, CurrErr=  -3.6, ErrRate=   0.0, Output=-0.065(-1.000/ 1.000)
globalTracer.traceStateInfo_Info: <Event name="StateInfo" time="116.052" tag=">>>>>" TaskAutoPickup.state="PICKUP_OBJECT_PICKUP_ONLY" />
globalTracer.traceStateInfo_Info: <Event name="StateInfo" time="116.327" tag=">>>>>" TaskAutoPickup.state="PREP_FOR_TRAVEL" />
globalTracer.intakeTriggerCallback_Info: [116.507] active=false
globalTracer.pidMotorTask_Info: TrcPidMotor.Arm.pidActuator: stalled=false, expired=true, onTarget=false, event=(TaskAutoPickup.armEvent=CLEARED)
globalTracer.printPidInfo_Info: [117.343811] Arm.pidActuator.pidCtrl: Target=  35.0, Input=  38.8, dT=0.020893, CurrErr=  -3.8, ErrRate= -12.6, Output=-0.058(-1.000/ 1.000)
globalTracer.stopSubsystems_Info: TaskAutoPickup: Stopping subsystems.
globalTracer.releaseSubsystemsOwnership_Info: TaskAutoPickup: Releasing subsystem ownership (currOwner=TaskAutoPickup, robotDrive=null, elevator=TaskAutoPickup, arm=TaskAutoPickup, intake=TaskAutoPickup).
globalTracer.traceStateInfo_Info: <Event name="StateInfo" time="117.359" tag=">>>>>" TaskAutoPickup.state="DONE" />
globalTracer.startCompetition_Warn: TELEOP_MODE.periodic took too long (0.495s/0.040s)
globalTracer.startCompetition_Warn: TELEOP_MODE took too long (0.505/0.020)
globalTracer.startCompetition_Info: *** Transitioning from TELEOP_MODE to DISABLED_MODE ***
globalTracer.robotStopMode_Info: [135.326] ***** Stop TELEOP_MODE *****
globalTracer.FrcRobotBase_Info: ***** Performance Metrics *****
globalTracer.FrcRobotBase_Info: (TELEOP_MODE->DISABLED_MODE) Performance Metrics: LoopCount=6837
globalTracer.FrcRobotBase_Info: RobotInit=4.804503, PrevModeStopTask=0.006233, PrevStopMode=0.000197, PrevRobotStopMode=0.002250, RobotStartMode=0.029380, startMode=0.080022, startTask=0.000070
globalTracer.FrcRobotBase_Info: PrePeriodicTask(Avg/Max)=0.000776/0.011051
globalTracer.FrcRobotBase_Info: Periodic(Avg/Max)=0.001343/0.494614
globalTracer.FrcRobotBase_Info: postPeriodicTask(Avg/Max)=0.000113/0.014399
globalTracer.FrcRobotBase_Info: Updates(Avg/Max)=0.003277/0.014448
globalTracer.TaskPerformance_Info: TrcWatchdogMgr: STANDALONE_TASK=0.000340/0.997196
globalTracer.TaskPerformance_Info: DriverController.buttonEvent: PRE_PERIODIC_TASK=0.000010/0.019773
globalTracer.TaskPerformance_Info: operatorStick.buttonEvent: PRE_PERIODIC_TASK=0.000009/0.019773
globalTracer.TaskPerformance_Info: buttonPanel.buttonEvent: PRE_PERIODIC_TASK=0.000013/0.019773
globalTracer.TaskPerformance_Info: switchPanel.buttonEvent: PRE_PERIODIC_TASK=0.000005/0.019773
globalTracer.TaskPerformance_Info: LED: OUTPUT_TASK=0.000024/0.020392
globalTracer.TaskPerformance_Info: TrcMotor.odometryTask: STANDALONE_TASK=0.000059/0.000076
globalTracer.TaskPerformance_Info: lfDrive.cleanupTask: STOP_TASK=0.001460/38.366145
globalTracer.TaskPerformance_Info: lfWheel.servo.stopTask: STOP_TASK=0.000256/38.367527
globalTracer.TaskPerformance_Info: rfWheel.servo.stopTask: STOP_TASK=0.000027/38.367336
globalTracer.TaskPerformance_Info: lbWheel.servo.stopTask: STOP_TASK=0.000080/38.367328
globalTracer.TaskPerformance_Info: rbWheel.servo.stopTask: STOP_TASK=0.000033/38.367356
globalTracer.TaskPerformance_Info: TrcDriveBase.odometryTask: PRE_PERIODIC_TASK=0.000531/0.020276
globalTracer.TaskPerformance_Info: TrcDriveBase.stopTask: STOP_TASK=0.000160/38.367354
globalTracer.TaskPerformance_Info: purePursuitDrive.driveTask: POST_PERIODIC_TASK=0.003526/0.034415
globalTracer.TaskPerformance_Info: tiltTrigger.triggerTask: PRE_PERIODIC_TASK=0.000017/0.019837
globalTracer.TaskPerformance_Info: distanceTrigger.triggerTask: PRE_PERIODIC_TASK=0.000045/0.046801
globalTracer.TaskPerformance_Info: Elevator.pidActuator.pidMotorTask: OUTPUT_TASK=0.000241/0.023575
globalTracer.TaskPerformance_Info: Elevator.pidActuator.stopMotorTask: STOP_TASK=0.000177/0.000000
globalTracer.TaskPerformance_Info: Arm.pidActuator.pidMotorTask: OUTPUT_TASK=0.000171/0.022828
globalTracer.TaskPerformance_Info: Arm.pidActuator.stopMotorTask: STOP_TASK=0.000068/0.000000
globalTracer.TaskPerformance_Info: Intake.trigger.triggerTask: PRE_PERIODIC_TASK=0.000022/0.019879
globalTracer.TaskPerformance_Info: Grabber.cone.pneumaticTask: OUTPUT_TASK=0.000062/2.058393
globalTracer.TaskPerformance_Info: Grabber.cube.pneumaticTask: OUTPUT_TASK=0.000367/0.019351
globalTracer.TaskPerformance_Info: Grabber.trigger.triggerTask: PRE_PERIODIC_TASK=0.000008/0.019879
globalTracer.TaskPerformance_Info: TaskAutoScore: POST_PERIODIC_TASK=0.000346/0.020544
globalTracer.TaskPerformance_Info: TaskAutoPickup: POST_PERIODIC_TASK=0.000166/0.202975
globalTracer.TaskPerformance_Info: TaskAutoBalance: POST_PERIODIC_TASK=0.000435/0.019919
globalTracer.TaskPerformance_Info: elevatorTrigger.triggerTask: PRE_PERIODIC_TASK=0.000082/0.019773
