globalTracer.robotStartMode_Info: Sun Mar 26 14:39:53 PDT 2023: [0.030] ***** Start AUTO_MODE *****
globalTracer.FrcAuto_Info: <Info name="MatchInfo" date="Sun Mar 26 14:39:53 PDT 2023" event="WASAM" type="Elimination" match=12 replay=1 alliance="Red" location=2 gameMsg="" />
globalTracer.FrcAuto_Info: <Info name="AutoChoices" alliance="Red" strategy="AUTO_STARTPOS_2" startPos="1" preloadedObj="CUBE" scoreLevel="2" scoreLocation="MIDDLE" useVision="true" scorePreload="true" doAutoBalance="true" scoreSecondPiece="false" startDelay=0 sec pathFile="DrivePath.csv" xDistance=6.0 ft yDistance=6.0 ft turnDegrees=90 deg driveTime=4 sec drivePower=4.0 />
globalTracer.startCompetition_Warn: AUTO_MODE.prePeriodicTasks took too long (0.068s/0.040s)
globalTracer.CmdAutoStartPos2_Info: [0.189] START: xDist=0.0, tilt=-0.010, enteringBalance=null, exitingBalance=null, tiltTriggered=false
globalTracer.setAutoStartOffset_Info: offset=2.500
globalTracer.checkForExpiration_Warn: [1679866793.809] watchdog {[1679866793.810] main.watchdog: threshold=1.000, expiredTime=1678328319.178, expired=true, paused=false} expired.
globalTracer.printThreadStack_Info: thread stack: 
java.base@17.0.3.7-frc/java.util.Formatter$FormatSpecifier.printString(Unknown Source)
java.base@17.0.3.7-frc/java.util.Formatter$FormatSpecifier.print(Unknown Source)
java.base@17.0.3.7-frc/java.util.Formatter.format(Unknown Source)
java.base@17.0.3.7-frc/java.util.Formatter.format(Unknown Source)
java.base@17.0.3.7-frc/java.lang.String.format(Unknown Source)
app//TrcCommonLib.trclib.TrcDbgTrace.traceStateInfo(TrcDbgTrace.java:383)
app//team492.autocommands.CmdAutoStartPos2.cmdPeriodic(CmdAutoStartPos2.java:287)
app//team492.FrcAuto.periodic(FrcAuto.java:480)
app//TrcFrcLib.frclib.FrcRobotBase.startCompetition(FrcRobotBase.java:655)
app//edu.wpi.first.wpilibj.RobotBase.runRobot(RobotBase.java:349)
app//edu.wpi.first.wpilibj.RobotBase.startRobot(RobotBase.java:442)
app//team492.Main.main(Main.java:33)
globalTracer.traceStateInfo_Info: <Event name="StateInfo" time="0.221" tag=">>>>>" CmdAutoStartPos2.state="START" />
globalTracer.startCompetition_Warn: AUTO_MODE.periodic took too long (0.065s/0.040s)
globalTracer.startCompetition_Warn: AUTO_MODE took too long (1538475.672/0.020)
globalTracer.CmdAutoStartPos2_Info: [0.267] BACK_UP: xDist=-108.2, tilt=-0.020, enteringBalance=null, exitingBalance=null, tiltTriggered=false
globalTracer.start_Info: Path=TrcPath(degrees=true, [TrcWaypoint(pose=(x=-108.2,y=578.8,angle=0.3),vel=0.00), TrcWaypoint(pose=(x=-108.3,y=554.8,angle=0.3),vel=0.00)])
globalTracer.traceStateInfo_Info: <Event name="StateInfo" time="0.320" tag=">>>>>" CmdAutoStartPos2.state="BACK_UP" RobotPose=(x=-108.2,y=578.8,angle=0.3) TargetPose=(x=-108.3,y=554.8,angle=0.3) vel=(x=0.0,y=0.7,angle=3.7) Path=TrcPath(degrees=true, [TrcWaypoint(pose=(x=0.0,y=0.0,angle=0.0),vel=0.00), TrcWaypoint(pose=(x=-0.0,y=-24.0,angle=0.0),vel=0.00)]) />
globalTracer.startCompetition_Warn: AUTO_MODE.periodic took too long (0.058s/0.040s)
globalTracer.startCompetition_Warn: AUTO_MODE.postPeriodicTasks took too long (0.065s/0.040s)
globalTracer.startCompetition_Warn: AUTO_MODE took too long (0.134/0.020)
globalTracer.startCompetition_Warn: AUTO_MODE.periodic took too long (0.084s/0.040s)
globalTracer.startCompetition_Warn: AUTO_MODE took too long (0.097/0.020)
globalTracer.TrcPurePursuitDrive.driveTask_Info: Done [index=1/2]: stalled=false, timeout=true, posOnTarget=false, headingOnTarget=true
globalTracer.printPidInfo_Info: [1.123264] purePursuitDrive.xPosPid: Target=-108.3, Input=-108.4, dT=0.024410, CurrErr=   0.1, ErrRate=  -0.4, Output=-0.000(-1.000/ 1.000)
globalTracer.printPidInfo_Info: [1.126409] purePursuitDrive.yPosPid: Target= 557.3, Input= 562.2, dT=0.024410, CurrErr=  -4.9, ErrRate= 196.0, Output= 0.706(-1.000/ 1.000)
globalTracer.printPidInfo_Info: [1.141098] purePursuitDrive.turnPid: Target=   0.3, Input=  -0.4, dT=0.024410, CurrErr=   0.7, ErrRate=   8.2, Output= 0.012(-1.000/ 1.000)
globalTracer.printPidInfo_Info: [1.148151] purePursuitDrive.velPid: Target=   0.0, Input=   0.7, dT=0.000000, CurrErr=  -0.7, ErrRate=   0.0, Output= 0.000(-1.000/ 1.000)
globalTracer.TrcPurePursuitDrive.driveTask_Info: Signal completion event (CmdAutoStartPos2.driveEvent=CLEARED).
globalTracer.startCompetition_Warn: AUTO_MODE.postPeriodicTasks took too long (0.051s/0.040s)
globalTracer.startCompetition_Warn: AUTO_MODE took too long (0.074/0.020)
globalTracer.CmdAutoStartPos2_Info: [1.174] UNTUCK_ARM: xDist=-108.4, tilt=-0.020, enteringBalance=null, exitingBalance=null, tiltTriggered=false
globalTracer.traceStateInfo_Info: <Event name="StateInfo" time="1.196" tag=">>>>>" CmdAutoStartPos2.state="UNTUCK_ARM" />
globalTracer.grabberTriggerCallback_Info: [1.438] active=true
globalTracer.grabberTriggerCallback_Info: [1.500] active=false
globalTracer.pidMotorTask_Info: TrcPidMotor.Elevator.pidActuator: stalled=false, expired=true, onTarget=false, event=(CmdAutoStartPos2.elevatorEvent=CLEARED)
globalTracer.printPidInfo_Info: [1.678018] Elevator.pidActuator.pidCtrl: Target=  10.0, Input=   6.7, dT=0.020534, CurrErr=   3.3, ErrRate= -14.3, Output= 1.000(-1.000/ 1.000)
globalTracer.CmdAutoStartPos2_Info: [1.700] SCORE_PRELOAD_HIGH: xDist=-108.4, tilt=0.180, enteringBalance=null, exitingBalance=null, tiltTriggered=false
globalTracer.autoAssistScoreObject_Info: TaskAutoScore: objectType=CUBE, scoreLevel=2, scoreLocation=MIDDLE, useVision=false, event=(CmdAutoStartPos2.autoAssistEvent=CLEARED)
globalTracer.acquireSubsystemsOwnership_Info: TaskAutoScore: Successfully acquired subsystem ownerships.
globalTracer.traceStateInfo_Info: <Event name="StateInfo" time="1.726" tag=">>>>>" CmdAutoStartPos2.state="SCORE_PRELOAD_HIGH" />
globalTracer.traceStateInfo_Info: <Event name="StateInfo" time="1.738" tag=">>>>>" TaskAutoScore.state="START" />
globalTracer.startCompetition_Warn: AUTO_MODE took too long (0.046/0.020)
globalTracer.pidMotorTask_Info: TrcPidMotor.Elevator.pidActuator: stalled=false, expired=true, onTarget=false, event=(TaskAutoScore.elevatorEvent=CLEARED)
globalTracer.printPidInfo_Info: [2.753447] Elevator.pidActuator.pidCtrl: Target=  22.0, Input=  21.6, dT=0.020889, CurrErr=   0.4, ErrRate=  -5.1, Output= 0.183(-1.000/ 1.000)
globalTracer.pidMotorTask_Info: TrcPidMotor.Arm.pidActuator: stalled=false, expired=false, onTarget=true, event=(TaskAutoScore.armEvent=CLEARED)
globalTracer.printPidInfo_Info: [3.618510] Arm.pidActuator.pidCtrl: Target=  93.0, Input=  92.8, dT=0.021046, CurrErr=   0.2, ErrRate=   0.0, Output= 0.050(-1.000/ 1.000)
globalTracer.start_Info: Path=TrcPath(degrees=true, [TrcWaypoint(pose=(x=-108.4,y=558.7,angle=-0.7),vel=0.00), TrcWaypoint(pose=(x=-108.6,y=574.7,angle=-0.7),vel=0.00)])
globalTracer.traceStateInfo_Info: <Event name="StateInfo" time="3.653" tag=">>>>>" TaskAutoScore.state="DRIVE_TO_SCORING_POS" />
globalTracer.TrcPurePursuitDrive.driveTask_Info: Done [index=1/2]: stalled=false, timeout=true, posOnTarget=false, headingOnTarget=true
globalTracer.printPidInfo_Info: [4.457936] purePursuitDrive.xPosPid: Target=-108.6, Input=-108.4, dT=0.019284, CurrErr=  -0.2, ErrRate=   0.2, Output=-0.002(-1.000/ 1.000)
globalTracer.printPidInfo_Info: [4.472370] purePursuitDrive.yPosPid: Target= 574.7, Input= 569.2, dT=0.019284, CurrErr=   5.5, ErrRate=   3.7, Output= 0.102(-1.000/ 1.000)
globalTracer.printPidInfo_Info: [4.479179] purePursuitDrive.turnPid: Target=  -0.7, Input=  -0.4, dT=0.019563, CurrErr=  -0.3, ErrRate=   2.6, Output=-0.001(-1.000/ 1.000)
globalTracer.printPidInfo_Info: [4.492141] purePursuitDrive.velPid: Target=   0.0, Input=   0.0, dT=0.000000, CurrErr=   0.0, ErrRate=   0.0, Output= 0.000(-1.000/ 1.000)
globalTracer.TrcPurePursuitDrive.driveTask_Info: Signal completion event (TaskAutoScore.driveEvent=CLEARED).
globalTracer.traceStateInfo_Info: <Event name="StateInfo" time="4.511" tag=">>>>>" TaskAutoScore.state="SCORE_OBJECT" />
globalTracer.startCompetition_Warn: AUTO_MODE.postPeriodicTasks took too long (0.066s/0.040s)
globalTracer.startCompetition_Warn: AUTO_MODE took too long (0.075/0.020)
globalTracer.grabberTriggerCallback_Info: [4.618] active=true
globalTracer.grabberTriggerCallback_Info: [4.718] active=false
globalTracer.start_Info: Path=TrcPath(degrees=true, [TrcWaypoint(pose=(x=-108.4,y=570.3,angle=-0.5),vel=0.00), TrcWaypoint(pose=(x=-108.2,y=546.3,angle=-0.5),vel=0.00)])
globalTracer.traceStateInfo_Info: <Event name="StateInfo" time="4.797" tag=">>>>>" TaskAutoScore.state="RESET" />
globalTracer.AutoScore Done_Info: Robot thinks it is at:(x=-108.3,y=548.4,angle=-0.7)
globalTracer.stopSubsystems_Info: TaskAutoScore: Stopping subsystems.
globalTracer.releaseSubsystemsOwnership_Info: TaskAutoScore: Releasing subsystem ownership (currOwner=TaskAutoScore, robotDrive=TaskAutoScore, elevator=TaskAutoScore, arm=TaskAutoScore).
globalTracer.traceStateInfo_Info: <Event name="StateInfo" time="6.823" tag=">>>>>" TaskAutoScore.state="DONE" />
globalTracer.CmdAutoStartPos2_Info: [6.831] TURN: xDist=-108.3, tilt=-0.020, enteringBalance=null, exitingBalance=null, tiltTriggered=false
globalTracer.start_Info: Path=TrcPath(degrees=true, [TrcWaypoint(pose=(x=-108.3,y=548.4,angle=-0.7),vel=0.00), TrcWaypoint(pose=(x=-108.3,y=548.4,angle=89.3),vel=0.00)])
globalTracer.traceStateInfo_Info: <Event name="StateInfo" time="6.846" tag=">>>>>" CmdAutoStartPos2.state="TURN" RobotPose=(x=-108.3,y=548.4,angle=-0.7) TargetPose=(x=-108.3,y=548.4,angle=89.3) vel=(x=0.0,y=-0.8,angle=0.4) Path=TrcPath(degrees=true, [TrcWaypoint(pose=(x=0.0,y=0.0,angle=0.0),vel=0.00), TrcWaypoint(pose=(x=0.0,y=0.0,angle=90.0),vel=0.00)]) />
globalTracer.TrcPurePursuitDrive.driveTask_Info: Done [index=1/2]: stalled=false, timeout=true, posOnTarget=false, headingOnTarget=false
globalTracer.printPidInfo_Info: [7.562419] purePursuitDrive.xPosPid: Target=-110.0, Input=-109.6, dT=0.022496, CurrErr=  -0.4, ErrRate=  -1.6, Output=-0.012(-1.000/ 1.000)
globalTracer.printPidInfo_Info: [7.574834] purePursuitDrive.yPosPid: Target= 549.3, Input= 548.0, dT=0.022496, CurrErr=   1.3, ErrRate=  -1.1, Output= 0.016(-1.000/ 1.000)
globalTracer.printPidInfo_Info: [7.584397] purePursuitDrive.turnPid: Target=  89.3, Input=  84.8, dT=0.022497, CurrErr=   4.5, ErrRate= -16.0, Output= 0.028(-1.000/ 1.000)
globalTracer.printPidInfo_Info: [7.594546] purePursuitDrive.velPid: Target=   0.0, Input=   0.8, dT=0.000000, CurrErr=  -0.8, ErrRate=   0.0, Output= 0.000(-1.000/ 1.000)
globalTracer.TrcPurePursuitDrive.driveTask_Info: Signal completion event (CmdAutoStartPos2.driveEvent=CLEARED).
globalTracer.startCompetition_Warn: AUTO_MODE.postPeriodicTasks took too long (0.053s/0.040s)
globalTracer.startCompetition_Warn: AUTO_MODE took too long (0.067/0.020)
globalTracer.CmdAutoStartPos2_Info: [7.621] START_TO_CLIMB: xDist=-109.7, tilt=0.560, enteringBalance=null, exitingBalance=null, tiltTriggered=false
globalTracer.traceStateInfo_Info: <Event name="StateInfo" time="7.630" tag=">>>>>" CmdAutoStartPos2.state="START_TO_CLIMB" />
globalTracer.CmdAutoStartPos2_Info: [8.193] CLIMB: xDist=-118.9, tilt=-5.410, enteringBalance=null, exitingBalance=TILT_LEFT, tiltTriggered=true
globalTracer.traceStateInfo_Info: <Event name="StateInfo" time="8.196" tag=">>>>>" CmdAutoStartPos2.state="CLIMB" />
globalTracer.CmdAutoStartPos2_Info: [8.370] CLIMB: xDist=-123.4, tilt=-16.790, enteringBalance=null, exitingBalance=null, tiltTriggered=true
globalTracer.traceStateInfo_Info: <Event name="StateInfo" time="8.375" tag=">>>>>" CmdAutoStartPos2.state="CLIMB" />
globalTracer.CmdAutoStartPos2_Info: [8.898] CLIMB: xDist=-134.2, tilt=-14.840, enteringBalance=null, exitingBalance=null, tiltTriggered=true
globalTracer.traceStateInfo_Info: <Event name="StateInfo" time="8.910" tag=">>>>>" CmdAutoStartPos2.state="CLIMB" />
globalTracer.CmdAutoStartPos2_Info: [9.869] CLIMB: xDist=-158.9, tilt=-3.690, enteringBalance=TILT_LEFT, exitingBalance=null, tiltTriggered=true
globalTracer.traceStateInfo_Info: <Event name="StateInfo" time="9.875" tag=">>>>>" CmdAutoStartPos2.state="CLIMB" />
globalTracer.CmdAutoStartPos2_Info: [9.982] LEVEL: xDist=-162.3, tilt=6.090, enteringBalance=null, exitingBalance=TILT_RIGHT, tiltTriggered=true
globalTracer.traceStateInfo_Info: <Event name="StateInfo" time="10.001" tag=">>>>>" CmdAutoStartPos2.state="LEVEL" />
globalTracer.startCompetition_Warn: AUTO_MODE took too long (0.044/0.020)
globalTracer.CmdAutoStartPos2_Info: [10.072] DESCEND: xDist=-164.7, tilt=15.710, enteringBalance=null, exitingBalance=null, tiltTriggered=true
globalTracer.traceStateInfo_Info: <Event name="StateInfo" time="10.084" tag=">>>>>" CmdAutoStartPos2.state="DESCEND" />
globalTracer.CmdAutoStartPos2_Info: [10.157] DESCEND: xDist=-167.6, tilt=14.600, enteringBalance=null, exitingBalance=null, tiltTriggered=true
globalTracer.traceStateInfo_Info: <Event name="StateInfo" time="10.160" tag=">>>>>" CmdAutoStartPos2.state="DESCEND" />
globalTracer.CmdAutoStartPos2_Info: [10.403] DESCEND: xDist=-177.7, tilt=4.520, enteringBalance=TILT_RIGHT, exitingBalance=null, tiltTriggered=true
globalTracer.traceStateInfo_Info: <Event name="StateInfo" time="10.420" tag=">>>>>" CmdAutoStartPos2.state="DESCEND" />
globalTracer.CmdAutoStartPos2_Info: [10.552] BALANCE: xDist=-182.8, tilt=1.480, enteringBalance=TILT_RIGHT, exitingBalance=null, tiltTriggered=true
globalTracer.autoAssistBalance_Info: TaskAutoBalance: initSide=OUTSIDE, event=(CmdAutoStartPos2.autoAssistEvent=SIGNALED)
globalTracer.acquireSubsystemOwnership_Info: TaskAutoBalance: Successfully acquired subsystem ownerships.
globalTracer.traceStateInfo_Info: <Event name="StateInfo" time="10.584" tag=">>>>>" CmdAutoStartPos2.state="BALANCE" />
globalTracer.TaskAutoBalance_Info: [10.589] START: xDist=-182.8, tilt=0.360, inBalance=true, leveling=false, tiltTriggered=false
globalTracer.traceStateInfo_Info: <Event name="StateInfo" time="10.603" tag=">>>>>" TaskAutoBalance.state="START" />
globalTracer.startCompetition_Warn: AUTO_MODE took too long (0.058/0.020)
globalTracer.TaskAutoBalance_Info: [11.592] CLIMB: xDist=-188.3, tilt=5.150, inBalance=false, leveling=false, tiltTriggered=true
globalTracer.traceStateInfo_Info: <Event name="StateInfo" time="11.605" tag=">>>>>" TaskAutoBalance.state="CLIMB" />
globalTracer.TaskAutoBalance_Info: [11.853] CLIMB: xDist=-188.7, tilt=15.190, inBalance=false, leveling=false, tiltTriggered=true
globalTracer.traceStateInfo_Info: <Event name="StateInfo" time="11.863" tag=">>>>>" TaskAutoBalance.state="CLIMB" />
globalTracer.TaskAutoBalance_Info: [12.470] CLIMB: xDist=-190.2, tilt=14.830, inBalance=false, leveling=true, tiltTriggered=true
globalTracer.traceStateInfo_Info: <Event name="StateInfo" time="12.473" tag=">>>>>" TaskAutoBalance.state="CLIMB" />
globalTracer.TaskAutoBalance_Info: [13.256] SETTLE: xDist=-193.2, tilt=13.470, inBalance=false, leveling=true, tiltTriggered=true
globalTracer.traceStateInfo_Info: <Event name="StateInfo" time="13.261" tag=">>>>>" TaskAutoBalance.state="SETTLE" />
globalTracer.TaskAutoBalance_Info: [13.529] CHECK: xDist=-193.6, tilt=4.410, inBalance=true, leveling=false, tiltTriggered=true
globalTracer.traceStateInfo_Info: <Event name="StateInfo" time="13.531" tag=">>>>>" TaskAutoBalance.state="CHECK" />
globalTracer.TaskAutoBalance_Info: [13.711] CHECK: xDist=-193.6, tilt=-5.230, inBalance=false, leveling=false, tiltTriggered=true
globalTracer.traceStateInfo_Info: <Event name="StateInfo" time="13.723" tag=">>>>>" TaskAutoBalance.state="CHECK" />
globalTracer.TaskAutoBalance_Info: [14.550] SETTLE: xDist=-193.5, tilt=-4.730, inBalance=true, leveling=false, tiltTriggered=true
globalTracer.traceStateInfo_Info: <Event name="StateInfo" time="14.562" tag=">>>>>" TaskAutoBalance.state="SETTLE" />
globalTracer.startCompetition_Info: *** Transitioning from AUTO_MODE to DISABLED_MODE ***
globalTracer.autoAssistCancel_Info: TaskAutoScore: Canceling auto-assist score object.
globalTracer.autoAssistCancel_Info: TaskAutoBalance: Canceling auto-assist balance.
globalTracer.stopSubsystems_Info: TaskAutoBalance: Stopping subsystems.
globalTracer.releaseSubsystemsOwnership_Info: TaskAutoBalance: Releasing subsystem ownership (currOwner=TaskAutoBalance, robotDrive=TaskAutoBalance).
globalTracer.robotStopMode_Info: [15.390] ***** Stop AUTO_MODE *****
globalTracer.FrcRobotBase_Info: ***** Performance Metrics *****
globalTracer.FrcRobotBase_Info: (AUTO_MODE->DISABLED_MODE) Performance Metrics: LoopCount=725
globalTracer.FrcRobotBase_Info: RobotInit=4.804503, PrevModeStopTask=0.000424, PrevStopMode=0.019917, PrevRobotStopMode=0.003309, RobotStartMode=0.059632, startMode=0.051279, startTask=0.000059
globalTracer.FrcRobotBase_Info: PrePeriodicTask(Avg/Max)=0.001402/0.067852
globalTracer.FrcRobotBase_Info: Periodic(Avg/Max)=0.003085/0.084286
globalTracer.FrcRobotBase_Info: postPeriodicTask(Avg/Max)=0.001416/0.065879
globalTracer.FrcRobotBase_Info: Updates(Avg/Max)=0.003829/0.011132
globalTracer.TaskPerformance_Info: TrcWatchdogMgr: STANDALONE_TASK=0.000462/0.994975
globalTracer.TaskPerformance_Info: LED: OUTPUT_TASK=0.000015/0.020262
globalTracer.TaskPerformance_Info: TrcMotor.odometryTask: STANDALONE_TASK=0.000052/0.000070
globalTracer.TaskPerformance_Info: lfDrive.cleanupTask: STOP_TASK=0.000103/7.687247
globalTracer.TaskPerformance_Info: lfWheel.servo.stopTask: STOP_TASK=0.000424/7.687255
globalTracer.TaskPerformance_Info: rfWheel.servo.stopTask: STOP_TASK=0.000034/7.686872
globalTracer.TaskPerformance_Info: lbWheel.servo.stopTask: STOP_TASK=0.000082/7.686855
globalTracer.TaskPerformance_Info: rbWheel.servo.stopTask: STOP_TASK=0.000021/7.686908
globalTracer.TaskPerformance_Info: TrcDriveBase.odometryTask: PRE_PERIODIC_TASK=0.001181/0.021016
globalTracer.TaskPerformance_Info: TrcDriveBase.stopTask: STOP_TASK=0.000272/7.686905
globalTracer.TaskPerformance_Info: purePursuitDrive.driveTask: POST_PERIODIC_TASK=0.003526/0.034415
globalTracer.TaskPerformance_Info: tiltTrigger.triggerTask: PRE_PERIODIC_TASK=0.000045/0.020128
globalTracer.TaskPerformance_Info: distanceTrigger.triggerTask: PRE_PERIODIC_TASK=0.000045/0.046801
globalTracer.TaskPerformance_Info: Elevator.pidActuator.pidMotorTask: OUTPUT_TASK=0.000557/0.023603
globalTracer.TaskPerformance_Info: Arm.pidActuator.pidMotorTask: OUTPUT_TASK=0.000391/0.025154
globalTracer.TaskPerformance_Info: Intake.trigger.triggerTask: PRE_PERIODIC_TASK=0.000023/0.019923
globalTracer.TaskPerformance_Info: Grabber.cube.pneumaticTask: OUTPUT_TASK=0.000367/0.019351
globalTracer.TaskPerformance_Info: Grabber.trigger.triggerTask: PRE_PERIODIC_TASK=0.000008/0.019923
globalTracer.TaskPerformance_Info: TaskAutoScore: POST_PERIODIC_TASK=0.000346/0.020544
globalTracer.TaskPerformance_Info: TaskAutoBalance: POST_PERIODIC_TASK=0.000435/0.019919
