globalTracer.robotStartMode_Info: Sat Mar 25 16:16:13 PDT 2023: [0.024] ***** Start AUTO_MODE *****
globalTracer.FrcAuto_Info: <Info name="MatchInfo" date="Sat Mar 25 16:16:13 PDT 2023" event="WASAM" type="Qualification" match=27 replay=1 alliance="Red" location=1 gameMsg="" />
globalTracer.FrcAuto_Info: <Info name="AutoChoices" alliance="Red" strategy="AUTO_STARTPOS_2" startPos="1" preloadedObj="CUBE" scoreLevel="2" scoreLocation="MIDDLE" useVision="true" scorePreload="true" doAutoBalance="true" scoreSecondPiece="false" startDelay=0 sec pathFile="DrivePath.csv" xDistance=6.0 ft yDistance=6.0 ft turnDegrees=90 deg driveTime=4 sec drivePower=4.0 />
globalTracer.startCompetition_Warn: AUTO_MODE.prePeriodicTasks took too long (0.088s/0.040s)
globalTracer.CmdAutoStartPos2_Info: [0.223] START: xDist=-0.0, tilt=-0.310, enteringBalance=null, exitingBalance=null, tiltTriggered=false
globalTracer.setAutoStartOffset_Info: offset=2.500
globalTracer.traceStateInfo_Info: <Event name="StateInfo" time="0.251" tag=">>>>>" CmdAutoStartPos2.state="START" />
globalTracer.startCompetition_Warn: AUTO_MODE.periodic took too long (0.059s/0.040s)
globalTracer.startCompetition_Warn: AUTO_MODE took too long (1457921.242/0.020)
globalTracer.CmdAutoStartPos2_Info: [0.303] BACK_UP: xDist=-108.2, tilt=-0.300, enteringBalance=null, exitingBalance=null, tiltTriggered=false
globalTracer.start_Info: Path=TrcPath(degrees=true, [TrcWaypoint(pose=(x=-108.2,y=578.7,angle=-0.0),vel=0.00), TrcWaypoint(pose=(x=-108.2,y=554.7,angle=-0.0),vel=0.00)])
globalTracer.traceStateInfo_Info: <Event name="StateInfo" time="0.356" tag=">>>>>" CmdAutoStartPos2.state="BACK_UP" RobotPose=(x=-108.2,y=578.7,angle=-0.0) TargetPose=(x=-108.2,y=554.7,angle=-0.0) vel=(x=0.0,y=0.1,angle=-0.8) Path=TrcPath(degrees=true, [TrcWaypoint(pose=(x=0.0,y=0.0,angle=0.0),vel=0.00), TrcWaypoint(pose=(x=0.0,y=-24.0,angle=0.0),vel=0.00)]) />
globalTracer.startCompetition_Warn: AUTO_MODE.periodic took too long (0.076s/0.040s)
globalTracer.startCompetition_Warn: AUTO_MODE.postPeriodicTasks took too long (0.065s/0.040s)
globalTracer.startCompetition_Warn: AUTO_MODE took too long (0.160/0.020)
globalTracer.TrcPurePursuitDrive.driveTask_Info: Done [index=1/2]: stalled=false, timeout=true, posOnTarget=false, headingOnTarget=true
globalTracer.printPidInfo_Info: [1.152524] purePursuitDrive.xPosPid: Target=-108.3, Input=-108.2, dT=0.014375, CurrErr=  -0.1, ErrRate=   1.3, Output= 0.004(-1.000/ 1.000)
globalTracer.printPidInfo_Info: [1.163847] purePursuitDrive.yPosPid: Target= 555.1, Input= 563.1, dT=0.014374, CurrErr=  -8.1, ErrRate=  37.0, Output= 0.019(-1.000/ 1.000)
globalTracer.printPidInfo_Info: [1.172935] purePursuitDrive.turnPid: Target=  -0.0, Input=  -1.0, dT=0.014373, CurrErr=   0.9, ErrRate=   0.0, Output= 0.008(-1.000/ 1.000)
globalTracer.printPidInfo_Info: [1.181073] purePursuitDrive.velPid: Target=   0.0, Input=   0.1, dT=0.000000, CurrErr=  -0.1, ErrRate=   0.0, Output= 0.000(-1.000/ 1.000)
globalTracer.TrcPurePursuitDrive.driveTask_Info: Signal completion event (CmdAutoStartPos2.driveEvent=CLEARED).
globalTracer.startCompetition_Warn: AUTO_MODE.postPeriodicTasks took too long (0.052s/0.040s)
globalTracer.startCompetition_Warn: AUTO_MODE took too long (0.063/0.020)
globalTracer.CmdAutoStartPos2_Info: [1.208] UNTUCK_ARM: xDist=-108.3, tilt=-0.300, enteringBalance=null, exitingBalance=null, tiltTriggered=false
globalTracer.traceStateInfo_Info: <Event name="StateInfo" time="1.243" tag=">>>>>" CmdAutoStartPos2.state="UNTUCK_ARM" />
globalTracer.startCompetition_Warn: AUTO_MODE.periodic took too long (0.058s/0.040s)
globalTracer.startCompetition_Warn: AUTO_MODE took too long (0.062/0.020)
globalTracer.pidMotorTask_Info: TrcPidMotor.Elevator.pidActuator: stalled=false, expired=true, onTarget=false, event=(CmdAutoStartPos2.elevatorEvent=CLEARED)
globalTracer.printPidInfo_Info: [1.735102] Elevator.pidActuator.pidCtrl: Target=  10.0, Input=   6.4, dT=0.020501, CurrErr=   3.6, ErrRate=   0.0, Output= 1.000(-1.000/ 1.000)
globalTracer.CmdAutoStartPos2_Info: [1.756] SCORE_PRELOAD_HIGH: xDist=-108.3, tilt=-0.390, enteringBalance=null, exitingBalance=null, tiltTriggered=false
globalTracer.autoAssistScoreObject_Info: TaskAutoScore: objectType=CUBE, scoreLevel=2, scoreLocation=MIDDLE, useVision=false, event=(CmdAutoStartPos2.autoAssistEvent=CLEARED)
globalTracer.acquireSubsystemsOwnership_Info: TaskAutoScore: Successfully acquired subsystem ownerships.
globalTracer.traceStateInfo_Info: <Event name="StateInfo" time="1.783" tag=">>>>>" CmdAutoStartPos2.state="SCORE_PRELOAD_HIGH" />
globalTracer.startCompetition_Warn: AUTO_MODE.periodic took too long (0.055s/0.040s)
globalTracer.traceStateInfo_Info: <Event name="StateInfo" time="1.821" tag=">>>>>" TaskAutoScore.state="START" />
globalTracer.startCompetition_Warn: AUTO_MODE took too long (0.077/0.020)
globalTracer.pidMotorTask_Info: TrcPidMotor.Elevator.pidActuator: stalled=false, expired=true, onTarget=false, event=(TaskAutoScore.elevatorEvent=CLEARED)
globalTracer.printPidInfo_Info: [2.845565] Elevator.pidActuator.pidCtrl: Target=  22.0, Input=  21.9, dT=0.020681, CurrErr=   0.1, ErrRate=  -3.9, Output= 0.042(-1.000/ 1.000)
globalTracer.pidMotorTask_Info: TrcPidMotor.Arm.pidActuator: stalled=false, expired=false, onTarget=true, event=(TaskAutoScore.armEvent=CLEARED)
globalTracer.printPidInfo_Info: [3.718430] Arm.pidActuator.pidCtrl: Target=  93.0, Input=  92.6, dT=0.019619, CurrErr=   0.4, ErrRate=   0.0, Output= 0.054(-1.000/ 1.000)
globalTracer.start_Info: Path=TrcPath(degrees=true, [TrcWaypoint(pose=(x=-108.3,y=560.9,angle=-0.8),vel=0.00), TrcWaypoint(pose=(x=-108.5,y=576.9,angle=-0.8),vel=0.00)])
globalTracer.traceStateInfo_Info: <Event name="StateInfo" time="3.731" tag=">>>>>" TaskAutoScore.state="DRIVE_TO_SCORING_POS" />
globalTracer.TrcPurePursuitDrive.driveTask_Info: Done [index=1/2]: stalled=false, timeout=true, posOnTarget=false, headingOnTarget=true
globalTracer.printPidInfo_Info: [4.562083] purePursuitDrive.xPosPid: Target=-108.5, Input=-108.3, dT=0.026671, CurrErr=  -0.1, ErrRate=   0.1, Output=-0.002(-1.000/ 1.000)
globalTracer.printPidInfo_Info: [4.581364] purePursuitDrive.yPosPid: Target= 576.8, Input= 571.6, dT=0.026672, CurrErr=   5.2, ErrRate=  -0.9, Output= 0.080(-1.000/ 1.000)
globalTracer.printPidInfo_Info: [4.588114] purePursuitDrive.turnPid: Target=  -0.8, Input=  -0.6, dT=0.026671, CurrErr=  -0.2, ErrRate=   0.4, Output=-0.002(-1.000/ 1.000)
globalTracer.printPidInfo_Info: [4.595238] purePursuitDrive.velPid: Target=   0.0, Input=   0.0, dT=0.000000, CurrErr=   0.0, ErrRate=   0.0, Output= 0.000(-1.000/ 1.000)
globalTracer.TrcPurePursuitDrive.driveTask_Info: Signal completion event (TaskAutoScore.driveEvent=CLEARED).
globalTracer.traceStateInfo_Info: <Event name="StateInfo" time="4.616" tag=">>>>>" TaskAutoScore.state="SCORE_OBJECT" />
globalTracer.startCompetition_Warn: AUTO_MODE.postPeriodicTasks took too long (0.070s/0.040s)
globalTracer.startCompetition_Warn: AUTO_MODE took too long (0.088/0.020)
globalTracer.grabberTriggerCallback_Info: [4.733] active=true
globalTracer.grabberTriggerCallback_Info: [4.790] active=false
globalTracer.start_Info: Path=TrcPath(degrees=true, [TrcWaypoint(pose=(x=-108.3,y=571.9,angle=-0.9),vel=0.00), TrcWaypoint(pose=(x=-108.0,y=547.9,angle=-0.9),vel=0.00)])
globalTracer.traceStateInfo_Info: <Event name="StateInfo" time="4.924" tag=">>>>>" TaskAutoScore.state="RESET" />
globalTracer.startCompetition_Warn: AUTO_MODE took too long (0.043/0.020)
globalTracer.AutoScore Done_Info: Robot thinks it is at:(x=-108.2,y=549.9,angle=-1.0)
globalTracer.stopSubsystems_Info: TaskAutoScore: Stopping subsystems.
globalTracer.releaseSubsystemsOwnership_Info: TaskAutoScore: Releasing subsystem ownership (currOwner=TaskAutoScore, robotDrive=TaskAutoScore, elevator=TaskAutoScore, arm=TaskAutoScore).
globalTracer.traceStateInfo_Info: <Event name="StateInfo" time="6.955" tag=">>>>>" TaskAutoScore.state="DONE" />
globalTracer.CmdAutoStartPos2_Info: [6.963] TURN: xDist=-108.2, tilt=-0.400, enteringBalance=null, exitingBalance=null, tiltTriggered=false
globalTracer.start_Info: Path=TrcPath(degrees=true, [TrcWaypoint(pose=(x=-108.2,y=549.9,angle=-1.0),vel=0.00), TrcWaypoint(pose=(x=-108.2,y=549.9,angle=89.0),vel=0.00)])
globalTracer.traceStateInfo_Info: <Event name="StateInfo" time="6.977" tag=">>>>>" CmdAutoStartPos2.state="TURN" RobotPose=(x=-108.2,y=549.9,angle=-1.0) TargetPose=(x=-108.2,y=549.9,angle=89.0) vel=(x=0.0,y=-1.0,angle=0.0) Path=TrcPath(degrees=true, [TrcWaypoint(pose=(x=0.0,y=0.0,angle=0.0),vel=0.00), TrcWaypoint(pose=(x=0.0,y=0.0,angle=90.0),vel=0.00)]) />
globalTracer.startCompetition_Warn: AUTO_MODE took too long (0.044/0.020)
globalTracer.TrcPurePursuitDrive.driveTask_Info: Done [index=1/2]: stalled=false, timeout=true, posOnTarget=true, headingOnTarget=false
globalTracer.printPidInfo_Info: [7.699474] purePursuitDrive.xPosPid: Target=-108.8, Input=-108.9, dT=0.027508, CurrErr=   0.1, ErrRate=   2.4, Output= 0.012(-1.000/ 1.000)
globalTracer.printPidInfo_Info: [7.708564] purePursuitDrive.yPosPid: Target= 550.7, Input= 550.0, dT=0.027509, CurrErr=   0.7, ErrRate=   0.3, Output= 0.013(-1.000/ 1.000)
globalTracer.printPidInfo_Info: [7.722424] purePursuitDrive.turnPid: Target=  89.0, Input=  83.3, dT=0.027509, CurrErr=   5.8, ErrRate= -27.3, Output= 0.031(-1.000/ 1.000)
globalTracer.printPidInfo_Info: [7.726062] purePursuitDrive.velPid: Target=   0.0, Input=   1.0, dT=0.000000, CurrErr=  -1.0, ErrRate=   0.0, Output= 0.000(-1.000/ 1.000)
globalTracer.TrcPurePursuitDrive.driveTask_Info: Signal completion event (CmdAutoStartPos2.driveEvent=CLEARED).
globalTracer.startCompetition_Warn: AUTO_MODE.postPeriodicTasks took too long (0.047s/0.040s)
globalTracer.startCompetition_Warn: AUTO_MODE took too long (0.063/0.020)
globalTracer.CmdAutoStartPos2_Info: [7.749] START_TO_CLIMB: xDist=-109.0, tilt=0.190, enteringBalance=null, exitingBalance=null, tiltTriggered=false
globalTracer.traceStateInfo_Info: <Event name="StateInfo" time="7.753" tag=">>>>>" CmdAutoStartPos2.state="START_TO_CLIMB" />
globalTracer.CmdAutoStartPos2_Info: [8.221] CLIMB: xDist=-116.6, tilt=-5.140, enteringBalance=null, exitingBalance=TILT_LEFT, tiltTriggered=true
globalTracer.traceStateInfo_Info: <Event name="StateInfo" time="8.236" tag=">>>>>" CmdAutoStartPos2.state="CLIMB" />
globalTracer.CmdAutoStartPos2_Info: [8.363] CLIMB: xDist=-120.7, tilt=-15.120, enteringBalance=null, exitingBalance=null, tiltTriggered=true
globalTracer.traceStateInfo_Info: <Event name="StateInfo" time="8.374" tag=">>>>>" CmdAutoStartPos2.state="CLIMB" />
globalTracer.CmdAutoStartPos2_Info: [8.882] CLIMB: xDist=-134.7, tilt=-14.720, enteringBalance=null, exitingBalance=null, tiltTriggered=true
globalTracer.traceStateInfo_Info: <Event name="StateInfo" time="8.896" tag=">>>>>" CmdAutoStartPos2.state="CLIMB" />
globalTracer.startCompetition_Warn: AUTO_MODE.periodic took too long (0.042s/0.040s)
globalTracer.startCompetition_Warn: AUTO_MODE took too long (0.050/0.020)
globalTracer.CmdAutoStartPos2_Info: [9.120] CLIMB: xDist=-141.4, tilt=-15.010, enteringBalance=null, exitingBalance=null, tiltTriggered=true
globalTracer.traceStateInfo_Info: <Event name="StateInfo" time="9.146" tag=">>>>>" CmdAutoStartPos2.state="CLIMB" />
globalTracer.startCompetition_Warn: AUTO_MODE.periodic took too long (0.056s/0.040s)
globalTracer.startCompetition_Warn: AUTO_MODE took too long (0.066/0.020)
globalTracer.CmdAutoStartPos2_Info: [9.249] CLIMB: xDist=-145.3, tilt=-14.950, enteringBalance=null, exitingBalance=null, tiltTriggered=true
globalTracer.traceStateInfo_Info: <Event name="StateInfo" time="9.256" tag=">>>>>" CmdAutoStartPos2.state="CLIMB" />
globalTracer.startCompetition_Warn: AUTO_MODE took too long (0.042/0.020)
globalTracer.CmdAutoStartPos2_Info: [9.687] CLIMB: xDist=-157.9, tilt=-4.910, enteringBalance=TILT_LEFT, exitingBalance=null, tiltTriggered=true
globalTracer.traceStateInfo_Info: <Event name="StateInfo" time="9.700" tag=">>>>>" CmdAutoStartPos2.state="CLIMB" />
globalTracer.CmdAutoStartPos2_Info: [9.825] LEVEL: xDist=-162.3, tilt=5.210, enteringBalance=null, exitingBalance=TILT_RIGHT, tiltTriggered=true
globalTracer.traceStateInfo_Info: <Event name="StateInfo" time="9.828" tag=">>>>>" CmdAutoStartPos2.state="LEVEL" />
globalTracer.CmdAutoStartPos2_Info: [9.923] DESCEND: xDist=-165.3, tilt=15.230, enteringBalance=null, exitingBalance=null, tiltTriggered=true
globalTracer.traceStateInfo_Info: <Event name="StateInfo" time="9.935" tag=">>>>>" CmdAutoStartPos2.state="DESCEND" />
globalTracer.CmdAutoStartPos2_Info: [10.026] DESCEND: xDist=-169.7, tilt=14.230, enteringBalance=null, exitingBalance=null, tiltTriggered=true
globalTracer.traceStateInfo_Info: <Event name="StateInfo" time="10.037" tag=">>>>>" CmdAutoStartPos2.state="DESCEND" />
globalTracer.CmdAutoStartPos2_Info: [10.187] DESCEND: xDist=-176.4, tilt=4.690, enteringBalance=TILT_RIGHT, exitingBalance=null, tiltTriggered=true
globalTracer.traceStateInfo_Info: <Event name="StateInfo" time="10.201" tag=">>>>>" CmdAutoStartPos2.state="DESCEND" />
globalTracer.CmdAutoStartPos2_Info: [10.250] DELAY: xDist=-178.6, tilt=3.210, enteringBalance=TILT_RIGHT, exitingBalance=null, tiltTriggered=true
globalTracer.traceStateInfo_Info: <Event name="StateInfo" time="10.263" tag=">>>>>" CmdAutoStartPos2.state="DELAY" />
globalTracer.CmdAutoStartPos2_Info: [10.275] BALANCE: xDist=-179.3, tilt=2.490, enteringBalance=TILT_RIGHT, exitingBalance=null, tiltTriggered=true
globalTracer.autoAssistBalance_Info: TaskAutoBalance: initSide=OUTSIDE, event=(CmdAutoStartPos2.autoAssistEvent=SIGNALED)
globalTracer.acquireSubsystemOwnership_Info: TaskAutoBalance: Successfully acquired subsystem ownerships.
globalTracer.traceStateInfo_Info: <Event name="StateInfo" time="10.299" tag=">>>>>" CmdAutoStartPos2.state="BALANCE" />
globalTracer.TaskAutoBalance_Info: [10.302] START: xDist=-179.3, tilt=-0.320, inBalance=true, leveling=false, tiltTriggered=false
globalTracer.traceStateInfo_Info: <Event name="StateInfo" time="10.313" tag=">>>>>" TaskAutoBalance.state="START" />
globalTracer.startCompetition_Warn: AUTO_MODE took too long (0.052/0.020)
globalTracer.TaskAutoBalance_Info: [11.180] CLIMB: xDist=-185.1, tilt=5.720, inBalance=false, leveling=false, tiltTriggered=true
globalTracer.traceStateInfo_Info: <Event name="StateInfo" time="11.190" tag=">>>>>" TaskAutoBalance.state="CLIMB" />
globalTracer.TaskAutoBalance_Info: [11.484] CLIMB: xDist=-185.5, tilt=15.160, inBalance=false, leveling=false, tiltTriggered=true
globalTracer.traceStateInfo_Info: <Event name="StateInfo" time="11.492" tag=">>>>>" TaskAutoBalance.state="CLIMB" />
globalTracer.TaskAutoBalance_Info: [11.859] CLIMB: xDist=-186.5, tilt=14.960, inBalance=false, leveling=true, tiltTriggered=true
globalTracer.traceStateInfo_Info: <Event name="StateInfo" time="11.862" tag=">>>>>" TaskAutoBalance.state="CLIMB" />
globalTracer.TaskAutoBalance_Info: [12.640] SETTLE: xDist=-189.9, tilt=13.590, inBalance=false, leveling=true, tiltTriggered=true
globalTracer.traceStateInfo_Info: <Event name="StateInfo" time="12.654" tag=">>>>>" TaskAutoBalance.state="SETTLE" />
globalTracer.TaskAutoBalance_Info: [13.160] CHECK: xDist=-190.3, tilt=4.750, inBalance=true, leveling=false, tiltTriggered=true
globalTracer.traceStateInfo_Info: <Event name="StateInfo" time="13.170" tag=">>>>>" TaskAutoBalance.state="CHECK" />
globalTracer.TaskAutoBalance_Info: [14.173] CHECK: xDist=-190.3, tilt=0.600, inBalance=true, leveling=false, tiltTriggered=false
globalTracer.traceStateInfo_Info: <Event name="StateInfo" time="14.186" tag=">>>>>" TaskAutoBalance.state="CHECK" />
globalTracer.TaskAutoBalance_Info: [14.202] DONE: xDist=-190.3, tilt=0.610, inBalance=true, leveling=false, tiltTriggered=false
globalTracer.stopSubsystems_Info: TaskAutoBalance: Stopping subsystems.
globalTracer.releaseSubsystemsOwnership_Info: TaskAutoBalance: Releasing subsystem ownership (currOwner=TaskAutoBalance, robotDrive=TaskAutoBalance).
globalTracer.traceStateInfo_Info: <Event name="StateInfo" time="14.213" tag=">>>>>" TaskAutoBalance.state="DONE" />
globalTracer.CmdAutoStartPos2_Info: [14.224] DONE: xDist=-190.3, tilt=0.620, enteringBalance=TILT_RIGHT, exitingBalance=null, tiltTriggered=true
globalTracer.autoAssistCancel_Info: TaskAutoScore: Canceling auto-assist score object.
globalTracer.autoAssistCancel_Info: TaskAutoBalance: Canceling auto-assist balance.
globalTracer.traceStateInfo_Info: <Event name="StateInfo" time="14.238" tag=">>>>>" CmdAutoStartPos2.state="DONE" />
globalTracer.startCompetition_Info: *** Transitioning from AUTO_MODE to DISABLED_MODE ***
globalTracer.autoAssistCancel_Info: TaskAutoScore: Canceling auto-assist score object.
globalTracer.autoAssistCancel_Info: TaskAutoBalance: Canceling auto-assist balance.
globalTracer.robotStopMode_Info: [15.399] ***** Stop AUTO_MODE *****
globalTracer.FrcRobotBase_Info: ***** Performance Metrics *****
globalTracer.FrcRobotBase_Info: (AUTO_MODE->DISABLED_MODE) Performance Metrics: LoopCount=725
globalTracer.FrcRobotBase_Info: RobotInit=5.075845, PrevModeStopTask=0.000483, PrevStopMode=0.015197, PrevRobotStopMode=0.004636, RobotStartMode=0.069389, startMode=0.057707, startTask=0.000053
globalTracer.FrcRobotBase_Info: PrePeriodicTask(Avg/Max)=0.001394/0.087766
globalTracer.FrcRobotBase_Info: Periodic(Avg/Max)=0.002742/0.075992
globalTracer.FrcRobotBase_Info: postPeriodicTask(Avg/Max)=0.001412/0.070188
globalTracer.FrcRobotBase_Info: Updates(Avg/Max)=0.003918/0.009979
globalTracer.TaskPerformance_Info: TrcWatchdogMgr: STANDALONE_TASK=0.002911/0.992076
globalTracer.TaskPerformance_Info: LED: OUTPUT_TASK=0.000017/0.020269
globalTracer.TaskPerformance_Info: TrcMotor.odometryTask: STANDALONE_TASK=0.000048/0.000064
globalTracer.TaskPerformance_Info: lfDrive.cleanupTask: STOP_TASK=0.000118/7.694780
globalTracer.TaskPerformance_Info: lfWheel.servo.stopTask: STOP_TASK=0.000332/7.694815
globalTracer.TaskPerformance_Info: rfWheel.servo.stopTask: STOP_TASK=0.000028/7.694521
globalTracer.TaskPerformance_Info: lbWheel.servo.stopTask: STOP_TASK=0.000020/7.694509
globalTracer.TaskPerformance_Info: rbWheel.servo.stopTask: STOP_TASK=0.000020/7.694504
globalTracer.TaskPerformance_Info: TrcDriveBase.odometryTask: PRE_PERIODIC_TASK=0.001218/0.021005
globalTracer.TaskPerformance_Info: TrcDriveBase.stopTask: STOP_TASK=0.000491/7.694501
globalTracer.TaskPerformance_Info: purePursuitDrive.driveTask: POST_PERIODIC_TASK=0.003321/0.034124
globalTracer.TaskPerformance_Info: tiltTrigger.triggerTask: PRE_PERIODIC_TASK=0.000054/0.020356
globalTracer.TaskPerformance_Info: distanceTrigger.triggerTask: PRE_PERIODIC_TASK=0.000048/0.056428
globalTracer.TaskPerformance_Info: Elevator.pidActuator.pidMotorTask: OUTPUT_TASK=0.000570/0.023608
globalTracer.TaskPerformance_Info: Arm.pidActuator.pidMotorTask: OUTPUT_TASK=0.000343/0.025056
globalTracer.TaskPerformance_Info: Intake.trigger.triggerTask: PRE_PERIODIC_TASK=0.000021/0.019991
globalTracer.TaskPerformance_Info: Grabber.cube.pneumaticTask: OUTPUT_TASK=0.000287/0.019176
globalTracer.TaskPerformance_Info: Grabber.trigger.triggerTask: PRE_PERIODIC_TASK=0.000008/0.019991
globalTracer.TaskPerformance_Info: TaskAutoScore: POST_PERIODIC_TASK=0.000420/0.020308
globalTracer.TaskPerformance_Info: TaskAutoBalance: POST_PERIODIC_TASK=0.000715/0.019892
