globalTracer.robotStartMode_Info: Sat Mar 25 12:00:20 PDT 2023: [0.029] ***** Start AUTO_MODE *****
globalTracer.FrcAuto_Info: <Info name="MatchInfo" date="Sat Mar 25 12:00:20 PDT 2023" event="WASAM" type="Qualification" match=5 replay=1 alliance="Blue" location=3 gameMsg="" />
globalTracer.FrcAuto_Info: <Info name="AutoChoices" alliance="Blue" strategy="AUTO_STARTPOS_2" startPos="1" preloadedObj="CUBE" scoreLevel="2" scoreLocation="MIDDLE" useVision="true" scorePreload="true" doAutoBalance="false" scoreSecondPiece="false" startDelay=0 sec pathFile="DrivePath.csv" xDistance=6.0 ft yDistance=6.0 ft turnDegrees=90 deg driveTime=4 sec drivePower=4.0 />
globalTracer.startCompetition_Warn: AUTO_MODE.prePeriodicTasks took too long (0.048s/0.040s)
globalTracer.CmdAutoStartPos2_Info: [0.149] START: xDist=0.0, tilt=-0.210, enteringBalance=null, exitingBalance=null, tiltTriggered=false
globalTracer.setAutoStartOffset_Info: offset=2.500
globalTracer.traceStateInfo_Info: <Event name="StateInfo" time="0.163" tag=">>>>>" CmdAutoStartPos2.state="START" />
globalTracer.verifySwerveSteering_Warn: lfSteer: motor encoders not in sync (absEnc=0.004, motorEncNorm=0.003, motorEnc=57.000, angle=20518.432)
globalTracer.verifySwerveSteering_Warn: rfSteer: motor encoders not in sync (absEnc=-0.427, motorEncNorm=-0.468, motorEnc=-9852.000, angle=3546566.258)
globalTracer.verifySwerveSteering_Warn: lbSteer: motor encoders not in sync (absEnc=-0.388, motorEncNorm=-0.410, motorEnc=-8639.000, angle=3109900.175)
globalTracer.verifySwerveSteering_Warn: rbSteer: motor encoders not in sync (absEnc=-0.001, motorEncNorm=-0.001, motorEnc=-13.000, angle=4679.807)
globalTracer.startCompetition_Warn: AUTO_MODE.periodic took too long (0.048s/0.040s)
globalTracer.startCompetition_Warn: AUTO_MODE took too long (1442600.509/0.020)
globalTracer.CmdAutoStartPos2_Info: [0.203] BACK_UP: xDist=-108.2, tilt=-0.210, enteringBalance=null, exitingBalance=null, tiltTriggered=false
globalTracer.start_Info: Path=TrcPath(degrees=true, [TrcWaypoint(pose=(x=-108.2,y=72.5,angle=180.0),vel=0.00), TrcWaypoint(pose=(x=-108.2,y=96.5,angle=180.0),vel=0.00)])
globalTracer.traceStateInfo_Info: <Event name="StateInfo" time="0.229" tag=">>>>>" CmdAutoStartPos2.state="BACK_UP" RobotPose=(x=-108.2,y=72.5,angle=180.0) TargetPose=(x=-108.2,y=96.5,angle=180.0) vel=(x=0.0,y=0.1,angle=-0.2) Path=TrcPath(degrees=true, [TrcWaypoint(pose=(x=0.0,y=0.0,angle=0.0),vel=0.00), TrcWaypoint(pose=(x=-0.0,y=-24.0,angle=0.0),vel=0.00)]) />
globalTracer.startCompetition_Warn: AUTO_MODE.postPeriodicTasks took too long (0.079s/0.040s)
globalTracer.startCompetition_Warn: AUTO_MODE took too long (0.112/0.020)
globalTracer.verifySwerveSteering_Warn: lfSteer: motor encoders not in sync (absEnc=-0.000, motorEncNorm=0.003, motorEnc=53.000, angle=19080.037)
globalTracer.verifySwerveSteering_Warn: rfSteer: motor encoders not in sync (absEnc=-0.088, motorEncNorm=-0.116, motorEnc=-2440.000, angle=878368.288)
globalTracer.verifySwerveSteering_Warn: lbSteer: motor encoders not in sync (absEnc=-0.076, motorEncNorm=-0.082, motorEnc=-1719.000, angle=618812.636)
globalTracer.verifySwerveSteering_Warn: rbSteer: motor encoders not in sync (absEnc=0.002, motorEncNorm=-0.001, motorEnc=-13.000, angle=4680.544)
globalTracer.verifySwerveSteering_Warn: lfSteer: motor encoders not in sync (absEnc=-0.003, motorEncNorm=-0.002, motorEnc=-41.000, angle=14759.043)
globalTracer.verifySwerveSteering_Warn: rfSteer: motor encoders not in sync (absEnc=0.013, motorEncNorm=0.005, motorEnc=115.000, angle=41395.247)
globalTracer.verifySwerveSteering_Warn: lbSteer: motor encoders not in sync (absEnc=-0.002, motorEncNorm=0.005, motorEnc=111.000, angle=39960.758)
globalTracer.verifySwerveSteering_Warn: rbSteer: motor encoders not in sync (absEnc=0.009, motorEncNorm=0.006, motorEnc=123.000, angle=44276.799)
globalTracer.startCompetition_Warn: AUTO_MODE took too long (0.041/0.020)
globalTracer.verifySwerveSteering_Warn: lfSteer: motor encoders not in sync (absEnc=0.007, motorEncNorm=0.009, motorEnc=180.000, angle=64797.338)
globalTracer.verifySwerveSteering_Warn: rfSteer: motor encoders not in sync (absEnc=0.026, motorEncNorm=0.012, motorEnc=260.000, angle=93590.460)
globalTracer.verifySwerveSteering_Warn: lbSteer: motor encoders not in sync (absEnc=-0.007, motorEncNorm=-0.003, motorEnc=-62.000, angle=22317.460)
globalTracer.verifySwerveSteering_Warn: rbSteer: motor encoders not in sync (absEnc=0.006, motorEncNorm=0.006, motorEnc=128.000, angle=46077.802)
globalTracer.startCompetition_Warn: AUTO_MODE took too long (0.051/0.020)
globalTracer.verifySwerveSteering_Warn: lfSteer: motor encoders not in sync (absEnc=-0.003, motorEncNorm=-0.008, motorEnc=-167.000, angle=60119.043)
globalTracer.verifySwerveSteering_Warn: rfSteer: motor encoders not in sync (absEnc=-0.005, motorEncNorm=0.002, motorEnc=50.000, angle=18001.717)
globalTracer.verifySwerveSteering_Warn: lbSteer: motor encoders not in sync (absEnc=0.002, motorEncNorm=0.006, motorEnc=121.000, angle=43559.451)
globalTracer.verifySwerveSteering_Warn: rbSteer: motor encoders not in sync (absEnc=0.005, motorEncNorm=0.005, motorEnc=110.000, angle=39598.063)
globalTracer.startCompetition_Warn: AUTO_MODE took too long (0.042/0.020)
globalTracer.verifySwerveSteering_Warn: lfSteer: motor encoders not in sync (absEnc=-0.012, motorEncNorm=-0.023, motorEnc=-485.000, angle=174595.574)
globalTracer.verifySwerveSteering_Warn: rfSteer: motor encoders not in sync (absEnc=-0.015, motorEncNorm=-0.019, motorEnc=-397.000, angle=142914.658)
globalTracer.verifySwerveSteering_Warn: lbSteer: motor encoders not in sync (absEnc=0.002, motorEncNorm=0.008, motorEnc=159.000, angle=57239.145)
globalTracer.verifySwerveSteering_Warn: rbSteer: motor encoders not in sync (absEnc=0.006, motorEncNorm=0.006, motorEnc=120.000, angle=43197.885)
globalTracer.startCompetition_Warn: AUTO_MODE.periodic took too long (0.100s/0.040s)
globalTracer.startCompetition_Warn: AUTO_MODE took too long (0.121/0.020)
globalTracer.verifySwerveSteering_Warn: lfSteer: motor encoders not in sync (absEnc=-0.013, motorEncNorm=-0.023, motorEnc=-490.000, angle=176395.451)
globalTracer.verifySwerveSteering_Warn: rfSteer: motor encoders not in sync (absEnc=-0.005, motorEncNorm=-0.011, motorEnc=-238.000, angle=85678.051)
globalTracer.verifySwerveSteering_Warn: lbSteer: motor encoders not in sync (absEnc=-0.002, motorEncNorm=0.005, motorEnc=108.000, angle=38880.841)
globalTracer.verifySwerveSteering_Warn: rbSteer: motor encoders not in sync (absEnc=0.008, motorEncNorm=0.007, motorEnc=156.000, angle=56157.147)
globalTracer.startCompetition_Warn: AUTO_MODE.periodic took too long (0.059s/0.040s)
globalTracer.startCompetition_Warn: AUTO_MODE took too long (0.070/0.020)
globalTracer.TrcPurePursuitDrive.driveTask_Info: Done [index=1/2]: stalled=false, timeout=true, posOnTarget=false, headingOnTarget=true
globalTracer.printPidInfo_Info: [1.031277] purePursuitDrive.xPosPid: Target=-107.5, Input=-107.9, dT=0.020046, CurrErr=   0.3, ErrRate=   1.0, Output= 0.010(-1.000/ 1.000)
globalTracer.printPidInfo_Info: [1.033643] purePursuitDrive.yPosPid: Target=  82.4, Input=  89.7, dT=0.020047, CurrErr=  -7.3, ErrRate=  17.3, Output=-0.047(-1.000/ 1.000)
globalTracer.printPidInfo_Info: [1.036698] purePursuitDrive.turnPid: Target= 180.0, Input= 180.3, dT=0.020047, CurrErr=  -0.4, ErrRate=  -5.5, Output=-0.007(-1.000/ 1.000)
globalTracer.printPidInfo_Info: [1.042163] purePursuitDrive.velPid: Target=   0.0, Input=   0.1, dT=0.000000, CurrErr=  -0.1, ErrRate=   0.0, Output= 0.000(-1.000/ 1.000)
globalTracer.TrcPurePursuitDrive.driveTask_Info: Signal completion event (CmdAutoStartPos2.driveEvent=CLEARED).
globalTracer.CmdAutoStartPos2_Info: [1.055] UNTUCK_ARM: xDist=-107.9, tilt=-0.240, enteringBalance=null, exitingBalance=null, tiltTriggered=false
globalTracer.traceStateInfo_Info: <Event name="StateInfo" time="1.091" tag=">>>>>" CmdAutoStartPos2.state="UNTUCK_ARM" />
globalTracer.verifySwerveSteering_Warn: lfSteer: motor encoders not in sync (absEnc=0.007, motorEncNorm=0.007, motorEnc=146.000, angle=52557.376)
globalTracer.verifySwerveSteering_Warn: rfSteer: motor encoders not in sync (absEnc=0.014, motorEncNorm=0.008, motorEnc=173.000, angle=62274.986)
globalTracer.verifySwerveSteering_Warn: lbSteer: motor encoders not in sync (absEnc=0.010, motorEncNorm=0.016, motorEnc=334.000, angle=120236.235)
globalTracer.verifySwerveSteering_Warn: rbSteer: motor encoders not in sync (absEnc=0.007, motorEncNorm=0.010, motorEnc=217.000, angle=78117.541)
globalTracer.startCompetition_Warn: AUTO_MODE.periodic took too long (0.104s/0.040s)
globalTracer.startCompetition_Warn: AUTO_MODE took too long (0.115/0.020)
globalTracer.verifySwerveSteering_Warn: lfSteer: motor encoders not in sync (absEnc=0.007, motorEncNorm=0.007, motorEnc=137.000, angle=49317.415)
globalTracer.verifySwerveSteering_Warn: rfSteer: motor encoders not in sync (absEnc=0.014, motorEncNorm=0.008, motorEnc=175.000, angle=62994.872)
globalTracer.verifySwerveSteering_Warn: lbSteer: motor encoders not in sync (absEnc=0.009, motorEncNorm=0.015, motorEnc=314.000, angle=113036.666)
globalTracer.verifySwerveSteering_Warn: rbSteer: motor encoders not in sync (absEnc=0.009, motorEncNorm=0.011, motorEnc=239.000, angle=86036.886)
globalTracer.startCompetition_Warn: AUTO_MODE took too long (0.046/0.020)
globalTracer.verifySwerveSteering_Warn: lfSteer: motor encoders not in sync (absEnc=0.007, motorEncNorm=0.006, motorEnc=135.000, angle=48597.561)
globalTracer.verifySwerveSteering_Warn: rfSteer: motor encoders not in sync (absEnc=0.014, motorEncNorm=0.008, motorEnc=175.000, angle=62994.926)
globalTracer.verifySwerveSteering_Warn: lbSteer: motor encoders not in sync (absEnc=0.009, motorEncNorm=0.015, motorEnc=314.000, angle=113036.840)
globalTracer.verifySwerveSteering_Warn: rbSteer: motor encoders not in sync (absEnc=0.008, motorEncNorm=0.011, motorEnc=239.000, angle=86037.022)
globalTracer.startCompetition_Warn: AUTO_MODE.periodic took too long (0.048s/0.040s)
globalTracer.startCompetition_Warn: AUTO_MODE took too long (0.058/0.020)
globalTracer.verifySwerveSteering_Warn: lfSteer: motor encoders not in sync (absEnc=0.007, motorEncNorm=0.006, motorEnc=135.000, angle=48597.338)
globalTracer.verifySwerveSteering_Warn: rfSteer: motor encoders not in sync (absEnc=0.015, motorEncNorm=0.008, motorEnc=175.000, angle=62994.751)
globalTracer.verifySwerveSteering_Warn: lbSteer: motor encoders not in sync (absEnc=0.009, motorEncNorm=0.015, motorEnc=314.000, angle=113036.931)
globalTracer.verifySwerveSteering_Warn: rbSteer: motor encoders not in sync (absEnc=0.009, motorEncNorm=0.011, motorEnc=239.000, angle=86036.931)
globalTracer.startCompetition_Warn: AUTO_MODE.periodic took too long (0.048s/0.040s)
globalTracer.startCompetition_Warn: AUTO_MODE took too long (0.060/0.020)
globalTracer.pidMotorTask_Info: TrcPidMotor.Elevator.pidActuator: stalled=false, expired=true, onTarget=false, event=(CmdAutoStartPos2.elevatorEvent=CLEARED)
globalTracer.printPidInfo_Info: [1.577019] Elevator.pidActuator.pidCtrl: Target=  10.0, Input=   6.6, dT=0.020983, CurrErr=   3.4, ErrRate= -14.0, Output= 1.000(-1.000/ 1.000)
globalTracer.CmdAutoStartPos2_Info: [1.599] SCORE_PRELOAD_HIGH: xDist=-107.9, tilt=-0.120, enteringBalance=null, exitingBalance=null, tiltTriggered=false
globalTracer.autoAssistScoreObject_Info: TaskAutoScore: objectType=CUBE, scoreLevel=2, scoreLocation=MIDDLE, useVision=false, event=(CmdAutoStartPos2.autoAssistEvent=CLEARED)
globalTracer.acquireSubsystemsOwnership_Info: TaskAutoScore: Successfully acquired subsystem ownerships.
globalTracer.traceStateInfo_Info: <Event name="StateInfo" time="1.612" tag=">>>>>" CmdAutoStartPos2.state="SCORE_PRELOAD_HIGH" />
globalTracer.verifySwerveSteering_Warn: lfSteer: motor encoders not in sync (absEnc=0.006, motorEncNorm=0.006, motorEnc=135.000, angle=48597.725)
globalTracer.verifySwerveSteering_Warn: rfSteer: motor encoders not in sync (absEnc=0.014, motorEncNorm=0.008, motorEnc=175.000, angle=62994.926)
globalTracer.verifySwerveSteering_Warn: lbSteer: motor encoders not in sync (absEnc=0.009, motorEncNorm=0.015, motorEnc=314.000, angle=113036.927)
globalTracer.verifySwerveSteering_Warn: rbSteer: motor encoders not in sync (absEnc=0.009, motorEncNorm=0.011, motorEnc=241.000, angle=86756.844)
globalTracer.startCompetition_Warn: AUTO_MODE.periodic took too long (0.044s/0.040s)
globalTracer.traceStateInfo_Info: <Event name="StateInfo" time="1.654" tag=">>>>>" TaskAutoScore.state="START" />
globalTracer.startCompetition_Warn: AUTO_MODE took too long (0.061/0.020)
globalTracer.verifySwerveSteering_Warn: lfSteer: motor encoders not in sync (absEnc=0.007, motorEncNorm=0.006, motorEnc=136.000, angle=48957.638)
globalTracer.verifySwerveSteering_Warn: rfSteer: motor encoders not in sync (absEnc=0.014, motorEncNorm=0.008, motorEnc=175.000, angle=62994.785)
globalTracer.verifySwerveSteering_Warn: lbSteer: motor encoders not in sync (absEnc=0.008, motorEncNorm=0.015, motorEnc=314.000, angle=113037.180)
globalTracer.verifySwerveSteering_Warn: rbSteer: motor encoders not in sync (absEnc=0.009, motorEncNorm=0.011, motorEnc=241.000, angle=86756.799)
globalTracer.verifySwerveSteering_Warn: lfSteer: motor encoders not in sync (absEnc=0.006, motorEncNorm=0.006, motorEnc=136.000, angle=48957.687)
globalTracer.verifySwerveSteering_Warn: rfSteer: motor encoders not in sync (absEnc=0.014, motorEncNorm=0.008, motorEnc=176.000, angle=63354.839)
globalTracer.verifySwerveSteering_Warn: lbSteer: motor encoders not in sync (absEnc=0.008, motorEncNorm=0.015, motorEnc=314.000, angle=113037.014)
globalTracer.verifySwerveSteering_Warn: rbSteer: motor encoders not in sync (absEnc=0.009, motorEncNorm=0.011, motorEnc=241.000, angle=86756.754)
globalTracer.startCompetition_Warn: AUTO_MODE.periodic took too long (0.052s/0.040s)
globalTracer.startCompetition_Warn: AUTO_MODE took too long (0.056/0.020)
globalTracer.verifySwerveSteering_Warn: lfSteer: motor encoders not in sync (absEnc=0.006, motorEncNorm=0.006, motorEnc=136.000, angle=48957.774)
globalTracer.verifySwerveSteering_Warn: rfSteer: motor encoders not in sync (absEnc=0.014, motorEncNorm=0.008, motorEnc=176.000, angle=63354.785)
globalTracer.verifySwerveSteering_Warn: lbSteer: motor encoders not in sync (absEnc=0.008, motorEncNorm=0.015, motorEnc=314.000, angle=113037.014)
globalTracer.verifySwerveSteering_Warn: rbSteer: motor encoders not in sync (absEnc=0.009, motorEncNorm=0.011, motorEnc=241.000, angle=86756.928)
globalTracer.verifySwerveSteering_Warn: lfSteer: motor encoders not in sync (absEnc=0.006, motorEncNorm=0.006, motorEnc=135.000, angle=48597.676)
globalTracer.verifySwerveSteering_Warn: rfSteer: motor encoders not in sync (absEnc=0.014, motorEncNorm=0.008, motorEnc=176.000, angle=63354.785)
globalTracer.verifySwerveSteering_Warn: lbSteer: motor encoders not in sync (absEnc=0.009, motorEncNorm=0.015, motorEnc=314.000, angle=113036.931)
globalTracer.verifySwerveSteering_Warn: rbSteer: motor encoders not in sync (absEnc=0.009, motorEncNorm=0.011, motorEnc=241.000, angle=86756.886)
globalTracer.startCompetition_Warn: AUTO_MODE took too long (0.045/0.020)
globalTracer.verifySwerveSteering_Warn: lfSteer: motor encoders not in sync (absEnc=0.006, motorEncNorm=0.006, motorEnc=136.000, angle=48957.763)
globalTracer.verifySwerveSteering_Warn: rfSteer: motor encoders not in sync (absEnc=0.014, motorEncNorm=0.008, motorEnc=176.000, angle=63354.926)
globalTracer.verifySwerveSteering_Warn: lbSteer: motor encoders not in sync (absEnc=0.008, motorEncNorm=0.015, motorEnc=314.000, angle=113037.055)
globalTracer.verifySwerveSteering_Warn: rbSteer: motor encoders not in sync (absEnc=0.009, motorEncNorm=0.011, motorEnc=241.000, angle=86756.841)
globalTracer.verifySwerveSteering_Warn: lfSteer: motor encoders not in sync (absEnc=0.006, motorEncNorm=0.006, motorEnc=136.000, angle=48957.676)
globalTracer.verifySwerveSteering_Warn: rfSteer: motor encoders not in sync (absEnc=0.014, motorEncNorm=0.008, motorEnc=176.000, angle=63354.926)
globalTracer.verifySwerveSteering_Warn: lbSteer: motor encoders not in sync (absEnc=0.008, motorEncNorm=0.015, motorEnc=314.000, angle=113037.142)
globalTracer.verifySwerveSteering_Warn: rbSteer: motor encoders not in sync (absEnc=0.009, motorEncNorm=0.011, motorEnc=241.000, angle=86756.841)
globalTracer.startCompetition_Warn: AUTO_MODE.periodic took too long (0.050s/0.040s)
globalTracer.startCompetition_Warn: AUTO_MODE took too long (0.057/0.020)
globalTracer.verifySwerveSteering_Warn: lfSteer: motor encoders not in sync (absEnc=0.006, motorEncNorm=0.006, motorEnc=135.000, angle=48597.725)
globalTracer.verifySwerveSteering_Warn: rfSteer: motor encoders not in sync (absEnc=0.014, motorEncNorm=0.008, motorEnc=176.000, angle=63354.899)
globalTracer.verifySwerveSteering_Warn: lbSteer: motor encoders not in sync (absEnc=0.007, motorEncNorm=0.014, motorEnc=287.000, angle=103317.358)
globalTracer.verifySwerveSteering_Warn: rbSteer: motor encoders not in sync (absEnc=0.009, motorEncNorm=0.011, motorEnc=241.000, angle=86756.931)
globalTracer.startCompetition_Warn: AUTO_MODE.periodic took too long (0.049s/0.040s)
globalTracer.startCompetition_Warn: AUTO_MODE took too long (0.062/0.020)
globalTracer.verifySwerveSteering_Warn: lfSteer: motor encoders not in sync (absEnc=0.007, motorEncNorm=0.007, motorEnc=139.000, angle=50037.376)
globalTracer.verifySwerveSteering_Warn: rfSteer: motor encoders not in sync (absEnc=0.014, motorEncNorm=0.008, motorEnc=177.000, angle=63714.839)
globalTracer.verifySwerveSteering_Warn: lbSteer: motor encoders not in sync (absEnc=0.008, motorEncNorm=0.013, motorEnc=277.000, angle=99717.233)
globalTracer.verifySwerveSteering_Warn: rbSteer: motor encoders not in sync (absEnc=0.009, motorEncNorm=0.011, motorEnc=241.000, angle=86756.931)
globalTracer.startCompetition_Warn: AUTO_MODE.periodic took too long (0.055s/0.040s)
globalTracer.startCompetition_Warn: AUTO_MODE took too long (0.063/0.020)
globalTracer.pidMotorTask_Info: TrcPidMotor.Elevator.pidActuator: stalled=false, expired=true, onTarget=false, event=(TaskAutoScore.elevatorEvent=CLEARED)
globalTracer.printPidInfo_Info: [2.667659] Elevator.pidActuator.pidCtrl: Target=  22.0, Input=  21.6, dT=0.018891, CurrErr=   0.4, ErrRate=  -4.0, Output= 0.175(-1.000/ 1.000)
globalTracer.verifySwerveSteering_Warn: lfSteer: motor encoders not in sync (absEnc=0.006, motorEncNorm=0.006, motorEnc=135.000, angle=48597.861)
globalTracer.verifySwerveSteering_Warn: rfSteer: motor encoders not in sync (absEnc=0.015, motorEncNorm=0.008, motorEnc=177.000, angle=63714.731)
globalTracer.verifySwerveSteering_Warn: lbSteer: motor encoders not in sync (absEnc=0.007, motorEncNorm=0.013, motorEnc=274.000, angle=98637.581)
globalTracer.verifySwerveSteering_Warn: rbSteer: motor encoders not in sync (absEnc=0.009, motorEncNorm=0.011, motorEnc=241.000, angle=86756.708)
globalTracer.startCompetition_Warn: AUTO_MODE took too long (0.041/0.020)
globalTracer.verifySwerveSteering_Warn: lfSteer: motor encoders not in sync (absEnc=0.006, motorEncNorm=0.006, motorEnc=136.000, angle=48957.785)
globalTracer.verifySwerveSteering_Warn: rfSteer: motor encoders not in sync (absEnc=0.014, motorEncNorm=0.008, motorEnc=177.000, angle=63714.785)
globalTracer.verifySwerveSteering_Warn: lbSteer: motor encoders not in sync (absEnc=0.007, motorEncNorm=0.013, motorEnc=274.000, angle=98637.449)
globalTracer.verifySwerveSteering_Warn: rbSteer: motor encoders not in sync (absEnc=0.008, motorEncNorm=0.011, motorEnc=242.000, angle=87116.976)
globalTracer.startCompetition_Warn: AUTO_MODE took too long (0.042/0.020)
globalTracer.verifySwerveSteering_Warn: lfSteer: motor encoders not in sync (absEnc=0.006, motorEncNorm=0.006, motorEnc=135.000, angle=48597.763)
globalTracer.verifySwerveSteering_Warn: rfSteer: motor encoders not in sync (absEnc=0.014, motorEncNorm=0.008, motorEnc=177.000, angle=63714.952)
globalTracer.verifySwerveSteering_Warn: lbSteer: motor encoders not in sync (absEnc=0.007, motorEncNorm=0.013, motorEnc=274.000, angle=98637.623)
globalTracer.verifySwerveSteering_Warn: rbSteer: motor encoders not in sync (absEnc=0.009, motorEncNorm=0.011, motorEnc=242.000, angle=87116.799)
globalTracer.startCompetition_Warn: AUTO_MODE.periodic took too long (0.040s/0.040s)
globalTracer.startCompetition_Warn: AUTO_MODE took too long (0.049/0.020)
globalTracer.verifySwerveSteering_Warn: lfSteer: motor encoders not in sync (absEnc=0.007, motorEncNorm=0.006, motorEnc=135.000, angle=48597.551)
globalTracer.verifySwerveSteering_Warn: rfSteer: motor encoders not in sync (absEnc=0.014, motorEncNorm=0.008, motorEnc=177.000, angle=63714.872)
globalTracer.verifySwerveSteering_Warn: lbSteer: motor encoders not in sync (absEnc=0.007, motorEncNorm=0.013, motorEnc=274.000, angle=98637.536)
globalTracer.verifySwerveSteering_Warn: rbSteer: motor encoders not in sync (absEnc=0.009, motorEncNorm=0.011, motorEnc=242.000, angle=87116.754)
globalTracer.startCompetition_Warn: AUTO_MODE.periodic took too long (0.044s/0.040s)
globalTracer.startCompetition_Warn: AUTO_MODE took too long (0.052/0.020)
globalTracer.verifySwerveSteering_Warn: lfSteer: motor encoders not in sync (absEnc=0.006, motorEncNorm=0.006, motorEnc=135.000, angle=48597.861)
globalTracer.verifySwerveSteering_Warn: rfSteer: motor encoders not in sync (absEnc=0.014, motorEncNorm=0.008, motorEnc=177.000, angle=63714.899)
globalTracer.verifySwerveSteering_Warn: lbSteer: motor encoders not in sync (absEnc=0.007, motorEncNorm=0.013, motorEnc=274.000, angle=98637.411)
globalTracer.verifySwerveSteering_Warn: rbSteer: motor encoders not in sync (absEnc=0.009, motorEncNorm=0.011, motorEnc=242.000, angle=87116.844)
globalTracer.startCompetition_Warn: AUTO_MODE took too long (0.044/0.020)
globalTracer.verifySwerveSteering_Warn: lfSteer: motor encoders not in sync (absEnc=0.006, motorEncNorm=0.006, motorEnc=135.000, angle=48597.725)
globalTracer.verifySwerveSteering_Warn: rfSteer: motor encoders not in sync (absEnc=0.014, motorEncNorm=0.008, motorEnc=177.000, angle=63714.839)
globalTracer.verifySwerveSteering_Warn: lbSteer: motor encoders not in sync (absEnc=0.007, motorEncNorm=0.013, motorEnc=274.000, angle=98637.623)
globalTracer.verifySwerveSteering_Warn: rbSteer: motor encoders not in sync (absEnc=0.009, motorEncNorm=0.011, motorEnc=242.000, angle=87116.844)
globalTracer.startCompetition_Warn: AUTO_MODE.periodic took too long (0.057s/0.040s)
globalTracer.startCompetition_Warn: AUTO_MODE took too long (0.065/0.020)
globalTracer.verifySwerveSteering_Warn: lfSteer: motor encoders not in sync (absEnc=0.006, motorEncNorm=0.006, motorEnc=136.000, angle=48957.774)
globalTracer.verifySwerveSteering_Warn: rfSteer: motor encoders not in sync (absEnc=0.014, motorEncNorm=0.008, motorEnc=177.000, angle=63714.926)
globalTracer.verifySwerveSteering_Warn: lbSteer: motor encoders not in sync (absEnc=0.007, motorEncNorm=0.013, motorEnc=274.000, angle=98637.578)
globalTracer.verifySwerveSteering_Warn: rbSteer: motor encoders not in sync (absEnc=0.009, motorEncNorm=0.011, motorEnc=242.000, angle=87116.799)
globalTracer.pidMotorTask_Info: TrcPidMotor.Arm.pidActuator: stalled=false, expired=false, onTarget=true, event=(TaskAutoScore.armEvent=CLEARED)
globalTracer.printPidInfo_Info: [3.558618] Arm.pidActuator.pidCtrl: Target=  93.0, Input=  92.6, dT=0.020834, CurrErr=   0.4, ErrRate=   0.0, Output= 0.054(-1.000/ 1.000)
globalTracer.verifySwerveSteering_Warn: lfSteer: motor encoders not in sync (absEnc=0.006, motorEncNorm=0.006, motorEnc=135.000, angle=48597.714)
globalTracer.verifySwerveSteering_Warn: rfSteer: motor encoders not in sync (absEnc=0.014, motorEncNorm=0.008, motorEnc=177.000, angle=63714.872)
globalTracer.verifySwerveSteering_Warn: lbSteer: motor encoders not in sync (absEnc=0.007, motorEncNorm=0.013, motorEnc=274.000, angle=98637.540)
globalTracer.verifySwerveSteering_Warn: rbSteer: motor encoders not in sync (absEnc=0.009, motorEncNorm=0.011, motorEnc=242.000, angle=87116.663)
globalTracer.startCompetition_Warn: AUTO_MODE.periodic took too long (0.068s/0.040s)
globalTracer.start_Info: Path=TrcPath(degrees=true, [TrcWaypoint(pose=(x=-107.9,y=89.3,angle=179.8),vel=0.00), TrcWaypoint(pose=(x=-107.8,y=73.3,angle=179.8),vel=0.00)])
globalTracer.traceStateInfo_Info: <Event name="StateInfo" time="3.624" tag=">>>>>" TaskAutoScore.state="DRIVE_TO_SCORING_POS" />
globalTracer.startCompetition_Warn: AUTO_MODE took too long (0.087/0.020)
globalTracer.verifySwerveSteering_Warn: lfSteer: motor encoders not in sync (absEnc=0.009, motorEncNorm=0.009, motorEnc=182.000, angle=65516.844)
globalTracer.verifySwerveSteering_Warn: rfSteer: motor encoders not in sync (absEnc=0.001, motorEncNorm=0.001, motorEnc=31.000, angle=11159.655)
globalTracer.verifySwerveSteering_Warn: lbSteer: motor encoders not in sync (absEnc=0.001, motorEncNorm=0.007, motorEnc=137.000, angle=49319.756)
globalTracer.verifySwerveSteering_Warn: rbSteer: motor encoders not in sync (absEnc=-0.004, motorEncNorm=0.003, motorEnc=69.000, angle=24841.458)
globalTracer.startCompetition_Warn: AUTO_MODE took too long (0.046/0.020)
globalTracer.verifySwerveSteering_Warn: lfSteer: motor encoders not in sync (absEnc=-0.003, motorEncNorm=-0.004, motorEnc=-91.000, angle=32759.043)
globalTracer.verifySwerveSteering_Warn: rfSteer: motor encoders not in sync (absEnc=-0.013, motorEncNorm=-0.011, motorEnc=-225.000, angle=80995.413)
globalTracer.verifySwerveSteering_Warn: lbSteer: motor encoders not in sync (absEnc=-0.014, motorEncNorm=-0.009, motorEnc=-189.000, angle=68034.891)
globalTracer.verifySwerveSteering_Warn: rbSteer: motor encoders not in sync (absEnc=-0.010, motorEncNorm=-0.006, motorEnc=-119.000, angle=42836.540)
globalTracer.verifySwerveSteering_Warn: lfSteer: motor encoders not in sync (absEnc=-0.006, motorEncNorm=-0.011, motorEnc=-230.000, angle=82797.874)
globalTracer.verifySwerveSteering_Warn: rfSteer: motor encoders not in sync (absEnc=-0.011, motorEncNorm=-0.015, motorEnc=-315.000, angle=113396.165)
globalTracer.verifySwerveSteering_Warn: lbSteer: motor encoders not in sync (absEnc=-0.010, motorEncNorm=-0.004, motorEnc=-91.000, angle=32756.372)
globalTracer.verifySwerveSteering_Warn: rbSteer: motor encoders not in sync (absEnc=-0.004, motorEncNorm=-0.004, motorEnc=-78.000, angle=28078.415)
globalTracer.startCompetition_Warn: AUTO_MODE.periodic took too long (0.044s/0.040s)
globalTracer.startCompetition_Warn: AUTO_MODE took too long (0.061/0.020)
globalTracer.verifySwerveSteering_Warn: lfSteer: motor encoders not in sync (absEnc=-0.009, motorEncNorm=-0.018, motorEnc=-373.000, angle=134276.705)
globalTracer.verifySwerveSteering_Warn: rfSteer: motor encoders not in sync (absEnc=-0.006, motorEncNorm=-0.009, motorEnc=-183.000, angle=65877.849)
globalTracer.verifySwerveSteering_Warn: lbSteer: motor encoders not in sync (absEnc=-0.004, motorEncNorm=-0.001, motorEnc=-29.000, angle=10438.505)
globalTracer.verifySwerveSteering_Warn: rbSteer: motor encoders not in sync (absEnc=-0.002, motorEncNorm=0.001, motorEnc=22.000, angle=7920.674)
globalTracer.startCompetition_Warn: AUTO_MODE.periodic took too long (0.041s/0.040s)
globalTracer.startCompetition_Warn: AUTO_MODE took too long (0.053/0.020)
globalTracer.verifySwerveSteering_Warn: lfSteer: motor encoders not in sync (absEnc=-0.018, motorEncNorm=-0.029, motorEnc=-617.000, angle=222113.398)
globalTracer.verifySwerveSteering_Warn: rfSteer: motor encoders not in sync (absEnc=-0.021, motorEncNorm=-0.023, motorEnc=-474.000, angle=170632.595)
globalTracer.verifySwerveSteering_Warn: lbSteer: motor encoders not in sync (absEnc=-0.004, motorEncNorm=0.001, motorEnc=29.000, angle=10441.582)
globalTracer.verifySwerveSteering_Warn: rbSteer: motor encoders not in sync (absEnc=0.003, motorEncNorm=0.005, motorEnc=102.000, angle=36719.062)
globalTracer.startCompetition_Warn: AUTO_MODE took too long (0.044/0.020)
globalTracer.verifySwerveSteering_Warn: lfSteer: motor encoders not in sync (absEnc=-0.014, motorEncNorm=-0.022, motorEnc=-453.000, angle=163075.052)
globalTracer.verifySwerveSteering_Warn: rfSteer: motor encoders not in sync (absEnc=-0.019, motorEncNorm=-0.021, motorEnc=-442.000, angle=159113.239)
globalTracer.verifySwerveSteering_Warn: lbSteer: motor encoders not in sync (absEnc=-0.005, motorEncNorm=0.001, motorEnc=20.000, angle=7201.800)
globalTracer.verifySwerveSteering_Warn: rbSteer: motor encoders not in sync (absEnc=0.001, motorEncNorm=0.002, motorEnc=42.000, angle=15119.804)
globalTracer.startCompetition_Warn: AUTO_MODE.periodic took too long (0.042s/0.040s)
globalTracer.startCompetition_Warn: AUTO_MODE took too long (0.055/0.020)
globalTracer.verifySwerveSteering_Warn: lfSteer: motor encoders not in sync (absEnc=-0.002, motorEncNorm=-0.006, motorEnc=-132.000, angle=47519.242)
globalTracer.verifySwerveSteering_Warn: rfSteer: motor encoders not in sync (absEnc=0.003, motorEncNorm=-0.000, motorEnc=-2.000, angle=721.185)
globalTracer.verifySwerveSteering_Warn: lbSteer: motor encoders not in sync (absEnc=-0.005, motorEncNorm=0.001, motorEnc=26.000, angle=9361.669)
globalTracer.verifySwerveSteering_Warn: rbSteer: motor encoders not in sync (absEnc=-0.003, motorEncNorm=-0.002, motorEnc=-41.000, angle=14758.983)
globalTracer.startCompetition_Warn: AUTO_MODE.periodic took too long (0.043s/0.040s)
globalTracer.TrcPurePursuitDrive.driveTask_Info: Done [index=1/2]: stalled=false, timeout=true, posOnTarget=false, headingOnTarget=true
globalTracer.printPidInfo_Info: [4.444426] purePursuitDrive.xPosPid: Target=-108.3, Input=-108.0, dT=0.063016, CurrErr=  -0.2, ErrRate=  -0.0, Output=-0.004(-1.000/ 1.000)
globalTracer.printPidInfo_Info: [4.454475] purePursuitDrive.yPosPid: Target=  84.3, Input=  78.7, dT=0.063018, CurrErr=   5.6, ErrRate=  -2.2, Output= 0.081(-1.000/ 1.000)
globalTracer.printPidInfo_Info: [4.460594] purePursuitDrive.turnPid: Target= 179.8, Input= 180.1, dT=0.063018, CurrErr=  -0.4, ErrRate=   0.0, Output=-0.003(-1.000/ 1.000)
globalTracer.printPidInfo_Info: [4.467135] purePursuitDrive.velPid: Target=   0.0, Input=   0.0, dT=0.000000, CurrErr=   0.0, ErrRate=   0.0, Output= 0.000(-1.000/ 1.000)
globalTracer.TrcPurePursuitDrive.driveTask_Info: Signal completion event (TaskAutoScore.driveEvent=CLEARED).
globalTracer.traceStateInfo_Info: <Event name="StateInfo" time="4.484" tag=">>>>>" TaskAutoScore.state="SCORE_OBJECT" />
globalTracer.startCompetition_Warn: AUTO_MODE.postPeriodicTasks took too long (0.046s/0.040s)
globalTracer.startCompetition_Warn: AUTO_MODE took too long (0.103/0.020)
globalTracer.verifySwerveSteering_Warn: lfSteer: motor encoders not in sync (absEnc=-0.005, motorEncNorm=-0.011, motorEnc=-240.000, angle=86398.048)
globalTracer.verifySwerveSteering_Warn: rfSteer: motor encoders not in sync (absEnc=-0.004, motorEncNorm=-0.010, motorEnc=-206.000, angle=74158.429)
globalTracer.verifySwerveSteering_Warn: lbSteer: motor encoders not in sync (absEnc=-0.011, motorEncNorm=-0.006, motorEnc=-117.000, angle=42116.067)
globalTracer.verifySwerveSteering_Warn: rbSteer: motor encoders not in sync (absEnc=-0.004, motorEncNorm=-0.004, motorEnc=-94.000, angle=33838.415)
globalTracer.startCompetition_Warn: AUTO_MODE.periodic took too long (0.057s/0.040s)
globalTracer.startCompetition_Warn: AUTO_MODE took too long (0.069/0.020)
globalTracer.grabberTriggerCallback_Info: [4.599] active=true
globalTracer.verifySwerveSteering_Warn: lfSteer: motor encoders not in sync (absEnc=-0.006, motorEncNorm=-0.011, motorEnc=-229.000, angle=82437.823)
globalTracer.verifySwerveSteering_Warn: rfSteer: motor encoders not in sync (absEnc=-0.005, motorEncNorm=-0.010, motorEnc=-211.000, angle=75958.284)
globalTracer.verifySwerveSteering_Warn: lbSteer: motor encoders not in sync (absEnc=-0.011, motorEncNorm=-0.007, motorEnc=-143.000, angle=51476.111)
globalTracer.verifySwerveSteering_Warn: rbSteer: motor encoders not in sync (absEnc=-0.004, motorEncNorm=-0.004, motorEnc=-94.000, angle=33838.508)
globalTracer.grabberTriggerCallback_Info: [4.664] active=false
globalTracer.start_Info: Path=TrcPath(degrees=true, [TrcWaypoint(pose=(x=-108.0,y=78.1,angle=180.1),vel=0.00), TrcWaypoint(pose=(x=-108.0,y=102.1,angle=180.1),vel=0.00)])
globalTracer.traceStateInfo_Info: <Event name="StateInfo" time="4.752" tag=">>>>>" TaskAutoScore.state="RESET" />
globalTracer.verifySwerveSteering_Warn: lfSteer: motor encoders not in sync (absEnc=-0.005, motorEncNorm=-0.011, motorEnc=-229.000, angle=82438.024)
globalTracer.verifySwerveSteering_Warn: rfSteer: motor encoders not in sync (absEnc=-0.005, motorEncNorm=-0.010, motorEnc=-212.000, angle=76318.284)
globalTracer.verifySwerveSteering_Warn: lbSteer: motor encoders not in sync (absEnc=-0.011, motorEncNorm=-0.007, motorEnc=-143.000, angle=51475.893)
globalTracer.verifySwerveSteering_Warn: rbSteer: motor encoders not in sync (absEnc=-0.004, motorEncNorm=-0.004, motorEnc=-94.000, angle=33838.508)
globalTracer.startCompetition_Warn: AUTO_MODE.periodic took too long (0.045s/0.040s)
globalTracer.startCompetition_Warn: AUTO_MODE took too long (0.057/0.020)
globalTracer.verifySwerveSteering_Warn: lfSteer: motor encoders not in sync (absEnc=-0.006, motorEncNorm=-0.009, motorEnc=-180.000, angle=64797.924)
globalTracer.verifySwerveSteering_Warn: rfSteer: motor encoders not in sync (absEnc=0.009, motorEncNorm=0.001, motorEnc=22.000, angle=7916.667)
globalTracer.verifySwerveSteering_Warn: lbSteer: motor encoders not in sync (absEnc=-0.005, motorEncNorm=-0.001, motorEnc=-15.000, angle=5398.244)
globalTracer.verifySwerveSteering_Warn: rbSteer: motor encoders not in sync (absEnc=-0.001, motorEncNorm=0.000, motorEnc=3.000, angle=1080.408)
globalTracer.verifySwerveSteering_Warn: lfSteer: motor encoders not in sync (absEnc=-0.002, motorEncNorm=-0.002, motorEnc=-45.000, angle=16199.229)
globalTracer.verifySwerveSteering_Warn: rfSteer: motor encoders not in sync (absEnc=0.010, motorEncNorm=0.004, motorEnc=74.000, angle=26636.259)
globalTracer.verifySwerveSteering_Warn: lbSteer: motor encoders not in sync (absEnc=-0.005, motorEncNorm=0.001, motorEnc=29.000, angle=10441.670)
globalTracer.verifySwerveSteering_Warn: rbSteer: motor encoders not in sync (absEnc=-0.002, motorEncNorm=0.000, motorEnc=3.000, angle=1080.541)
globalTracer.startCompetition_Warn: AUTO_MODE.periodic took too long (0.040s/0.040s)
globalTracer.startCompetition_Warn: AUTO_MODE took too long (0.053/0.020)
globalTracer.verifySwerveSteering_Warn: lfSteer: motor encoders not in sync (absEnc=0.007, motorEncNorm=0.004, motorEnc=90.000, angle=32397.387)
globalTracer.verifySwerveSteering_Warn: rfSteer: motor encoders not in sync (absEnc=0.013, motorEncNorm=0.008, motorEnc=158.000, angle=56875.307)
globalTracer.verifySwerveSteering_Warn: lbSteer: motor encoders not in sync (absEnc=-0.007, motorEncNorm=-0.001, motorEnc=-19.000, angle=6837.460)
globalTracer.verifySwerveSteering_Warn: rbSteer: motor encoders not in sync (absEnc=0.003, motorEncNorm=0.003, motorEnc=68.000, angle=24479.016)
globalTracer.startCompetition_Warn: AUTO_MODE took too long (0.046/0.020)
globalTracer.verifySwerveSteering_Warn: lfSteer: motor encoders not in sync (absEnc=-0.008, motorEncNorm=-0.014, motorEnc=-293.000, angle=105477.214)
globalTracer.verifySwerveSteering_Warn: rfSteer: motor encoders not in sync (absEnc=-0.004, motorEncNorm=-0.010, motorEnc=-205.000, angle=73798.574)
globalTracer.verifySwerveSteering_Warn: lbSteer: motor encoders not in sync (absEnc=0.000, motorEncNorm=0.005, motorEnc=107.000, angle=38519.930)
globalTracer.verifySwerveSteering_Warn: rbSteer: motor encoders not in sync (absEnc=-0.005, motorEncNorm=-0.007, motorEnc=-138.000, angle=49678.060)
globalTracer.verifySwerveSteering_Warn: lfSteer: motor encoders not in sync (absEnc=0.002, motorEncNorm=-0.001, motorEnc=-26.000, angle=9360.584)
globalTracer.verifySwerveSteering_Warn: rfSteer: motor encoders not in sync (absEnc=0.006, motorEncNorm=0.001, motorEnc=19.000, angle=6838.004)
globalTracer.verifySwerveSteering_Warn: lbSteer: motor encoders not in sync (absEnc=0.003, motorEncNorm=0.008, motorEnc=166.000, angle=59758.973)
globalTracer.verifySwerveSteering_Warn: rbSteer: motor encoders not in sync (absEnc=0.003, motorEncNorm=0.004, motorEnc=75.000, angle=26998.979)
globalTracer.startCompetition_Warn: AUTO_MODE took too long (0.043/0.020)
globalTracer.verifySwerveSteering_Warn: lfSteer: motor encoders not in sync (absEnc=0.003, motorEncNorm=0.003, motorEnc=68.000, angle=24478.757)
globalTracer.verifySwerveSteering_Warn: rfSteer: motor encoders not in sync (absEnc=-0.002, motorEncNorm=-0.006, motorEnc=-131.000, angle=47159.329)
globalTracer.verifySwerveSteering_Warn: lbSteer: motor encoders not in sync (absEnc=-0.015, motorEncNorm=-0.012, motorEnc=-245.000, angle=88194.456)
globalTracer.verifySwerveSteering_Warn: rbSteer: motor encoders not in sync (absEnc=-0.006, motorEncNorm=-0.007, motorEnc=-140.000, angle=50397.892)
globalTracer.startCompetition_Warn: AUTO_MODE.periodic took too long (0.044s/0.040s)
globalTracer.startCompetition_Warn: AUTO_MODE took too long (0.058/0.020)
globalTracer.verifySwerveSteering_Warn: lfSteer: motor encoders not in sync (absEnc=-0.004, motorEncNorm=-0.010, motorEnc=-202.000, angle=72718.570)
globalTracer.verifySwerveSteering_Warn: rfSteer: motor encoders not in sync (absEnc=-0.003, motorEncNorm=-0.007, motorEnc=-148.000, angle=53279.096)
globalTracer.verifySwerveSteering_Warn: lbSteer: motor encoders not in sync (absEnc=-0.009, motorEncNorm=0.002, motorEnc=47.000, angle=16923.324)
globalTracer.verifySwerveSteering_Warn: rbSteer: motor encoders not in sync (absEnc=-0.006, motorEncNorm=0.002, motorEnc=41.000, angle=14762.154)
globalTracer.verifySwerveSteering_Warn: lfSteer: motor encoders not in sync (absEnc=-0.004, motorEncNorm=-0.009, motorEnc=-184.000, angle=66238.596)
globalTracer.verifySwerveSteering_Warn: rfSteer: motor encoders not in sync (absEnc=-0.003, motorEncNorm=-0.007, motorEnc=-152.000, angle=54718.894)
globalTracer.verifySwerveSteering_Warn: lbSteer: motor encoders not in sync (absEnc=0.004, motorEncNorm=0.009, motorEnc=195.000, angle=70198.625)
globalTracer.verifySwerveSteering_Warn: rbSteer: motor encoders not in sync (absEnc=0.006, motorEncNorm=0.007, motorEnc=157.000, angle=56517.711)
globalTracer.verifySwerveSteering_Warn: lfSteer: motor encoders not in sync (absEnc=0.008, motorEncNorm=0.002, motorEnc=32.000, angle=11517.289)
globalTracer.verifySwerveSteering_Warn: rfSteer: motor encoders not in sync (absEnc=-0.024, motorEncNorm=-0.027, motorEnc=-566.000, angle=203751.264)
globalTracer.verifySwerveSteering_Warn: lbSteer: motor encoders not in sync (absEnc=0.008, motorEncNorm=0.015, motorEnc=314.000, angle=113037.146)
globalTracer.verifySwerveSteering_Warn: rbSteer: motor encoders not in sync (absEnc=-0.030, motorEncNorm=-0.023, motorEnc=-485.000, angle=174589.102)
globalTracer.startCompetition_Warn: AUTO_MODE.periodic took too long (0.043s/0.040s)
globalTracer.startCompetition_Warn: AUTO_MODE took too long (0.055/0.020)
globalTracer.verifySwerveSteering_Warn: lfSteer: motor encoders not in sync (absEnc=0.012, motorEncNorm=0.015, motorEnc=325.000, angle=116995.723)
globalTracer.verifySwerveSteering_Warn: rfSteer: motor encoders not in sync (absEnc=0.011, motorEncNorm=0.002, motorEnc=34.000, angle=12236.177)
globalTracer.verifySwerveSteering_Warn: lbSteer: motor encoders not in sync (absEnc=-0.010, motorEncNorm=-0.005, motorEnc=-99.000, angle=35636.503)
globalTracer.verifySwerveSteering_Warn: rbSteer: motor encoders not in sync (absEnc=-0.008, motorEncNorm=-0.013, motorEnc=-265.000, angle=95397.156)
globalTracer.startCompetition_Warn: AUTO_MODE.periodic took too long (0.043s/0.040s)
globalTracer.startCompetition_Warn: AUTO_MODE took too long (0.058/0.020)
globalTracer.verifySwerveSteering_Warn: lfSteer: motor encoders not in sync (absEnc=-0.009, motorEncNorm=-0.018, motorEnc=-387.000, angle=139316.618)
globalTracer.verifySwerveSteering_Warn: rfSteer: motor encoders not in sync (absEnc=-0.000, motorEncNorm=-0.007, motorEnc=-138.000, angle=49679.938)
globalTracer.verifySwerveSteering_Warn: lbSteer: motor encoders not in sync (absEnc=-0.011, motorEncNorm=-0.005, motorEnc=-111.000, angle=39956.154)
globalTracer.verifySwerveSteering_Warn: rbSteer: motor encoders not in sync (absEnc=-0.003, motorEncNorm=-0.002, motorEnc=-45.000, angle=16198.983)
globalTracer.verifySwerveSteering_Warn: lfSteer: motor encoders not in sync (absEnc=-0.011, motorEncNorm=-0.021, motorEnc=-442.000, angle=159116.161)
globalTracer.verifySwerveSteering_Warn: rfSteer: motor encoders not in sync (absEnc=-0.012, motorEncNorm=-0.015, motorEnc=-321.000, angle=115555.848)
globalTracer.verifySwerveSteering_Warn: lbSteer: motor encoders not in sync (absEnc=-0.010, motorEncNorm=-0.006, motorEnc=-136.000, angle=48956.329)
globalTracer.verifySwerveSteering_Warn: rbSteer: motor encoders not in sync (absEnc=-0.005, motorEncNorm=-0.006, motorEnc=-128.000, angle=46078.066)
globalTracer.startCompetition_Warn: AUTO_MODE.periodic took too long (0.040s/0.040s)
globalTracer.startCompetition_Warn: AUTO_MODE took too long (0.051/0.020)
globalTracer.verifySwerveSteering_Warn: lfSteer: motor encoders not in sync (absEnc=-0.007, motorEncNorm=-0.014, motorEnc=-300.000, angle=107997.315)
globalTracer.verifySwerveSteering_Warn: rfSteer: motor encoders not in sync (absEnc=-0.009, motorEncNorm=-0.014, motorEnc=-295.000, angle=106196.892)
globalTracer.verifySwerveSteering_Warn: lbSteer: motor encoders not in sync (absEnc=-0.006, motorEncNorm=-0.005, motorEnc=-111.000, angle=39957.852)
globalTracer.verifySwerveSteering_Warn: rbSteer: motor encoders not in sync (absEnc=-0.001, motorEncNorm=-0.001, motorEnc=-14.000, angle=5039.807)
globalTracer.verifySwerveSteering_Warn: lfSteer: motor encoders not in sync (absEnc=-0.005, motorEncNorm=-0.011, motorEnc=-230.000, angle=82798.272)
globalTracer.verifySwerveSteering_Warn: rfSteer: motor encoders not in sync (absEnc=-0.011, motorEncNorm=-0.014, motorEnc=-294.000, angle=105836.108)
globalTracer.verifySwerveSteering_Warn: lbSteer: motor encoders not in sync (absEnc=-0.007, motorEncNorm=-0.000, motorEnc=-2.000, angle=717.634)
globalTracer.verifySwerveSteering_Warn: rbSteer: motor encoders not in sync (absEnc=-0.003, motorEncNorm=-0.004, motorEnc=-77.000, angle=27719.064)
globalTracer.verifySwerveSteering_Warn: lfSteer: motor encoders not in sync (absEnc=-0.013, motorEncNorm=-0.027, motorEnc=-575.000, angle=206995.190)
globalTracer.verifySwerveSteering_Warn: rfSteer: motor encoders not in sync (absEnc=-0.016, motorEncNorm=-0.022, motorEnc=-467.000, angle=168114.369)
globalTracer.verifySwerveSteering_Warn: lbSteer: motor encoders not in sync (absEnc=-0.011, motorEncNorm=-0.006, motorEnc=-130.000, angle=46796.111)
globalTracer.verifySwerveSteering_Warn: rbSteer: motor encoders not in sync (absEnc=-0.003, motorEncNorm=-0.003, motorEnc=-62.000, angle=22318.977)
globalTracer.startCompetition_Warn: AUTO_MODE took too long (0.042/0.020)
globalTracer.verifySwerveSteering_Warn: lfSteer: motor encoders not in sync (absEnc=-0.009, motorEncNorm=-0.017, motorEnc=-357.000, angle=128516.705)
globalTracer.verifySwerveSteering_Warn: rfSteer: motor encoders not in sync (absEnc=-0.013, motorEncNorm=-0.016, motorEnc=-332.000, angle=119515.411)
globalTracer.verifySwerveSteering_Warn: lbSteer: motor encoders not in sync (absEnc=-0.010, motorEncNorm=-0.006, motorEnc=-128.000, angle=46076.241)
globalTracer.verifySwerveSteering_Warn: rbSteer: motor encoders not in sync (absEnc=-0.004, motorEncNorm=-0.004, motorEnc=-81.000, angle=29158.589)
globalTracer.startCompetition_Warn: AUTO_MODE.periodic took too long (0.048s/0.040s)
globalTracer.startCompetition_Warn: AUTO_MODE took too long (0.057/0.020)
globalTracer.AutoScore Done_Info: Robot thinks it is at:(x=-107.8,y=99.5,angle=179.9)
globalTracer.stopSubsystems_Info: TaskAutoScore: Stopping subsystems.
globalTracer.releaseSubsystemsOwnership_Info: TaskAutoScore: Releasing subsystem ownership (currOwner=TaskAutoScore, robotDrive=TaskAutoScore, elevator=TaskAutoScore, arm=TaskAutoScore).
globalTracer.traceStateInfo_Info: <Event name="StateInfo" time="6.772" tag=">>>>>" TaskAutoScore.state="DONE" />
globalTracer.CmdAutoStartPos2_Info: [6.783] DONE: xDist=-107.8, tilt=-0.260, enteringBalance=null, exitingBalance=null, tiltTriggered=false
globalTracer.autoAssistCancel_Info: TaskAutoScore: Canceling auto-assist score object.
globalTracer.autoAssistCancel_Info: TaskAutoBalance: Canceling auto-assist balance.
globalTracer.traceStateInfo_Info: <Event name="StateInfo" time="6.789" tag=">>>>>" CmdAutoStartPos2.state="DONE" />
globalTracer.verifySwerveSteering_Warn: lfSteer: motor encoders not in sync (absEnc=-0.009, motorEncNorm=-0.019, motorEnc=-393.000, angle=141476.793)
globalTracer.verifySwerveSteering_Warn: rfSteer: motor encoders not in sync (absEnc=-0.013, motorEncNorm=-0.017, motorEnc=-354.000, angle=127435.297)
globalTracer.verifySwerveSteering_Warn: lbSteer: motor encoders not in sync (absEnc=-0.011, motorEncNorm=-0.007, motorEnc=-140.000, angle=50396.111)
globalTracer.verifySwerveSteering_Warn: rbSteer: motor encoders not in sync (absEnc=-0.004, motorEncNorm=-0.005, motorEnc=-103.000, angle=37078.629)
globalTracer.startCompetition_Warn: AUTO_MODE.periodic took too long (0.042s/0.040s)
globalTracer.startCompetition_Warn: AUTO_MODE took too long (0.050/0.020)
globalTracer.verifySwerveSteering_Warn: lfSteer: motor encoders not in sync (absEnc=-0.009, motorEncNorm=-0.016, motorEnc=-337.000, angle=121316.843)
globalTracer.verifySwerveSteering_Warn: rfSteer: motor encoders not in sync (absEnc=-0.013, motorEncNorm=-0.016, motorEnc=-340.000, angle=122395.354)
globalTracer.verifySwerveSteering_Warn: lbSteer: motor encoders not in sync (absEnc=-0.011, motorEncNorm=-0.007, motorEnc=-142.000, angle=51116.111)
globalTracer.verifySwerveSteering_Warn: rbSteer: motor encoders not in sync (absEnc=-0.004, motorEncNorm=-0.005, motorEnc=-107.000, angle=38518.589)
globalTracer.verifySwerveSteering_Warn: lfSteer: motor encoders not in sync (absEnc=-0.009, motorEncNorm=-0.016, motorEnc=-337.000, angle=121316.793)
globalTracer.verifySwerveSteering_Warn: rfSteer: motor encoders not in sync (absEnc=-0.013, motorEncNorm=-0.016, motorEnc=-340.000, angle=122395.295)
globalTracer.verifySwerveSteering_Warn: lbSteer: motor encoders not in sync (absEnc=-0.011, motorEncNorm=-0.007, motorEnc=-144.000, angle=51836.024)
globalTracer.verifySwerveSteering_Warn: rbSteer: motor encoders not in sync (absEnc=-0.004, motorEncNorm=-0.005, motorEnc=-107.000, angle=38518.629)
globalTracer.verifySwerveSteering_Warn: lfSteer: motor encoders not in sync (absEnc=-0.009, motorEncNorm=-0.016, motorEnc=-337.000, angle=121316.829)
globalTracer.verifySwerveSteering_Warn: rfSteer: motor encoders not in sync (absEnc=-0.013, motorEncNorm=-0.016, motorEnc=-340.000, angle=122395.324)
globalTracer.verifySwerveSteering_Warn: lbSteer: motor encoders not in sync (absEnc=-0.011, motorEncNorm=-0.007, motorEnc=-144.000, angle=51836.024)
globalTracer.verifySwerveSteering_Warn: rbSteer: motor encoders not in sync (absEnc=-0.003, motorEncNorm=-0.005, motorEnc=-107.000, angle=38518.763)
globalTracer.verifySwerveSteering_Warn: lfSteer: motor encoders not in sync (absEnc=-0.009, motorEncNorm=-0.016, motorEnc=-337.000, angle=121316.655)
globalTracer.verifySwerveSteering_Warn: rfSteer: motor encoders not in sync (absEnc=-0.013, motorEncNorm=-0.016, motorEnc=-340.000, angle=122395.208)
globalTracer.verifySwerveSteering_Warn: lbSteer: motor encoders not in sync (absEnc=-0.011, motorEncNorm=-0.007, motorEnc=-144.000, angle=51836.024)
globalTracer.verifySwerveSteering_Warn: rbSteer: motor encoders not in sync (absEnc=-0.004, motorEncNorm=-0.005, motorEnc=-107.000, angle=38518.542)
globalTracer.startCompetition_Warn: AUTO_MODE.periodic took too long (0.049s/0.040s)
globalTracer.startCompetition_Warn: AUTO_MODE took too long (0.059/0.020)
globalTracer.verifySwerveSteering_Warn: lfSteer: motor encoders not in sync (absEnc=-0.009, motorEncNorm=-0.016, motorEnc=-337.000, angle=121316.880)
globalTracer.verifySwerveSteering_Warn: rfSteer: motor encoders not in sync (absEnc=-0.013, motorEncNorm=-0.016, motorEnc=-340.000, angle=122395.267)
globalTracer.verifySwerveSteering_Warn: lbSteer: motor encoders not in sync (absEnc=-0.011, motorEncNorm=-0.007, motorEnc=-144.000, angle=51835.980)
globalTracer.verifySwerveSteering_Warn: rbSteer: motor encoders not in sync (absEnc=-0.004, motorEncNorm=-0.005, motorEnc=-107.000, angle=38518.583)
globalTracer.verifySwerveSteering_Warn: lfSteer: motor encoders not in sync (absEnc=-0.009, motorEncNorm=-0.016, motorEnc=-337.000, angle=121316.843)
globalTracer.verifySwerveSteering_Warn: rfSteer: motor encoders not in sync (absEnc=-0.013, motorEncNorm=-0.016, motorEnc=-340.000, angle=122395.354)
globalTracer.verifySwerveSteering_Warn: lbSteer: motor encoders not in sync (absEnc=-0.011, motorEncNorm=-0.007, motorEnc=-144.000, angle=51836.067)
globalTracer.verifySwerveSteering_Warn: rbSteer: motor encoders not in sync (absEnc=-0.004, motorEncNorm=-0.005, motorEnc=-107.000, angle=38518.542)
globalTracer.startCompetition_Warn: AUTO_MODE took too long (0.046/0.020)
globalTracer.verifySwerveSteering_Warn: lfSteer: motor encoders not in sync (absEnc=-0.009, motorEncNorm=-0.016, motorEnc=-337.000, angle=121316.793)
globalTracer.verifySwerveSteering_Warn: rfSteer: motor encoders not in sync (absEnc=-0.013, motorEncNorm=-0.016, motorEnc=-340.000, angle=122395.413)
globalTracer.verifySwerveSteering_Warn: lbSteer: motor encoders not in sync (absEnc=-0.011, motorEncNorm=-0.007, motorEnc=-144.000, angle=51836.024)
globalTracer.verifySwerveSteering_Warn: rbSteer: motor encoders not in sync (absEnc=-0.004, motorEncNorm=-0.005, motorEnc=-107.000, angle=38518.682)
globalTracer.startCompetition_Warn: AUTO_MODE.periodic took too long (0.046s/0.040s)
globalTracer.startCompetition_Warn: AUTO_MODE took too long (0.058/0.020)
globalTracer.verifySwerveSteering_Warn: lfSteer: motor encoders not in sync (absEnc=-0.009, motorEncNorm=-0.016, motorEnc=-337.000, angle=121316.880)
globalTracer.verifySwerveSteering_Warn: rfSteer: motor encoders not in sync (absEnc=-0.013, motorEncNorm=-0.016, motorEnc=-340.000, angle=122395.326)
globalTracer.verifySwerveSteering_Warn: lbSteer: motor encoders not in sync (absEnc=-0.011, motorEncNorm=-0.007, motorEnc=-144.000, angle=51836.067)
globalTracer.verifySwerveSteering_Warn: rbSteer: motor encoders not in sync (absEnc=-0.004, motorEncNorm=-0.005, motorEnc=-107.000, angle=38518.682)
globalTracer.verifySwerveSteering_Warn: lfSteer: motor encoders not in sync (absEnc=-0.009, motorEncNorm=-0.016, motorEnc=-337.000, angle=121316.793)
globalTracer.verifySwerveSteering_Warn: rfSteer: motor encoders not in sync (absEnc=-0.013, motorEncNorm=-0.016, motorEnc=-340.000, angle=122395.326)
globalTracer.verifySwerveSteering_Warn: lbSteer: motor encoders not in sync (absEnc=-0.011, motorEncNorm=-0.007, motorEnc=-144.000, angle=51836.067)
globalTracer.verifySwerveSteering_Warn: rbSteer: motor encoders not in sync (absEnc=-0.004, motorEncNorm=-0.005, motorEnc=-107.000, angle=38518.589)
globalTracer.startCompetition_Warn: AUTO_MODE.periodic took too long (0.049s/0.040s)
globalTracer.startCompetition_Warn: AUTO_MODE took too long (0.059/0.020)
globalTracer.verifySwerveSteering_Warn: lfSteer: motor encoders not in sync (absEnc=-0.009, motorEncNorm=-0.016, motorEnc=-337.000, angle=121316.655)
globalTracer.verifySwerveSteering_Warn: rfSteer: motor encoders not in sync (absEnc=-0.013, motorEncNorm=-0.016, motorEnc=-340.000, angle=122395.413)
globalTracer.verifySwerveSteering_Warn: lbSteer: motor encoders not in sync (absEnc=-0.011, motorEncNorm=-0.007, motorEnc=-144.000, angle=51836.111)
globalTracer.verifySwerveSteering_Warn: rbSteer: motor encoders not in sync (absEnc=-0.004, motorEncNorm=-0.005, motorEnc=-107.000, angle=38518.629)
globalTracer.verifySwerveSteering_Warn: lfSteer: motor encoders not in sync (absEnc=-0.009, motorEncNorm=-0.016, motorEnc=-337.000, angle=121316.843)
globalTracer.verifySwerveSteering_Warn: rfSteer: motor encoders not in sync (absEnc=-0.013, motorEncNorm=-0.016, motorEnc=-340.000, angle=122395.354)
globalTracer.verifySwerveSteering_Warn: lbSteer: motor encoders not in sync (absEnc=-0.011, motorEncNorm=-0.007, motorEnc=-144.000, angle=51836.024)
globalTracer.verifySwerveSteering_Warn: rbSteer: motor encoders not in sync (absEnc=-0.004, motorEncNorm=-0.005, motorEnc=-107.000, angle=38518.722)
globalTracer.startCompetition_Warn: AUTO_MODE took too long (0.042/0.020)
globalTracer.verifySwerveSteering_Warn: lfSteer: motor encoders not in sync (absEnc=-0.008, motorEncNorm=-0.016, motorEnc=-337.000, angle=121317.017)
globalTracer.verifySwerveSteering_Warn: rfSteer: motor encoders not in sync (absEnc=-0.013, motorEncNorm=-0.016, motorEnc=-340.000, angle=122395.326)
globalTracer.verifySwerveSteering_Warn: lbSteer: motor encoders not in sync (absEnc=-0.011, motorEncNorm=-0.007, motorEnc=-144.000, angle=51836.024)
globalTracer.verifySwerveSteering_Warn: rbSteer: motor encoders not in sync (absEnc=-0.004, motorEncNorm=-0.005, motorEnc=-107.000, angle=38518.589)
globalTracer.startCompetition_Warn: AUTO_MODE took too long (0.047/0.020)
globalTracer.verifySwerveSteering_Warn: lfSteer: motor encoders not in sync (absEnc=-0.009, motorEncNorm=-0.016, motorEnc=-337.000, angle=121316.691)
globalTracer.verifySwerveSteering_Warn: rfSteer: motor encoders not in sync (absEnc=-0.013, motorEncNorm=-0.016, motorEnc=-340.000, angle=122395.150)
globalTracer.verifySwerveSteering_Warn: lbSteer: motor encoders not in sync (absEnc=-0.011, motorEncNorm=-0.007, motorEnc=-144.000, angle=51836.067)
globalTracer.verifySwerveSteering_Warn: rbSteer: motor encoders not in sync (absEnc=-0.004, motorEncNorm=-0.005, motorEnc=-107.000, angle=38518.676)
globalTracer.startCompetition_Warn: AUTO_MODE.periodic took too long (0.041s/0.040s)
globalTracer.startCompetition_Warn: AUTO_MODE took too long (0.050/0.020)
globalTracer.verifySwerveSteering_Warn: lfSteer: motor encoders not in sync (absEnc=-0.008, motorEncNorm=-0.016, motorEnc=-337.000, angle=121316.981)
globalTracer.verifySwerveSteering_Warn: rfSteer: motor encoders not in sync (absEnc=-0.013, motorEncNorm=-0.016, motorEnc=-340.000, angle=122395.237)
globalTracer.verifySwerveSteering_Warn: lbSteer: motor encoders not in sync (absEnc=-0.011, motorEncNorm=-0.007, motorEnc=-144.000, angle=51836.067)
globalTracer.verifySwerveSteering_Warn: rbSteer: motor encoders not in sync (absEnc=-0.004, motorEncNorm=-0.005, motorEnc=-107.000, angle=38518.589)
globalTracer.verifySwerveSteering_Warn: lfSteer: motor encoders not in sync (absEnc=-0.009, motorEncNorm=-0.016, motorEnc=-337.000, angle=121316.916)
globalTracer.verifySwerveSteering_Warn: rfSteer: motor encoders not in sync (absEnc=-0.013, motorEncNorm=-0.016, motorEnc=-340.000, angle=122395.180)
globalTracer.verifySwerveSteering_Warn: lbSteer: motor encoders not in sync (absEnc=-0.011, motorEncNorm=-0.007, motorEnc=-144.000, angle=51835.937)
globalTracer.verifySwerveSteering_Warn: rbSteer: motor encoders not in sync (absEnc=-0.004, motorEncNorm=-0.005, motorEnc=-107.000, angle=38518.629)
globalTracer.startCompetition_Warn: AUTO_MODE took too long (0.048/0.020)
globalTracer.verifySwerveSteering_Warn: lfSteer: motor encoders not in sync (absEnc=-0.009, motorEncNorm=-0.016, motorEnc=-337.000, angle=121316.829)
globalTracer.verifySwerveSteering_Warn: rfSteer: motor encoders not in sync (absEnc=-0.013, motorEncNorm=-0.016, motorEnc=-340.000, angle=122395.326)
globalTracer.verifySwerveSteering_Warn: lbSteer: motor encoders not in sync (absEnc=-0.012, motorEncNorm=-0.007, motorEnc=-144.000, angle=51835.850)
globalTracer.verifySwerveSteering_Warn: rbSteer: motor encoders not in sync (absEnc=-0.004, motorEncNorm=-0.005, motorEnc=-107.000, angle=38518.635)
globalTracer.verifySwerveSteering_Warn: lfSteer: motor encoders not in sync (absEnc=-0.009, motorEncNorm=-0.016, motorEnc=-337.000, angle=121316.756)
globalTracer.verifySwerveSteering_Warn: rfSteer: motor encoders not in sync (absEnc=-0.013, motorEncNorm=-0.016, motorEnc=-340.000, angle=122395.180)
globalTracer.verifySwerveSteering_Warn: lbSteer: motor encoders not in sync (absEnc=-0.011, motorEncNorm=-0.007, motorEnc=-144.000, angle=51836.111)
globalTracer.verifySwerveSteering_Warn: rbSteer: motor encoders not in sync (absEnc=-0.004, motorEncNorm=-0.005, motorEnc=-107.000, angle=38518.495)
globalTracer.verifySwerveSteering_Warn: lfSteer: motor encoders not in sync (absEnc=-0.009, motorEncNorm=-0.016, motorEnc=-337.000, angle=121316.742)
globalTracer.verifySwerveSteering_Warn: rfSteer: motor encoders not in sync (absEnc=-0.013, motorEncNorm=-0.016, motorEnc=-340.000, angle=122395.354)
globalTracer.verifySwerveSteering_Warn: lbSteer: motor encoders not in sync (absEnc=-0.011, motorEncNorm=-0.007, motorEnc=-144.000, angle=51835.937)
globalTracer.verifySwerveSteering_Warn: rbSteer: motor encoders not in sync (absEnc=-0.004, motorEncNorm=-0.005, motorEnc=-107.000, angle=38518.716)
globalTracer.startCompetition_Warn: AUTO_MODE took too long (0.044/0.020)
globalTracer.verifySwerveSteering_Warn: lfSteer: motor encoders not in sync (absEnc=-0.009, motorEncNorm=-0.016, motorEnc=-337.000, angle=121316.829)
globalTracer.verifySwerveSteering_Warn: rfSteer: motor encoders not in sync (absEnc=-0.013, motorEncNorm=-0.016, motorEnc=-340.000, angle=122395.237)
globalTracer.verifySwerveSteering_Warn: lbSteer: motor encoders not in sync (absEnc=-0.011, motorEncNorm=-0.007, motorEnc=-144.000, angle=51836.067)
globalTracer.verifySwerveSteering_Warn: rbSteer: motor encoders not in sync (absEnc=-0.003, motorEncNorm=-0.005, motorEnc=-107.000, angle=38518.769)
globalTracer.verifySwerveSteering_Warn: lfSteer: motor encoders not in sync (absEnc=-0.009, motorEncNorm=-0.016, motorEnc=-337.000, angle=121316.894)
globalTracer.verifySwerveSteering_Warn: rfSteer: motor encoders not in sync (absEnc=-0.013, motorEncNorm=-0.016, motorEnc=-340.000, angle=122395.354)
globalTracer.verifySwerveSteering_Warn: lbSteer: motor encoders not in sync (absEnc=-0.011, motorEncNorm=-0.007, motorEnc=-144.000, angle=51836.111)
globalTracer.verifySwerveSteering_Warn: rbSteer: motor encoders not in sync (absEnc=-0.004, motorEncNorm=-0.005, motorEnc=-107.000, angle=38518.589)
globalTracer.verifySwerveSteering_Warn: lfSteer: motor encoders not in sync (absEnc=-0.009, motorEncNorm=-0.016, motorEnc=-337.000, angle=121316.880)
globalTracer.verifySwerveSteering_Warn: rfSteer: motor encoders not in sync (absEnc=-0.013, motorEncNorm=-0.016, motorEnc=-340.000, angle=122395.297)
globalTracer.verifySwerveSteering_Warn: lbSteer: motor encoders not in sync (absEnc=-0.011, motorEncNorm=-0.007, motorEnc=-144.000, angle=51836.067)
globalTracer.verifySwerveSteering_Warn: rbSteer: motor encoders not in sync (absEnc=-0.003, motorEncNorm=-0.005, motorEnc=-107.000, angle=38518.902)
globalTracer.verifySwerveSteering_Warn: lfSteer: motor encoders not in sync (absEnc=-0.009, motorEncNorm=-0.016, motorEnc=-337.000, angle=121316.916)
globalTracer.verifySwerveSteering_Warn: rfSteer: motor encoders not in sync (absEnc=-0.013, motorEncNorm=-0.016, motorEnc=-340.000, angle=122395.324)
globalTracer.verifySwerveSteering_Warn: lbSteer: motor encoders not in sync (absEnc=-0.011, motorEncNorm=-0.007, motorEnc=-144.000, angle=51836.024)
globalTracer.verifySwerveSteering_Warn: rbSteer: motor encoders not in sync (absEnc=-0.004, motorEncNorm=-0.005, motorEnc=-107.000, angle=38518.676)
globalTracer.startCompetition_Warn: AUTO_MODE took too long (0.041/0.020)
globalTracer.verifySwerveSteering_Warn: lfSteer: motor encoders not in sync (absEnc=-0.009, motorEncNorm=-0.016, motorEnc=-337.000, angle=121316.728)
globalTracer.verifySwerveSteering_Warn: rfSteer: motor encoders not in sync (absEnc=-0.013, motorEncNorm=-0.016, motorEnc=-340.000, angle=122395.297)
globalTracer.verifySwerveSteering_Warn: lbSteer: motor encoders not in sync (absEnc=-0.011, motorEncNorm=-0.007, motorEnc=-144.000, angle=51836.024)
globalTracer.verifySwerveSteering_Warn: rbSteer: motor encoders not in sync (absEnc=-0.004, motorEncNorm=-0.005, motorEnc=-107.000, angle=38518.629)
globalTracer.startCompetition_Warn: AUTO_MODE.periodic took too long (0.040s/0.040s)
globalTracer.startCompetition_Warn: AUTO_MODE took too long (0.051/0.020)
globalTracer.verifySwerveSteering_Warn: lfSteer: motor encoders not in sync (absEnc=-0.009, motorEncNorm=-0.016, motorEnc=-337.000, angle=121316.728)
globalTracer.verifySwerveSteering_Warn: rfSteer: motor encoders not in sync (absEnc=-0.013, motorEncNorm=-0.016, motorEnc=-340.000, angle=122395.324)
globalTracer.verifySwerveSteering_Warn: lbSteer: motor encoders not in sync (absEnc=-0.011, motorEncNorm=-0.007, motorEnc=-144.000, angle=51835.893)
globalTracer.verifySwerveSteering_Warn: rbSteer: motor encoders not in sync (absEnc=-0.004, motorEncNorm=-0.005, motorEnc=-107.000, angle=38518.542)
globalTracer.startCompetition_Warn: AUTO_MODE took too long (0.043/0.020)
globalTracer.verifySwerveSteering_Warn: lfSteer: motor encoders not in sync (absEnc=-0.009, motorEncNorm=-0.016, motorEnc=-337.000, angle=121316.793)
globalTracer.verifySwerveSteering_Warn: rfSteer: motor encoders not in sync (absEnc=-0.013, motorEncNorm=-0.016, motorEnc=-340.000, angle=122395.324)
globalTracer.verifySwerveSteering_Warn: lbSteer: motor encoders not in sync (absEnc=-0.011, motorEncNorm=-0.007, motorEnc=-144.000, angle=51835.937)
globalTracer.verifySwerveSteering_Warn: rbSteer: motor encoders not in sync (absEnc=-0.004, motorEncNorm=-0.005, motorEnc=-107.000, angle=38518.635)
globalTracer.verifySwerveSteering_Warn: lfSteer: motor encoders not in sync (absEnc=-0.009, motorEncNorm=-0.016, motorEnc=-337.000, angle=121316.705)
globalTracer.verifySwerveSteering_Warn: rfSteer: motor encoders not in sync (absEnc=-0.013, motorEncNorm=-0.016, motorEnc=-340.000, angle=122395.326)
globalTracer.verifySwerveSteering_Warn: lbSteer: motor encoders not in sync (absEnc=-0.011, motorEncNorm=-0.007, motorEnc=-144.000, angle=51836.154)
globalTracer.verifySwerveSteering_Warn: rbSteer: motor encoders not in sync (absEnc=-0.004, motorEncNorm=-0.005, motorEnc=-107.000, angle=38518.583)
globalTracer.startCompetition_Warn: AUTO_MODE took too long (0.045/0.020)
globalTracer.verifySwerveSteering_Warn: lfSteer: motor encoders not in sync (absEnc=-0.009, motorEncNorm=-0.016, motorEnc=-337.000, angle=121316.880)
globalTracer.verifySwerveSteering_Warn: rfSteer: motor encoders not in sync (absEnc=-0.013, motorEncNorm=-0.016, motorEnc=-340.000, angle=122395.354)
globalTracer.verifySwerveSteering_Warn: lbSteer: motor encoders not in sync (absEnc=-0.011, motorEncNorm=-0.007, motorEnc=-144.000, angle=51835.937)
globalTracer.verifySwerveSteering_Warn: rbSteer: motor encoders not in sync (absEnc=-0.004, motorEncNorm=-0.005, motorEnc=-107.000, angle=38518.722)
globalTracer.startCompetition_Warn: AUTO_MODE took too long (0.043/0.020)
globalTracer.verifySwerveSteering_Warn: lfSteer: motor encoders not in sync (absEnc=-0.009, motorEncNorm=-0.016, motorEnc=-337.000, angle=121316.742)
globalTracer.verifySwerveSteering_Warn: rfSteer: motor encoders not in sync (absEnc=-0.013, motorEncNorm=-0.016, motorEnc=-340.000, angle=122395.237)
globalTracer.verifySwerveSteering_Warn: lbSteer: motor encoders not in sync (absEnc=-0.011, motorEncNorm=-0.007, motorEnc=-144.000, angle=51835.980)
globalTracer.verifySwerveSteering_Warn: rbSteer: motor encoders not in sync (absEnc=-0.004, motorEncNorm=-0.005, motorEnc=-107.000, angle=38518.629)
globalTracer.startCompetition_Warn: AUTO_MODE took too long (0.044/0.020)
globalTracer.verifySwerveSteering_Warn: lfSteer: motor encoders not in sync (absEnc=-0.009, motorEncNorm=-0.016, motorEnc=-337.000, angle=121316.843)
globalTracer.verifySwerveSteering_Warn: rfSteer: motor encoders not in sync (absEnc=-0.013, motorEncNorm=-0.016, motorEnc=-340.000, angle=122395.237)
globalTracer.verifySwerveSteering_Warn: lbSteer: motor encoders not in sync (absEnc=-0.011, motorEncNorm=-0.007, motorEnc=-144.000, angle=51835.893)
globalTracer.verifySwerveSteering_Warn: rbSteer: motor encoders not in sync (absEnc=-0.004, motorEncNorm=-0.005, motorEnc=-107.000, angle=38518.589)
globalTracer.verifySwerveSteering_Warn: lfSteer: motor encoders not in sync (absEnc=-0.009, motorEncNorm=-0.016, motorEnc=-337.000, angle=121316.894)
globalTracer.verifySwerveSteering_Warn: rfSteer: motor encoders not in sync (absEnc=-0.013, motorEncNorm=-0.016, motorEnc=-340.000, angle=122395.324)
globalTracer.verifySwerveSteering_Warn: lbSteer: motor encoders not in sync (absEnc=-0.011, motorEncNorm=-0.007, motorEnc=-144.000, angle=51836.067)
globalTracer.verifySwerveSteering_Warn: rbSteer: motor encoders not in sync (absEnc=-0.004, motorEncNorm=-0.005, motorEnc=-107.000, angle=38518.542)
globalTracer.startCompetition_Warn: AUTO_MODE took too long (0.044/0.020)
globalTracer.verifySwerveSteering_Warn: lfSteer: motor encoders not in sync (absEnc=-0.009, motorEncNorm=-0.016, motorEnc=-337.000, angle=121316.866)
globalTracer.verifySwerveSteering_Warn: rfSteer: motor encoders not in sync (absEnc=-0.013, motorEncNorm=-0.016, motorEnc=-340.000, angle=122395.208)
globalTracer.verifySwerveSteering_Warn: lbSteer: motor encoders not in sync (absEnc=-0.011, motorEncNorm=-0.007, motorEnc=-144.000, angle=51836.024)
globalTracer.verifySwerveSteering_Warn: rbSteer: motor encoders not in sync (absEnc=-0.004, motorEncNorm=-0.005, motorEnc=-107.000, angle=38518.583)
globalTracer.startCompetition_Warn: AUTO_MODE took too long (0.040/0.020)
globalTracer.verifySwerveSteering_Warn: lfSteer: motor encoders not in sync (absEnc=-0.008, motorEncNorm=-0.016, motorEnc=-337.000, angle=121316.967)
globalTracer.verifySwerveSteering_Warn: rfSteer: motor encoders not in sync (absEnc=-0.013, motorEncNorm=-0.016, motorEnc=-340.000, angle=122395.297)
globalTracer.verifySwerveSteering_Warn: lbSteer: motor encoders not in sync (absEnc=-0.011, motorEncNorm=-0.007, motorEnc=-144.000, angle=51836.067)
globalTracer.verifySwerveSteering_Warn: rbSteer: motor encoders not in sync (absEnc=-0.004, motorEncNorm=-0.005, motorEnc=-107.000, angle=38518.583)
globalTracer.startCompetition_Warn: AUTO_MODE took too long (0.045/0.020)
globalTracer.verifySwerveSteering_Warn: lfSteer: motor encoders not in sync (absEnc=-0.009, motorEncNorm=-0.016, motorEnc=-337.000, angle=121316.742)
globalTracer.verifySwerveSteering_Warn: rfSteer: motor encoders not in sync (absEnc=-0.013, motorEncNorm=-0.016, motorEnc=-340.000, angle=122395.267)
globalTracer.verifySwerveSteering_Warn: lbSteer: motor encoders not in sync (absEnc=-0.011, motorEncNorm=-0.007, motorEnc=-144.000, angle=51836.111)
globalTracer.verifySwerveSteering_Warn: rbSteer: motor encoders not in sync (absEnc=-0.004, motorEncNorm=-0.005, motorEnc=-107.000, angle=38518.589)
globalTracer.verifySwerveSteering_Warn: lfSteer: motor encoders not in sync (absEnc=-0.009, motorEncNorm=-0.016, motorEnc=-337.000, angle=121316.742)
globalTracer.verifySwerveSteering_Warn: rfSteer: motor encoders not in sync (absEnc=-0.013, motorEncNorm=-0.016, motorEnc=-340.000, angle=122395.324)
globalTracer.verifySwerveSteering_Warn: lbSteer: motor encoders not in sync (absEnc=-0.011, motorEncNorm=-0.007, motorEnc=-144.000, angle=51836.024)
globalTracer.verifySwerveSteering_Warn: rbSteer: motor encoders not in sync (absEnc=-0.004, motorEncNorm=-0.005, motorEnc=-107.000, angle=38518.629)
globalTracer.startCompetition_Warn: AUTO_MODE took too long (0.046/0.020)
globalTracer.verifySwerveSteering_Warn: lfSteer: motor encoders not in sync (absEnc=-0.009, motorEncNorm=-0.016, motorEnc=-337.000, angle=121316.930)
globalTracer.verifySwerveSteering_Warn: rfSteer: motor encoders not in sync (absEnc=-0.013, motorEncNorm=-0.016, motorEnc=-340.000, angle=122395.354)
globalTracer.verifySwerveSteering_Warn: lbSteer: motor encoders not in sync (absEnc=-0.011, motorEncNorm=-0.007, motorEnc=-144.000, angle=51836.024)
globalTracer.verifySwerveSteering_Warn: rbSteer: motor encoders not in sync (absEnc=-0.004, motorEncNorm=-0.005, motorEnc=-108.000, angle=38878.635)
globalTracer.startCompetition_Warn: AUTO_MODE took too long (0.041/0.020)
globalTracer.verifySwerveSteering_Warn: lfSteer: motor encoders not in sync (absEnc=-0.009, motorEncNorm=-0.016, motorEnc=-337.000, angle=121316.866)
globalTracer.verifySwerveSteering_Warn: rfSteer: motor encoders not in sync (absEnc=-0.013, motorEncNorm=-0.016, motorEnc=-340.000, angle=122395.237)
globalTracer.verifySwerveSteering_Warn: lbSteer: motor encoders not in sync (absEnc=-0.011, motorEncNorm=-0.007, motorEnc=-144.000, angle=51836.024)
globalTracer.verifySwerveSteering_Warn: rbSteer: motor encoders not in sync (absEnc=-0.003, motorEncNorm=-0.005, motorEnc=-108.000, angle=38878.769)
globalTracer.startCompetition_Warn: AUTO_MODE took too long (0.041/0.020)
globalTracer.verifySwerveSteering_Warn: lfSteer: motor encoders not in sync (absEnc=-0.009, motorEncNorm=-0.016, motorEnc=-337.000, angle=121316.691)
globalTracer.verifySwerveSteering_Warn: rfSteer: motor encoders not in sync (absEnc=-0.013, motorEncNorm=-0.016, motorEnc=-340.000, angle=122395.267)
globalTracer.verifySwerveSteering_Warn: lbSteer: motor encoders not in sync (absEnc=-0.011, motorEncNorm=-0.007, motorEnc=-144.000, angle=51836.111)
globalTracer.verifySwerveSteering_Warn: rbSteer: motor encoders not in sync (absEnc=-0.004, motorEncNorm=-0.005, motorEnc=-108.000, angle=38878.722)
globalTracer.verifySwerveSteering_Warn: lfSteer: motor encoders not in sync (absEnc=-0.009, motorEncNorm=-0.016, motorEnc=-337.000, angle=121316.916)
globalTracer.verifySwerveSteering_Warn: rfSteer: motor encoders not in sync (absEnc=-0.013, motorEncNorm=-0.016, motorEnc=-340.000, angle=122395.208)
globalTracer.verifySwerveSteering_Warn: lbSteer: motor encoders not in sync (absEnc=-0.012, motorEncNorm=-0.007, motorEnc=-144.000, angle=51835.719)
globalTracer.verifySwerveSteering_Warn: rbSteer: motor encoders not in sync (absEnc=-0.004, motorEncNorm=-0.005, motorEnc=-108.000, angle=38878.635)
globalTracer.startCompetition_Warn: AUTO_MODE took too long (0.050/0.020)
globalTracer.verifySwerveSteering_Warn: lfSteer: motor encoders not in sync (absEnc=-0.009, motorEncNorm=-0.016, motorEnc=-337.000, angle=121316.843)
globalTracer.verifySwerveSteering_Warn: rfSteer: motor encoders not in sync (absEnc=-0.013, motorEncNorm=-0.016, motorEnc=-340.000, angle=122395.208)
globalTracer.verifySwerveSteering_Warn: lbSteer: motor encoders not in sync (absEnc=-0.011, motorEncNorm=-0.007, motorEnc=-144.000, angle=51835.980)
globalTracer.verifySwerveSteering_Warn: rbSteer: motor encoders not in sync (absEnc=-0.004, motorEncNorm=-0.005, motorEnc=-108.000, angle=38878.635)
globalTracer.verifySwerveSteering_Warn: lfSteer: motor encoders not in sync (absEnc=-0.009, motorEncNorm=-0.016, motorEnc=-337.000, angle=121316.843)
globalTracer.verifySwerveSteering_Warn: rfSteer: motor encoders not in sync (absEnc=-0.013, motorEncNorm=-0.016, motorEnc=-340.000, angle=122395.384)
globalTracer.verifySwerveSteering_Warn: lbSteer: motor encoders not in sync (absEnc=-0.012, motorEncNorm=-0.007, motorEnc=-144.000, angle=51835.763)
globalTracer.verifySwerveSteering_Warn: rbSteer: motor encoders not in sync (absEnc=-0.004, motorEncNorm=-0.005, motorEnc=-108.000, angle=38878.542)
globalTracer.verifySwerveSteering_Warn: lfSteer: motor encoders not in sync (absEnc=-0.009, motorEncNorm=-0.016, motorEnc=-337.000, angle=121316.880)
globalTracer.verifySwerveSteering_Warn: rfSteer: motor encoders not in sync (absEnc=-0.013, motorEncNorm=-0.016, motorEnc=-340.000, angle=122395.237)
globalTracer.verifySwerveSteering_Warn: lbSteer: motor encoders not in sync (absEnc=-0.012, motorEncNorm=-0.007, motorEnc=-144.000, angle=51835.850)
globalTracer.verifySwerveSteering_Warn: rbSteer: motor encoders not in sync (absEnc=-0.004, motorEncNorm=-0.005, motorEnc=-108.000, angle=38878.676)
globalTracer.verifySwerveSteering_Warn: lfSteer: motor encoders not in sync (absEnc=-0.009, motorEncNorm=-0.016, motorEnc=-337.000, angle=121316.742)
globalTracer.verifySwerveSteering_Warn: rfSteer: motor encoders not in sync (absEnc=-0.013, motorEncNorm=-0.016, motorEnc=-340.000, angle=122395.297)
globalTracer.verifySwerveSteering_Warn: lbSteer: motor encoders not in sync (absEnc=-0.011, motorEncNorm=-0.007, motorEnc=-144.000, angle=51836.067)
globalTracer.verifySwerveSteering_Warn: rbSteer: motor encoders not in sync (absEnc=-0.004, motorEncNorm=-0.005, motorEnc=-108.000, angle=38878.495)
globalTracer.startCompetition_Warn: AUTO_MODE took too long (0.041/0.020)
globalTracer.verifySwerveSteering_Warn: lfSteer: motor encoders not in sync (absEnc=-0.009, motorEncNorm=-0.016, motorEnc=-337.000, angle=121316.843)
globalTracer.verifySwerveSteering_Warn: rfSteer: motor encoders not in sync (absEnc=-0.013, motorEncNorm=-0.016, motorEnc=-340.000, angle=122395.208)
globalTracer.verifySwerveSteering_Warn: lbSteer: motor encoders not in sync (absEnc=-0.011, motorEncNorm=-0.007, motorEnc=-144.000, angle=51836.024)
globalTracer.verifySwerveSteering_Warn: rbSteer: motor encoders not in sync (absEnc=-0.004, motorEncNorm=-0.005, motorEnc=-108.000, angle=38878.583)
globalTracer.startCompetition_Warn: AUTO_MODE took too long (0.042/0.020)
globalTracer.verifySwerveSteering_Warn: lfSteer: motor encoders not in sync (absEnc=-0.009, motorEncNorm=-0.016, motorEnc=-337.000, angle=121316.778)
globalTracer.verifySwerveSteering_Warn: rfSteer: motor encoders not in sync (absEnc=-0.013, motorEncNorm=-0.016, motorEnc=-340.000, angle=122395.413)
globalTracer.verifySwerveSteering_Warn: lbSteer: motor encoders not in sync (absEnc=-0.011, motorEncNorm=-0.007, motorEnc=-144.000, angle=51835.893)
globalTracer.verifySwerveSteering_Warn: rbSteer: motor encoders not in sync (absEnc=-0.004, motorEncNorm=-0.005, motorEnc=-108.000, angle=38878.589)
globalTracer.verifySwerveSteering_Warn: lfSteer: motor encoders not in sync (absEnc=-0.009, motorEncNorm=-0.016, motorEnc=-337.000, angle=121316.705)
globalTracer.verifySwerveSteering_Warn: rfSteer: motor encoders not in sync (absEnc=-0.013, motorEncNorm=-0.016, motorEnc=-340.000, angle=122395.267)
globalTracer.verifySwerveSteering_Warn: lbSteer: motor encoders not in sync (absEnc=-0.011, motorEncNorm=-0.007, motorEnc=-144.000, angle=51836.024)
globalTracer.verifySwerveSteering_Warn: rbSteer: motor encoders not in sync (absEnc=-0.004, motorEncNorm=-0.005, motorEnc=-108.000, angle=38878.635)
globalTracer.startCompetition_Warn: AUTO_MODE took too long (0.043/0.020)
globalTracer.verifySwerveSteering_Warn: lfSteer: motor encoders not in sync (absEnc=-0.009, motorEncNorm=-0.016, motorEnc=-337.000, angle=121316.655)
globalTracer.verifySwerveSteering_Warn: rfSteer: motor encoders not in sync (absEnc=-0.013, motorEncNorm=-0.016, motorEnc=-340.000, angle=122395.297)
globalTracer.verifySwerveSteering_Warn: lbSteer: motor encoders not in sync (absEnc=-0.011, motorEncNorm=-0.007, motorEnc=-144.000, angle=51835.937)
globalTracer.verifySwerveSteering_Warn: rbSteer: motor encoders not in sync (absEnc=-0.004, motorEncNorm=-0.005, motorEnc=-108.000, angle=38878.542)
globalTracer.startCompetition_Warn: AUTO_MODE took too long (0.041/0.020)
globalTracer.verifySwerveSteering_Warn: lfSteer: motor encoders not in sync (absEnc=-0.009, motorEncNorm=-0.016, motorEnc=-337.000, angle=121316.880)
globalTracer.verifySwerveSteering_Warn: rfSteer: motor encoders not in sync (absEnc=-0.013, motorEncNorm=-0.016, motorEnc=-340.000, angle=122395.178)
globalTracer.verifySwerveSteering_Warn: lbSteer: motor encoders not in sync (absEnc=-0.011, motorEncNorm=-0.007, motorEnc=-144.000, angle=51836.154)
globalTracer.verifySwerveSteering_Warn: rbSteer: motor encoders not in sync (absEnc=-0.004, motorEncNorm=-0.005, motorEnc=-108.000, angle=38878.502)
globalTracer.startCompetition_Warn: AUTO_MODE took too long (0.046/0.020)
globalTracer.verifySwerveSteering_Warn: lfSteer: motor encoders not in sync (absEnc=-0.009, motorEncNorm=-0.016, motorEnc=-337.000, angle=121316.742)
globalTracer.verifySwerveSteering_Warn: rfSteer: motor encoders not in sync (absEnc=-0.013, motorEncNorm=-0.016, motorEnc=-340.000, angle=122395.297)
globalTracer.verifySwerveSteering_Warn: lbSteer: motor encoders not in sync (absEnc=-0.011, motorEncNorm=-0.007, motorEnc=-144.000, angle=51835.937)
globalTracer.verifySwerveSteering_Warn: rbSteer: motor encoders not in sync (absEnc=-0.004, motorEncNorm=-0.005, motorEnc=-108.000, angle=38878.722)
globalTracer.verifySwerveSteering_Warn: lfSteer: motor encoders not in sync (absEnc=-0.008, motorEncNorm=-0.016, motorEnc=-337.000, angle=121317.068)
globalTracer.verifySwerveSteering_Warn: rfSteer: motor encoders not in sync (absEnc=-0.013, motorEncNorm=-0.016, motorEnc=-340.000, angle=122395.267)
globalTracer.verifySwerveSteering_Warn: lbSteer: motor encoders not in sync (absEnc=-0.011, motorEncNorm=-0.007, motorEnc=-144.000, angle=51836.024)
globalTracer.verifySwerveSteering_Warn: rbSteer: motor encoders not in sync (absEnc=-0.003, motorEncNorm=-0.005, motorEnc=-108.000, angle=38878.815)
globalTracer.verifySwerveSteering_Warn: lfSteer: motor encoders not in sync (absEnc=-0.009, motorEncNorm=-0.016, motorEnc=-337.000, angle=121316.829)
globalTracer.verifySwerveSteering_Warn: rfSteer: motor encoders not in sync (absEnc=-0.013, motorEncNorm=-0.016, motorEnc=-340.000, angle=122395.267)
globalTracer.verifySwerveSteering_Warn: lbSteer: motor encoders not in sync (absEnc=-0.011, motorEncNorm=-0.007, motorEnc=-144.000, angle=51835.980)
globalTracer.verifySwerveSteering_Warn: rbSteer: motor encoders not in sync (absEnc=-0.004, motorEncNorm=-0.005, motorEnc=-108.000, angle=38878.629)
globalTracer.startCompetition_Warn: AUTO_MODE took too long (0.044/0.020)
globalTracer.verifySwerveSteering_Warn: lfSteer: motor encoders not in sync (absEnc=-0.009, motorEncNorm=-0.016, motorEnc=-337.000, angle=121316.880)
globalTracer.verifySwerveSteering_Warn: rfSteer: motor encoders not in sync (absEnc=-0.013, motorEncNorm=-0.016, motorEnc=-340.000, angle=122395.267)
globalTracer.verifySwerveSteering_Warn: lbSteer: motor encoders not in sync (absEnc=-0.011, motorEncNorm=-0.007, motorEnc=-144.000, angle=51836.067)
globalTracer.verifySwerveSteering_Warn: rbSteer: motor encoders not in sync (absEnc=-0.004, motorEncNorm=-0.005, motorEnc=-108.000, angle=38878.589)
globalTracer.verifySwerveSteering_Warn: lfSteer: motor encoders not in sync (absEnc=-0.009, motorEncNorm=-0.016, motorEnc=-337.000, angle=121316.742)
globalTracer.verifySwerveSteering_Warn: rfSteer: motor encoders not in sync (absEnc=-0.013, motorEncNorm=-0.016, motorEnc=-340.000, angle=122395.237)
globalTracer.verifySwerveSteering_Warn: lbSteer: motor encoders not in sync (absEnc=-0.012, motorEncNorm=-0.007, motorEnc=-144.000, angle=51835.806)
globalTracer.verifySwerveSteering_Warn: rbSteer: motor encoders not in sync (absEnc=-0.004, motorEncNorm=-0.005, motorEnc=-108.000, angle=38878.676)
globalTracer.startCompetition_Warn: AUTO_MODE.periodic took too long (0.060s/0.040s)
globalTracer.startCompetition_Warn: AUTO_MODE took too long (0.071/0.020)
globalTracer.verifySwerveSteering_Warn: lfSteer: motor encoders not in sync (absEnc=-0.009, motorEncNorm=-0.016, motorEnc=-337.000, angle=121316.793)
globalTracer.verifySwerveSteering_Warn: rfSteer: motor encoders not in sync (absEnc=-0.013, motorEncNorm=-0.016, motorEnc=-340.000, angle=122395.267)
globalTracer.verifySwerveSteering_Warn: lbSteer: motor encoders not in sync (absEnc=-0.011, motorEncNorm=-0.007, motorEnc=-144.000, angle=51836.068)
globalTracer.verifySwerveSteering_Warn: rbSteer: motor encoders not in sync (absEnc=-0.004, motorEncNorm=-0.005, motorEnc=-108.000, angle=38878.676)
globalTracer.startCompetition_Warn: AUTO_MODE took too long (0.042/0.020)
globalTracer.verifySwerveSteering_Warn: lfSteer: motor encoders not in sync (absEnc=-0.009, motorEncNorm=-0.016, motorEnc=-337.000, angle=121316.742)
globalTracer.verifySwerveSteering_Warn: rfSteer: motor encoders not in sync (absEnc=-0.013, motorEncNorm=-0.016, motorEnc=-340.000, angle=122395.384)
globalTracer.verifySwerveSteering_Warn: lbSteer: motor encoders not in sync (absEnc=-0.012, motorEncNorm=-0.007, motorEnc=-144.000, angle=51835.806)
globalTracer.verifySwerveSteering_Warn: rbSteer: motor encoders not in sync (absEnc=-0.003, motorEncNorm=-0.005, motorEnc=-108.000, angle=38878.763)
globalTracer.verifySwerveSteering_Warn: lfSteer: motor encoders not in sync (absEnc=-0.008, motorEncNorm=-0.016, motorEnc=-337.000, angle=121316.967)
globalTracer.verifySwerveSteering_Warn: rfSteer: motor encoders not in sync (absEnc=-0.013, motorEncNorm=-0.016, motorEnc=-340.000, angle=122395.178)
globalTracer.verifySwerveSteering_Warn: lbSteer: motor encoders not in sync (absEnc=-0.011, motorEncNorm=-0.007, motorEnc=-144.000, angle=51836.067)
globalTracer.verifySwerveSteering_Warn: rbSteer: motor encoders not in sync (absEnc=-0.004, motorEncNorm=-0.005, motorEnc=-108.000, angle=38878.542)
globalTracer.verifySwerveSteering_Warn: lfSteer: motor encoders not in sync (absEnc=-0.009, motorEncNorm=-0.016, motorEnc=-337.000, angle=121316.930)
globalTracer.verifySwerveSteering_Warn: rfSteer: motor encoders not in sync (absEnc=-0.013, motorEncNorm=-0.016, motorEnc=-340.000, angle=122395.267)
globalTracer.verifySwerveSteering_Warn: lbSteer: motor encoders not in sync (absEnc=-0.011, motorEncNorm=-0.007, motorEnc=-144.000, angle=51835.980)
globalTracer.verifySwerveSteering_Warn: rbSteer: motor encoders not in sync (absEnc=-0.004, motorEncNorm=-0.005, motorEnc=-108.000, angle=38878.542)
globalTracer.verifySwerveSteering_Warn: lfSteer: motor encoders not in sync (absEnc=-0.009, motorEncNorm=-0.016, motorEnc=-337.000, angle=121316.756)
globalTracer.verifySwerveSteering_Warn: rfSteer: motor encoders not in sync (absEnc=-0.013, motorEncNorm=-0.016, motorEnc=-340.000, angle=122395.354)
globalTracer.verifySwerveSteering_Warn: lbSteer: motor encoders not in sync (absEnc=-0.011, motorEncNorm=-0.007, motorEnc=-144.000, angle=51835.980)
globalTracer.verifySwerveSteering_Warn: rbSteer: motor encoders not in sync (absEnc=-0.004, motorEncNorm=-0.005, motorEnc=-108.000, angle=38878.489)
globalTracer.startCompetition_Warn: AUTO_MODE.periodic took too long (0.040s/0.040s)
globalTracer.startCompetition_Warn: AUTO_MODE took too long (0.050/0.020)
globalTracer.verifySwerveSteering_Warn: lfSteer: motor encoders not in sync (absEnc=-0.009, motorEncNorm=-0.016, motorEnc=-337.000, angle=121316.843)
globalTracer.verifySwerveSteering_Warn: rfSteer: motor encoders not in sync (absEnc=-0.013, motorEncNorm=-0.016, motorEnc=-340.000, angle=122395.210)
globalTracer.verifySwerveSteering_Warn: lbSteer: motor encoders not in sync (absEnc=-0.012, motorEncNorm=-0.007, motorEnc=-144.000, angle=51835.676)
globalTracer.verifySwerveSteering_Warn: rbSteer: motor encoders not in sync (absEnc=-0.004, motorEncNorm=-0.005, motorEnc=-108.000, angle=38878.542)
globalTracer.verifySwerveSteering_Warn: lfSteer: motor encoders not in sync (absEnc=-0.009, motorEncNorm=-0.016, motorEnc=-337.000, angle=121316.829)
globalTracer.verifySwerveSteering_Warn: rfSteer: motor encoders not in sync (absEnc=-0.013, motorEncNorm=-0.016, motorEnc=-340.000, angle=122395.178)
globalTracer.verifySwerveSteering_Warn: lbSteer: motor encoders not in sync (absEnc=-0.011, motorEncNorm=-0.007, motorEnc=-144.000, angle=51835.980)
globalTracer.verifySwerveSteering_Warn: rbSteer: motor encoders not in sync (absEnc=-0.004, motorEncNorm=-0.005, motorEnc=-108.000, angle=38878.542)
globalTracer.verifySwerveSteering_Warn: lfSteer: motor encoders not in sync (absEnc=-0.010, motorEncNorm=-0.016, motorEnc=-337.000, angle=121316.568)
globalTracer.verifySwerveSteering_Warn: rfSteer: motor encoders not in sync (absEnc=-0.013, motorEncNorm=-0.016, motorEnc=-340.000, angle=122395.267)
globalTracer.verifySwerveSteering_Warn: lbSteer: motor encoders not in sync (absEnc=-0.011, motorEncNorm=-0.007, motorEnc=-144.000, angle=51836.024)
globalTracer.verifySwerveSteering_Warn: rbSteer: motor encoders not in sync (absEnc=-0.004, motorEncNorm=-0.005, motorEnc=-108.000, angle=38878.449)
globalTracer.verifySwerveSteering_Warn: lfSteer: motor encoders not in sync (absEnc=-0.009, motorEncNorm=-0.016, motorEnc=-337.000, angle=121316.916)
globalTracer.verifySwerveSteering_Warn: rfSteer: motor encoders not in sync (absEnc=-0.013, motorEncNorm=-0.016, motorEnc=-340.000, angle=122395.297)
globalTracer.verifySwerveSteering_Warn: lbSteer: motor encoders not in sync (absEnc=-0.011, motorEncNorm=-0.007, motorEnc=-144.000, angle=51836.067)
globalTracer.verifySwerveSteering_Warn: rbSteer: motor encoders not in sync (absEnc=-0.004, motorEncNorm=-0.005, motorEnc=-108.000, angle=38878.589)
globalTracer.startCompetition_Warn: AUTO_MODE took too long (0.043/0.020)
globalTracer.verifySwerveSteering_Warn: lfSteer: motor encoders not in sync (absEnc=-0.009, motorEncNorm=-0.016, motorEnc=-337.000, angle=121316.880)
globalTracer.verifySwerveSteering_Warn: rfSteer: motor encoders not in sync (absEnc=-0.013, motorEncNorm=-0.016, motorEnc=-340.000, angle=122395.297)
globalTracer.verifySwerveSteering_Warn: lbSteer: motor encoders not in sync (absEnc=-0.011, motorEncNorm=-0.007, motorEnc=-144.000, angle=51835.937)
globalTracer.verifySwerveSteering_Warn: rbSteer: motor encoders not in sync (absEnc=-0.004, motorEncNorm=-0.005, motorEnc=-108.000, angle=38878.676)
globalTracer.startCompetition_Warn: AUTO_MODE took too long (0.040/0.020)
globalTracer.verifySwerveSteering_Warn: lfSteer: motor encoders not in sync (absEnc=-0.009, motorEncNorm=-0.016, motorEnc=-337.000, angle=121316.843)
globalTracer.verifySwerveSteering_Warn: rfSteer: motor encoders not in sync (absEnc=-0.013, motorEncNorm=-0.016, motorEnc=-340.000, angle=122395.297)
globalTracer.verifySwerveSteering_Warn: lbSteer: motor encoders not in sync (absEnc=-0.011, motorEncNorm=-0.007, motorEnc=-144.000, angle=51835.980)
globalTracer.verifySwerveSteering_Warn: rbSteer: motor encoders not in sync (absEnc=-0.004, motorEncNorm=-0.005, motorEnc=-108.000, angle=38878.495)
globalTracer.verifySwerveSteering_Warn: lfSteer: motor encoders not in sync (absEnc=-0.009, motorEncNorm=-0.016, motorEnc=-337.000, angle=121316.618)
globalTracer.verifySwerveSteering_Warn: rfSteer: motor encoders not in sync (absEnc=-0.013, motorEncNorm=-0.016, motorEnc=-340.000, angle=122395.208)
globalTracer.verifySwerveSteering_Warn: lbSteer: motor encoders not in sync (absEnc=-0.011, motorEncNorm=-0.007, motorEnc=-144.000, angle=51836.024)
globalTracer.verifySwerveSteering_Warn: rbSteer: motor encoders not in sync (absEnc=-0.004, motorEncNorm=-0.005, motorEnc=-108.000, angle=38878.728)
globalTracer.verifySwerveSteering_Warn: lfSteer: motor encoders not in sync (absEnc=-0.009, motorEncNorm=-0.016, motorEnc=-337.000, angle=121316.930)
globalTracer.verifySwerveSteering_Warn: rfSteer: motor encoders not in sync (absEnc=-0.013, motorEncNorm=-0.016, motorEnc=-340.000, angle=122395.180)
globalTracer.verifySwerveSteering_Warn: lbSteer: motor encoders not in sync (absEnc=-0.012, motorEncNorm=-0.007, motorEnc=-144.000, angle=51835.763)
globalTracer.verifySwerveSteering_Warn: rbSteer: motor encoders not in sync (absEnc=-0.004, motorEncNorm=-0.005, motorEnc=-108.000, angle=38878.536)
globalTracer.startCompetition_Warn: AUTO_MODE took too long (0.044/0.020)
globalTracer.verifySwerveSteering_Warn: lfSteer: motor encoders not in sync (absEnc=-0.009, motorEncNorm=-0.016, motorEnc=-337.000, angle=121316.742)
globalTracer.verifySwerveSteering_Warn: rfSteer: motor encoders not in sync (absEnc=-0.013, motorEncNorm=-0.016, motorEnc=-340.000, angle=122395.297)
globalTracer.verifySwerveSteering_Warn: lbSteer: motor encoders not in sync (absEnc=-0.011, motorEncNorm=-0.007, motorEnc=-144.000, angle=51835.893)
globalTracer.verifySwerveSteering_Warn: rbSteer: motor encoders not in sync (absEnc=-0.004, motorEncNorm=-0.005, motorEnc=-108.000, angle=38878.676)
globalTracer.verifySwerveSteering_Warn: lfSteer: motor encoders not in sync (absEnc=-0.009, motorEncNorm=-0.016, motorEnc=-337.000, angle=121316.778)
globalTracer.verifySwerveSteering_Warn: rfSteer: motor encoders not in sync (absEnc=-0.013, motorEncNorm=-0.016, motorEnc=-340.000, angle=122395.295)
globalTracer.verifySwerveSteering_Warn: lbSteer: motor encoders not in sync (absEnc=-0.011, motorEncNorm=-0.007, motorEnc=-145.000, angle=52196.111)
globalTracer.verifySwerveSteering_Warn: rbSteer: motor encoders not in sync (absEnc=-0.004, motorEncNorm=-0.005, motorEnc=-108.000, angle=38878.676)
globalTracer.verifySwerveSteering_Warn: lfSteer: motor encoders not in sync (absEnc=-0.009, motorEncNorm=-0.016, motorEnc=-337.000, angle=121316.829)
globalTracer.verifySwerveSteering_Warn: rfSteer: motor encoders not in sync (absEnc=-0.013, motorEncNorm=-0.016, motorEnc=-340.000, angle=122395.326)
globalTracer.verifySwerveSteering_Warn: lbSteer: motor encoders not in sync (absEnc=-0.011, motorEncNorm=-0.007, motorEnc=-145.000, angle=52195.893)
globalTracer.verifySwerveSteering_Warn: rbSteer: motor encoders not in sync (absEnc=-0.004, motorEncNorm=-0.005, motorEnc=-108.000, angle=38878.408)
globalTracer.verifySwerveSteering_Warn: lfSteer: motor encoders not in sync (absEnc=-0.009, motorEncNorm=-0.016, motorEnc=-337.000, angle=121316.655)
globalTracer.verifySwerveSteering_Warn: rfSteer: motor encoders not in sync (absEnc=-0.013, motorEncNorm=-0.016, motorEnc=-340.000, angle=122395.237)
globalTracer.verifySwerveSteering_Warn: lbSteer: motor encoders not in sync (absEnc=-0.011, motorEncNorm=-0.007, motorEnc=-145.000, angle=52195.893)
globalTracer.verifySwerveSteering_Warn: rbSteer: motor encoders not in sync (absEnc=-0.004, motorEncNorm=-0.005, motorEnc=-108.000, angle=38878.542)
globalTracer.startCompetition_Warn: AUTO_MODE took too long (0.045/0.020)
globalTracer.verifySwerveSteering_Warn: lfSteer: motor encoders not in sync (absEnc=-0.009, motorEncNorm=-0.016, motorEnc=-337.000, angle=121316.756)
globalTracer.verifySwerveSteering_Warn: rfSteer: motor encoders not in sync (absEnc=-0.013, motorEncNorm=-0.016, motorEnc=-340.000, angle=122395.267)
globalTracer.verifySwerveSteering_Warn: lbSteer: motor encoders not in sync (absEnc=-0.011, motorEncNorm=-0.007, motorEnc=-145.000, angle=52196.024)
globalTracer.verifySwerveSteering_Warn: rbSteer: motor encoders not in sync (absEnc=-0.004, motorEncNorm=-0.005, motorEnc=-108.000, angle=38878.589)
globalTracer.verifySwerveSteering_Warn: lfSteer: motor encoders not in sync (absEnc=-0.009, motorEncNorm=-0.016, motorEnc=-337.000, angle=121316.793)
globalTracer.verifySwerveSteering_Warn: rfSteer: motor encoders not in sync (absEnc=-0.013, motorEncNorm=-0.016, motorEnc=-340.000, angle=122395.297)
globalTracer.verifySwerveSteering_Warn: lbSteer: motor encoders not in sync (absEnc=-0.011, motorEncNorm=-0.007, motorEnc=-145.000, angle=52196.024)
globalTracer.verifySwerveSteering_Warn: rbSteer: motor encoders not in sync (absEnc=-0.004, motorEncNorm=-0.005, motorEnc=-108.000, angle=38878.583)
globalTracer.startCompetition_Warn: AUTO_MODE took too long (0.042/0.020)
globalTracer.startCompetition_Info: *** Transitioning from AUTO_MODE to DISABLED_MODE ***
globalTracer.autoAssistCancel_Info: TaskAutoScore: Canceling auto-assist score object.
globalTracer.autoAssistCancel_Info: TaskAutoBalance: Canceling auto-assist balance.
globalTracer.robotStopMode_Info: [15.329] ***** Stop AUTO_MODE *****
globalTracer.FrcRobotBase_Info: ***** Performance Metrics *****
globalTracer.FrcRobotBase_Info: (AUTO_MODE->DISABLED_MODE) Performance Metrics: LoopCount=588
globalTracer.FrcRobotBase_Info: RobotInit=4.405222, PrevModeStopTask=0.010273, PrevStopMode=0.004600, PrevRobotStopMode=0.005095, RobotStartMode=0.073040, startMode=0.022651, startTask=0.000062
globalTracer.FrcRobotBase_Info: PrePeriodicTask(Avg/Max)=0.001475/0.048211
globalTracer.FrcRobotBase_Info: Periodic(Avg/Max)=0.008589/0.104007
globalTracer.FrcRobotBase_Info: postPeriodicTask(Avg/Max)=0.001122/0.078584
globalTracer.FrcRobotBase_Info: Updates(Avg/Max)=0.004584/0.008052
globalTracer.TaskPerformance_Info: TrcWatchdogMgr: STANDALONE_TASK=0.000763/0.989748
globalTracer.TaskPerformance_Info: LED: OUTPUT_TASK=0.000025/0.020307
globalTracer.TaskPerformance_Info: TrcMotor.odometryTask: STANDALONE_TASK=0.000060/0.000083
globalTracer.TaskPerformance_Info: lfDrive.cleanupTask: STOP_TASK=0.000285/7.660513
globalTracer.TaskPerformance_Info: lfWheel.servo.stopTask: STOP_TASK=0.000355/7.660714
globalTracer.TaskPerformance_Info: rfWheel.servo.stopTask: STOP_TASK=0.000030/7.660409
globalTracer.TaskPerformance_Info: lbWheel.servo.stopTask: STOP_TASK=0.000052/7.660406
globalTracer.TaskPerformance_Info: rbWheel.servo.stopTask: STOP_TASK=0.004691/7.660376
globalTracer.TaskPerformance_Info: TrcDriveBase.odometryTask: PRE_PERIODIC_TASK=0.001300/0.025803
globalTracer.TaskPerformance_Info: TrcDriveBase.stopTask: STOP_TASK=0.000319/7.665036
globalTracer.TaskPerformance_Info: purePursuitDrive.driveTask: POST_PERIODIC_TASK=0.003875/0.048395
globalTracer.TaskPerformance_Info: Elevator.pidActuator.pidMotorTask: OUTPUT_TASK=0.000565/0.023625
globalTracer.TaskPerformance_Info: Arm.pidActuator.pidMotorTask: OUTPUT_TASK=0.000420/0.025084
globalTracer.TaskPerformance_Info: Intake.trigger.triggerTask: PRE_PERIODIC_TASK=0.000025/0.020988
globalTracer.TaskPerformance_Info: Grabber.cube.pneumaticTask: OUTPUT_TASK=0.000352/0.018979
globalTracer.TaskPerformance_Info: Grabber.trigger.triggerTask: PRE_PERIODIC_TASK=0.000009/0.020988
globalTracer.TaskPerformance_Info: TaskAutoScore: POST_PERIODIC_TASK=0.000330/0.026122
