globalTracer.robotStartMode_Info: Sun Mar 26 13:10:22 PDT 2023: [0.027] ***** Start AUTO_MODE *****
globalTracer.FrcAuto_Info: <Info name="MatchInfo" date="Sun Mar 26 13:10:22 PDT 2023" event="WASAM" type="Elimination" match=4 replay=1 alliance="Blue" location=2 gameMsg="" />
globalTracer.FrcAuto_Info: <Info name="AutoChoices" alliance="Blue" strategy="AUTO_STARTPOS_2" startPos="1" preloadedObj="CUBE" scoreLevel="2" scoreLocation="MIDDLE" useVision="true" scorePreload="true" doAutoBalance="true" scoreSecondPiece="false" startDelay=0 sec pathFile="DrivePath.csv" xDistance=6.0 ft yDistance=6.0 ft turnDegrees=90 deg driveTime=4 sec drivePower=4.0 />
globalTracer.startCompetition_Warn: AUTO_MODE.prePeriodicTasks took too long (0.065s/0.040s)
globalTracer.CmdAutoStartPos2_Info: [0.197] START: xDist=0.0, tilt=0.370, enteringBalance=null, exitingBalance=null, tiltTriggered=false
globalTracer.setAutoStartOffset_Info: offset=2.500
globalTracer.traceStateInfo_Info: <Event name="StateInfo" time="0.212" tag=">>>>>" CmdAutoStartPos2.state="START" />
globalTracer.startCompetition_Warn: AUTO_MODE took too long (1533190.999/0.020)
globalTracer.CmdAutoStartPos2_Info: [0.245] BACK_UP: xDist=-108.2, tilt=0.370, enteringBalance=null, exitingBalance=null, tiltTriggered=false
globalTracer.start_Info: Path=TrcPath(degrees=true, [TrcWaypoint(pose=(x=-108.2,y=72.5,angle=180.0),vel=0.00), TrcWaypoint(pose=(x=-108.2,y=96.5,angle=180.0),vel=0.00)])
globalTracer.traceStateInfo_Info: <Event name="StateInfo" time="0.286" tag=">>>>>" CmdAutoStartPos2.state="BACK_UP" RobotPose=(x=-108.2,y=72.5,angle=180.0) TargetPose=(x=-108.2,y=96.5,angle=180.0) vel=(x=0.0,y=-0.3,angle=-0.4) Path=TrcPath(degrees=true, [TrcWaypoint(pose=(x=0.0,y=0.0,angle=0.0),vel=0.00), TrcWaypoint(pose=(x=-0.0,y=-24.0,angle=0.0),vel=0.00)]) />
globalTracer.startCompetition_Warn: AUTO_MODE.periodic took too long (0.051s/0.040s)
globalTracer.startCompetition_Warn: AUTO_MODE.postPeriodicTasks took too long (0.062s/0.040s)
globalTracer.startCompetition_Warn: AUTO_MODE took too long (0.134/0.020)
globalTracer.startCompetition_Warn: AUTO_MODE.periodic took too long (0.081s/0.040s)
globalTracer.startCompetition_Warn: AUTO_MODE took too long (0.094/0.020)
globalTracer.TrcPurePursuitDrive.driveTask_Info: Done [index=1/2]: stalled=false, timeout=true, posOnTarget=false, headingOnTarget=true
globalTracer.printPidInfo_Info: [1.106890] purePursuitDrive.xPosPid: Target=-107.9, Input=-108.0, dT=0.050882, CurrErr=   0.1, ErrRate=   0.1, Output= 0.002(-1.000/ 1.000)
globalTracer.printPidInfo_Info: [1.118075] purePursuitDrive.yPosPid: Target=  81.3, Input=  88.9, dT=0.050882, CurrErr=  -7.6, ErrRate=  -1.2, Output=-0.127(-1.000/ 1.000)
globalTracer.printPidInfo_Info: [1.124232] purePursuitDrive.turnPid: Target= 180.0, Input= 179.5, dT=0.050882, CurrErr=   0.5, ErrRate=  -0.4, Output= 0.004(-1.000/ 1.000)
globalTracer.printPidInfo_Info: [1.132591] purePursuitDrive.velPid: Target=   0.0, Input=   0.3, dT=0.000000, CurrErr=  -0.3, ErrRate=   0.0, Output= 0.000(-1.000/ 1.000)
globalTracer.TrcPurePursuitDrive.driveTask_Info: Signal completion event (CmdAutoStartPos2.driveEvent=CLEARED).
globalTracer.startCompetition_Warn: AUTO_MODE.postPeriodicTasks took too long (0.046s/0.040s)
globalTracer.startCompetition_Warn: AUTO_MODE took too long (0.087/0.020)
globalTracer.CmdAutoStartPos2_Info: [1.160] UNTUCK_ARM: xDist=-108.0, tilt=0.290, enteringBalance=null, exitingBalance=null, tiltTriggered=false
globalTracer.traceStateInfo_Info: <Event name="StateInfo" time="1.199" tag=">>>>>" CmdAutoStartPos2.state="UNTUCK_ARM" />
globalTracer.startCompetition_Warn: AUTO_MODE.periodic took too long (0.084s/0.040s)
globalTracer.startCompetition_Warn: AUTO_MODE took too long (0.095/0.020)
globalTracer.startCompetition_Warn: AUTO_MODE took too long (0.040/0.020)
globalTracer.pidMotorTask_Info: TrcPidMotor.Elevator.pidActuator: stalled=false, expired=true, onTarget=false, event=(CmdAutoStartPos2.elevatorEvent=CLEARED)
globalTracer.printPidInfo_Info: [1.679901] Elevator.pidActuator.pidCtrl: Target=  10.0, Input=   6.8, dT=0.020609, CurrErr=   3.2, ErrRate= -14.6, Output= 1.000(-1.000/ 1.000)
globalTracer.CmdAutoStartPos2_Info: [1.704] SCORE_PRELOAD_HIGH: xDist=-108.0, tilt=0.380, enteringBalance=null, exitingBalance=null, tiltTriggered=false
globalTracer.autoAssistScoreObject_Info: TaskAutoScore: objectType=CUBE, scoreLevel=2, scoreLocation=MIDDLE, useVision=false, event=(CmdAutoStartPos2.autoAssistEvent=CLEARED)
globalTracer.acquireSubsystemsOwnership_Info: TaskAutoScore: Successfully acquired subsystem ownerships.
globalTracer.traceStateInfo_Info: <Event name="StateInfo" time="1.731" tag=">>>>>" CmdAutoStartPos2.state="SCORE_PRELOAD_HIGH" />
globalTracer.startCompetition_Warn: AUTO_MODE.periodic took too long (0.054s/0.040s)
globalTracer.traceStateInfo_Info: <Event name="StateInfo" time="1.775" tag=">>>>>" TaskAutoScore.state="START" />
globalTracer.startCompetition_Warn: AUTO_MODE took too long (0.085/0.020)
globalTracer.grabberTriggerCallback_Info: [2.332] active=true
globalTracer.pidMotorTask_Info: TrcPidMotor.Elevator.pidActuator: stalled=false, expired=true, onTarget=false, event=(TaskAutoScore.elevatorEvent=CLEARED)
globalTracer.printPidInfo_Info: [2.782823] Elevator.pidActuator.pidCtrl: Target=  22.0, Input=  21.9, dT=0.020807, CurrErr=   0.1, ErrRate=  -3.5, Output= 0.065(-1.000/ 1.000)
globalTracer.pidMotorTask_Info: TrcPidMotor.Arm.pidActuator: stalled=false, expired=false, onTarget=true, event=(TaskAutoScore.armEvent=CLEARED)
globalTracer.printPidInfo_Info: [3.699999] Arm.pidActuator.pidCtrl: Target=  93.0, Input=  92.3, dT=0.020779, CurrErr=   0.7, ErrRate=   0.0, Output= 0.061(-1.000/ 1.000)
globalTracer.startCompetition_Warn: AUTO_MODE.periodic took too long (0.046s/0.040s)
globalTracer.start_Info: Path=TrcPath(degrees=true, [TrcWaypoint(pose=(x=-108.0,y=89.5,angle=179.7),vel=0.00), TrcWaypoint(pose=(x=-107.9,y=73.5,angle=179.7),vel=0.00)])
globalTracer.traceStateInfo_Info: <Event name="StateInfo" time="3.744" tag=">>>>>" TaskAutoScore.state="DRIVE_TO_SCORING_POS" />
globalTracer.startCompetition_Warn: AUTO_MODE took too long (0.076/0.020)
globalTracer.TrcPurePursuitDrive.driveTask_Info: Done [index=1/2]: stalled=false, timeout=true, posOnTarget=false, headingOnTarget=true
globalTracer.printPidInfo_Info: [4.572709] purePursuitDrive.xPosPid: Target=-108.4, Input=-108.2, dT=0.035052, CurrErr=  -0.3, ErrRate=  -0.0, Output=-0.004(-1.000/ 1.000)
globalTracer.printPidInfo_Info: [4.583187] purePursuitDrive.yPosPid: Target=  83.7, Input=  78.5, dT=0.035054, CurrErr=   5.1, ErrRate=  -5.1, Output= 0.062(-1.000/ 1.000)
globalTracer.printPidInfo_Info: [4.590360] purePursuitDrive.turnPid: Target= 179.7, Input= 180.0, dT=0.035052, CurrErr=  -0.4, ErrRate=  -0.3, Output=-0.003(-1.000/ 1.000)
globalTracer.printPidInfo_Info: [4.597481] purePursuitDrive.velPid: Target=   0.0, Input=   0.0, dT=0.000000, CurrErr=  -0.0, ErrRate=   0.0, Output= 0.000(-1.000/ 1.000)
globalTracer.TrcPurePursuitDrive.driveTask_Info: Signal completion event (TaskAutoScore.driveEvent=CLEARED).
globalTracer.traceStateInfo_Info: <Event name="StateInfo" time="4.615" tag=">>>>>" TaskAutoScore.state="SCORE_OBJECT" />
globalTracer.startCompetition_Warn: AUTO_MODE.postPeriodicTasks took too long (0.061s/0.040s)
globalTracer.startCompetition_Warn: AUTO_MODE took too long (0.085/0.020)
globalTracer.grabberTriggerCallback_Info: [4.733] active=false
globalTracer.start_Info: Path=TrcPath(degrees=true, [TrcWaypoint(pose=(x=-108.2,y=77.6,angle=180.1),vel=0.00), TrcWaypoint(pose=(x=-108.2,y=101.6,angle=180.1),vel=0.00)])
globalTracer.traceStateInfo_Info: <Event name="StateInfo" time="4.895" tag=">>>>>" TaskAutoScore.state="RESET" />
globalTracer.AutoScore Done_Info: Robot thinks it is at:(x=-108.0,y=99.1,angle=180.0)
globalTracer.stopSubsystems_Info: TaskAutoScore: Stopping subsystems.
globalTracer.releaseSubsystemsOwnership_Info: TaskAutoScore: Releasing subsystem ownership (currOwner=TaskAutoScore, robotDrive=TaskAutoScore, elevator=TaskAutoScore, arm=TaskAutoScore).
globalTracer.traceStateInfo_Info: <Event name="StateInfo" time="6.908" tag=">>>>>" TaskAutoScore.state="DONE" />
globalTracer.CmdAutoStartPos2_Info: [6.924] TURN: xDist=-108.0, tilt=0.250, enteringBalance=null, exitingBalance=null, tiltTriggered=false
globalTracer.start_Info: Path=TrcPath(degrees=true, [TrcWaypoint(pose=(x=-108.0,y=99.1,angle=180.0),vel=0.00), TrcWaypoint(pose=(x=-108.0,y=99.1,angle=270.0),vel=0.00)])
globalTracer.traceStateInfo_Info: <Event name="StateInfo" time="6.952" tag=">>>>>" CmdAutoStartPos2.state="TURN" RobotPose=(x=-108.0,y=99.1,angle=180.0) TargetPose=(x=-108.0,y=99.1,angle=270.0) vel=(x=-0.0,y=0.0,angle=0.7) Path=TrcPath(degrees=true, [TrcWaypoint(pose=(x=0.0,y=0.0,angle=0.0),vel=0.00), TrcWaypoint(pose=(x=0.0,y=0.0,angle=90.0),vel=0.00)]) />
globalTracer.startCompetition_Warn: AUTO_MODE took too long (0.041/0.020)
globalTracer.TrcPurePursuitDrive.driveTask_Info: Done [index=1/2]: stalled=false, timeout=true, posOnTarget=false, headingOnTarget=false
globalTracer.printPidInfo_Info: [7.644294] purePursuitDrive.xPosPid: Target=-107.9, Input=-107.1, dT=0.020088, CurrErr=  -0.7, ErrRate=   1.3, Output=-0.007(-1.000/ 1.000)
globalTracer.printPidInfo_Info: [7.658254] purePursuitDrive.yPosPid: Target= 100.8, Input=  99.9, dT=0.020089, CurrErr=   0.9, ErrRate=  -0.7, Output= 0.011(-1.000/ 1.000)
globalTracer.printPidInfo_Info: [7.672739] purePursuitDrive.turnPid: Target= 270.0, Input= 267.4, dT=0.020089, CurrErr=   2.6, ErrRate=  -1.0, Output= 0.022(-1.000/ 1.000)
globalTracer.printPidInfo_Info: [7.680975] purePursuitDrive.velPid: Target=   0.0, Input=   0.0, dT=0.000000, CurrErr=  -0.0, ErrRate=   0.0, Output= 0.000(-1.000/ 1.000)
globalTracer.TrcPurePursuitDrive.driveTask_Info: Signal completion event (CmdAutoStartPos2.driveEvent=CLEARED).
globalTracer.startCompetition_Warn: AUTO_MODE.postPeriodicTasks took too long (0.050s/0.040s)
globalTracer.startCompetition_Warn: AUTO_MODE took too long (0.056/0.020)
globalTracer.CmdAutoStartPos2_Info: [7.705] START_TO_CLIMB: xDist=-107.2, tilt=0.350, enteringBalance=null, exitingBalance=null, tiltTriggered=false
globalTracer.traceStateInfo_Info: <Event name="StateInfo" time="7.714" tag=">>>>>" CmdAutoStartPos2.state="START_TO_CLIMB" />
globalTracer.startCompetition_Warn: AUTO_MODE took too long (0.040/0.020)
globalTracer.CmdAutoStartPos2_Info: [8.226] CLIMB: xDist=-98.4, tilt=-5.280, enteringBalance=null, exitingBalance=TILT_LEFT, tiltTriggered=true
globalTracer.traceStateInfo_Info: <Event name="StateInfo" time="8.238" tag=">>>>>" CmdAutoStartPos2.state="CLIMB" />
globalTracer.CmdAutoStartPos2_Info: [8.364] CLIMB: xDist=-94.5, tilt=-15.830, enteringBalance=null, exitingBalance=null, tiltTriggered=true
globalTracer.traceStateInfo_Info: <Event name="StateInfo" time="8.378" tag=">>>>>" CmdAutoStartPos2.state="CLIMB" />
globalTracer.CmdAutoStartPos2_Info: [8.886] CLIMB: xDist=-81.4, tilt=-14.640, enteringBalance=null, exitingBalance=null, tiltTriggered=true
globalTracer.traceStateInfo_Info: <Event name="StateInfo" time="8.888" tag=">>>>>" CmdAutoStartPos2.state="CLIMB" />
globalTracer.CmdAutoStartPos2_Info: [9.102] CLIMB: xDist=-75.8, tilt=-15.260, enteringBalance=null, exitingBalance=null, tiltTriggered=true
globalTracer.traceStateInfo_Info: <Event name="StateInfo" time="9.112" tag=">>>>>" CmdAutoStartPos2.state="CLIMB" />
globalTracer.CmdAutoStartPos2_Info: [9.164] CLIMB: xDist=-74.0, tilt=-14.780, enteringBalance=null, exitingBalance=null, tiltTriggered=true
globalTracer.traceStateInfo_Info: <Event name="StateInfo" time="9.177" tag=">>>>>" CmdAutoStartPos2.state="CLIMB" />
globalTracer.CmdAutoStartPos2_Info: [9.187] CLIMB: xDist=-73.4, tilt=-15.570, enteringBalance=null, exitingBalance=null, tiltTriggered=true
globalTracer.traceStateInfo_Info: <Event name="StateInfo" time="9.194" tag=">>>>>" CmdAutoStartPos2.state="CLIMB" />
globalTracer.CmdAutoStartPos2_Info: [9.226] CLIMB: xDist=-72.3, tilt=-14.350, enteringBalance=null, exitingBalance=null, tiltTriggered=true
globalTracer.traceStateInfo_Info: <Event name="StateInfo" time="9.228" tag=">>>>>" CmdAutoStartPos2.state="CLIMB" />
globalTracer.CmdAutoStartPos2_Info: [9.799] CLIMB: xDist=-57.7, tilt=-2.250, enteringBalance=TILT_LEFT, exitingBalance=null, tiltTriggered=true
globalTracer.traceStateInfo_Info: <Event name="StateInfo" time="9.813" tag=">>>>>" CmdAutoStartPos2.state="CLIMB" />
globalTracer.CmdAutoStartPos2_Info: [9.900] LEVEL: xDist=-54.8, tilt=5.670, enteringBalance=null, exitingBalance=TILT_RIGHT, tiltTriggered=true
globalTracer.traceStateInfo_Info: <Event name="StateInfo" time="9.914" tag=">>>>>" CmdAutoStartPos2.state="LEVEL" />
globalTracer.CmdAutoStartPos2_Info: [9.960] DESCEND: xDist=-52.9, tilt=15.420, enteringBalance=null, exitingBalance=null, tiltTriggered=true
globalTracer.traceStateInfo_Info: <Event name="StateInfo" time="9.962" tag=">>>>>" CmdAutoStartPos2.state="DESCEND" />
globalTracer.CmdAutoStartPos2_Info: [10.084] DESCEND: xDist=-48.7, tilt=12.700, enteringBalance=null, exitingBalance=null, tiltTriggered=true
globalTracer.traceStateInfo_Info: <Event name="StateInfo" time="10.086" tag=">>>>>" CmdAutoStartPos2.state="DESCEND" />
globalTracer.CmdAutoStartPos2_Info: [10.262] DESCEND: xDist=-41.7, tilt=4.880, enteringBalance=TILT_RIGHT, exitingBalance=null, tiltTriggered=true
globalTracer.traceStateInfo_Info: <Event name="StateInfo" time="10.274" tag=">>>>>" CmdAutoStartPos2.state="DESCEND" />
globalTracer.CmdAutoStartPos2_Info: [10.404] BALANCE: xDist=-36.8, tilt=-0.110, enteringBalance=TILT_RIGHT, exitingBalance=null, tiltTriggered=true
globalTracer.autoAssistBalance_Info: TaskAutoBalance: initSide=OUTSIDE, event=(CmdAutoStartPos2.autoAssistEvent=SIGNALED)
globalTracer.acquireSubsystemOwnership_Info: TaskAutoBalance: Successfully acquired subsystem ownerships.
globalTracer.traceStateInfo_Info: <Event name="StateInfo" time="10.439" tag=">>>>>" CmdAutoStartPos2.state="BALANCE" />
globalTracer.TaskAutoBalance_Info: [10.443] START: xDist=-36.8, tilt=0.390, inBalance=true, leveling=false, tiltTriggered=false
globalTracer.traceStateInfo_Info: <Event name="StateInfo" time="10.457" tag=">>>>>" TaskAutoBalance.state="START" />
globalTracer.startCompetition_Warn: AUTO_MODE took too long (0.063/0.020)
globalTracer.TaskAutoBalance_Info: [11.472] CLIMB: xDist=-32.5, tilt=5.420, inBalance=false, leveling=false, tiltTriggered=true
globalTracer.traceStateInfo_Info: <Event name="StateInfo" time="11.474" tag=">>>>>" TaskAutoBalance.state="CLIMB" />
globalTracer.TaskAutoBalance_Info: [11.694] CLIMB: xDist=-32.4, tilt=15.840, inBalance=false, leveling=false, tiltTriggered=true
globalTracer.traceStateInfo_Info: <Event name="StateInfo" time="11.696" tag=">>>>>" TaskAutoBalance.state="CLIMB" />
globalTracer.TaskAutoBalance_Info: [12.432] CLIMB: xDist=-31.2, tilt=14.700, inBalance=false, leveling=true, tiltTriggered=true
globalTracer.traceStateInfo_Info: <Event name="StateInfo" time="12.445" tag=">>>>>" TaskAutoBalance.state="CLIMB" />
globalTracer.TaskAutoBalance_Info: [13.212] SETTLE: xDist=-28.2, tilt=13.530, inBalance=false, leveling=true, tiltTriggered=true
globalTracer.traceStateInfo_Info: <Event name="StateInfo" time="13.217" tag=">>>>>" TaskAutoBalance.state="SETTLE" />
globalTracer.TaskAutoBalance_Info: [13.483] CHECK: xDist=-28.0, tilt=2.790, inBalance=true, leveling=false, tiltTriggered=true
globalTracer.traceStateInfo_Info: <Event name="StateInfo" time="13.497" tag=">>>>>" TaskAutoBalance.state="CHECK" />
globalTracer.TaskAutoBalance_Info: [13.646] CHECK: xDist=-28.0, tilt=-6.040, inBalance=false, leveling=false, tiltTriggered=true
globalTracer.traceStateInfo_Info: <Event name="StateInfo" time="13.661" tag=">>>>>" TaskAutoBalance.state="CHECK" />
globalTracer.TaskAutoBalance_Info: [14.472] SETTLE: xDist=-28.1, tilt=-4.880, inBalance=true, leveling=false, tiltTriggered=true
globalTracer.traceStateInfo_Info: <Event name="StateInfo" time="14.486" tag=">>>>>" TaskAutoBalance.state="SETTLE" />
globalTracer.TaskAutoBalance_Info: [14.814] CHECK: xDist=-28.1, tilt=5.260, inBalance=false, leveling=false, tiltTriggered=true
globalTracer.traceStateInfo_Info: <Event name="StateInfo" time="14.825" tag=">>>>>" TaskAutoBalance.state="CHECK" />
globalTracer.TaskAutoBalance_Info: [14.934] SETTLE: xDist=-28.0, tilt=4.950, inBalance=true, leveling=false, tiltTriggered=true
globalTracer.traceStateInfo_Info: <Event name="StateInfo" time="14.942" tag=">>>>>" TaskAutoBalance.state="SETTLE" />
globalTracer.startCompetition_Info: *** Transitioning from AUTO_MODE to DISABLED_MODE ***
globalTracer.autoAssistCancel_Info: TaskAutoScore: Canceling auto-assist score object.
globalTracer.autoAssistCancel_Info: TaskAutoBalance: Canceling auto-assist balance.
globalTracer.stopSubsystems_Info: TaskAutoBalance: Stopping subsystems.
globalTracer.releaseSubsystemsOwnership_Info: TaskAutoBalance: Releasing subsystem ownership (currOwner=TaskAutoBalance, robotDrive=TaskAutoBalance).
globalTracer.robotStopMode_Info: [15.380] ***** Stop AUTO_MODE *****
globalTracer.FrcRobotBase_Info: ***** Performance Metrics *****
globalTracer.FrcRobotBase_Info: (AUTO_MODE->DISABLED_MODE) Performance Metrics: LoopCount=715
globalTracer.FrcRobotBase_Info: RobotInit=4.842069, PrevModeStopTask=0.000772, PrevStopMode=0.019679, PrevRobotStopMode=0.003189, RobotStartMode=0.061078, startMode=0.061984, startTask=0.000048
globalTracer.FrcRobotBase_Info: PrePeriodicTask(Avg/Max)=0.001359/0.065180
globalTracer.FrcRobotBase_Info: Periodic(Avg/Max)=0.003223/0.083540
globalTracer.FrcRobotBase_Info: postPeriodicTask(Avg/Max)=0.001404/0.061850
globalTracer.FrcRobotBase_Info: Updates(Avg/Max)=0.003965/0.009106
globalTracer.TaskPerformance_Info: TrcWatchdogMgr: STANDALONE_TASK=0.000912/0.990505
globalTracer.TaskPerformance_Info: LED: OUTPUT_TASK=0.000019/0.020289
globalTracer.TaskPerformance_Info: TrcMotor.odometryTask: STANDALONE_TASK=0.000049/0.000066
globalTracer.TaskPerformance_Info: lfDrive.cleanupTask: STOP_TASK=0.000338/7.682543
globalTracer.TaskPerformance_Info: lfWheel.servo.stopTask: STOP_TASK=0.000340/7.682795
globalTracer.TaskPerformance_Info: rfWheel.servo.stopTask: STOP_TASK=0.000031/7.682495
globalTracer.TaskPerformance_Info: lbWheel.servo.stopTask: STOP_TASK=0.000020/7.682483
globalTracer.TaskPerformance_Info: rbWheel.servo.stopTask: STOP_TASK=0.000020/7.682480
globalTracer.TaskPerformance_Info: TrcDriveBase.odometryTask: PRE_PERIODIC_TASK=0.001189/0.021269
globalTracer.TaskPerformance_Info: TrcDriveBase.stopTask: STOP_TASK=0.000525/7.682477
globalTracer.TaskPerformance_Info: purePursuitDrive.driveTask: POST_PERIODIC_TASK=0.003282/0.035150
globalTracer.TaskPerformance_Info: tiltTrigger.triggerTask: PRE_PERIODIC_TASK=0.000039/0.020119
globalTracer.TaskPerformance_Info: distanceTrigger.triggerTask: PRE_PERIODIC_TASK=0.000042/0.049963
globalTracer.TaskPerformance_Info: Elevator.pidActuator.pidMotorTask: OUTPUT_TASK=0.000555/0.023603
globalTracer.TaskPerformance_Info: Arm.pidActuator.pidMotorTask: OUTPUT_TASK=0.000378/0.025058
globalTracer.TaskPerformance_Info: Intake.trigger.triggerTask: PRE_PERIODIC_TASK=0.000022/0.020076
globalTracer.TaskPerformance_Info: Grabber.cube.pneumaticTask: OUTPUT_TASK=0.000277/0.019060
globalTracer.TaskPerformance_Info: Grabber.trigger.triggerTask: PRE_PERIODIC_TASK=0.000007/0.020076
globalTracer.TaskPerformance_Info: TaskAutoScore: POST_PERIODIC_TASK=0.000414/0.020803
globalTracer.TaskPerformance_Info: TaskAutoBalance: POST_PERIODIC_TASK=0.000586/0.020038
