globalTracer.robotStartMode_Info: Sun Mar 26 14:16:32 PDT 2023: [0.011] ***** Start TELEOP_MODE *****
globalTracer.registerWatchdog_Warn: Watchdog TrcMotor.odometryTask was already registered.
globalTracer.printThreadStack_Info: thread stack: 
java.base/java.lang.Thread.getStackTrace(Unknown Source)
TrcCommonLib.trclib.TrcDbgTrace.printThreadStack(TrcDbgTrace.java:197)
TrcCommonLib.trclib.TrcDbgTrace.printThreadStack(TrcDbgTrace.java:210)
TrcCommonLib.trclib.TrcWatchdogMgr.registerWatchdog(TrcWatchdogMgr.java:274)
TrcCommonLib.trclib.TrcWatchdogMgr.registerWatchdog(TrcWatchdogMgr.java:290)
TrcCommonLib.trclib.TrcPeriodicThread.run(TrcPeriodicThread.java:385)
java.base/java.lang.Thread.run(Unknown Source)
globalTracer.startCompetition_Warn: TELEOP_MODE took too long (0.176/0.020)
globalTracer.setPower_Info: [1.253] owner=null, delay=0.0, leftPower=0.8, rightPower=0.8, duration=0.000, event=null
globalTracer.grabberTriggerCallback_Info: [3.718] active=true
globalTracer.grabberTriggerCallback_Info: [3.817] active=false
globalTracer.grabberTriggerCallback_Info: [3.857] active=true
globalTracer.grabberTriggerCallback_Info: [4.094] active=false
globalTracer.setPower_Info: [4.805] owner=null, delay=0.0, leftPower=0.8, rightPower=0.8, duration=0.000, event=null
globalTracer.intakeTriggerCallback_Info: [8.121] active=true
globalTracer.intakeTriggerCallback_Info: [8.338] active=false
globalTracer.intakeTriggerCallback_Info: [8.656] active=true
globalTracer.autoAssistPickup_Info: TaskAutoPickup: objectType=CONE, useVision=false, pickupOnly=true, event=null
globalTracer.acquireSubsystemsOwnership_Info: TaskAutoPickup: Successfully acquired subsystem ownerships.
globalTracer.traceStateInfo_Info: <Event name="StateInfo" time="8.737" tag=">>>>>" TaskAutoPickup.state="PREP_FOR_PICKUP_ONLY" />
globalTracer.grabberTriggerCallback_Info: [9.076] active=true
globalTracer.pidMotorTask_Info: TrcPidMotor.Arm.pidActuator: stalled=false, expired=false, onTarget=true, event=(TaskAutoPickup.armEvent=CLEARED)
globalTracer.printPidInfo_Info: [10.063137] Arm.pidActuator.pidCtrl: Target=  12.7, Input=  15.8, dT=0.020536, CurrErr=  -3.1, ErrRate=   0.0, Output=-0.056(-1.000/ 1.000)
globalTracer.traceStateInfo_Info: <Event name="StateInfo" time="10.260" tag=">>>>>" TaskAutoPickup.state="PICKUP_OBJECT_PICKUP_ONLY" />
globalTracer.traceStateInfo_Info: <Event name="StateInfo" time="10.533" tag=">>>>>" TaskAutoPickup.state="PREP_FOR_TRAVEL" />
globalTracer.intakeTriggerCallback_Info: [10.691] active=false
globalTracer.autoAssistCancel_Info: TaskAutoPickup: Canceling auto-assist pickup.
globalTracer.stopSubsystems_Info: TaskAutoPickup: Stopping subsystems.
globalTracer.releaseSubsystemsOwnership_Info: TaskAutoPickup: Releasing subsystem ownership (currOwner=TaskAutoPickup, robotDrive=null, elevator=TaskAutoPickup, arm=TaskAutoPickup, intake=TaskAutoPickup).
globalTracer.autoAssistCancel_Info: TaskAutoScore: Canceling auto-assist score object.
globalTracer.startCompetition_Warn: TELEOP_MODE took too long (0.041/0.020)
globalTracer.setPower_Info: [16.524] owner=null, delay=0.0, leftPower=0.8, rightPower=0.8, duration=0.000, event=null
globalTracer.setPower_Info: [17.648] owner=null, delay=0.0, leftPower=0.8, rightPower=0.8, duration=0.000, event=null
globalTracer.intakeTriggerCallback_Info: [18.612] active=true
globalTracer.pidMotorTask_Info: TrcPidMotor.Arm.pidActuator: stalled=false, expired=false, onTarget=true, event=(Arm.pidActuator.releaseOwnership=CLEARED)
globalTracer.printPidInfo_Info: [20.965702] Arm.pidActuator.pidCtrl: Target=  60.0, Input=  58.9, dT=0.020471, CurrErr=   1.1, ErrRate=   0.0, Output= 0.052(-1.000/ 1.000)
globalTracer.autoAssistPickup_Info: TaskAutoPickup: objectType=CONE, useVision=false, pickupOnly=true, event=null
globalTracer.acquireSubsystemsOwnership_Info: TaskAutoPickup: Failed to acquire subsystem ownership.
globalTracer.acquireSubsystemsOwnership_Info: TaskAutoPickup: Failed to acquire subsystem ownership (currOwner=null, robotDrive=null, elevator=FrcTeleOp, arm=null, intake=null).
globalTracer.startAutoTask_Warn: TrcAutoTask.TaskAutoPickup: failed to acquire subsystems ownership.
globalTracer.pidMotorTask_Info: TrcPidMotor.Elevator.pidActuator: stalled=false, expired=true, onTarget=false, event=(Elevator.pidActuator.releaseOwnership=CLEARED)
globalTracer.printPidInfo_Info: [21.458856] Elevator.pidActuator.pidCtrl: Target=   0.0, Input=   0.2, dT=0.020802, CurrErr=  -0.2, ErrRate=   0.0, Output=-0.105(-1.000/ 1.000)
globalTracer.autoAssistCancel_Info: TaskAutoPickup: Canceling auto-assist pickup.
globalTracer.autoAssistCancel_Info: TaskAutoScore: Canceling auto-assist score object.
globalTracer.autoAssistPickup_Info: TaskAutoPickup: objectType=CONE, useVision=false, pickupOnly=true, event=null
globalTracer.acquireSubsystemsOwnership_Info: TaskAutoPickup: Successfully acquired subsystem ownerships.
globalTracer.traceStateInfo_Info: <Event name="StateInfo" time="22.692" tag=">>>>>" TaskAutoPickup.state="PREP_FOR_PICKUP_ONLY" />
globalTracer.grabberTriggerCallback_Info: [22.820] active=false
globalTracer.grabberTriggerCallback_Info: [23.057] active=true
globalTracer.pidMotorTask_Info: TrcPidMotor.Arm.pidActuator: stalled=false, expired=false, onTarget=true, event=(TaskAutoPickup.armEvent=CLEARED)
globalTracer.printPidInfo_Info: [24.085040] Arm.pidActuator.pidCtrl: Target=  12.7, Input=  15.7, dT=0.020553, CurrErr=  -3.0, ErrRate=   0.0, Output=-0.054(-1.000/ 1.000)
globalTracer.traceStateInfo_Info: <Event name="StateInfo" time="24.206" tag=">>>>>" TaskAutoPickup.state="PICKUP_OBJECT_PICKUP_ONLY" />
globalTracer.traceStateInfo_Info: <Event name="StateInfo" time="24.480" tag=">>>>>" TaskAutoPickup.state="PREP_FOR_TRAVEL" />
globalTracer.intakeTriggerCallback_Info: [24.679] active=false
globalTracer.pidMotorTask_Info: TrcPidMotor.Arm.pidActuator: stalled=false, expired=true, onTarget=false, event=(TaskAutoPickup.armEvent=CLEARED)
globalTracer.printPidInfo_Info: [25.481981] Arm.pidActuator.pidCtrl: Target=  35.0, Input=  36.9, dT=0.019660, CurrErr=  -1.9, ErrRate=  -8.9, Output=-0.021(-1.000/ 1.000)
globalTracer.stopSubsystems_Info: TaskAutoPickup: Stopping subsystems.
globalTracer.releaseSubsystemsOwnership_Info: TaskAutoPickup: Releasing subsystem ownership (currOwner=TaskAutoPickup, robotDrive=null, elevator=TaskAutoPickup, arm=TaskAutoPickup, intake=TaskAutoPickup).
globalTracer.traceStateInfo_Info: <Event name="StateInfo" time="25.510" tag=">>>>>" TaskAutoPickup.state="DONE" />
globalTracer.grabberTriggerCallback_Info: [37.389] active=false
globalTracer.pidMotorTask_Info: TrcPidMotor.Arm.pidActuator: stalled=false, expired=true, onTarget=false, event=(Arm.pidActuator.releaseOwnership=CLEARED)
globalTracer.printPidInfo_Info: [39.756876] Arm.pidActuator.pidCtrl: Target=  10.0, Input=  14.2, dT=0.020516, CurrErr=  -4.2, ErrRate=  30.0, Output=-0.078(-1.000/ 1.000)
globalTracer.pidMotorTask_Info: TrcPidMotor.Elevator.pidActuator: stalled=false, expired=true, onTarget=false, event=(Elevator.pidActuator.releaseOwnership=CLEARED)
globalTracer.printPidInfo_Info: [40.270769] Elevator.pidActuator.pidCtrl: Target=  12.0, Input=  12.0, dT=0.020427, CurrErr=  -0.0, ErrRate=   0.0, Output=-0.000(-1.000/ 1.000)
globalTracer.setPower_Info: [43.939] owner=null, delay=0.0, leftPower=0.8, rightPower=0.8, duration=0.000, event=null
globalTracer.pidMotorTask_Info: TrcPidMotor.Arm.pidActuator: stalled=false, expired=false, onTarget=true, event=(Arm.pidActuator.releaseOwnership=CLEARED)
globalTracer.printPidInfo_Info: [44.120164] Arm.pidActuator.pidCtrl: Target=  60.0, Input=  58.4, dT=0.020469, CurrErr=   1.6, ErrRate=   0.0, Output= 0.061(-1.000/ 1.000)
globalTracer.pidMotorTask_Info: TrcPidMotor.Elevator.pidActuator: stalled=false, expired=true, onTarget=false, event=(Elevator.pidActuator.releaseOwnership=CLEARED)
globalTracer.printPidInfo_Info: [44.223464] Elevator.pidActuator.pidCtrl: Target=   0.0, Input=   0.2, dT=0.020426, CurrErr=  -0.2, ErrRate=   0.0, Output=-0.103(-1.000/ 1.000)
globalTracer.intakeTriggerCallback_Info: [48.559] active=true
globalTracer.autoAssistPickup_Info: TaskAutoPickup: objectType=CONE, useVision=false, pickupOnly=true, event=null
globalTracer.acquireSubsystemsOwnership_Info: TaskAutoPickup: Successfully acquired subsystem ownerships.
globalTracer.traceStateInfo_Info: <Event name="StateInfo" time="49.863" tag=">>>>>" TaskAutoPickup.state="PREP_FOR_PICKUP_ONLY" />
globalTracer.grabberTriggerCallback_Info: [50.247] active=true
globalTracer.pidMotorTask_Info: TrcPidMotor.Arm.pidActuator: stalled=false, expired=false, onTarget=true, event=(TaskAutoPickup.armEvent=CLEARED)
globalTracer.printPidInfo_Info: [51.259323] Arm.pidActuator.pidCtrl: Target=  12.7, Input=  15.9, dT=0.020542, CurrErr=  -3.2, ErrRate=   0.0, Output=-0.058(-1.000/ 1.000)
globalTracer.traceStateInfo_Info: <Event name="StateInfo" time="51.381" tag=">>>>>" TaskAutoPickup.state="PICKUP_OBJECT_PICKUP_ONLY" />
globalTracer.traceStateInfo_Info: <Event name="StateInfo" time="51.631" tag=">>>>>" TaskAutoPickup.state="PREP_FOR_TRAVEL" />
globalTracer.intakeTriggerCallback_Info: [51.788] active=false
globalTracer.pidMotorTask_Info: TrcPidMotor.Arm.pidActuator: stalled=false, expired=true, onTarget=false, event=(TaskAutoPickup.armEvent=CLEARED)
globalTracer.printPidInfo_Info: [52.638263] Arm.pidActuator.pidCtrl: Target=  35.0, Input=  35.6, dT=0.020460, CurrErr=  -0.6, ErrRate= -21.5, Output= 0.006(-1.000/ 1.000)
globalTracer.stopSubsystems_Info: TaskAutoPickup: Stopping subsystems.
globalTracer.releaseSubsystemsOwnership_Info: TaskAutoPickup: Releasing subsystem ownership (currOwner=TaskAutoPickup, robotDrive=null, elevator=TaskAutoPickup, arm=TaskAutoPickup, intake=TaskAutoPickup).
globalTracer.traceStateInfo_Info: <Event name="StateInfo" time="52.660" tag=">>>>>" TaskAutoPickup.state="DONE" />
globalTracer.grabberTriggerCallback_Info: [69.926] active=false
globalTracer.pidMotorTask_Info: TrcPidMotor.Arm.pidActuator: stalled=false, expired=true, onTarget=false, event=(Arm.pidActuator.releaseOwnership=CLEARED)
globalTracer.printPidInfo_Info: [72.052860] Arm.pidActuator.pidCtrl: Target=  10.0, Input=   9.8, dT=0.021074, CurrErr=   0.2, ErrRate=  20.9, Output= 0.008(-1.000/ 1.000)
globalTracer.pidMotorTask_Info: TrcPidMotor.Elevator.pidActuator: stalled=false, expired=true, onTarget=false, event=(Elevator.pidActuator.releaseOwnership=CLEARED)
globalTracer.printPidInfo_Info: [72.547433] Elevator.pidActuator.pidCtrl: Target=  12.0, Input=  12.0, dT=0.020365, CurrErr=   0.0, ErrRate=   0.2, Output= 0.004(-1.000/ 1.000)
globalTracer.setPower_Info: [74.830] owner=null, delay=0.0, leftPower=0.8, rightPower=0.8, duration=0.000, event=null
globalTracer.intakeTriggerCallback_Info: [76.087] active=true
globalTracer.intakeTriggerCallback_Info: [78.232] active=false
globalTracer.intakeTriggerCallback_Info: [78.449] active=true
globalTracer.intakeTriggerCallback_Info: [78.547] active=false
globalTracer.intakeTriggerCallback_Info: [78.645] active=true
globalTracer.intakeTriggerCallback_Info: [78.980] active=false
globalTracer.intakeTriggerCallback_Info: [79.020] active=true
globalTracer.intakeTriggerCallback_Info: [79.907] active=false
globalTracer.intakeTriggerCallback_Info: [79.966] active=true
globalTracer.intakeTriggerCallback_Info: [80.656] active=false
globalTracer.intakeTriggerCallback_Info: [80.714] active=true
globalTracer.setPower_Info: [80.912] owner=null, delay=0.0, leftPower=-0.5, rightPower=-0.5, duration=0.000, event=null
globalTracer.intakeTriggerCallback_Info: [81.052] active=false
globalTracer.setPower_Info: [89.545] owner=null, delay=0.0, leftPower=0.8, rightPower=0.8, duration=0.000, event=null
globalTracer.intakeTriggerCallback_Info: [97.781] active=true
globalTracer.intakeTriggerCallback_Info: [98.333] active=false
globalTracer.intakeTriggerCallback_Info: [98.766] active=true
globalTracer.intakeTriggerCallback_Info: [98.785] active=false
globalTracer.intakeTriggerCallback_Info: [98.845] active=true
globalTracer.intakeTriggerCallback_Info: [98.906] active=false
globalTracer.intakeTriggerCallback_Info: [98.926] active=true
globalTracer.intakeTriggerCallback_Info: [100.023] active=false
globalTracer.intakeTriggerCallback_Info: [100.061] active=true
globalTracer.intakeTriggerCallback_Info: [101.845] active=false
globalTracer.intakeTriggerCallback_Info: [101.865] active=true
globalTracer.intakeTriggerCallback_Info: [103.397] active=false
globalTracer.intakeTriggerCallback_Info: [103.436] active=true
globalTracer.setPower_Info: [107.835] owner=null, delay=0.0, leftPower=-0.5, rightPower=-0.5, duration=0.000, event=null
globalTracer.intakeTriggerCallback_Info: [108.013] active=false
globalTracer.startCompetition_Warn: TELEOP_MODE.periodic took too long (0.513s/0.040s)
globalTracer.startCompetition_Warn: TELEOP_MODE took too long (0.521/0.020)
globalTracer.startCompetition_Info: *** Transitioning from TELEOP_MODE to DISABLED_MODE ***
globalTracer.robotStopMode_Info: [135.348] ***** Stop TELEOP_MODE *****
globalTracer.FrcRobotBase_Info: ***** Performance Metrics *****
globalTracer.FrcRobotBase_Info: (TELEOP_MODE->DISABLED_MODE) Performance Metrics: LoopCount=6838
globalTracer.FrcRobotBase_Info: RobotInit=4.585033, PrevModeStopTask=0.003832, PrevStopMode=0.000304, PrevRobotStopMode=0.007638, RobotStartMode=0.033005, startMode=0.097760, startTask=0.000064
globalTracer.FrcRobotBase_Info: PrePeriodicTask(Avg/Max)=0.000760/0.017961
globalTracer.FrcRobotBase_Info: Periodic(Avg/Max)=0.001393/0.512585
globalTracer.FrcRobotBase_Info: postPeriodicTask(Avg/Max)=0.000096/0.011554
globalTracer.FrcRobotBase_Info: Updates(Avg/Max)=0.003296/0.011467
globalTracer.TaskPerformance_Info: TrcWatchdogMgr: STANDALONE_TASK=0.000307/0.996799
globalTracer.TaskPerformance_Info: DriverController.buttonEvent: PRE_PERIODIC_TASK=0.000011/0.019771
globalTracer.TaskPerformance_Info: operatorStick.buttonEvent: PRE_PERIODIC_TASK=0.000012/0.019770
globalTracer.TaskPerformance_Info: buttonPanel.buttonEvent: PRE_PERIODIC_TASK=0.000015/0.019770
globalTracer.TaskPerformance_Info: switchPanel.buttonEvent: PRE_PERIODIC_TASK=0.000004/0.019770
globalTracer.TaskPerformance_Info: LED: OUTPUT_TASK=0.000026/0.020414
globalTracer.TaskPerformance_Info: TrcMotor.odometryTask: STANDALONE_TASK=0.000058/0.000074
globalTracer.TaskPerformance_Info: lfDrive.cleanupTask: STOP_TASK=0.000737/38.376006
globalTracer.TaskPerformance_Info: lfWheel.servo.stopTask: STOP_TASK=0.000222/38.375971
globalTracer.TaskPerformance_Info: rfWheel.servo.stopTask: STOP_TASK=0.000024/38.375794
globalTracer.TaskPerformance_Info: lbWheel.servo.stopTask: STOP_TASK=0.000020/38.375789
globalTracer.TaskPerformance_Info: rbWheel.servo.stopTask: STOP_TASK=0.000020/38.375788
globalTracer.TaskPerformance_Info: TrcDriveBase.odometryTask: PRE_PERIODIC_TASK=0.000521/0.020315
globalTracer.TaskPerformance_Info: TrcDriveBase.stopTask: STOP_TASK=0.000175/38.375786
globalTracer.TaskPerformance_Info: purePursuitDrive.driveTask: POST_PERIODIC_TASK=0.003668/0.035166
globalTracer.TaskPerformance_Info: tiltTrigger.triggerTask: PRE_PERIODIC_TASK=0.000019/0.019856
globalTracer.TaskPerformance_Info: distanceTrigger.triggerTask: PRE_PERIODIC_TASK=0.000044/0.048067
globalTracer.TaskPerformance_Info: Elevator.pidActuator.pidMotorTask: OUTPUT_TASK=0.000236/0.023041
globalTracer.TaskPerformance_Info: Elevator.pidActuator.stopMotorTask: STOP_TASK=0.003249/0.000000
globalTracer.TaskPerformance_Info: Arm.pidActuator.pidMotorTask: OUTPUT_TASK=0.000182/0.023206
globalTracer.TaskPerformance_Info: Arm.pidActuator.stopMotorTask: STOP_TASK=0.000250/0.000000
globalTracer.TaskPerformance_Info: Intake.trigger.triggerTask: PRE_PERIODIC_TASK=0.000022/0.019917
globalTracer.TaskPerformance_Info: Grabber.cone.pneumaticTask: OUTPUT_TASK=0.000051/1.060569
globalTracer.TaskPerformance_Info: Grabber.cube.pneumaticTask: OUTPUT_TASK=0.000249/0.019182
globalTracer.TaskPerformance_Info: Grabber.trigger.triggerTask: PRE_PERIODIC_TASK=0.000007/0.019917
globalTracer.TaskPerformance_Info: TaskAutoScore: POST_PERIODIC_TASK=0.000433/0.021110
globalTracer.TaskPerformance_Info: TaskAutoPickup: POST_PERIODIC_TASK=0.000155/0.104829
globalTracer.TaskPerformance_Info: TaskAutoBalance: POST_PERIODIC_TASK=0.000724/0.019944
globalTracer.TaskPerformance_Info: elevatorTrigger.triggerTask: PRE_PERIODIC_TASK=0.000079/0.019770
