globalTracer.robotStartMode_Info: Sat Mar 25 18:54:55 PDT 2023: [0.005] ***** Start TELEOP_MODE *****
globalTracer.registerWatchdog_Warn: Watchdog TrcMotor.odometryTask was already registered.
globalTracer.printThreadStack_Info: thread stack: 
java.base/java.lang.Thread.getStackTrace(Unknown Source)
TrcCommonLib.trclib.TrcDbgTrace.printThreadStack(TrcDbgTrace.java:197)
TrcCommonLib.trclib.TrcDbgTrace.printThreadStack(TrcDbgTrace.java:210)
TrcCommonLib.trclib.TrcWatchdogMgr.registerWatchdog(TrcWatchdogMgr.java:274)
TrcCommonLib.trclib.TrcWatchdogMgr.registerWatchdog(TrcWatchdogMgr.java:290)
TrcCommonLib.trclib.TrcPeriodicThread.run(TrcPeriodicThread.java:385)
java.base/java.lang.Thread.run(Unknown Source)
globalTracer.startCompetition_Warn: TELEOP_MODE took too long (0.129/0.020)
globalTracer.setPower_Info: [3.785] owner=null, delay=0.0, leftPower=0.8, rightPower=0.8, duration=0.000, event=null
globalTracer.intakeTriggerCallback_Info: [4.574] active=true
globalTracer.autoAssistPickup_Info: TaskAutoPickup: objectType=CONE, useVision=false, pickupOnly=true, event=null
globalTracer.acquireSubsystemsOwnership_Info: TaskAutoPickup: Successfully acquired subsystem ownerships.
globalTracer.traceStateInfo_Info: <Event name="StateInfo" time="5.359" tag=">>>>>" TaskAutoPickup.state="PREP_FOR_PICKUP_ONLY" />
globalTracer.startCompetition_Warn: TELEOP_MODE took too long (0.047/0.020)
globalTracer.grabberTriggerCallback_Info: [5.820] active=true
globalTracer.pidMotorTask_Info: TrcPidMotor.Arm.pidActuator: stalled=false, expired=false, onTarget=true, event=(TaskAutoPickup.armEvent=CLEARED)
globalTracer.printPidInfo_Info: [6.857044] Arm.pidActuator.pidCtrl: Target=  12.7, Input=  14.9, dT=0.020508, CurrErr=  -2.2, ErrRate=   0.0, Output=-0.039(-1.000/ 1.000)
globalTracer.traceStateInfo_Info: <Event name="StateInfo" time="6.880" tag=">>>>>" TaskAutoPickup.state="PICKUP_OBJECT_PICKUP_ONLY" />
globalTracer.traceStateInfo_Info: <Event name="StateInfo" time="7.147" tag=">>>>>" TaskAutoPickup.state="PREP_FOR_TRAVEL" />
globalTracer.intakeTriggerCallback_Info: [7.362] active=false
globalTracer.pidMotorTask_Info: TrcPidMotor.Arm.pidActuator: stalled=false, expired=true, onTarget=false, event=(TaskAutoPickup.armEvent=CLEARED)
globalTracer.printPidInfo_Info: [8.156800] Arm.pidActuator.pidCtrl: Target=  30.0, Input=  28.0, dT=0.020476, CurrErr=   2.0, ErrRate=   8.6, Output= 0.054(-1.000/ 1.000)
globalTracer.stopSubsystems_Info: TaskAutoPickup: Stopping subsystems.
globalTracer.releaseSubsystemsOwnership_Info: TaskAutoPickup: Releasing subsystem ownership (currOwner=TaskAutoPickup, robotDrive=null, elevator=TaskAutoPickup, arm=TaskAutoPickup, intake=TaskAutoPickup).
globalTracer.traceStateInfo_Info: <Event name="StateInfo" time="8.181" tag=">>>>>" TaskAutoPickup.state="DONE" />
globalTracer.grabberTriggerCallback_Info: [16.042] active=false
globalTracer.grabberTriggerCallback_Info: [16.357] active=true
globalTracer.grabberTriggerCallback_Info: [16.573] active=false
globalTracer.pidMotorTask_Info: TrcPidMotor.Arm.pidActuator: stalled=false, expired=false, onTarget=true, event=(Arm.pidActuator.releaseOwnership=CLEARED)
globalTracer.printPidInfo_Info: [18.514789] Arm.pidActuator.pidCtrl: Target=  10.0, Input=  12.9, dT=0.020511, CurrErr=  -2.9, ErrRate=   4.3, Output=-0.053(-1.000/ 1.000)
globalTracer.pidMotorTask_Info: TrcPidMotor.Elevator.pidActuator: stalled=false, expired=true, onTarget=false, event=(Elevator.pidActuator.releaseOwnership=CLEARED)
globalTracer.printPidInfo_Info: [18.555853] Elevator.pidActuator.pidCtrl: Target=  10.0, Input=  10.0, dT=0.020411, CurrErr=  -0.0, ErrRate=   0.0, Output=-0.006(-1.000/ 1.000)
globalTracer.setPower_Info: [20.645] owner=null, delay=0.0, leftPower=0.8, rightPower=0.8, duration=0.000, event=null
globalTracer.setPower_Info: [22.354] owner=null, delay=0.0, leftPower=0.8, rightPower=0.8, duration=0.000, event=null
globalTracer.setPower_Info: [23.359] owner=null, delay=0.0, leftPower=-0.5, rightPower=-0.5, duration=0.000, event=null
globalTracer.setPower_Info: [24.655] owner=null, delay=0.0, leftPower=0.8, rightPower=0.8, duration=0.000, event=null
globalTracer.intakeTriggerCallback_Info: [26.368] active=true
globalTracer.intakeTriggerCallback_Info: [26.447] active=false
globalTracer.autoAssistPickup_Info: TaskAutoPickup: objectType=CONE, useVision=false, pickupOnly=true, event=null
globalTracer.acquireSubsystemsOwnership_Info: TaskAutoPickup: Successfully acquired subsystem ownerships.
globalTracer.traceStateInfo_Info: <Event name="StateInfo" time="27.022" tag=">>>>>" TaskAutoPickup.state="PREP_FOR_PICKUP_ONLY" />
globalTracer.intakeTriggerCallback_Info: [27.352] active=true
globalTracer.grabberTriggerCallback_Info: [27.391] active=true
globalTracer.pidMotorTask_Info: TrcPidMotor.Arm.pidActuator: stalled=false, expired=false, onTarget=true, event=(TaskAutoPickup.armEvent=CLEARED)
globalTracer.printPidInfo_Info: [28.028786] Arm.pidActuator.pidCtrl: Target=  12.7, Input=  14.2, dT=0.020722, CurrErr=  -1.5, ErrRate=   0.0, Output=-0.023(-1.000/ 1.000)
globalTracer.traceStateInfo_Info: <Event name="StateInfo" time="28.535" tag=">>>>>" TaskAutoPickup.state="PICKUP_OBJECT_PICKUP_ONLY" />
globalTracer.traceStateInfo_Info: <Event name="StateInfo" time="28.792" tag=">>>>>" TaskAutoPickup.state="PREP_FOR_TRAVEL" />
globalTracer.intakeTriggerCallback_Info: [29.008] active=false
globalTracer.autoAssistCancel_Info: TaskAutoPickup: Canceling auto-assist pickup.
globalTracer.stopSubsystems_Info: TaskAutoPickup: Stopping subsystems.
globalTracer.releaseSubsystemsOwnership_Info: TaskAutoPickup: Releasing subsystem ownership (currOwner=TaskAutoPickup, robotDrive=null, elevator=TaskAutoPickup, arm=TaskAutoPickup, intake=TaskAutoPickup).
globalTracer.autoAssistCancel_Info: TaskAutoScore: Canceling auto-assist score object.
globalTracer.pidMotorTask_Info: TrcPidMotor.Elevator.pidActuator: stalled=false, expired=true, onTarget=false, event=(Elevator.pidActuator.releaseOwnership=CLEARED)
globalTracer.printPidInfo_Info: [46.500257] Elevator.pidActuator.pidCtrl: Target=  10.0, Input=  10.0, dT=0.020501, CurrErr=  -0.0, ErrRate=   0.0, Output=-0.006(-1.000/ 1.000)
globalTracer.pidMotorTask_Info: TrcPidMotor.Arm.pidActuator: stalled=false, expired=true, onTarget=false, event=(Arm.pidActuator.releaseOwnership=CLEARED)
globalTracer.printPidInfo_Info: [46.508258] Arm.pidActuator.pidCtrl: Target=  10.0, Input=  10.8, dT=0.026371, CurrErr=  -0.8, ErrRate=  93.3, Output=-0.011(-1.000/ 1.000)
globalTracer.setPower_Info: [51.599] owner=null, delay=0.0, leftPower=0.8, rightPower=0.8, duration=0.000, event=null
globalTracer.autoAssistPickup_Info: TaskAutoPickup: objectType=CONE, useVision=false, pickupOnly=true, event=null
globalTracer.acquireSubsystemsOwnership_Info: TaskAutoPickup: Successfully acquired subsystem ownerships.
globalTracer.traceStateInfo_Info: <Event name="StateInfo" time="55.809" tag=">>>>>" TaskAutoPickup.state="PREP_FOR_PICKUP_ONLY" />
globalTracer.grabberTriggerCallback_Info: [55.953] active=false
globalTracer.intakeTriggerCallback_Info: [56.248] active=true
globalTracer.pidMotorTask_Info: TrcPidMotor.Arm.pidActuator: stalled=false, expired=false, onTarget=true, event=(TaskAutoPickup.armEvent=CLEARED)
globalTracer.printPidInfo_Info: [56.823257] Arm.pidActuator.pidCtrl: Target=  12.7, Input=  13.7, dT=0.020499, CurrErr=  -1.0, ErrRate=   0.0, Output=-0.014(-1.000/ 1.000)
globalTracer.intakeTriggerCallback_Info: [57.290] active=false
globalTracer.traceStateInfo_Info: <Event name="StateInfo" time="57.335" tag=">>>>>" TaskAutoPickup.state="PICKUP_OBJECT_PICKUP_ONLY" />
globalTracer.intakeTriggerCallback_Info: [57.428] active=true
globalTracer.grabberTriggerCallback_Info: [57.527] active=true
globalTracer.traceStateInfo_Info: <Event name="StateInfo" time="57.586" tag=">>>>>" TaskAutoPickup.state="PREP_FOR_TRAVEL" />
globalTracer.intakeTriggerCallback_Info: [57.606] active=false
globalTracer.pidMotorTask_Info: TrcPidMotor.Arm.pidActuator: stalled=false, expired=true, onTarget=false, event=(TaskAutoPickup.armEvent=CLEARED)
globalTracer.printPidInfo_Info: [58.592379] Arm.pidActuator.pidCtrl: Target=  30.0, Input=  25.8, dT=0.020600, CurrErr=   4.2, ErrRate=   0.0, Output= 0.098(-1.000/ 1.000)
globalTracer.stopSubsystems_Info: TaskAutoPickup: Stopping subsystems.
globalTracer.releaseSubsystemsOwnership_Info: TaskAutoPickup: Releasing subsystem ownership (currOwner=TaskAutoPickup, robotDrive=null, elevator=TaskAutoPickup, arm=TaskAutoPickup, intake=TaskAutoPickup).
globalTracer.traceStateInfo_Info: <Event name="StateInfo" time="58.613" tag=">>>>>" TaskAutoPickup.state="DONE" />
globalTracer.intakeTriggerCallback_Info: [59.181] active=true
globalTracer.intakeTriggerCallback_Info: [59.221] active=false
globalTracer.intakeTriggerCallback_Info: [59.260] active=true
globalTracer.intakeTriggerCallback_Info: [59.280] active=false
globalTracer.pidMotorTask_Info: TrcPidMotor.Arm.pidActuator: stalled=false, expired=false, onTarget=true, event=(Arm.pidActuator.releaseOwnership=CLEARED)
globalTracer.printPidInfo_Info: [60.115347] Arm.pidActuator.pidCtrl: Target=  10.0, Input=   8.4, dT=0.020492, CurrErr=   1.6, ErrRate= -34.3, Output= 0.038(-1.000/ 1.000)
globalTracer.pidMotorTask_Info: TrcPidMotor.Elevator.pidActuator: stalled=false, expired=true, onTarget=false, event=(Elevator.pidActuator.releaseOwnership=CLEARED)
globalTracer.printPidInfo_Info: [60.383918] Elevator.pidActuator.pidCtrl: Target=  10.0, Input=  10.0, dT=0.020482, CurrErr=   0.0, ErrRate=   0.0, Output= 0.010(-1.000/ 1.000)
globalTracer.setPower_Info: [63.179] owner=null, delay=0.0, leftPower=0.8, rightPower=0.8, duration=0.000, event=null
globalTracer.setPower_Info: [66.835] owner=null, delay=0.0, leftPower=0.8, rightPower=0.8, duration=0.000, event=null
globalTracer.intakeTriggerCallback_Info: [70.928] active=true
globalTracer.autoAssistPickup_Info: TaskAutoPickup: objectType=CONE, useVision=false, pickupOnly=true, event=null
globalTracer.acquireSubsystemsOwnership_Info: TaskAutoPickup: Successfully acquired subsystem ownerships.
globalTracer.traceStateInfo_Info: <Event name="StateInfo" time="71.915" tag=">>>>>" TaskAutoPickup.state="PREP_FOR_PICKUP_ONLY" />
globalTracer.grabberTriggerCallback_Info: [72.031] active=false
globalTracer.grabberTriggerCallback_Info: [72.324] active=true
globalTracer.pidMotorTask_Info: TrcPidMotor.Arm.pidActuator: stalled=false, expired=false, onTarget=true, event=(TaskAutoPickup.armEvent=CLEARED)
globalTracer.printPidInfo_Info: [72.926666] Arm.pidActuator.pidCtrl: Target=  12.7, Input=  14.9, dT=0.020743, CurrErr=  -2.2, ErrRate=   0.0, Output=-0.039(-1.000/ 1.000)
globalTracer.traceStateInfo_Info: <Event name="StateInfo" time="73.429" tag=">>>>>" TaskAutoPickup.state="PICKUP_OBJECT_PICKUP_ONLY" />
globalTracer.traceStateInfo_Info: <Event name="StateInfo" time="73.705" tag=">>>>>" TaskAutoPickup.state="PREP_FOR_TRAVEL" />
globalTracer.intakeTriggerCallback_Info: [73.902] active=false
globalTracer.pidMotorTask_Info: TrcPidMotor.Arm.pidActuator: stalled=false, expired=true, onTarget=false, event=(TaskAutoPickup.armEvent=CLEARED)
globalTracer.printPidInfo_Info: [74.722043] Arm.pidActuator.pidCtrl: Target=  30.0, Input=  26.4, dT=0.020616, CurrErr=   3.6, ErrRate=   0.0, Output= 0.088(-1.000/ 1.000)
globalTracer.stopSubsystems_Info: TaskAutoPickup: Stopping subsystems.
globalTracer.releaseSubsystemsOwnership_Info: TaskAutoPickup: Releasing subsystem ownership (currOwner=TaskAutoPickup, robotDrive=null, elevator=TaskAutoPickup, arm=TaskAutoPickup, intake=TaskAutoPickup).
globalTracer.traceStateInfo_Info: <Event name="StateInfo" time="74.748" tag=">>>>>" TaskAutoPickup.state="DONE" />
globalTracer.autoAssistCancel_Info: TaskAutoPickup: Canceling auto-assist pickup.
globalTracer.autoAssistCancel_Info: TaskAutoScore: Canceling auto-assist score object.
globalTracer.isMotorStalled_Info: TrcPidMotor.Elevator.pidActuator: stalled
globalTracer.grabberTriggerCallback_Info: [91.569] active=false
globalTracer.grabberTriggerCallback_Info: [91.586] active=true
globalTracer.grabberTriggerCallback_Info: [91.841] active=false
globalTracer.grabberTriggerCallback_Info: [91.920] active=true
globalTracer.grabberTriggerCallback_Info: [92.312] active=false
globalTracer.pidMotorTask_Info: TrcPidMotor.Elevator.pidActuator: stalled=false, expired=true, onTarget=false, event=(Elevator.pidActuator.releaseOwnership=CLEARED)
globalTracer.printPidInfo_Info: [94.130868] Elevator.pidActuator.pidCtrl: Target=  10.0, Input=  10.0, dT=0.020522, CurrErr=  -0.0, ErrRate=   0.0, Output=-0.011(-1.000/ 1.000)
globalTracer.pidMotorTask_Info: TrcPidMotor.Arm.pidActuator: stalled=false, expired=true, onTarget=false, event=(Arm.pidActuator.releaseOwnership=CLEARED)
globalTracer.printPidInfo_Info: [94.142651] Arm.pidActuator.pidCtrl: Target=  10.0, Input=  12.5, dT=0.028755, CurrErr=  -2.5, ErrRate=   3.1, Output=-0.045(-1.000/ 1.000)
globalTracer.setPower_Info: [96.995] owner=null, delay=0.0, leftPower=0.8, rightPower=0.8, duration=0.000, event=null
globalTracer.intakeTriggerCallback_Info: [98.826] active=true
globalTracer.intakeTriggerCallback_Info: [99.594] active=false
globalTracer.intakeTriggerCallback_Info: [99.614] active=true
globalTracer.pidMotorTask_Info: TrcPidMotor.Elevator.pidActuator: stalled=false, expired=true, onTarget=false, event=(Elevator.pidActuator.releaseOwnership=CLEARED)
globalTracer.printPidInfo_Info: [101.228764] Elevator.pidActuator.pidCtrl: Target=   0.0, Input=   0.2, dT=0.020489, CurrErr=  -0.2, ErrRate=   0.0, Output=-0.082(-1.000/ 1.000)
globalTracer.grabberTriggerCallback_Info: [101.486] active=true
globalTracer.autoAssistCancel_Info: TaskAutoPickup: Canceling auto-assist pickup.
globalTracer.autoAssistCancel_Info: TaskAutoScore: Canceling auto-assist score object.
globalTracer.intakeTriggerCallback_Info: [102.901] active=false
globalTracer.grabberTriggerCallback_Info: [106.368] active=false
globalTracer.pidMotorTask_Info: TrcPidMotor.Elevator.pidActuator: stalled=false, expired=true, onTarget=false, event=(Elevator.pidActuator.releaseOwnership=CLEARED)
globalTracer.printPidInfo_Info: [109.500983] Elevator.pidActuator.pidCtrl: Target=  10.0, Input=  10.0, dT=0.020483, CurrErr=   0.0, ErrRate=   0.0, Output= 0.004(-1.000/ 1.000)
globalTracer.pidMotorTask_Info: TrcPidMotor.Arm.pidActuator: stalled=false, expired=true, onTarget=false, event=(Arm.pidActuator.releaseOwnership=CLEARED)
globalTracer.printPidInfo_Info: [109.507161] Arm.pidActuator.pidCtrl: Target=  10.0, Input=  13.0, dT=0.025277, CurrErr=  -3.0, ErrRate= -41.7, Output=-0.055(-1.000/ 1.000)
globalTracer.setPower_Info: [114.361] owner=null, delay=0.0, leftPower=0.8, rightPower=0.8, duration=0.000, event=null
globalTracer.intakeTriggerCallback_Info: [116.469] active=true
globalTracer.autoAssistPickup_Info: TaskAutoPickup: objectType=CONE, useVision=false, pickupOnly=true, event=null
globalTracer.acquireSubsystemsOwnership_Info: TaskAutoPickup: Successfully acquired subsystem ownerships.
globalTracer.traceStateInfo_Info: <Event name="StateInfo" time="116.677" tag=">>>>>" TaskAutoPickup.state="PREP_FOR_PICKUP_ONLY" />
globalTracer.grabberTriggerCallback_Info: [117.118] active=true
globalTracer.pidMotorTask_Info: TrcPidMotor.Arm.pidActuator: stalled=false, expired=false, onTarget=true, event=(TaskAutoPickup.armEvent=CLEARED)
globalTracer.printPidInfo_Info: [117.679944] Arm.pidActuator.pidCtrl: Target=  12.7, Input=  14.2, dT=0.020915, CurrErr=  -1.5, ErrRate=   0.0, Output=-0.024(-1.000/ 1.000)
globalTracer.traceStateInfo_Info: <Event name="StateInfo" time="118.179" tag=">>>>>" TaskAutoPickup.state="PICKUP_OBJECT_PICKUP_ONLY" />
globalTracer.traceStateInfo_Info: <Event name="StateInfo" time="118.457" tag=">>>>>" TaskAutoPickup.state="PREP_FOR_TRAVEL" />
globalTracer.intakeTriggerCallback_Info: [118.690] active=false
globalTracer.pidMotorTask_Info: TrcPidMotor.Arm.pidActuator: stalled=false, expired=true, onTarget=false, event=(TaskAutoPickup.armEvent=CLEARED)
globalTracer.printPidInfo_Info: [119.471763] Arm.pidActuator.pidCtrl: Target=  30.0, Input=  27.9, dT=0.020608, CurrErr=   2.1, ErrRate=  -4.3, Output= 0.058(-1.000/ 1.000)
globalTracer.stopSubsystems_Info: TaskAutoPickup: Stopping subsystems.
globalTracer.releaseSubsystemsOwnership_Info: TaskAutoPickup: Releasing subsystem ownership (currOwner=TaskAutoPickup, robotDrive=null, elevator=TaskAutoPickup, arm=TaskAutoPickup, intake=TaskAutoPickup).
globalTracer.traceStateInfo_Info: <Event name="StateInfo" time="119.482" tag=">>>>>" TaskAutoPickup.state="DONE" />
globalTracer.intakeTriggerCallback_Info: [120.814] active=true
globalTracer.intakeTriggerCallback_Info: [121.053] active=false
globalTracer.pidMotorTask_Info: TrcPidMotor.Elevator.pidActuator: stalled=false, expired=true, onTarget=false, event=(Elevator.pidActuator.releaseOwnership=CLEARED)
globalTracer.printPidInfo_Info: [124.245325] Elevator.pidActuator.pidCtrl: Target=  10.0, Input=  10.0, dT=0.020689, CurrErr=   0.0, ErrRate=   0.0, Output= 0.000(-1.000/ 1.000)
globalTracer.pidMotorTask_Info: TrcPidMotor.Arm.pidActuator: stalled=false, expired=true, onTarget=false, event=(Arm.pidActuator.releaseOwnership=CLEARED)
globalTracer.printPidInfo_Info: [124.257361] Arm.pidActuator.pidCtrl: Target=  10.0, Input=  13.9, dT=0.030543, CurrErr=  -3.9, ErrRate=  -2.9, Output=-0.073(-1.000/ 1.000)
globalTracer.startCompetition_Warn: TELEOP_MODE.periodic took too long (0.548s/0.040s)
globalTracer.startCompetition_Warn: TELEOP_MODE took too long (0.559/0.020)
globalTracer.startCompetition_Info: *** Transitioning from TELEOP_MODE to DISABLED_MODE ***
globalTracer.robotStopMode_Info: [135.332] ***** Stop TELEOP_MODE *****
globalTracer.FrcRobotBase_Info: ***** Performance Metrics *****
globalTracer.FrcRobotBase_Info: (TELEOP_MODE->DISABLED_MODE) Performance Metrics: LoopCount=6838
globalTracer.FrcRobotBase_Info: RobotInit=4.840892, PrevModeStopTask=0.001902, PrevStopMode=0.000437, PrevRobotStopMode=0.001357, RobotStartMode=0.021563, startMode=0.078825, startTask=0.000068
globalTracer.FrcRobotBase_Info: PrePeriodicTask(Avg/Max)=0.000776/0.026080
globalTracer.FrcRobotBase_Info: Periodic(Avg/Max)=0.001395/0.548400
globalTracer.FrcRobotBase_Info: postPeriodicTask(Avg/Max)=0.000110/0.014062
globalTracer.FrcRobotBase_Info: Updates(Avg/Max)=0.003242/0.007832
globalTracer.TaskPerformance_Info: TrcWatchdogMgr: STANDALONE_TASK=0.000191/0.997892
globalTracer.TaskPerformance_Info: DriverController.buttonEvent: PRE_PERIODIC_TASK=0.000010/0.019773
globalTracer.TaskPerformance_Info: operatorStick.buttonEvent: PRE_PERIODIC_TASK=0.000014/0.019773
globalTracer.TaskPerformance_Info: buttonPanel.buttonEvent: PRE_PERIODIC_TASK=0.000022/0.019773
globalTracer.TaskPerformance_Info: switchPanel.buttonEvent: PRE_PERIODIC_TASK=0.000004/0.019773
globalTracer.TaskPerformance_Info: LED: OUTPUT_TASK=0.000021/0.020351
globalTracer.TaskPerformance_Info: TrcMotor.odometryTask: STANDALONE_TASK=0.000058/0.000074
globalTracer.TaskPerformance_Info: lfDrive.cleanupTask: STOP_TASK=0.000228/38.364105
globalTracer.TaskPerformance_Info: lfWheel.servo.stopTask: STOP_TASK=0.000588/38.364094
globalTracer.TaskPerformance_Info: rfWheel.servo.stopTask: STOP_TASK=0.000031/38.363873
globalTracer.TaskPerformance_Info: lbWheel.servo.stopTask: STOP_TASK=0.000060/38.363856
globalTracer.TaskPerformance_Info: rbWheel.servo.stopTask: STOP_TASK=0.000020/38.363844
globalTracer.TaskPerformance_Info: TrcDriveBase.odometryTask: PRE_PERIODIC_TASK=0.000522/0.020299
globalTracer.TaskPerformance_Info: TrcDriveBase.stopTask: STOP_TASK=0.000176/38.363842
globalTracer.TaskPerformance_Info: purePursuitDrive.driveTask: POST_PERIODIC_TASK=0.003441/0.035405
globalTracer.TaskPerformance_Info: tiltTrigger.triggerTask: PRE_PERIODIC_TASK=0.000021/0.019832
globalTracer.TaskPerformance_Info: distanceTrigger.triggerTask: PRE_PERIODIC_TASK=0.000041/0.046359
globalTracer.TaskPerformance_Info: Elevator.pidActuator.pidMotorTask: OUTPUT_TASK=0.000253/0.023354
globalTracer.TaskPerformance_Info: Elevator.pidActuator.stopMotorTask: STOP_TASK=0.001478/0.000000
globalTracer.TaskPerformance_Info: Arm.pidActuator.pidMotorTask: OUTPUT_TASK=0.000187/0.022848
globalTracer.TaskPerformance_Info: Arm.pidActuator.stopMotorTask: STOP_TASK=0.000140/0.000000
globalTracer.TaskPerformance_Info: Intake.trigger.triggerTask: PRE_PERIODIC_TASK=0.000021/0.019868
globalTracer.TaskPerformance_Info: Grabber.cone.pneumaticTask: OUTPUT_TASK=0.000055/1.716065
globalTracer.TaskPerformance_Info: Grabber.cube.pneumaticTask: OUTPUT_TASK=0.000293/0.019136
globalTracer.TaskPerformance_Info: Grabber.trigger.triggerTask: PRE_PERIODIC_TASK=0.000007/0.019868
globalTracer.TaskPerformance_Info: TaskAutoScore: POST_PERIODIC_TASK=0.000354/0.021240
globalTracer.TaskPerformance_Info: TaskAutoPickup: POST_PERIODIC_TASK=0.000131/0.160966
globalTracer.TaskPerformance_Info: TaskAutoBalance: POST_PERIODIC_TASK=0.000675/0.019927
globalTracer.TaskPerformance_Info: elevatorTrigger.triggerTask: PRE_PERIODIC_TASK=0.000081/0.019773
