globalTracer.robotStartMode_Info: Sun Mar 26 14:16:32 PDT 2023: [0.030] ***** Start AUTO_MODE *****
globalTracer.FrcAuto_Info: <Info name="MatchInfo" date="Sun Mar 26 14:16:32 PDT 2023" event="WASAM" type="Elimination" match=10 replay=1 alliance="Red" location=2 gameMsg="" />
globalTracer.FrcAuto_Info: <Info name="AutoChoices" alliance="Red" strategy="AUTO_STARTPOS_2" startPos="1" preloadedObj="CUBE" scoreLevel="2" scoreLocation="MIDDLE" useVision="true" scorePreload="true" doAutoBalance="true" scoreSecondPiece="false" startDelay=0 sec pathFile="DrivePath.csv" xDistance=6.0 ft yDistance=6.0 ft turnDegrees=90 deg driveTime=4 sec drivePower=4.0 />
globalTracer.startCompetition_Warn: AUTO_MODE.prePeriodicTasks took too long (0.055s/0.040s)
globalTracer.CmdAutoStartPos2_Info: [0.144] START: xDist=0.0, tilt=-0.040, enteringBalance=null, exitingBalance=null, tiltTriggered=false
globalTracer.setAutoStartOffset_Info: offset=2.500
globalTracer.traceStateInfo_Info: <Event name="StateInfo" time="0.171" tag=">>>>>" CmdAutoStartPos2.state="START" />
globalTracer.startCompetition_Warn: AUTO_MODE.periodic took too long (0.045s/0.040s)
globalTracer.startCompetition_Warn: AUTO_MODE took too long (1537117.318/0.020)
globalTracer.CmdAutoStartPos2_Info: [0.204] BACK_UP: xDist=-108.2, tilt=-0.040, enteringBalance=null, exitingBalance=null, tiltTriggered=false
globalTracer.start_Info: Path=TrcPath(degrees=true, [TrcWaypoint(pose=(x=-108.2,y=578.8,angle=0.0),vel=0.00), TrcWaypoint(pose=(x=-108.2,y=554.8,angle=0.0),vel=0.00)])
globalTracer.traceStateInfo_Info: <Event name="StateInfo" time="0.238" tag=">>>>>" CmdAutoStartPos2.state="BACK_UP" RobotPose=(x=-108.2,y=578.8,angle=0.0) TargetPose=(x=-108.2,y=554.8,angle=0.0) vel=(x=-0.0,y=-0.0,angle=0.0) Path=TrcPath(degrees=true, [TrcWaypoint(pose=(x=0.0,y=0.0,angle=0.0),vel=0.00), TrcWaypoint(pose=(x=0.0,y=-24.0,angle=0.0),vel=0.00)]) />
globalTracer.startCompetition_Warn: AUTO_MODE.periodic took too long (0.044s/0.040s)
globalTracer.startCompetition_Warn: AUTO_MODE.postPeriodicTasks took too long (0.059s/0.040s)
globalTracer.startCompetition_Warn: AUTO_MODE took too long (0.114/0.020)
globalTracer.startCompetition_Warn: AUTO_MODE.periodic took too long (0.092s/0.040s)
globalTracer.startCompetition_Warn: AUTO_MODE took too long (0.105/0.020)
globalTracer.TrcPurePursuitDrive.driveTask_Info: Done [index=1/2]: stalled=false, timeout=true, posOnTarget=false, headingOnTarget=true
globalTracer.printPidInfo_Info: [1.043735] purePursuitDrive.xPosPid: Target=-108.2, Input=-108.2, dT=0.018596, CurrErr=   0.1, ErrRate=   0.4, Output= 0.002(-1.000/ 1.000)
globalTracer.printPidInfo_Info: [1.053756] purePursuitDrive.yPosPid: Target= 555.0, Input= 563.4, dT=0.018594, CurrErr=  -8.3, ErrRate=  -2.8, Output=-0.145(-1.000/ 1.000)
globalTracer.printPidInfo_Info: [1.062928] purePursuitDrive.turnPid: Target=   0.0, Input=  -0.1, dT=0.018594, CurrErr=   0.1, ErrRate=  -1.6, Output=-0.001(-1.000/ 1.000)
globalTracer.printPidInfo_Info: [1.072372] purePursuitDrive.velPid: Target=   0.0, Input=   0.0, dT=0.000000, CurrErr=  -0.0, ErrRate=   0.0, Output= 0.000(-1.000/ 1.000)
globalTracer.TrcPurePursuitDrive.driveTask_Info: Signal completion event (CmdAutoStartPos2.driveEvent=CLEARED).
globalTracer.startCompetition_Warn: AUTO_MODE.postPeriodicTasks took too long (0.058s/0.040s)
globalTracer.startCompetition_Warn: AUTO_MODE took too long (0.063/0.020)
globalTracer.CmdAutoStartPos2_Info: [1.098] UNTUCK_ARM: xDist=-108.3, tilt=-0.020, enteringBalance=null, exitingBalance=null, tiltTriggered=false
globalTracer.traceStateInfo_Info: <Event name="StateInfo" time="1.142" tag=">>>>>" CmdAutoStartPos2.state="UNTUCK_ARM" />
globalTracer.startCompetition_Warn: AUTO_MODE.periodic took too long (0.092s/0.040s)
globalTracer.startCompetition_Warn: AUTO_MODE took too long (0.100/0.020)
globalTracer.grabberTriggerCallback_Info: [1.463] active=true
globalTracer.pidMotorTask_Info: TrcPidMotor.Elevator.pidActuator: stalled=false, expired=true, onTarget=false, event=(CmdAutoStartPos2.elevatorEvent=CLEARED)
globalTracer.printPidInfo_Info: [1.616459] Elevator.pidActuator.pidCtrl: Target=  10.0, Input=   6.6, dT=0.020507, CurrErr=   3.4, ErrRate= -14.5, Output= 1.000(-1.000/ 1.000)
globalTracer.CmdAutoStartPos2_Info: [1.641] SCORE_PRELOAD_HIGH: xDist=-108.4, tilt=0.020, enteringBalance=null, exitingBalance=null, tiltTriggered=false
globalTracer.autoAssistScoreObject_Info: TaskAutoScore: objectType=CUBE, scoreLevel=2, scoreLocation=MIDDLE, useVision=false, event=(CmdAutoStartPos2.autoAssistEvent=CLEARED)
globalTracer.acquireSubsystemsOwnership_Info: TaskAutoScore: Successfully acquired subsystem ownerships.
globalTracer.traceStateInfo_Info: <Event name="StateInfo" time="1.663" tag=">>>>>" CmdAutoStartPos2.state="SCORE_PRELOAD_HIGH" />
globalTracer.startCompetition_Warn: AUTO_MODE.periodic took too long (0.044s/0.040s)
globalTracer.traceStateInfo_Info: <Event name="StateInfo" time="1.693" tag=">>>>>" TaskAutoScore.state="START" />
globalTracer.startCompetition_Warn: AUTO_MODE took too long (0.074/0.020)
globalTracer.startCompetition_Warn: AUTO_MODE.periodic took too long (0.041s/0.040s)
globalTracer.startCompetition_Warn: AUTO_MODE took too long (0.050/0.020)
globalTracer.grabberTriggerCallback_Info: [2.062] active=false
globalTracer.grabberTriggerCallback_Info: [2.241] active=true
globalTracer.grabberTriggerCallback_Info: [2.365] active=false
globalTracer.pidMotorTask_Info: TrcPidMotor.Elevator.pidActuator: stalled=false, expired=true, onTarget=false, event=(TaskAutoScore.elevatorEvent=CLEARED)
globalTracer.printPidInfo_Info: [2.711569] Elevator.pidActuator.pidCtrl: Target=  22.0, Input=  21.8, dT=0.020287, CurrErr=   0.2, ErrRate=  -4.9, Output= 0.103(-1.000/ 1.000)
globalTracer.startCompetition_Warn: AUTO_MODE took too long (0.042/0.020)
globalTracer.pidMotorTask_Info: TrcPidMotor.Arm.pidActuator: stalled=false, expired=false, onTarget=true, event=(TaskAutoScore.armEvent=CLEARED)
globalTracer.printPidInfo_Info: [3.603537] Arm.pidActuator.pidCtrl: Target=  93.0, Input=  92.4, dT=0.020824, CurrErr=   0.6, ErrRate=   0.0, Output= 0.059(-1.000/ 1.000)
globalTracer.start_Info: Path=TrcPath(degrees=true, [TrcWaypoint(pose=(x=-108.4,y=562.4,angle=-0.4),vel=0.00), TrcWaypoint(pose=(x=-108.5,y=578.4,angle=-0.4),vel=0.00)])
globalTracer.traceStateInfo_Info: <Event name="StateInfo" time="3.630" tag=">>>>>" TaskAutoScore.state="DRIVE_TO_SCORING_POS" />
globalTracer.TrcPurePursuitDrive.driveTask_Info: Done [index=1/2]: stalled=false, timeout=true, posOnTarget=false, headingOnTarget=false
globalTracer.printPidInfo_Info: [4.432614] purePursuitDrive.xPosPid: Target=-108.5, Input=-107.9, dT=0.030800, CurrErr=  -0.6, ErrRate=   0.7, Output=-0.007(-1.000/ 1.000)
globalTracer.printPidInfo_Info: [4.444222] purePursuitDrive.yPosPid: Target= 578.1, Input= 572.1, dT=0.031139, CurrErr=   5.9, ErrRate= -15.9, Output= 0.031(-1.000/ 1.000)
globalTracer.printPidInfo_Info: [4.453297] purePursuitDrive.turnPid: Target=  -0.4, Input=   0.3, dT=0.032202, CurrErr=  -0.7, ErrRate=   6.2, Output=-0.002(-1.000/ 1.000)
globalTracer.printPidInfo_Info: [4.464370] purePursuitDrive.velPid: Target=   0.0, Input=   0.0, dT=0.000000, CurrErr=   0.0, ErrRate=   0.0, Output= 0.000(-1.000/ 1.000)
globalTracer.TrcPurePursuitDrive.driveTask_Info: Signal completion event (TaskAutoScore.driveEvent=CLEARED).
globalTracer.traceStateInfo_Info: <Event name="StateInfo" time="4.486" tag=">>>>>" TaskAutoScore.state="SCORE_OBJECT" />
globalTracer.startCompetition_Warn: AUTO_MODE.postPeriodicTasks took too long (0.071s/0.040s)
globalTracer.startCompetition_Warn: AUTO_MODE took too long (0.093/0.020)
globalTracer.start_Info: Path=TrcPath(degrees=true, [TrcWaypoint(pose=(x=-107.7,y=572.7,angle=-0.6),vel=0.00), TrcWaypoint(pose=(x=-107.5,y=548.7,angle=-0.6),vel=0.00)])
globalTracer.traceStateInfo_Info: <Event name="StateInfo" time="4.777" tag=">>>>>" TaskAutoScore.state="RESET" />
globalTracer.startCompetition_Warn: AUTO_MODE took too long (0.046/0.020)
globalTracer.AutoScore Done_Info: Robot thinks it is at:(x=-108.3,y=550.9,angle=-0.6)
globalTracer.stopSubsystems_Info: TaskAutoScore: Stopping subsystems.
globalTracer.releaseSubsystemsOwnership_Info: TaskAutoScore: Releasing subsystem ownership (currOwner=TaskAutoScore, robotDrive=TaskAutoScore, elevator=TaskAutoScore, arm=TaskAutoScore).
globalTracer.traceStateInfo_Info: <Event name="StateInfo" time="6.823" tag=">>>>>" TaskAutoScore.state="DONE" />
globalTracer.startCompetition_Warn: AUTO_MODE took too long (0.048/0.020)
globalTracer.CmdAutoStartPos2_Info: [6.842] TURN: xDist=-108.3, tilt=-0.030, enteringBalance=null, exitingBalance=null, tiltTriggered=false
globalTracer.start_Info: Path=TrcPath(degrees=true, [TrcWaypoint(pose=(x=-108.3,y=550.9,angle=-0.6),vel=0.00), TrcWaypoint(pose=(x=-108.3,y=550.9,angle=89.4),vel=0.00)])
globalTracer.traceStateInfo_Info: <Event name="StateInfo" time="6.862" tag=">>>>>" CmdAutoStartPos2.state="TURN" RobotPose=(x=-108.3,y=550.9,angle=-0.6) TargetPose=(x=-108.3,y=550.9,angle=89.4) vel=(x=0.0,y=-2.3,angle=0.8) Path=TrcPath(degrees=true, [TrcWaypoint(pose=(x=0.0,y=0.0,angle=0.0),vel=0.00), TrcWaypoint(pose=(x=0.0,y=0.0,angle=90.0),vel=0.00)]) />
globalTracer.TrcPurePursuitDrive.driveTask_Info: Done [index=1/2]: stalled=false, timeout=true, posOnTarget=false, headingOnTarget=false
globalTracer.printPidInfo_Info: [7.575949] purePursuitDrive.xPosPid: Target=-109.5, Input=-109.2, dT=0.019191, CurrErr=  -0.3, ErrRate=   0.6, Output=-0.002(-1.000/ 1.000)
globalTracer.printPidInfo_Info: [7.588942] purePursuitDrive.yPosPid: Target= 551.4, Input= 550.5, dT=0.019191, CurrErr=   0.9, ErrRate=  -0.8, Output= 0.011(-1.000/ 1.000)
globalTracer.printPidInfo_Info: [7.597187] purePursuitDrive.turnPid: Target=  89.4, Input=  84.2, dT=0.019191, CurrErr=   5.2, ErrRate=   2.6, Output= 0.047(-1.000/ 1.000)
globalTracer.printPidInfo_Info: [7.606898] purePursuitDrive.velPid: Target=   0.0, Input=   2.3, dT=0.000000, CurrErr=  -2.3, ErrRate=   0.0, Output= 0.000(-1.000/ 1.000)
globalTracer.TrcPurePursuitDrive.driveTask_Info: Signal completion event (CmdAutoStartPos2.driveEvent=CLEARED).
globalTracer.startCompetition_Warn: AUTO_MODE.postPeriodicTasks took too long (0.057s/0.040s)
globalTracer.startCompetition_Warn: AUTO_MODE took too long (0.063/0.020)
globalTracer.CmdAutoStartPos2_Info: [7.634] START_TO_CLIMB: xDist=-109.1, tilt=0.270, enteringBalance=null, exitingBalance=null, tiltTriggered=false
globalTracer.traceStateInfo_Info: <Event name="StateInfo" time="7.644" tag=">>>>>" CmdAutoStartPos2.state="START_TO_CLIMB" />
globalTracer.startCompetition_Warn: AUTO_MODE took too long (0.041/0.020)
globalTracer.CmdAutoStartPos2_Info: [8.116] CLIMB: xDist=-117.9, tilt=-5.110, enteringBalance=null, exitingBalance=TILT_LEFT, tiltTriggered=true
globalTracer.traceStateInfo_Info: <Event name="StateInfo" time="8.131" tag=">>>>>" CmdAutoStartPos2.state="CLIMB" />
globalTracer.startCompetition_Warn: AUTO_MODE.periodic took too long (0.044s/0.040s)
globalTracer.startCompetition_Warn: AUTO_MODE took too long (0.055/0.020)
globalTracer.CmdAutoStartPos2_Info: [8.254] CLIMB: xDist=-122.2, tilt=-15.920, enteringBalance=null, exitingBalance=null, tiltTriggered=true
globalTracer.traceStateInfo_Info: <Event name="StateInfo" time="8.256" tag=">>>>>" CmdAutoStartPos2.state="CLIMB" />
globalTracer.CmdAutoStartPos2_Info: [8.871] CLIMB: xDist=-138.6, tilt=-13.130, enteringBalance=null, exitingBalance=null, tiltTriggered=true
globalTracer.traceStateInfo_Info: <Event name="StateInfo" time="8.873" tag=">>>>>" CmdAutoStartPos2.state="CLIMB" />
globalTracer.CmdAutoStartPos2_Info: [9.050] CLIMB: xDist=-143.2, tilt=-15.510, enteringBalance=null, exitingBalance=null, tiltTriggered=true
globalTracer.traceStateInfo_Info: <Event name="StateInfo" time="9.061" tag=">>>>>" CmdAutoStartPos2.state="CLIMB" />
globalTracer.CmdAutoStartPos2_Info: [9.169] CLIMB: xDist=-146.7, tilt=-14.620, enteringBalance=null, exitingBalance=null, tiltTriggered=true
globalTracer.traceStateInfo_Info: <Event name="StateInfo" time="9.171" tag=">>>>>" CmdAutoStartPos2.state="CLIMB" />
globalTracer.CmdAutoStartPos2_Info: [9.725] CLIMB: xDist=-162.1, tilt=-4.460, enteringBalance=TILT_LEFT, exitingBalance=null, tiltTriggered=true
globalTracer.traceStateInfo_Info: <Event name="StateInfo" time="9.736" tag=">>>>>" CmdAutoStartPos2.state="CLIMB" />
globalTracer.CmdAutoStartPos2_Info: [9.847] LEVEL: xDist=-165.7, tilt=6.690, enteringBalance=null, exitingBalance=TILT_RIGHT, tiltTriggered=true
globalTracer.traceStateInfo_Info: <Event name="StateInfo" time="9.860" tag=">>>>>" CmdAutoStartPos2.state="LEVEL" />
globalTracer.CmdAutoStartPos2_Info: [9.950] DESCEND: xDist=-168.6, tilt=16.260, enteringBalance=null, exitingBalance=null, tiltTriggered=true
globalTracer.traceStateInfo_Info: <Event name="StateInfo" time="9.951" tag=">>>>>" CmdAutoStartPos2.state="DESCEND" />
globalTracer.CmdAutoStartPos2_Info: [10.030] DESCEND: xDist=-171.5, tilt=14.730, enteringBalance=null, exitingBalance=null, tiltTriggered=true
globalTracer.traceStateInfo_Info: <Event name="StateInfo" time="10.037" tag=">>>>>" CmdAutoStartPos2.state="DESCEND" />
globalTracer.CmdAutoStartPos2_Info: [10.146] DESCEND: xDist=-176.4, tilt=4.630, enteringBalance=TILT_RIGHT, exitingBalance=null, tiltTriggered=true
globalTracer.traceStateInfo_Info: <Event name="StateInfo" time="10.159" tag=">>>>>" CmdAutoStartPos2.state="DESCEND" />
globalTracer.startCompetition_Warn: AUTO_MODE.periodic took too long (0.048s/0.040s)
globalTracer.startCompetition_Warn: AUTO_MODE took too long (0.062/0.020)
globalTracer.CmdAutoStartPos2_Info: [10.305] BALANCE: xDist=-182.5, tilt=-0.170, enteringBalance=TILT_RIGHT, exitingBalance=null, tiltTriggered=true
globalTracer.autoAssistBalance_Info: TaskAutoBalance: initSide=OUTSIDE, event=(CmdAutoStartPos2.autoAssistEvent=SIGNALED)
globalTracer.acquireSubsystemOwnership_Info: TaskAutoBalance: Successfully acquired subsystem ownerships.
globalTracer.traceStateInfo_Info: <Event name="StateInfo" time="10.343" tag=">>>>>" CmdAutoStartPos2.state="BALANCE" />
globalTracer.startCompetition_Warn: AUTO_MODE.periodic took too long (0.041s/0.040s)
globalTracer.TaskAutoBalance_Info: [10.350] START: xDist=-182.5, tilt=0.680, inBalance=true, leveling=false, tiltTriggered=false
globalTracer.traceStateInfo_Info: <Event name="StateInfo" time="10.364" tag=">>>>>" TaskAutoBalance.state="START" />
globalTracer.startCompetition_Warn: AUTO_MODE took too long (0.068/0.020)
globalTracer.TaskAutoBalance_Info: [11.250] CLIMB: xDist=-187.4, tilt=5.580, inBalance=false, leveling=false, tiltTriggered=true
globalTracer.traceStateInfo_Info: <Event name="StateInfo" time="11.261" tag=">>>>>" TaskAutoBalance.state="CLIMB" />
globalTracer.TaskAutoBalance_Info: [11.489] CLIMB: xDist=-187.3, tilt=15.010, inBalance=false, leveling=false, tiltTriggered=true
globalTracer.traceStateInfo_Info: <Event name="StateInfo" time="11.500" tag=">>>>>" TaskAutoBalance.state="CLIMB" />
globalTracer.TaskAutoBalance_Info: [12.200] CLIMB: xDist=-187.5, tilt=14.710, inBalance=false, leveling=true, tiltTriggered=true
globalTracer.traceStateInfo_Info: <Event name="StateInfo" time="12.203" tag=">>>>>" TaskAutoBalance.state="CLIMB" />
globalTracer.TaskAutoBalance_Info: [12.994] SETTLE: xDist=-188.2, tilt=13.530, inBalance=false, leveling=true, tiltTriggered=true
globalTracer.traceStateInfo_Info: <Event name="StateInfo" time="13.010" tag=">>>>>" TaskAutoBalance.state="SETTLE" />
globalTracer.TaskAutoBalance_Info: [13.278] CHECK: xDist=-188.4, tilt=4.750, inBalance=true, leveling=false, tiltTriggered=true
globalTracer.traceStateInfo_Info: <Event name="StateInfo" time="13.292" tag=">>>>>" TaskAutoBalance.state="CHECK" />
globalTracer.TaskAutoBalance_Info: [13.485] CHECK: xDist=-188.4, tilt=-5.320, inBalance=false, leveling=false, tiltTriggered=true
globalTracer.traceStateInfo_Info: <Event name="StateInfo" time="13.498" tag=">>>>>" TaskAutoBalance.state="CHECK" />
globalTracer.TaskAutoBalance_Info: [14.189] SETTLE: xDist=-188.4, tilt=-4.330, inBalance=true, leveling=false, tiltTriggered=true
globalTracer.traceStateInfo_Info: <Event name="StateInfo" time="14.196" tag=">>>>>" TaskAutoBalance.state="SETTLE" />
globalTracer.TaskAutoBalance_Info: [14.501] CHECK: xDist=-188.4, tilt=5.280, inBalance=false, leveling=false, tiltTriggered=true
globalTracer.traceStateInfo_Info: <Event name="StateInfo" time="14.517" tag=">>>>>" TaskAutoBalance.state="CHECK" />
globalTracer.TaskAutoBalance_Info: [14.827] SETTLE: xDist=-188.4, tilt=4.780, inBalance=true, leveling=false, tiltTriggered=true
globalTracer.traceStateInfo_Info: <Event name="StateInfo" time="14.841" tag=">>>>>" TaskAutoBalance.state="SETTLE" />
globalTracer.startCompetition_Info: *** Transitioning from AUTO_MODE to DISABLED_MODE ***
globalTracer.autoAssistCancel_Info: TaskAutoScore: Canceling auto-assist score object.
globalTracer.autoAssistCancel_Info: TaskAutoBalance: Canceling auto-assist balance.
globalTracer.stopSubsystems_Info: TaskAutoBalance: Stopping subsystems.
globalTracer.releaseSubsystemsOwnership_Info: TaskAutoBalance: Releasing subsystem ownership (currOwner=TaskAutoBalance, robotDrive=TaskAutoBalance).
globalTracer.robotStopMode_Info: [15.414] ***** Stop AUTO_MODE *****
globalTracer.FrcRobotBase_Info: ***** Performance Metrics *****
globalTracer.FrcRobotBase_Info: (AUTO_MODE->DISABLED_MODE) Performance Metrics: LoopCount=713
globalTracer.FrcRobotBase_Info: RobotInit=4.585033, PrevModeStopTask=0.003223, PrevStopMode=0.022086, PrevRobotStopMode=0.003095, RobotStartMode=0.053029, startMode=0.025213, startTask=0.000058
globalTracer.FrcRobotBase_Info: PrePeriodicTask(Avg/Max)=0.001391/0.054575
globalTracer.FrcRobotBase_Info: Periodic(Avg/Max)=0.003419/0.092230
globalTracer.FrcRobotBase_Info: postPeriodicTask(Avg/Max)=0.001589/0.071033
globalTracer.FrcRobotBase_Info: Updates(Avg/Max)=0.004076/0.011624
globalTracer.TaskPerformance_Info: TrcWatchdogMgr: STANDALONE_TASK=0.000471/0.993539
globalTracer.TaskPerformance_Info: LED: OUTPUT_TASK=0.000017/0.020270
globalTracer.TaskPerformance_Info: TrcMotor.odometryTask: STANDALONE_TASK=0.000050/0.000067
globalTracer.TaskPerformance_Info: lfDrive.cleanupTask: STOP_TASK=0.001444/7.696313
globalTracer.TaskPerformance_Info: lfWheel.servo.stopTask: STOP_TASK=0.000398/7.697617
globalTracer.TaskPerformance_Info: rfWheel.servo.stopTask: STOP_TASK=0.000029/7.697260
globalTracer.TaskPerformance_Info: lbWheel.servo.stopTask: STOP_TASK=0.000021/7.697248
globalTracer.TaskPerformance_Info: rbWheel.servo.stopTask: STOP_TASK=0.000022/7.697242
globalTracer.TaskPerformance_Info: TrcDriveBase.odometryTask: PRE_PERIODIC_TASK=0.001184/0.021443
globalTracer.TaskPerformance_Info: TrcDriveBase.stopTask: STOP_TASK=0.000303/7.697236
globalTracer.TaskPerformance_Info: purePursuitDrive.driveTask: POST_PERIODIC_TASK=0.003668/0.035166
globalTracer.TaskPerformance_Info: tiltTrigger.triggerTask: PRE_PERIODIC_TASK=0.000059/0.020346
globalTracer.TaskPerformance_Info: distanceTrigger.triggerTask: PRE_PERIODIC_TASK=0.000044/0.048067
globalTracer.TaskPerformance_Info: Elevator.pidActuator.pidMotorTask: OUTPUT_TASK=0.000551/0.023641
globalTracer.TaskPerformance_Info: Arm.pidActuator.pidMotorTask: OUTPUT_TASK=0.000432/0.025085
globalTracer.TaskPerformance_Info: Intake.trigger.triggerTask: PRE_PERIODIC_TASK=0.000022/0.020003
globalTracer.TaskPerformance_Info: Grabber.cube.pneumaticTask: OUTPUT_TASK=0.000249/0.019182
globalTracer.TaskPerformance_Info: Grabber.trigger.triggerTask: PRE_PERIODIC_TASK=0.000007/0.020003
globalTracer.TaskPerformance_Info: TaskAutoScore: POST_PERIODIC_TASK=0.000433/0.021110
globalTracer.TaskPerformance_Info: TaskAutoBalance: POST_PERIODIC_TASK=0.000724/0.019944
