globalTracer.robotStartMode_Info: Sat Mar 25 09:51:42 PDT 2023: [0.004] ***** Start TELEOP_MODE *****
globalTracer.registerWatchdog_Warn: Watchdog TrcMotor.odometryTask was already registered.
globalTracer.printThreadStack_Info: thread stack: 
java.base/java.lang.Thread.getStackTrace(Unknown Source)
TrcCommonLib.trclib.TrcDbgTrace.printThreadStack(TrcDbgTrace.java:197)
TrcCommonLib.trclib.TrcDbgTrace.printThreadStack(TrcDbgTrace.java:210)
TrcCommonLib.trclib.TrcWatchdogMgr.registerWatchdog(TrcWatchdogMgr.java:274)
TrcCommonLib.trclib.TrcWatchdogMgr.registerWatchdog(TrcWatchdogMgr.java:290)
TrcCommonLib.trclib.TrcPeriodicThread.run(TrcPeriodicThread.java:385)
java.base/java.lang.Thread.run(Unknown Source)
globalTracer.startCompetition_Warn: TELEOP_MODE took too long (0.126/0.020)
globalTracer.setPower_Info: [2.291] owner=null, delay=0.0, leftPower=0.8, rightPower=0.8, duration=0.000, event=null
globalTracer.intakeTriggerCallback_Info: [2.824] active=true
globalTracer.pidMotorTask_Info: TrcPidMotor.Elevator.pidActuator: stalled=false, expired=true, onTarget=false, event=(Elevator.pidActuator.releaseOwnership=CLEARED)
globalTracer.printPidInfo_Info: [3.161547] Elevator.pidActuator.pidCtrl: Target=  10.0, Input=  10.0, dT=0.021253, CurrErr=   0.0, ErrRate=   0.0, Output= 0.011(-1.000/ 1.000)
globalTracer.pidMotorTask_Info: TrcPidMotor.Arm.pidActuator: stalled=false, expired=true, onTarget=false, event=(Arm.pidActuator.releaseOwnership=CLEARED)
globalTracer.printPidInfo_Info: [3.170468] Arm.pidActuator.pidCtrl: Target=  10.0, Input=  14.5, dT=0.033084, CurrErr=  -4.5, ErrRate= -21.3, Output=-0.085(-1.000/ 1.000)
globalTracer.autoAssistPickup_Info: TaskAutoPickup: objectType=CONE, useVision=false, pickupOnly=true, event=null
globalTracer.acquireSubsystemsOwnership_Info: TaskAutoPickup: Successfully acquired subsystem ownerships.
globalTracer.traceStateInfo_Info: <Event name="StateInfo" time="4.036" tag=">>>>>" TaskAutoPickup.state="PREP_FOR_PICKUP_ONLY" />
globalTracer.grabberTriggerCallback_Info: [4.478] active=true
globalTracer.pidMotorTask_Info: TrcPidMotor.Arm.pidActuator: stalled=false, expired=false, onTarget=true, event=(TaskAutoPickup.armEvent=CLEARED)
globalTracer.printPidInfo_Info: [5.044574] Arm.pidActuator.pidCtrl: Target=  12.7, Input=  13.6, dT=0.020565, CurrErr=  -0.9, ErrRate=   0.0, Output=-0.012(-1.000/ 1.000)
globalTracer.traceStateInfo_Info: <Event name="StateInfo" time="5.550" tag=">>>>>" TaskAutoPickup.state="PICKUP_OBJECT_PICKUP_ONLY" />
globalTracer.traceStateInfo_Info: <Event name="StateInfo" time="5.821" tag=">>>>>" TaskAutoPickup.state="PREP_FOR_TRAVEL" />
globalTracer.intakeTriggerCallback_Info: [6.020] active=false
globalTracer.autoAssistCancel_Info: TaskAutoPickup: Canceling auto-assist pickup.
globalTracer.stopSubsystems_Info: TaskAutoPickup: Stopping subsystems.
globalTracer.releaseSubsystemsOwnership_Info: TaskAutoPickup: Releasing subsystem ownership (currOwner=TaskAutoPickup, robotDrive=null, elevator=TaskAutoPickup, arm=TaskAutoPickup, intake=TaskAutoPickup).
globalTracer.autoAssistCancel_Info: TaskAutoScore: Canceling auto-assist score object.
globalTracer.grabberTriggerCallback_Info: [18.320] active=false
globalTracer.pidMotorTask_Info: TrcPidMotor.Arm.pidActuator: stalled=false, expired=false, onTarget=true, event=(Arm.pidActuator.releaseOwnership=CLEARED)
globalTracer.printPidInfo_Info: [20.471863] Arm.pidActuator.pidCtrl: Target=  10.0, Input=  12.1, dT=0.020873, CurrErr=  -2.1, ErrRate=   0.0, Output=-0.038(-1.000/ 1.000)
globalTracer.pidMotorTask_Info: TrcPidMotor.Elevator.pidActuator: stalled=false, expired=true, onTarget=false, event=(Elevator.pidActuator.releaseOwnership=CLEARED)
globalTracer.printPidInfo_Info: [20.492151] Elevator.pidActuator.pidCtrl: Target=  10.0, Input=  10.0, dT=0.020822, CurrErr=  -0.0, ErrRate=   0.0, Output=-0.006(-1.000/ 1.000)
globalTracer.setPower_Info: [21.037] owner=null, delay=0.0, leftPower=0.8, rightPower=0.8, duration=0.000, event=null
globalTracer.setPower_Info: [22.513] owner=null, delay=0.0, leftPower=0.8, rightPower=0.8, duration=0.000, event=null
globalTracer.intakeTriggerCallback_Info: [23.321] active=true
globalTracer.intakeTriggerCallback_Info: [23.419] active=false
globalTracer.intakeTriggerCallback_Info: [23.575] active=true
globalTracer.autoAssistPickup_Info: TaskAutoPickup: objectType=CONE, useVision=false, pickupOnly=true, event=null
globalTracer.acquireSubsystemsOwnership_Info: TaskAutoPickup: Successfully acquired subsystem ownerships.
globalTracer.traceStateInfo_Info: <Event name="StateInfo" time="23.944" tag=">>>>>" TaskAutoPickup.state="PREP_FOR_PICKUP_ONLY" />
globalTracer.grabberTriggerCallback_Info: [24.445] active=true
globalTracer.pidMotorTask_Info: TrcPidMotor.Arm.pidActuator: stalled=false, expired=false, onTarget=true, event=(TaskAutoPickup.armEvent=CLEARED)
globalTracer.printPidInfo_Info: [24.959625] Arm.pidActuator.pidCtrl: Target=  12.7, Input=  14.9, dT=0.020457, CurrErr=  -2.2, ErrRate=  -4.3, Output=-0.039(-1.000/ 1.000)
globalTracer.traceStateInfo_Info: <Event name="StateInfo" time="25.447" tag=">>>>>" TaskAutoPickup.state="PICKUP_OBJECT_PICKUP_ONLY" />
globalTracer.traceStateInfo_Info: <Event name="StateInfo" time="25.702" tag=">>>>>" TaskAutoPickup.state="PREP_FOR_TRAVEL" />
globalTracer.intakeTriggerCallback_Info: [25.917] active=false
globalTracer.pidMotorTask_Info: TrcPidMotor.Arm.pidActuator: stalled=false, expired=true, onTarget=false, event=(TaskAutoPickup.armEvent=CLEARED)
globalTracer.printPidInfo_Info: [26.712658] Arm.pidActuator.pidCtrl: Target=  30.0, Input=  32.0, dT=0.020475, CurrErr=  -2.0, ErrRate=   0.0, Output=-0.025(-1.000/ 1.000)
globalTracer.stopSubsystems_Info: TaskAutoPickup: Stopping subsystems.
globalTracer.releaseSubsystemsOwnership_Info: TaskAutoPickup: Releasing subsystem ownership (currOwner=TaskAutoPickup, robotDrive=null, elevator=TaskAutoPickup, arm=TaskAutoPickup, intake=TaskAutoPickup).
globalTracer.traceStateInfo_Info: <Event name="StateInfo" time="26.733" tag=">>>>>" TaskAutoPickup.state="DONE" />
globalTracer.autoAssistCancel_Info: TaskAutoPickup: Canceling auto-assist pickup.
globalTracer.autoAssistCancel_Info: TaskAutoScore: Canceling auto-assist score object.
globalTracer.isMotorStalled_Info: TrcPidMotor.Elevator.pidActuator: stalled
globalTracer.grabberTriggerCallback_Info: [35.524] active=false
globalTracer.grabberTriggerCallback_Info: [35.955] active=true
globalTracer.grabberTriggerCallback_Info: [36.033] active=false
globalTracer.pidMotorTask_Info: TrcPidMotor.Arm.pidActuator: stalled=false, expired=false, onTarget=true, event=(Arm.pidActuator.releaseOwnership=CLEARED)
globalTracer.printPidInfo_Info: [39.051671] Arm.pidActuator.pidCtrl: Target=  10.0, Input=  14.4, dT=0.020524, CurrErr=  -4.4, ErrRate=  34.3, Output=-0.083(-1.000/ 1.000)
globalTracer.pidMotorTask_Info: TrcPidMotor.Elevator.pidActuator: stalled=false, expired=true, onTarget=false, event=(Elevator.pidActuator.releaseOwnership=CLEARED)
globalTracer.printPidInfo_Info: [39.070976] Elevator.pidActuator.pidCtrl: Target=  10.0, Input=  10.0, dT=0.020262, CurrErr=  -0.0, ErrRate=   0.0, Output=-0.004(-1.000/ 1.000)
globalTracer.setPower_Info: [40.621] owner=null, delay=0.0, leftPower=0.8, rightPower=0.8, duration=0.000, event=null
globalTracer.setPower_Info: [43.279] owner=null, delay=0.0, leftPower=0.8, rightPower=0.8, duration=0.000, event=null
globalTracer.setPower_Info: [44.223] owner=null, delay=0.0, leftPower=0.8, rightPower=0.8, duration=0.000, event=null
globalTracer.autoAssistPickup_Info: TaskAutoPickup: objectType=CONE, useVision=false, pickupOnly=true, event=null
globalTracer.acquireSubsystemsOwnership_Info: TaskAutoPickup: Successfully acquired subsystem ownerships.
globalTracer.traceStateInfo_Info: <Event name="StateInfo" time="47.950" tag=">>>>>" TaskAutoPickup.state="PREP_FOR_PICKUP_ONLY" />
globalTracer.intakeTriggerCallback_Info: [48.355] active=true
globalTracer.grabberTriggerCallback_Info: [48.395] active=true
globalTracer.pidMotorTask_Info: TrcPidMotor.Arm.pidActuator: stalled=false, expired=false, onTarget=true, event=(TaskAutoPickup.armEvent=CLEARED)
globalTracer.printPidInfo_Info: [48.954523] Arm.pidActuator.pidCtrl: Target=  12.7, Input=  14.6, dT=0.020787, CurrErr=  -1.9, ErrRate=   0.0, Output=-0.031(-1.000/ 1.000)
globalTracer.traceStateInfo_Info: <Event name="StateInfo" time="49.458" tag=">>>>>" TaskAutoPickup.state="PICKUP_OBJECT_PICKUP_ONLY" />
globalTracer.traceStateInfo_Info: <Event name="StateInfo" time="49.722" tag=">>>>>" TaskAutoPickup.state="PREP_FOR_TRAVEL" />
globalTracer.intakeTriggerCallback_Info: [49.914] active=false
globalTracer.autoAssistCancel_Info: TaskAutoPickup: Canceling auto-assist pickup.
globalTracer.stopSubsystems_Info: TaskAutoPickup: Stopping subsystems.
globalTracer.releaseSubsystemsOwnership_Info: TaskAutoPickup: Releasing subsystem ownership (currOwner=TaskAutoPickup, robotDrive=null, elevator=TaskAutoPickup, arm=TaskAutoPickup, intake=TaskAutoPickup).
globalTracer.autoAssistCancel_Info: TaskAutoScore: Canceling auto-assist score object.
globalTracer.isMotorStalled_Info: TrcPidMotor.Elevator.pidActuator: stalled
globalTracer.autoAssistCancel_Info: TaskAutoPickup: Canceling auto-assist pickup.
globalTracer.autoAssistCancel_Info: TaskAutoScore: Canceling auto-assist score object.
globalTracer.pidMotorTask_Info: TrcPidMotor.Elevator.pidActuator: stalled=false, expired=true, onTarget=false, event=(Elevator.pidActuator.releaseOwnership=CLEARED)
globalTracer.printPidInfo_Info: [62.740460] Elevator.pidActuator.pidCtrl: Target=  10.0, Input=  10.0, dT=0.020247, CurrErr=  -0.0, ErrRate=   0.0, Output=-0.004(-1.000/ 1.000)
globalTracer.pidMotorTask_Info: TrcPidMotor.Arm.pidActuator: stalled=false, expired=true, onTarget=false, event=(Arm.pidActuator.releaseOwnership=CLEARED)
globalTracer.printPidInfo_Info: [62.743129] Arm.pidActuator.pidCtrl: Target=  10.0, Input=   7.7, dT=0.022756, CurrErr=   2.3, ErrRate=  30.9, Output= 0.050(-1.000/ 1.000)
globalTracer.setPower_Info: [65.314] owner=null, delay=0.0, leftPower=0.8, rightPower=0.8, duration=0.000, event=null
globalTracer.intakeTriggerCallback_Info: [67.278] active=true
globalTracer.intakeTriggerCallback_Info: [67.336] active=false
globalTracer.intakeTriggerCallback_Info: [67.415] active=true
globalTracer.intakeTriggerCallback_Info: [67.515] active=false
globalTracer.intakeTriggerCallback_Info: [67.555] active=true
globalTracer.intakeTriggerCallback_Info: [67.713] active=false
globalTracer.pidMotorTask_Info: TrcPidMotor.Arm.pidActuator: stalled=false, expired=false, onTarget=true, event=(Arm.pidActuator.releaseOwnership=CLEARED)
globalTracer.printPidInfo_Info: [67.748674] Arm.pidActuator.pidCtrl: Target=  60.0, Input=  58.9, dT=0.020640, CurrErr=   1.1, ErrRate=   8.5, Output= 0.052(-1.000/ 1.000)
globalTracer.intakeTriggerCallback_Info: [67.776] active=true
globalTracer.pidMotorTask_Info: TrcPidMotor.Elevator.pidActuator: stalled=false, expired=true, onTarget=false, event=(Elevator.pidActuator.releaseOwnership=CLEARED)
globalTracer.printPidInfo_Info: [67.831360] Elevator.pidActuator.pidCtrl: Target=   0.0, Input=   0.1, dT=0.020911, CurrErr=  -0.1, ErrRate=   0.0, Output=-0.063(-1.000/ 1.000)
globalTracer.intakeTriggerCallback_Info: [67.855] active=false
globalTracer.intakeTriggerCallback_Info: [67.932] active=true
globalTracer.grabberTriggerCallback_Info: [69.414] active=false
globalTracer.grabberTriggerCallback_Info: [69.965] active=true
globalTracer.pidMotorTask_Info: TrcPidMotor.Arm.pidActuator: stalled=false, expired=true, onTarget=false, event=(Arm.pidActuator.releaseOwnership=CLEARED)
globalTracer.printPidInfo_Info: [70.403775] Arm.pidActuator.pidCtrl: Target=  10.0, Input=  16.8, dT=0.020422, CurrErr=  -6.8, ErrRate=   0.0, Output=-0.131(-1.000/ 1.000)
globalTracer.autoAssistCancel_Info: TaskAutoPickup: Canceling auto-assist pickup.
globalTracer.autoAssistCancel_Info: TaskAutoScore: Canceling auto-assist score object.
globalTracer.intakeTriggerCallback_Info: [72.958] active=false
globalTracer.grabberTriggerCallback_Info: [77.213] active=false
globalTracer.pidMotorTask_Info: TrcPidMotor.Elevator.pidActuator: stalled=false, expired=true, onTarget=false, event=(Elevator.pidActuator.releaseOwnership=CLEARED)
globalTracer.printPidInfo_Info: [80.184415] Elevator.pidActuator.pidCtrl: Target=  10.0, Input=  10.0, dT=0.020444, CurrErr=  -0.0, ErrRate=   0.0, Output=-0.004(-1.000/ 1.000)
globalTracer.pidMotorTask_Info: TrcPidMotor.Arm.pidActuator: stalled=false, expired=true, onTarget=false, event=(Arm.pidActuator.releaseOwnership=CLEARED)
globalTracer.printPidInfo_Info: [80.196464] Arm.pidActuator.pidCtrl: Target=  10.0, Input=  13.8, dT=0.030962, CurrErr=  -3.8, ErrRate=  53.9, Output=-0.071(-1.000/ 1.000)
globalTracer.setPower_Info: [82.743] owner=null, delay=0.0, leftPower=0.8, rightPower=0.8, duration=0.000, event=null
globalTracer.setPower_Info: [85.100] owner=null, delay=0.0, leftPower=0.8, rightPower=0.8, duration=0.000, event=null
globalTracer.intakeTriggerCallback_Info: [87.835] active=true
globalTracer.intakeTriggerCallback_Info: [87.953] active=false
globalTracer.intakeTriggerCallback_Info: [88.227] active=true
globalTracer.intakeTriggerCallback_Info: [88.837] active=false
globalTracer.intakeTriggerCallback_Info: [89.270] active=true
globalTracer.autoAssistPickup_Info: TaskAutoPickup: objectType=CONE, useVision=false, pickupOnly=true, event=null
globalTracer.acquireSubsystemsOwnership_Info: TaskAutoPickup: Successfully acquired subsystem ownerships.
globalTracer.traceStateInfo_Info: <Event name="StateInfo" time="89.846" tag=">>>>>" TaskAutoPickup.state="PREP_FOR_PICKUP_ONLY" />
globalTracer.grabberTriggerCallback_Info: [90.290] active=true
globalTracer.pidMotorTask_Info: TrcPidMotor.Arm.pidActuator: stalled=false, expired=false, onTarget=true, event=(TaskAutoPickup.armEvent=CLEARED)
globalTracer.printPidInfo_Info: [90.866605] Arm.pidActuator.pidCtrl: Target=  12.7, Input=  14.7, dT=0.020849, CurrErr=  -2.0, ErrRate=   0.0, Output=-0.033(-1.000/ 1.000)
globalTracer.traceStateInfo_Info: <Event name="StateInfo" time="91.358" tag=">>>>>" TaskAutoPickup.state="PICKUP_OBJECT_PICKUP_ONLY" />
globalTracer.traceStateInfo_Info: <Event name="StateInfo" time="91.647" tag=">>>>>" TaskAutoPickup.state="PREP_FOR_TRAVEL" />
globalTracer.intakeTriggerCallback_Info: [91.842] active=false
globalTracer.pidMotorTask_Info: TrcPidMotor.Arm.pidActuator: stalled=false, expired=true, onTarget=false, event=(TaskAutoPickup.armEvent=CLEARED)
globalTracer.printPidInfo_Info: [92.658287] Arm.pidActuator.pidCtrl: Target=  30.0, Input=  35.4, dT=0.020441, CurrErr=  -5.4, ErrRate=  -4.3, Output=-0.093(-1.000/ 1.000)
globalTracer.stopSubsystems_Info: TaskAutoPickup: Stopping subsystems.
globalTracer.releaseSubsystemsOwnership_Info: TaskAutoPickup: Releasing subsystem ownership (currOwner=TaskAutoPickup, robotDrive=null, elevator=TaskAutoPickup, arm=TaskAutoPickup, intake=TaskAutoPickup).
globalTracer.traceStateInfo_Info: <Event name="StateInfo" time="92.678" tag=">>>>>" TaskAutoPickup.state="DONE" />
globalTracer.autoAssistCancel_Info: TaskAutoPickup: Canceling auto-assist pickup.
globalTracer.autoAssistCancel_Info: TaskAutoScore: Canceling auto-assist score object.
globalTracer.isMotorStalled_Info: TrcPidMotor.Elevator.pidActuator: stalled
globalTracer.grabberTriggerCallback_Info: [109.748] active=false
globalTracer.pidMotorTask_Info: TrcPidMotor.Elevator.pidActuator: stalled=false, expired=true, onTarget=false, event=(Elevator.pidActuator.releaseOwnership=CLEARED)
globalTracer.printPidInfo_Info: [112.457570] Elevator.pidActuator.pidCtrl: Target=  10.0, Input=  10.0, dT=0.020568, CurrErr=  -0.0, ErrRate=   0.0, Output=-0.004(-1.000/ 1.000)
globalTracer.pidMotorTask_Info: TrcPidMotor.Arm.pidActuator: stalled=false, expired=true, onTarget=true, event=(Arm.pidActuator.releaseOwnership=CLEARED)
globalTracer.printPidInfo_Info: [112.465837] Arm.pidActuator.pidCtrl: Target=  10.0, Input=  11.9, dT=0.033187, CurrErr=  -1.9, ErrRate= -18.5, Output=-0.032(-1.000/ 1.000)
globalTracer.setPower_Info: [118.147] owner=null, delay=0.0, leftPower=0.8, rightPower=0.8, duration=0.000, event=null
globalTracer.setPower_Info: [119.806] owner=null, delay=0.0, leftPower=0.8, rightPower=0.8, duration=0.000, event=null
globalTracer.setPower_Info: [120.935] owner=null, delay=0.0, leftPower=0.8, rightPower=0.8, duration=0.000, event=null
globalTracer.setPower_Info: [121.759] owner=null, delay=0.0, leftPower=0.8, rightPower=0.8, duration=0.000, event=null
globalTracer.intakeTriggerCallback_Info: [122.939] active=true
globalTracer.autoAssistPickup_Info: TaskAutoPickup: objectType=CONE, useVision=false, pickupOnly=true, event=null
globalTracer.acquireSubsystemsOwnership_Info: TaskAutoPickup: Successfully acquired subsystem ownerships.
globalTracer.traceStateInfo_Info: <Event name="StateInfo" time="123.650" tag=">>>>>" TaskAutoPickup.state="PREP_FOR_PICKUP_ONLY" />
globalTracer.grabberTriggerCallback_Info: [124.020] active=true
globalTracer.pidMotorTask_Info: TrcPidMotor.Arm.pidActuator: stalled=false, expired=false, onTarget=true, event=(TaskAutoPickup.armEvent=CLEARED)
globalTracer.printPidInfo_Info: [124.666493] Arm.pidActuator.pidCtrl: Target=  12.7, Input=  15.3, dT=0.020438, CurrErr=  -2.6, ErrRate=   0.0, Output=-0.046(-1.000/ 1.000)
globalTracer.traceStateInfo_Info: <Event name="StateInfo" time="125.164" tag=">>>>>" TaskAutoPickup.state="PICKUP_OBJECT_PICKUP_ONLY" />
globalTracer.traceStateInfo_Info: <Event name="StateInfo" time="125.439" tag=">>>>>" TaskAutoPickup.state="PREP_FOR_TRAVEL" />
globalTracer.intakeTriggerCallback_Info: [125.635] active=false
globalTracer.autoAssistCancel_Info: TaskAutoPickup: Canceling auto-assist pickup.
globalTracer.stopSubsystems_Info: TaskAutoPickup: Stopping subsystems.
globalTracer.releaseSubsystemsOwnership_Info: TaskAutoPickup: Releasing subsystem ownership (currOwner=TaskAutoPickup, robotDrive=null, elevator=TaskAutoPickup, arm=TaskAutoPickup, intake=TaskAutoPickup).
globalTracer.autoAssistCancel_Info: TaskAutoScore: Canceling auto-assist score object.
globalTracer.startCompetition_Info: *** Transitioning from TELEOP_MODE to DISABLED_MODE ***
globalTracer.robotStopMode_Info: [135.426] ***** Stop TELEOP_MODE *****
globalTracer.FrcRobotBase_Info: ***** Performance Metrics *****
globalTracer.FrcRobotBase_Info: (TELEOP_MODE->DISABLED_MODE) Performance Metrics: LoopCount=6872
globalTracer.FrcRobotBase_Info: RobotInit=5.304322, PrevModeStopTask=0.001257, PrevStopMode=0.000159, PrevRobotStopMode=0.002325, RobotStartMode=0.022801, startMode=0.078874, startTask=0.000081
globalTracer.FrcRobotBase_Info: PrePeriodicTask(Avg/Max)=0.000767/0.020643
globalTracer.FrcRobotBase_Info: Periodic(Avg/Max)=0.001242/0.017990
globalTracer.FrcRobotBase_Info: postPeriodicTask(Avg/Max)=0.000119/0.013883
globalTracer.FrcRobotBase_Info: Updates(Avg/Max)=0.003193/0.011473
globalTracer.TaskPerformance_Info: TrcWatchdogMgr: STANDALONE_TASK=0.000167/0.998457
globalTracer.TaskPerformance_Info: DriverController.buttonEvent: PRE_PERIODIC_TASK=0.000009/0.019689
globalTracer.TaskPerformance_Info: operatorStick.buttonEvent: PRE_PERIODIC_TASK=0.000015/0.019689
globalTracer.TaskPerformance_Info: buttonPanel.buttonEvent: PRE_PERIODIC_TASK=0.000021/0.019689
globalTracer.TaskPerformance_Info: switchPanel.buttonEvent: PRE_PERIODIC_TASK=0.000004/0.019689
globalTracer.TaskPerformance_Info: LED: OUTPUT_TASK=0.000020/0.020319
globalTracer.TaskPerformance_Info: TrcMotor.odometryTask: STANDALONE_TASK=0.000057/0.000073
globalTracer.TaskPerformance_Info: lfDrive.cleanupTask: STOP_TASK=0.000107/38.395616
globalTracer.TaskPerformance_Info: lfWheel.servo.stopTask: STOP_TASK=0.000145/38.395605
globalTracer.TaskPerformance_Info: rfWheel.servo.stopTask: STOP_TASK=0.000027/38.395508
globalTracer.TaskPerformance_Info: lbWheel.servo.stopTask: STOP_TASK=0.000020/38.395503
globalTracer.TaskPerformance_Info: rbWheel.servo.stopTask: STOP_TASK=0.000732/38.395501
globalTracer.TaskPerformance_Info: TrcDriveBase.odometryTask: PRE_PERIODIC_TASK=0.000515/0.020226
globalTracer.TaskPerformance_Info: TrcDriveBase.stopTask: STOP_TASK=0.000249/38.394784
globalTracer.TaskPerformance_Info: purePursuitDrive.driveTask: POST_PERIODIC_TASK=0.003495/0.035331
globalTracer.TaskPerformance_Info: tiltTrigger.triggerTask: PRE_PERIODIC_TASK=0.000018/0.019768
globalTracer.TaskPerformance_Info: distanceTrigger.triggerTask: PRE_PERIODIC_TASK=0.000061/0.000000
globalTracer.TaskPerformance_Info: Elevator.pidActuator.pidMotorTask: OUTPUT_TASK=0.000243/0.024953
globalTracer.TaskPerformance_Info: Elevator.pidActuator.stopMotorTask: STOP_TASK=0.000617/0.000000
globalTracer.TaskPerformance_Info: Arm.pidActuator.pidMotorTask: OUTPUT_TASK=0.000183/0.023626
globalTracer.TaskPerformance_Info: Arm.pidActuator.stopMotorTask: STOP_TASK=0.000113/0.000000
globalTracer.TaskPerformance_Info: Intake.trigger.triggerTask: PRE_PERIODIC_TASK=0.000019/0.019831
globalTracer.TaskPerformance_Info: Grabber.cone.pneumaticTask: OUTPUT_TASK=0.000060/1.844046
globalTracer.TaskPerformance_Info: Grabber.cube.pneumaticTask: OUTPUT_TASK=0.000195/0.019335
globalTracer.TaskPerformance_Info: Grabber.trigger.triggerTask: PRE_PERIODIC_TASK=0.000007/0.019831
globalTracer.TaskPerformance_Info: TaskAutoScore: POST_PERIODIC_TASK=0.000424/0.020630
globalTracer.TaskPerformance_Info: TaskAutoPickup: POST_PERIODIC_TASK=0.000166/0.178648
globalTracer.TaskPerformance_Info: TaskAutoBalance: POST_PERIODIC_TASK=0.000115/0.019830
globalTracer.TaskPerformance_Info: elevatorTrigger.triggerTask: PRE_PERIODIC_TASK=0.000080/0.019688
